#
# There is insufficient memory for the Java Runtime Environment to continue.
# Native memory allocation (mmap) failed to map 178257920 bytes for G1 virtual space
# Possible reasons:
#   The system is out of physical RAM or swap space
#   The process is running with CompressedOops enabled, and the Java Heap may be blocking the growth of the native heap
# Possible solutions:
#   Reduce memory load on the system
#   Increase physical memory or swap space
#   Check if swap backing store is full
#   Decrease Java heap size (-Xmx/-Xms)
#   Decrease number of Java threads
#   Decrease Java thread stack sizes (-Xss)
#   Set larger code cache with -XX:ReservedCodeCacheSize=
#   JVM is running with Zero Based Compressed Oops mode in which the Java heap is
#     placed in the first 32GB address space. The Java Heap base address is the
#     maximum limit for the native heap growth. Please use -XX:HeapBaseMinAddress
#     to set the Java Heap base and to place the Java Heap above 32GB virtual address.
# This output file may be truncated or incomplete.
#
#  Out of Memory Error (os_windows.cpp:3528), pid=25160, tid=34156
#
# JRE version: Java(TM) SE Runtime Environment (20.0.1+9) (build 20.0.1+9-29)
# Java VM: Java HotSpot(TM) 64-Bit Server VM (20.0.1+9-29, mixed mode, sharing, tiered, compressed oops, compressed class ptrs, g1 gc, windows-amd64)
# No core dump will be written. Minidumps are not enabled by default on client versions of Windows
#

---------------  S U M M A R Y ------------

Command Line: -ea -Didea.test.cyclic.buffer.size=1048576 -javaagent:C:\Program Files\JetBrains\IntelliJ IDEA Community Edition 2023.1.2\lib\idea_rt.jar=62191:C:\Program Files\JetBrains\IntelliJ IDEA Community Edition 2023.1.2\bin -Dfile.encoding=UTF-8 -Dsun.stdout.encoding=UTF-8 -Dsun.stderr.encoding=UTF-8 com.intellij.rt.testng.RemoteTestNGStarter -usedefaultlisteners false -socket62190 @w@C:\Users\zubai\AppData\Local\Temp\idea_working_dirs_testng.tmp -temp C:\Users\zubai\AppData\Local\Temp\idea_testng.tmp

Host: Intel(R) Core(TM) i5-6300U CPU @ 2.40GHz, 4 cores, 15G,  Windows 11 , 64 bit Build 22621 (10.0.22621.1778)
Time: Thu Jul  6 19:09:57 2023 Pakistan Standard Time elapsed time: 13.720231 seconds (0d 0h 0m 13s)

---------------  T H R E A D  ---------------

Current thread (0x000001e4fbc3ae80):  VMThread "VM Thread" [stack: 0x0000007586200000,0x0000007586300000] [id=34156]

Stack: [0x0000007586200000,0x0000007586300000]
Native frames: (J=compiled Java code, j=interpreted, Vv=VM code, C=native code)
V  [jvm.dll+0x6bb95a]
V  [jvm.dll+0x8485fa]
V  [jvm.dll+0x84a1f5]
V  [jvm.dll+0x84a8f3]
V  [jvm.dll+0x280b0f]
V  [jvm.dll+0x6b86e9]
V  [jvm.dll+0x6ad2da]
V  [jvm.dll+0x35adf5]
V  [jvm.dll+0x363016]
V  [jvm.dll+0x3b3b3e]
V  [jvm.dll+0x3b3dc5]
V  [jvm.dll+0x32b50a]
V  [jvm.dll+0x32b5b7]
V  [jvm.dll+0x373942]
V  [jvm.dll+0x372140]
V  [jvm.dll+0x32ac51]
V  [jvm.dll+0x371b58]
V  [jvm.dll+0x85023e]
V  [jvm.dll+0x851351]
V  [jvm.dll+0x851859]
V  [jvm.dll+0x851ad3]
V  [jvm.dll+0x7f4b56]
V  [jvm.dll+0x6ba5cb]
C  [ucrtbase.dll+0x29363]
C  [KERNEL32.DLL+0x126ad]
C  [ntdll.dll+0x5a9f8]

VM_Operation (0x0000007587bfe4d8): G1TryInitiateConcMark, mode: safepoint, requested by thread 0x000001e4946fc040


---------------  P R O C E S S  ---------------

Threads class SMR info:
_java_thread_list=0x000001e495dfdca0, length=30, elements={
0x000001e4e9fdd290, 0x000001e4fbc563a0, 0x000001e4fbc58b00, 0x000001e4fbc5bc00,
0x000001e4fbc5c350, 0x000001e4fbc5e9b0, 0x000001e4fbc67040, 0x000001e4fbc8e440,
0x000001e4fbc8e9d0, 0x000001e4932ff6a0, 0x000001e493353fd0, 0x000001e493354520,
0x000001e49473c710, 0x000001e49473d0e0, 0x000001e4946fe570, 0x000001e4946fcae0,
0x000001e4946feac0, 0x000001e4946fd030, 0x000001e4946fc040, 0x000001e4946fc590,
0x000001e4946fd580, 0x000001e4946fdad0, 0x000001e495d7a550, 0x000001e495d7a000,
0x000001e495d7bfe0, 0x000001e495d7aff0, 0x000001e495d7c530, 0x000001e495d79010,
0x000001e495d7d520, 0x000001e495d7e510
}

Java Threads: ( => current thread )
  0x000001e4e9fdd290 JavaThread "Forwarding findElement on session 064f9871eb5507d9872778c7c9d48510 to remote" [_thread_blocked, id=34244, stack(0x0000007585c00000,0x0000007585d00000)]
  0x000001e4fbc563a0 JavaThread "Reference Handler" daemon [_thread_blocked, id=32740, stack(0x0000007586300000,0x0000007586400000)]
  0x000001e4fbc58b00 JavaThread "Finalizer" daemon [_thread_blocked, id=37864, stack(0x0000007586400000,0x0000007586500000)]
  0x000001e4fbc5bc00 JavaThread "Signal Dispatcher" daemon [_thread_blocked, id=28828, stack(0x0000007586500000,0x0000007586600000)]
  0x000001e4fbc5c350 JavaThread "Attach Listener" daemon [_thread_blocked, id=28736, stack(0x0000007586600000,0x0000007586700000)]
  0x000001e4fbc5e9b0 JavaThread "Service Thread" daemon [_thread_blocked, id=18660, stack(0x0000007586700000,0x0000007586800000)]
  0x000001e4fbc67040 JavaThread "Monitor Deflation Thread" daemon [_thread_blocked, id=20588, stack(0x0000007586800000,0x0000007586900000)]
  0x000001e4fbc8e440 JavaThread "C2 CompilerThread0" daemon [_thread_blocked, id=41612, stack(0x0000007586900000,0x0000007586a00000)]
  0x000001e4fbc8e9d0 JavaThread "C1 CompilerThread0" daemon [_thread_blocked, id=20812, stack(0x0000007586a00000,0x0000007586b00000)]
  0x000001e4932ff6a0 JavaThread "Common-Cleaner" daemon [_thread_blocked, id=36008, stack(0x0000007586b00000,0x0000007586c00000)]
  0x000001e493353fd0 JavaThread "Monitor Ctrl-Break" daemon [_thread_in_native, id=20080, stack(0x0000007586c00000,0x0000007586d00000)]
  0x000001e493354520 JavaThread "Notification Thread" daemon [_thread_blocked, id=40648, stack(0x0000007586d00000,0x0000007586e00000)]
  0x000001e49473c710 JavaThread "ForkJoinPool.commonPool-worker-1" daemon [_thread_blocked, id=7068, stack(0x0000007587300000,0x0000007587400000)]
  0x000001e49473d0e0 JavaThread "ForkJoinPool.commonPool-worker-2" daemon [_thread_blocked, id=29700, stack(0x0000007587400000,0x0000007587500000)]
  0x000001e4946fe570 JavaThread "Java2D Disposer" daemon [_thread_blocked, id=41844, stack(0x0000007587500000,0x0000007587600000)]
  0x000001e4946fcae0 JavaThread "AWT-Shutdown" [_thread_blocked, id=40628, stack(0x0000007587600000,0x0000007587700000)]
  0x000001e4946feac0 JavaThread "AWT-Windows" daemon [_thread_in_native, id=40428, stack(0x0000007587700000,0x0000007587800000)]
  0x000001e4946fd030 JavaThread "Thread-0" [_thread_blocked, id=32496, stack(0x0000007587a00000,0x0000007587b00000)]
  0x000001e4946fc040 JavaThread "pool-2-thread-1" [_thread_blocked, id=28712, stack(0x0000007587b00000,0x0000007587c00000)]
  0x000001e4946fc590 JavaThread "pool-3-thread-1" [_thread_blocked, id=37244, stack(0x0000007587c00000,0x0000007587d00000)]
  0x000001e4946fd580 JavaThread "AsyncHttpClient-1-1" daemon [_thread_blocked, id=39308, stack(0x0000007587d00000,0x0000007587e00000)]
  0x000001e4946fdad0 JavaThread "Exec Default Executor" daemon [_thread_in_native, id=40244, stack(0x0000007586f00000,0x0000007587000000)]
  0x000001e495d7a550 JavaThread "Exec Stream Pumper" daemon [_thread_in_native, id=41836, stack(0x0000007587e00000,0x0000007587f00000)]
  0x000001e495d7a000 JavaThread "Exec Stream Pumper" daemon [_thread_in_native, id=36280, stack(0x0000007587f00000,0x0000007588000000)]
  0x000001e495d7bfe0 JavaThread "Driver Service Executor" daemon [_thread_blocked, id=16572, stack(0x0000007588000000,0x0000007588100000)]
  0x000001e495d7aff0 JavaThread "Driver Service Executor" daemon [_thread_blocked, id=25608, stack(0x0000007588100000,0x0000007588200000)]
  0x000001e495d7c530 JavaThread "UrlChecker-2" daemon [_thread_blocked, id=32824, stack(0x0000007588200000,0x0000007588300000)]
  0x000001e495d79010 JavaThread "AsyncHttpClient-1-2" daemon [_thread_blocked, id=29956, stack(0x0000007588500000,0x0000007588600000)]
  0x000001e495d7d520 JavaThread "AsyncHttpClient-1-3" daemon [_thread_in_native, id=37732, stack(0x0000007587800000,0x0000007587900000)]
  0x000001e495d7e510 JavaThread "AsyncHttpClient-1-4" daemon [_thread_in_native, id=35932, stack(0x0000007587900000,0x0000007587a00000)]

Other Threads:
=>0x000001e4fbc3ae80 VMThread "VM Thread" [stack: 0x0000007586200000,0x0000007586300000] [id=34156]
  0x000001e49334a520 WatcherThread "VM Periodic Task Thread" [stack: 0x0000007586e00000,0x0000007586f00000] [id=25804]
  0x000001e4ea050cd0 WorkerThread "GC Thread#0" [stack: 0x0000007585d00000,0x0000007585e00000] [id=912]
  0x000001e493806fe0 WorkerThread "GC Thread#1" [stack: 0x0000007587000000,0x0000007587100000] [id=2892]
  0x000001e493835410 WorkerThread "GC Thread#2" [stack: 0x0000007587100000,0x0000007587200000] [id=25288]
  0x000001e4938356e0 WorkerThread "GC Thread#3" [stack: 0x0000007587200000,0x0000007587300000] [id=31788]
  0x000001e4ea061d20 ConcurrentGCThread "G1 Main Marker" [stack: 0x0000007585e00000,0x0000007585f00000] [id=39228]
  0x000001e4ea062ef0 WorkerThread "G1 Conc#0" [stack: 0x0000007585f00000,0x0000007586000000] [id=39432]
  0x000001e4fbae9570 ConcurrentGCThread "G1 Refine#0" [stack: 0x0000007586000000,0x0000007586100000] [id=35432]
  0x000001e4fbaebad0 ConcurrentGCThread "G1 Service" [stack: 0x0000007586100000,0x0000007586200000] [id=36120]

Threads with active compile tasks:

VM state: at safepoint (normal execution)

VM Mutex/Monitor currently owned by a thread:  ([mutex/lock_event])
[0x000001e4e9fd9830] Threads_lock - owner thread: 0x000001e4fbc3ae80
[0x000001e4e9fda6d0] Heap_lock - owner thread: 0x000001e4946fc040

Heap address: 0x0000000701c00000, size: 4068 MB, Compressed Oops mode: Zero based, Oop shift amount: 3

CDS archive(s) mapped at: [0x0000000800000000-0x0000000800c60000-0x0000000800c60000), size 12976128, SharedBaseAddress: 0x0000000800000000, ArchiveRelocationMode: 0.
Compressed class space mapped at: 0x0000000801000000-0x0000000841000000, reserved size: 1073741824
Narrow klass base: 0x0000000800000000, Narrow klass shift: 0, Narrow klass range: 0x100000000

GC Precious Log:
 CardTable entry size: 512
 Card Set container configuration: InlinePtr #cards 4 size 8 Array Of Cards #cards 16 size 48 Howl #buckets 8 coarsen threshold 3686 Howl Bitmap #cards 512 size 80 coarsen threshold 460 Card regions per heap region 1 cards per card region 4096
 CPUs: 4 total, 4 available
 Memory: 16264M
 Large Page Support: Disabled
 NUMA Support: Disabled
 Compressed Oops: Enabled (Zero based)
 Heap Region Size: 2M
 Heap Min Capacity: 8M
 Heap Initial Capacity: 256M
 Heap Max Capacity: 4068M
 Pre-touch: Disabled
 Parallel Workers: 4
 Concurrent Workers: 1
 Concurrent Refinement Workers: 4
 Periodic GC: Disabled

Heap:
 garbage-first heap   total 532480K, used 104060K [0x0000000701c00000, 0x0000000800000000)
  region size 2048K, 1 young (2048K), 1 survivors (2048K)
 Metaspace       used 39542K, committed 39936K, reserved 1114112K
  class space    used 4689K, committed 4864K, reserved 1048576K

Heap Regions: E=young(eden), S=young(survivor), O=old, HS=humongous(starts), HC=humongous(continues), CS=collection set, F=free, OA=open archive, CA=closed archive, TAMS=top-at-mark-start, PB=parsable bottom
|   0|0x0000000701c00000, 0x0000000701e00000, 0x0000000701e00000|100%| O|  |TAMS 0x0000000701e00000| PB 0x0000000701c00000| Untracked 
|   1|0x0000000701e00000, 0x0000000702000000, 0x0000000702000000|100%| O|  |TAMS 0x0000000702000000| PB 0x0000000701e00000| Untracked 
|   2|0x0000000702000000, 0x0000000702200000, 0x0000000702200000|100%| O|  |TAMS 0x0000000702200000| PB 0x0000000702000000| Untracked 
|   3|0x0000000702200000, 0x0000000702400000, 0x0000000702400000|100%| O|  |TAMS 0x0000000702400000| PB 0x0000000702200000| Untracked 
|   4|0x0000000702400000, 0x0000000702600000, 0x0000000702600000|100%|HS|  |TAMS 0x0000000702600000| PB 0x0000000702400000| Complete 
|   5|0x0000000702600000, 0x0000000702800000, 0x0000000702800000|100%|HC|  |TAMS 0x0000000702800000| PB 0x0000000702600000| Complete 
|   6|0x0000000702800000, 0x0000000702a00000, 0x0000000702a00000|100%|HC|  |TAMS 0x0000000702a00000| PB 0x0000000702800000| Complete 
|   7|0x0000000702a00000, 0x0000000702c00000, 0x0000000702c00000|100%|HC|  |TAMS 0x0000000702c00000| PB 0x0000000702a00000| Complete 
|   8|0x0000000702c00000, 0x0000000702e00000, 0x0000000702e00000|100%|HS|  |TAMS 0x0000000702e00000| PB 0x0000000702c00000| Complete 
|   9|0x0000000702e00000, 0x0000000703000000, 0x0000000703000000|100%|HC|  |TAMS 0x0000000703000000| PB 0x0000000702e00000| Complete 
|  10|0x0000000703000000, 0x0000000703200000, 0x0000000703200000|100%|HC|  |TAMS 0x0000000703200000| PB 0x0000000703000000| Complete 
|  11|0x0000000703200000, 0x0000000703400000, 0x0000000703400000|100%|HC|  |TAMS 0x0000000703400000| PB 0x0000000703200000| Complete 
|  12|0x0000000703400000, 0x0000000703600000, 0x0000000703600000|100%|HS|  |TAMS 0x0000000703600000| PB 0x0000000703400000| Complete 
|  13|0x0000000703600000, 0x0000000703800000, 0x0000000703800000|100%| O|  |TAMS 0x0000000703800000| PB 0x0000000703600000| Untracked 
|  14|0x0000000703800000, 0x0000000703800000, 0x0000000703a00000|  0%| F|  |TAMS 0x0000000703800000| PB 0x0000000703800000| Untracked 
|  15|0x0000000703a00000, 0x0000000703c00000, 0x0000000703c00000|100%|HS|  |TAMS 0x0000000703c00000| PB 0x0000000703a00000| Complete 
|  16|0x0000000703c00000, 0x0000000703e00000, 0x0000000703e00000|100%|HC|  |TAMS 0x0000000703e00000| PB 0x0000000703c00000| Complete 
|  17|0x0000000703e00000, 0x0000000704000000, 0x0000000704000000|100%|HC|  |TAMS 0x0000000704000000| PB 0x0000000703e00000| Complete 
|  18|0x0000000704000000, 0x0000000704200000, 0x0000000704200000|100%|HC|  |TAMS 0x0000000704200000| PB 0x0000000704000000| Complete 
|  19|0x0000000704200000, 0x0000000704400000, 0x0000000704400000|100%|HS|  |TAMS 0x0000000704400000| PB 0x0000000704200000| Complete 
|  20|0x0000000704400000, 0x0000000704600000, 0x0000000704600000|100%|HC|  |TAMS 0x0000000704600000| PB 0x0000000704400000| Complete 
|  21|0x0000000704600000, 0x0000000704800000, 0x0000000704800000|100%|HC|  |TAMS 0x0000000704800000| PB 0x0000000704600000| Complete 
|  22|0x0000000704800000, 0x0000000704a00000, 0x0000000704a00000|100%|HC|  |TAMS 0x0000000704a00000| PB 0x0000000704800000| Complete 
|  23|0x0000000704a00000, 0x0000000704c00000, 0x0000000704c00000|100%|HS|  |TAMS 0x0000000704c00000| PB 0x0000000704a00000| Complete 
|  24|0x0000000704c00000, 0x0000000704e00000, 0x0000000704e00000|100%|HC|  |TAMS 0x0000000704e00000| PB 0x0000000704c00000| Complete 
|  25|0x0000000704e00000, 0x0000000705000000, 0x0000000705000000|100%|HC|  |TAMS 0x0000000705000000| PB 0x0000000704e00000| Complete 
|  26|0x0000000705000000, 0x0000000705200000, 0x0000000705200000|100%|HC|  |TAMS 0x0000000705200000| PB 0x0000000705000000| Complete 
|  27|0x0000000705200000, 0x0000000705400000, 0x0000000705400000|100%|HS|  |TAMS 0x0000000705400000| PB 0x0000000705200000| Complete 
|  28|0x0000000705400000, 0x0000000705600000, 0x0000000705600000|100%|HC|  |TAMS 0x0000000705600000| PB 0x0000000705400000| Complete 
|  29|0x0000000705600000, 0x0000000705800000, 0x0000000705800000|100%|HC|  |TAMS 0x0000000705800000| PB 0x0000000705600000| Complete 
|  30|0x0000000705800000, 0x0000000705a00000, 0x0000000705a00000|100%|HC|  |TAMS 0x0000000705a00000| PB 0x0000000705800000| Complete 
|  31|0x0000000705a00000, 0x0000000705c00000, 0x0000000705c00000|100%|HS|  |TAMS 0x0000000705c00000| PB 0x0000000705a00000| Complete 
|  32|0x0000000705c00000, 0x0000000705e00000, 0x0000000705e00000|100%|HC|  |TAMS 0x0000000705e00000| PB 0x0000000705c00000| Complete 
|  33|0x0000000705e00000, 0x0000000706000000, 0x0000000706000000|100%|HC|  |TAMS 0x0000000706000000| PB 0x0000000705e00000| Complete 
|  34|0x0000000706000000, 0x0000000706200000, 0x0000000706200000|100%|HC|  |TAMS 0x0000000706200000| PB 0x0000000706000000| Complete 
|  35|0x0000000706200000, 0x0000000706200000, 0x0000000706400000|  0%| F|  |TAMS 0x0000000706200000| PB 0x0000000706200000| Untracked 
|  36|0x0000000706400000, 0x0000000706400000, 0x0000000706600000|  0%| F|  |TAMS 0x0000000706400000| PB 0x0000000706400000| Untracked 
|  37|0x0000000706600000, 0x0000000706600000, 0x0000000706800000|  0%| F|  |TAMS 0x0000000706600000| PB 0x0000000706600000| Untracked 
|  38|0x0000000706800000, 0x0000000706800000, 0x0000000706a00000|  0%| F|  |TAMS 0x0000000706800000| PB 0x0000000706800000| Untracked 
|  39|0x0000000706a00000, 0x0000000706c00000, 0x0000000706c00000|100%|HS|  |TAMS 0x0000000706c00000| PB 0x0000000706a00000| Complete 
|  40|0x0000000706c00000, 0x0000000706e00000, 0x0000000706e00000|100%|HC|  |TAMS 0x0000000706e00000| PB 0x0000000706c00000| Complete 
|  41|0x0000000706e00000, 0x0000000707000000, 0x0000000707000000|100%|HC|  |TAMS 0x0000000707000000| PB 0x0000000706e00000| Complete 
|  42|0x0000000707000000, 0x0000000707200000, 0x0000000707200000|100%|HC|  |TAMS 0x0000000707200000| PB 0x0000000707000000| Complete 
|  43|0x0000000707200000, 0x0000000707400000, 0x0000000707400000|100%| O|  |TAMS 0x0000000707400000| PB 0x0000000707200000| Untracked 
|  44|0x0000000707400000, 0x0000000707600000, 0x0000000707600000|100%| O|  |TAMS 0x0000000707600000| PB 0x0000000707400000| Untracked 
|  45|0x0000000707600000, 0x0000000707800000, 0x0000000707800000|100%|HS|  |TAMS 0x0000000707800000| PB 0x0000000707600000| Complete 
|  46|0x0000000707800000, 0x0000000707a00000, 0x0000000707a00000|100%|HC|  |TAMS 0x0000000707a00000| PB 0x0000000707800000| Complete 
|  47|0x0000000707a00000, 0x0000000707c00000, 0x0000000707c00000|100%|HC|  |TAMS 0x0000000707c00000| PB 0x0000000707a00000| Complete 
|  48|0x0000000707c00000, 0x0000000707e00000, 0x0000000707e00000|100%|HC|  |TAMS 0x0000000707e00000| PB 0x0000000707c00000| Complete 
|  49|0x0000000707e00000, 0x0000000707e00000, 0x0000000708000000|  0%| F|  |TAMS 0x0000000707e00000| PB 0x0000000707e00000| Untracked 
|  50|0x0000000708000000, 0x0000000708000000, 0x0000000708200000|  0%| F|  |TAMS 0x0000000708000000| PB 0x0000000708000000| Untracked 
|  51|0x0000000708200000, 0x0000000708200000, 0x0000000708400000|  0%| F|  |TAMS 0x0000000708200000| PB 0x0000000708200000| Untracked 
|  52|0x0000000708400000, 0x0000000708400000, 0x0000000708600000|  0%| F|  |TAMS 0x0000000708400000| PB 0x0000000708400000| Untracked 
|  53|0x0000000708600000, 0x0000000708600000, 0x0000000708800000|  0%| F|  |TAMS 0x0000000708600000| PB 0x0000000708600000| Untracked 
|  54|0x0000000708800000, 0x0000000708800000, 0x0000000708a00000|  0%| F|  |TAMS 0x0000000708800000| PB 0x0000000708800000| Untracked 
|  55|0x0000000708a00000, 0x0000000708a00000, 0x0000000708c00000|  0%| F|  |TAMS 0x0000000708a00000| PB 0x0000000708a00000| Untracked 
|  56|0x0000000708c00000, 0x0000000708c00000, 0x0000000708e00000|  0%| F|  |TAMS 0x0000000708c00000| PB 0x0000000708c00000| Untracked 
|  57|0x0000000708e00000, 0x0000000708e00000, 0x0000000709000000|  0%| F|  |TAMS 0x0000000708e00000| PB 0x0000000708e00000| Untracked 
|  58|0x0000000709000000, 0x0000000709000000, 0x0000000709200000|  0%| F|  |TAMS 0x0000000709000000| PB 0x0000000709000000| Untracked 
|  59|0x0000000709200000, 0x0000000709200000, 0x0000000709400000|  0%| F|  |TAMS 0x0000000709200000| PB 0x0000000709200000| Untracked 
|  60|0x0000000709400000, 0x0000000709400000, 0x0000000709600000|  0%| F|  |TAMS 0x0000000709400000| PB 0x0000000709400000| Untracked 
|  61|0x0000000709600000, 0x0000000709600000, 0x0000000709800000|  0%| F|  |TAMS 0x0000000709600000| PB 0x0000000709600000| Untracked 
|  62|0x0000000709800000, 0x0000000709800000, 0x0000000709a00000|  0%| F|  |TAMS 0x0000000709800000| PB 0x0000000709800000| Untracked 
|  63|0x0000000709a00000, 0x0000000709a00000, 0x0000000709c00000|  0%| F|  |TAMS 0x0000000709a00000| PB 0x0000000709a00000| Untracked 
|  64|0x0000000709c00000, 0x0000000709c00000, 0x0000000709e00000|  0%| F|  |TAMS 0x0000000709c00000| PB 0x0000000709c00000| Untracked 
|  65|0x0000000709e00000, 0x0000000709e00000, 0x000000070a000000|  0%| F|  |TAMS 0x0000000709e00000| PB 0x0000000709e00000| Untracked 
|  66|0x000000070a000000, 0x000000070a000000, 0x000000070a200000|  0%| F|  |TAMS 0x000000070a000000| PB 0x000000070a000000| Untracked 
|  67|0x000000070a200000, 0x000000070a200000, 0x000000070a400000|  0%| F|  |TAMS 0x000000070a200000| PB 0x000000070a200000| Untracked 
|  68|0x000000070a400000, 0x000000070a400000, 0x000000070a600000|  0%| F|  |TAMS 0x000000070a400000| PB 0x000000070a400000| Untracked 
|  69|0x000000070a600000, 0x000000070a600000, 0x000000070a800000|  0%| F|  |TAMS 0x000000070a600000| PB 0x000000070a600000| Untracked 
|  70|0x000000070a800000, 0x000000070a800000, 0x000000070aa00000|  0%| F|  |TAMS 0x000000070a800000| PB 0x000000070a800000| Untracked 
|  71|0x000000070aa00000, 0x000000070aa00000, 0x000000070ac00000|  0%| F|  |TAMS 0x000000070aa00000| PB 0x000000070aa00000| Untracked 
|  72|0x000000070ac00000, 0x000000070ac00000, 0x000000070ae00000|  0%| F|  |TAMS 0x000000070ac00000| PB 0x000000070ac00000| Untracked 
|  73|0x000000070ae00000, 0x000000070ae00000, 0x000000070b000000|  0%| F|  |TAMS 0x000000070ae00000| PB 0x000000070ae00000| Untracked 
|  74|0x000000070b000000, 0x000000070b000000, 0x000000070b200000|  0%| F|  |TAMS 0x000000070b000000| PB 0x000000070b000000| Untracked 
|  75|0x000000070b200000, 0x000000070b200000, 0x000000070b400000|  0%| F|  |TAMS 0x000000070b200000| PB 0x000000070b200000| Untracked 
|  76|0x000000070b400000, 0x000000070b400000, 0x000000070b600000|  0%| F|  |TAMS 0x000000070b400000| PB 0x000000070b400000| Untracked 
|  77|0x000000070b600000, 0x000000070b600000, 0x000000070b800000|  0%| F|  |TAMS 0x000000070b600000| PB 0x000000070b600000| Untracked 
|  78|0x000000070b800000, 0x000000070b800000, 0x000000070ba00000|  0%| F|  |TAMS 0x000000070b800000| PB 0x000000070b800000| Untracked 
|  79|0x000000070ba00000, 0x000000070ba00000, 0x000000070bc00000|  0%| F|  |TAMS 0x000000070ba00000| PB 0x000000070ba00000| Untracked 
|  80|0x000000070bc00000, 0x000000070bc00000, 0x000000070be00000|  0%| F|  |TAMS 0x000000070bc00000| PB 0x000000070bc00000| Untracked 
|  81|0x000000070be00000, 0x000000070be00000, 0x000000070c000000|  0%| F|  |TAMS 0x000000070be00000| PB 0x000000070be00000| Untracked 
|  82|0x000000070c000000, 0x000000070c000000, 0x000000070c200000|  0%| F|  |TAMS 0x000000070c000000| PB 0x000000070c000000| Untracked 
|  83|0x000000070c200000, 0x000000070c200000, 0x000000070c400000|  0%| F|  |TAMS 0x000000070c200000| PB 0x000000070c200000| Untracked 
|  84|0x000000070c400000, 0x000000070c400000, 0x000000070c600000|  0%| F|  |TAMS 0x000000070c400000| PB 0x000000070c400000| Untracked 
|  85|0x000000070c600000, 0x000000070c600000, 0x000000070c800000|  0%| F|  |TAMS 0x000000070c600000| PB 0x000000070c600000| Untracked 
|  86|0x000000070c800000, 0x000000070ca00000, 0x000000070ca00000|100%|HS|  |TAMS 0x000000070ca00000| PB 0x000000070c800000| Complete 
|  87|0x000000070ca00000, 0x000000070cc00000, 0x000000070cc00000|100%|HC|  |TAMS 0x000000070cc00000| PB 0x000000070ca00000| Complete 
|  88|0x000000070cc00000, 0x000000070ce00000, 0x000000070ce00000|100%|HC|  |TAMS 0x000000070ce00000| PB 0x000000070cc00000| Complete 
|  89|0x000000070ce00000, 0x000000070ce00000, 0x000000070d000000|  0%| F|  |TAMS 0x000000070ce00000| PB 0x000000070ce00000| Untracked 
|  90|0x000000070d000000, 0x000000070d000000, 0x000000070d200000|  0%| F|  |TAMS 0x000000070d000000| PB 0x000000070d000000| Untracked 
|  91|0x000000070d200000, 0x000000070d200000, 0x000000070d400000|  0%| F|  |TAMS 0x000000070d200000| PB 0x000000070d200000| Untracked 
|  92|0x000000070d400000, 0x000000070d400000, 0x000000070d600000|  0%| F|  |TAMS 0x000000070d400000| PB 0x000000070d400000| Untracked 
|  93|0x000000070d600000, 0x000000070d600000, 0x000000070d800000|  0%| F|  |TAMS 0x000000070d600000| PB 0x000000070d600000| Untracked 
|  94|0x000000070d800000, 0x000000070d800000, 0x000000070da00000|  0%| F|  |TAMS 0x000000070d800000| PB 0x000000070d800000| Untracked 
|  95|0x000000070da00000, 0x000000070da00000, 0x000000070dc00000|  0%| F|  |TAMS 0x000000070da00000| PB 0x000000070da00000| Untracked 
|  96|0x000000070dc00000, 0x000000070dc00000, 0x000000070de00000|  0%| F|  |TAMS 0x000000070dc00000| PB 0x000000070dc00000| Untracked 
|  97|0x000000070de00000, 0x000000070de00000, 0x000000070e000000|  0%| F|  |TAMS 0x000000070de00000| PB 0x000000070de00000| Untracked 
|  98|0x000000070e000000, 0x000000070e000000, 0x000000070e200000|  0%| F|  |TAMS 0x000000070e000000| PB 0x000000070e000000| Untracked 
|  99|0x000000070e200000, 0x000000070e200000, 0x000000070e400000|  0%| F|  |TAMS 0x000000070e200000| PB 0x000000070e200000| Untracked 
| 100|0x000000070e400000, 0x000000070e400000, 0x000000070e600000|  0%| F|  |TAMS 0x000000070e400000| PB 0x000000070e400000| Untracked 
| 101|0x000000070e600000, 0x000000070e600000, 0x000000070e800000|  0%| F|  |TAMS 0x000000070e600000| PB 0x000000070e600000| Untracked 
| 102|0x000000070e800000, 0x000000070e800000, 0x000000070ea00000|  0%| F|  |TAMS 0x000000070e800000| PB 0x000000070e800000| Untracked 
| 103|0x000000070ea00000, 0x000000070ea00000, 0x000000070ec00000|  0%| F|  |TAMS 0x000000070ea00000| PB 0x000000070ea00000| Untracked 
| 104|0x000000070ec00000, 0x000000070ec00000, 0x000000070ee00000|  0%| F|  |TAMS 0x000000070ec00000| PB 0x000000070ec00000| Untracked 
| 105|0x000000070ee00000, 0x000000070ee00000, 0x000000070f000000|  0%| F|  |TAMS 0x000000070ee00000| PB 0x000000070ee00000| Untracked 
| 106|0x000000070f000000, 0x000000070f000000, 0x000000070f200000|  0%| F|  |TAMS 0x000000070f000000| PB 0x000000070f000000| Untracked 
| 107|0x000000070f200000, 0x000000070f200000, 0x000000070f400000|  0%| F|  |TAMS 0x000000070f200000| PB 0x000000070f200000| Untracked 
| 108|0x000000070f400000, 0x000000070f400000, 0x000000070f600000|  0%| F|  |TAMS 0x000000070f400000| PB 0x000000070f400000| Untracked 
| 109|0x000000070f600000, 0x000000070f600000, 0x000000070f800000|  0%| F|  |TAMS 0x000000070f600000| PB 0x000000070f600000| Untracked 
| 110|0x000000070f800000, 0x000000070f800000, 0x000000070fa00000|  0%| F|  |TAMS 0x000000070f800000| PB 0x000000070f800000| Untracked 
| 111|0x000000070fa00000, 0x000000070fa00000, 0x000000070fc00000|  0%| F|  |TAMS 0x000000070fa00000| PB 0x000000070fa00000| Untracked 
| 112|0x000000070fc00000, 0x000000070fc00000, 0x000000070fe00000|  0%| F|  |TAMS 0x000000070fc00000| PB 0x000000070fc00000| Untracked 
| 113|0x000000070fe00000, 0x000000070fe00000, 0x0000000710000000|  0%| F|  |TAMS 0x000000070fe00000| PB 0x000000070fe00000| Untracked 
| 114|0x0000000710000000, 0x0000000710000000, 0x0000000710200000|  0%| F|  |TAMS 0x0000000710000000| PB 0x0000000710000000| Untracked 
| 115|0x0000000710200000, 0x0000000710200000, 0x0000000710400000|  0%| F|  |TAMS 0x0000000710200000| PB 0x0000000710200000| Untracked 
| 116|0x0000000710400000, 0x0000000710400000, 0x0000000710600000|  0%| F|  |TAMS 0x0000000710400000| PB 0x0000000710400000| Untracked 
| 117|0x0000000710600000, 0x0000000710600000, 0x0000000710800000|  0%| F|  |TAMS 0x0000000710600000| PB 0x0000000710600000| Untracked 
| 118|0x0000000710800000, 0x0000000710800000, 0x0000000710a00000|  0%| F|  |TAMS 0x0000000710800000| PB 0x0000000710800000| Untracked 
| 119|0x0000000710a00000, 0x0000000710a00000, 0x0000000710c00000|  0%| F|  |TAMS 0x0000000710a00000| PB 0x0000000710a00000| Untracked 
| 120|0x0000000710c00000, 0x0000000710c00000, 0x0000000710e00000|  0%| F|  |TAMS 0x0000000710c00000| PB 0x0000000710c00000| Untracked 
| 121|0x0000000710e00000, 0x0000000710e00000, 0x0000000711000000|  0%| F|  |TAMS 0x0000000710e00000| PB 0x0000000710e00000| Untracked 
| 122|0x0000000711000000, 0x0000000711000000, 0x0000000711200000|  0%| F|  |TAMS 0x0000000711000000| PB 0x0000000711000000| Untracked 
| 123|0x0000000711200000, 0x0000000711200000, 0x0000000711400000|  0%| F|  |TAMS 0x0000000711200000| PB 0x0000000711200000| Untracked 
| 124|0x0000000711400000, 0x0000000711400000, 0x0000000711600000|  0%| F|  |TAMS 0x0000000711400000| PB 0x0000000711400000| Untracked 
| 125|0x0000000711600000, 0x0000000711600000, 0x0000000711800000|  0%| F|  |TAMS 0x0000000711600000| PB 0x0000000711600000| Untracked 
| 126|0x0000000711800000, 0x0000000711800000, 0x0000000711a00000|  0%| F|  |TAMS 0x0000000711800000| PB 0x0000000711800000| Untracked 
| 127|0x0000000711a00000, 0x0000000711a00000, 0x0000000711c00000|  0%| F|  |TAMS 0x0000000711a00000| PB 0x0000000711a00000| Untracked 
| 128|0x0000000711c00000, 0x0000000711c00000, 0x0000000711e00000|  0%| F|  |TAMS 0x0000000711c00000| PB 0x0000000711c00000| Untracked 
| 129|0x0000000711e00000, 0x0000000711e00000, 0x0000000712000000|  0%| F|  |TAMS 0x0000000711e00000| PB 0x0000000711e00000| Untracked 
| 130|0x0000000712000000, 0x0000000712000000, 0x0000000712200000|  0%| F|  |TAMS 0x0000000712000000| PB 0x0000000712000000| Untracked 
| 131|0x0000000712200000, 0x0000000712200000, 0x0000000712400000|  0%| F|  |TAMS 0x0000000712200000| PB 0x0000000712200000| Untracked 
| 132|0x0000000712400000, 0x0000000712400000, 0x0000000712600000|  0%| F|  |TAMS 0x0000000712400000| PB 0x0000000712400000| Untracked 
| 133|0x0000000712600000, 0x0000000712600000, 0x0000000712800000|  0%| F|  |TAMS 0x0000000712600000| PB 0x0000000712600000| Untracked 
| 134|0x0000000712800000, 0x0000000712800000, 0x0000000712a00000|  0%| F|  |TAMS 0x0000000712800000| PB 0x0000000712800000| Untracked 
| 135|0x0000000712a00000, 0x0000000712a00000, 0x0000000712c00000|  0%| F|  |TAMS 0x0000000712a00000| PB 0x0000000712a00000| Untracked 
| 136|0x0000000712c00000, 0x0000000712c00000, 0x0000000712e00000|  0%| F|  |TAMS 0x0000000712c00000| PB 0x0000000712c00000| Untracked 
| 137|0x0000000712e00000, 0x0000000712e00000, 0x0000000713000000|  0%| F|  |TAMS 0x0000000712e00000| PB 0x0000000712e00000| Untracked 
| 138|0x0000000713000000, 0x0000000713000000, 0x0000000713200000|  0%| F|  |TAMS 0x0000000713000000| PB 0x0000000713000000| Untracked 
| 139|0x0000000713200000, 0x0000000713200000, 0x0000000713400000|  0%| F|  |TAMS 0x0000000713200000| PB 0x0000000713200000| Untracked 
| 140|0x0000000713400000, 0x0000000713400000, 0x0000000713600000|  0%| F|  |TAMS 0x0000000713400000| PB 0x0000000713400000| Untracked 
| 141|0x0000000713600000, 0x0000000713600000, 0x0000000713800000|  0%| F|  |TAMS 0x0000000713600000| PB 0x0000000713600000| Untracked 
| 142|0x0000000713800000, 0x0000000713800000, 0x0000000713a00000|  0%| F|  |TAMS 0x0000000713800000| PB 0x0000000713800000| Untracked 
| 143|0x0000000713a00000, 0x0000000713a00000, 0x0000000713c00000|  0%| F|  |TAMS 0x0000000713a00000| PB 0x0000000713a00000| Untracked 
| 144|0x0000000713c00000, 0x0000000713c00000, 0x0000000713e00000|  0%| F|  |TAMS 0x0000000713c00000| PB 0x0000000713c00000| Untracked 
| 145|0x0000000713e00000, 0x0000000713e00000, 0x0000000714000000|  0%| F|  |TAMS 0x0000000713e00000| PB 0x0000000713e00000| Untracked 
| 146|0x0000000714000000, 0x0000000714000000, 0x0000000714200000|  0%| F|  |TAMS 0x0000000714000000| PB 0x0000000714000000| Untracked 
| 147|0x0000000714200000, 0x0000000714200000, 0x0000000714400000|  0%| F|  |TAMS 0x0000000714200000| PB 0x0000000714200000| Untracked 
| 148|0x0000000714400000, 0x0000000714400000, 0x0000000714600000|  0%| F|  |TAMS 0x0000000714400000| PB 0x0000000714400000| Untracked 
| 149|0x0000000714600000, 0x0000000714600000, 0x0000000714800000|  0%| F|  |TAMS 0x0000000714600000| PB 0x0000000714600000| Untracked 
| 150|0x0000000714800000, 0x0000000714800000, 0x0000000714a00000|  0%| F|  |TAMS 0x0000000714800000| PB 0x0000000714800000| Untracked 
| 151|0x0000000714a00000, 0x0000000714a00000, 0x0000000714c00000|  0%| F|  |TAMS 0x0000000714a00000| PB 0x0000000714a00000| Untracked 
| 152|0x0000000714c00000, 0x0000000714c00000, 0x0000000714e00000|  0%| F|  |TAMS 0x0000000714c00000| PB 0x0000000714c00000| Untracked 
| 153|0x0000000714e00000, 0x0000000714e00000, 0x0000000715000000|  0%| F|  |TAMS 0x0000000714e00000| PB 0x0000000714e00000| Untracked 
| 154|0x0000000715000000, 0x0000000715000000, 0x0000000715200000|  0%| F|  |TAMS 0x0000000715000000| PB 0x0000000715000000| Untracked 
| 155|0x0000000715200000, 0x0000000715200000, 0x0000000715400000|  0%| F|  |TAMS 0x0000000715200000| PB 0x0000000715200000| Untracked 
| 156|0x0000000715400000, 0x0000000715400000, 0x0000000715600000|  0%| F|  |TAMS 0x0000000715400000| PB 0x0000000715400000| Untracked 
| 157|0x0000000715600000, 0x0000000715600000, 0x0000000715800000|  0%| F|  |TAMS 0x0000000715600000| PB 0x0000000715600000| Untracked 
| 158|0x0000000715800000, 0x0000000715800000, 0x0000000715a00000|  0%| F|  |TAMS 0x0000000715800000| PB 0x0000000715800000| Untracked 
| 159|0x0000000715a00000, 0x0000000715a00000, 0x0000000715c00000|  0%| F|  |TAMS 0x0000000715a00000| PB 0x0000000715a00000| Untracked 
| 160|0x0000000715c00000, 0x0000000715c00000, 0x0000000715e00000|  0%| F|  |TAMS 0x0000000715c00000| PB 0x0000000715c00000| Untracked 
| 161|0x0000000715e00000, 0x0000000715e00000, 0x0000000716000000|  0%| F|  |TAMS 0x0000000715e00000| PB 0x0000000715e00000| Untracked 
| 162|0x0000000716000000, 0x0000000716000000, 0x0000000716200000|  0%| F|  |TAMS 0x0000000716000000| PB 0x0000000716000000| Untracked 
| 163|0x0000000716200000, 0x0000000716200000, 0x0000000716400000|  0%| F|  |TAMS 0x0000000716200000| PB 0x0000000716200000| Untracked 
| 164|0x0000000716400000, 0x0000000716400000, 0x0000000716600000|  0%| F|  |TAMS 0x0000000716400000| PB 0x0000000716400000| Untracked 
| 165|0x0000000716600000, 0x0000000716600000, 0x0000000716800000|  0%| F|  |TAMS 0x0000000716600000| PB 0x0000000716600000| Untracked 
| 166|0x0000000716800000, 0x0000000716800000, 0x0000000716a00000|  0%| F|  |TAMS 0x0000000716800000| PB 0x0000000716800000| Untracked 
| 167|0x0000000716a00000, 0x0000000716a00000, 0x0000000716c00000|  0%| F|  |TAMS 0x0000000716a00000| PB 0x0000000716a00000| Untracked 
| 168|0x0000000716c00000, 0x0000000716c00000, 0x0000000716e00000|  0%| F|  |TAMS 0x0000000716c00000| PB 0x0000000716c00000| Untracked 
| 169|0x0000000716e00000, 0x0000000716e00000, 0x0000000717000000|  0%| F|  |TAMS 0x0000000716e00000| PB 0x0000000716e00000| Untracked 
| 170|0x0000000717000000, 0x0000000717000000, 0x0000000717200000|  0%| F|  |TAMS 0x0000000717000000| PB 0x0000000717000000| Untracked 
| 171|0x0000000717200000, 0x0000000717200000, 0x0000000717400000|  0%| F|  |TAMS 0x0000000717200000| PB 0x0000000717200000| Untracked 
| 172|0x0000000717400000, 0x0000000717400000, 0x0000000717600000|  0%| F|  |TAMS 0x0000000717400000| PB 0x0000000717400000| Untracked 
| 173|0x0000000717600000, 0x0000000717600000, 0x0000000717800000|  0%| F|  |TAMS 0x0000000717600000| PB 0x0000000717600000| Untracked 
| 174|0x0000000717800000, 0x0000000717800000, 0x0000000717a00000|  0%| F|  |TAMS 0x0000000717800000| PB 0x0000000717800000| Untracked 
| 175|0x0000000717a00000, 0x0000000717a00000, 0x0000000717c00000|  0%| F|  |TAMS 0x0000000717a00000| PB 0x0000000717a00000| Untracked 
| 176|0x0000000717c00000, 0x0000000717c00000, 0x0000000717e00000|  0%| F|  |TAMS 0x0000000717c00000| PB 0x0000000717c00000| Untracked 
| 177|0x0000000717e00000, 0x0000000717e00000, 0x0000000718000000|  0%| F|  |TAMS 0x0000000717e00000| PB 0x0000000717e00000| Untracked 
| 178|0x0000000718000000, 0x0000000718000000, 0x0000000718200000|  0%| F|  |TAMS 0x0000000718000000| PB 0x0000000718000000| Untracked 
| 179|0x0000000718200000, 0x0000000718200000, 0x0000000718400000|  0%| F|  |TAMS 0x0000000718200000| PB 0x0000000718200000| Untracked 
| 180|0x0000000718400000, 0x0000000718400000, 0x0000000718600000|  0%| F|  |TAMS 0x0000000718400000| PB 0x0000000718400000| Untracked 
| 181|0x0000000718600000, 0x0000000718600000, 0x0000000718800000|  0%| F|  |TAMS 0x0000000718600000| PB 0x0000000718600000| Untracked 
| 182|0x0000000718800000, 0x0000000718800000, 0x0000000718a00000|  0%| F|  |TAMS 0x0000000718800000| PB 0x0000000718800000| Untracked 
| 183|0x0000000718a00000, 0x0000000718a00000, 0x0000000718c00000|  0%| F|  |TAMS 0x0000000718a00000| PB 0x0000000718a00000| Untracked 
| 184|0x0000000718c00000, 0x0000000718c00000, 0x0000000718e00000|  0%| F|  |TAMS 0x0000000718c00000| PB 0x0000000718c00000| Untracked 
| 185|0x0000000718e00000, 0x0000000718e00000, 0x0000000719000000|  0%| F|  |TAMS 0x0000000718e00000| PB 0x0000000718e00000| Untracked 
| 186|0x0000000719000000, 0x0000000719000000, 0x0000000719200000|  0%| F|  |TAMS 0x0000000719000000| PB 0x0000000719000000| Untracked 
| 187|0x0000000719200000, 0x0000000719200000, 0x0000000719400000|  0%| F|  |TAMS 0x0000000719200000| PB 0x0000000719200000| Untracked 
| 188|0x0000000719400000, 0x0000000719400000, 0x0000000719600000|  0%| F|  |TAMS 0x0000000719400000| PB 0x0000000719400000| Untracked 
| 189|0x0000000719600000, 0x0000000719600000, 0x0000000719800000|  0%| F|  |TAMS 0x0000000719600000| PB 0x0000000719600000| Untracked 
| 190|0x0000000719800000, 0x0000000719800000, 0x0000000719a00000|  0%| F|  |TAMS 0x0000000719800000| PB 0x0000000719800000| Untracked 
| 191|0x0000000719a00000, 0x0000000719a00000, 0x0000000719c00000|  0%| F|  |TAMS 0x0000000719a00000| PB 0x0000000719a00000| Untracked 
| 192|0x0000000719c00000, 0x0000000719c00000, 0x0000000719e00000|  0%| F|  |TAMS 0x0000000719c00000| PB 0x0000000719c00000| Untracked 
| 193|0x0000000719e00000, 0x0000000719e00000, 0x000000071a000000|  0%| F|  |TAMS 0x0000000719e00000| PB 0x0000000719e00000| Untracked 
| 194|0x000000071a000000, 0x000000071a000000, 0x000000071a200000|  0%| F|  |TAMS 0x000000071a000000| PB 0x000000071a000000| Untracked 
| 195|0x000000071a200000, 0x000000071a200000, 0x000000071a400000|  0%| F|  |TAMS 0x000000071a200000| PB 0x000000071a200000| Untracked 
| 196|0x000000071a400000, 0x000000071a400000, 0x000000071a600000|  0%| F|  |TAMS 0x000000071a400000| PB 0x000000071a400000| Untracked 
| 197|0x000000071a600000, 0x000000071a600000, 0x000000071a800000|  0%| F|  |TAMS 0x000000071a600000| PB 0x000000071a600000| Untracked 
| 198|0x000000071a800000, 0x000000071a800000, 0x000000071aa00000|  0%| F|  |TAMS 0x000000071a800000| PB 0x000000071a800000| Untracked 
| 199|0x000000071aa00000, 0x000000071aa00000, 0x000000071ac00000|  0%| F|  |TAMS 0x000000071aa00000| PB 0x000000071aa00000| Untracked 
| 200|0x000000071ac00000, 0x000000071ac00000, 0x000000071ae00000|  0%| F|  |TAMS 0x000000071ac00000| PB 0x000000071ac00000| Untracked 
| 201|0x000000071ae00000, 0x000000071ae00000, 0x000000071b000000|  0%| F|  |TAMS 0x000000071ae00000| PB 0x000000071ae00000| Untracked 
| 202|0x000000071b000000, 0x000000071b000000, 0x000000071b200000|  0%| F|  |TAMS 0x000000071b000000| PB 0x000000071b000000| Untracked 
| 203|0x000000071b200000, 0x000000071b200000, 0x000000071b400000|  0%| F|  |TAMS 0x000000071b200000| PB 0x000000071b200000| Untracked 
| 204|0x000000071b400000, 0x000000071b400000, 0x000000071b600000|  0%| F|  |TAMS 0x000000071b400000| PB 0x000000071b400000| Untracked 
| 205|0x000000071b600000, 0x000000071b600000, 0x000000071b800000|  0%| F|  |TAMS 0x000000071b600000| PB 0x000000071b600000| Untracked 
| 206|0x000000071b800000, 0x000000071b800000, 0x000000071ba00000|  0%| F|  |TAMS 0x000000071b800000| PB 0x000000071b800000| Untracked 
| 207|0x000000071ba00000, 0x000000071ba00000, 0x000000071bc00000|  0%| F|  |TAMS 0x000000071ba00000| PB 0x000000071ba00000| Untracked 
| 208|0x000000071bc00000, 0x000000071bc00000, 0x000000071be00000|  0%| F|  |TAMS 0x000000071bc00000| PB 0x000000071bc00000| Untracked 
| 209|0x000000071be00000, 0x000000071be00000, 0x000000071c000000|  0%| F|  |TAMS 0x000000071be00000| PB 0x000000071be00000| Untracked 
| 210|0x000000071c000000, 0x000000071c000000, 0x000000071c200000|  0%| F|  |TAMS 0x000000071c000000| PB 0x000000071c000000| Untracked 
| 211|0x000000071c200000, 0x000000071c200000, 0x000000071c400000|  0%| F|  |TAMS 0x000000071c200000| PB 0x000000071c200000| Untracked 
| 212|0x000000071c400000, 0x000000071c400000, 0x000000071c600000|  0%| F|  |TAMS 0x000000071c400000| PB 0x000000071c400000| Untracked 
| 213|0x000000071c600000, 0x000000071c600000, 0x000000071c800000|  0%| F|  |TAMS 0x000000071c600000| PB 0x000000071c600000| Untracked 
| 214|0x000000071c800000, 0x000000071c800000, 0x000000071ca00000|  0%| F|  |TAMS 0x000000071c800000| PB 0x000000071c800000| Untracked 
| 215|0x000000071ca00000, 0x000000071ca00000, 0x000000071cc00000|  0%| F|  |TAMS 0x000000071ca00000| PB 0x000000071ca00000| Untracked 
| 216|0x000000071cc00000, 0x000000071cc00000, 0x000000071ce00000|  0%| F|  |TAMS 0x000000071cc00000| PB 0x000000071cc00000| Untracked 
| 217|0x000000071ce00000, 0x000000071ce00000, 0x000000071d000000|  0%| F|  |TAMS 0x000000071ce00000| PB 0x000000071ce00000| Untracked 
| 218|0x000000071d000000, 0x000000071d000000, 0x000000071d200000|  0%| F|  |TAMS 0x000000071d000000| PB 0x000000071d000000| Untracked 
| 219|0x000000071d200000, 0x000000071d200000, 0x000000071d400000|  0%| F|  |TAMS 0x000000071d200000| PB 0x000000071d200000| Untracked 
| 220|0x000000071d400000, 0x000000071d400000, 0x000000071d600000|  0%| F|  |TAMS 0x000000071d400000| PB 0x000000071d400000| Untracked 
| 221|0x000000071d600000, 0x000000071d600000, 0x000000071d800000|  0%| F|  |TAMS 0x000000071d600000| PB 0x000000071d600000| Untracked 
| 222|0x000000071d800000, 0x000000071d800000, 0x000000071da00000|  0%| F|  |TAMS 0x000000071d800000| PB 0x000000071d800000| Untracked 
| 223|0x000000071da00000, 0x000000071da00000, 0x000000071dc00000|  0%| F|  |TAMS 0x000000071da00000| PB 0x000000071da00000| Untracked 
| 224|0x000000071dc00000, 0x000000071dc00000, 0x000000071de00000|  0%| F|  |TAMS 0x000000071dc00000| PB 0x000000071dc00000| Untracked 
| 225|0x000000071de00000, 0x000000071de00000, 0x000000071e000000|  0%| F|  |TAMS 0x000000071de00000| PB 0x000000071de00000| Untracked 
| 226|0x000000071e000000, 0x000000071e000000, 0x000000071e200000|  0%| F|  |TAMS 0x000000071e000000| PB 0x000000071e000000| Untracked 
| 227|0x000000071e200000, 0x000000071e200000, 0x000000071e400000|  0%| F|  |TAMS 0x000000071e200000| PB 0x000000071e200000| Untracked 
| 228|0x000000071e400000, 0x000000071e400000, 0x000000071e600000|  0%| F|  |TAMS 0x000000071e400000| PB 0x000000071e400000| Untracked 
| 229|0x000000071e600000, 0x000000071e600000, 0x000000071e800000|  0%| F|  |TAMS 0x000000071e600000| PB 0x000000071e600000| Untracked 
| 230|0x000000071e800000, 0x000000071e800000, 0x000000071ea00000|  0%| F|  |TAMS 0x000000071e800000| PB 0x000000071e800000| Untracked 
| 231|0x000000071ea00000, 0x000000071ea00000, 0x000000071ec00000|  0%| F|  |TAMS 0x000000071ea00000| PB 0x000000071ea00000| Untracked 
| 232|0x000000071ec00000, 0x000000071ec00000, 0x000000071ee00000|  0%| F|  |TAMS 0x000000071ec00000| PB 0x000000071ec00000| Untracked 
| 233|0x000000071ee00000, 0x000000071ee00000, 0x000000071f000000|  0%| F|  |TAMS 0x000000071ee00000| PB 0x000000071ee00000| Untracked 
| 234|0x000000071f000000, 0x000000071f000000, 0x000000071f200000|  0%| F|  |TAMS 0x000000071f000000| PB 0x000000071f000000| Untracked 
| 235|0x000000071f200000, 0x000000071f200000, 0x000000071f400000|  0%| F|  |TAMS 0x000000071f200000| PB 0x000000071f200000| Untracked 
| 236|0x000000071f400000, 0x000000071f400000, 0x000000071f600000|  0%| F|  |TAMS 0x000000071f400000| PB 0x000000071f400000| Untracked 
| 237|0x000000071f600000, 0x000000071f600000, 0x000000071f800000|  0%| F|  |TAMS 0x000000071f600000| PB 0x000000071f600000| Untracked 
| 238|0x000000071f800000, 0x000000071f800000, 0x000000071fa00000|  0%| F|  |TAMS 0x000000071f800000| PB 0x000000071f800000| Untracked 
| 239|0x000000071fa00000, 0x000000071fa00000, 0x000000071fc00000|  0%| F|  |TAMS 0x000000071fa00000| PB 0x000000071fa00000| Untracked 
| 240|0x000000071fc00000, 0x000000071fc00000, 0x000000071fe00000|  0%| F|  |TAMS 0x000000071fc00000| PB 0x000000071fc00000| Untracked 
| 241|0x000000071fe00000, 0x000000071fe00000, 0x0000000720000000|  0%| F|  |TAMS 0x000000071fe00000| PB 0x000000071fe00000| Untracked 
| 242|0x0000000720000000, 0x0000000720000000, 0x0000000720200000|  0%| F|  |TAMS 0x0000000720000000| PB 0x0000000720000000| Untracked 
| 243|0x0000000720200000, 0x0000000720200000, 0x0000000720400000|  0%| F|  |TAMS 0x0000000720200000| PB 0x0000000720200000| Untracked 
| 244|0x0000000720400000, 0x0000000720400000, 0x0000000720600000|  0%| F|  |TAMS 0x0000000720400000| PB 0x0000000720400000| Untracked 
| 245|0x0000000720600000, 0x0000000720600000, 0x0000000720800000|  0%| F|  |TAMS 0x0000000720600000| PB 0x0000000720600000| Untracked 
| 246|0x0000000720800000, 0x0000000720800000, 0x0000000720a00000|  0%| F|  |TAMS 0x0000000720800000| PB 0x0000000720800000| Untracked 
| 247|0x0000000720a00000, 0x0000000720a00000, 0x0000000720c00000|  0%| F|  |TAMS 0x0000000720a00000| PB 0x0000000720a00000| Untracked 
| 248|0x0000000720c00000, 0x0000000720c00000, 0x0000000720e00000|  0%| F|  |TAMS 0x0000000720c00000| PB 0x0000000720c00000| Untracked 
| 249|0x0000000720e00000, 0x0000000720e00000, 0x0000000721000000|  0%| F|  |TAMS 0x0000000720e00000| PB 0x0000000720e00000| Untracked 
| 250|0x0000000721000000, 0x0000000721000000, 0x0000000721200000|  0%| F|  |TAMS 0x0000000721000000| PB 0x0000000721000000| Untracked 
| 251|0x0000000721200000, 0x0000000721200000, 0x0000000721400000|  0%| F|  |TAMS 0x0000000721200000| PB 0x0000000721200000| Untracked 
| 252|0x0000000721400000, 0x0000000721548f80, 0x0000000721600000| 64%| S|CS|TAMS 0x0000000721400000| PB 0x0000000721400000| Complete 
| 253|0x0000000721600000, 0x0000000721600000, 0x0000000721800000|  0%| F|  |TAMS 0x0000000721600000| PB 0x0000000721600000| Untracked 
| 254|0x0000000721800000, 0x0000000721800000, 0x0000000721a00000|  0%| F|  |TAMS 0x0000000721800000| PB 0x0000000721800000| Untracked 
|2029|0x00000007ff600000, 0x00000007ff656400, 0x00000007ff800000| 16%| O|  |TAMS 0x00000007ff656400| PB 0x00000007ff600000| Untracked 
|2030|0x00000007ff800000, 0x00000007ffa00000, 0x00000007ffa00000|100%| O|  |TAMS 0x00000007ffa00000| PB 0x00000007ff800000| Untracked 
|2031|0x00000007ffa00000, 0x00000007ffa00000, 0x00000007ffc00000|  0%| F|  |TAMS 0x00000007ffa00000| PB 0x00000007ffa00000| Untracked 
|2032|0x00000007ffc00000, 0x00000007ffe00000, 0x00000007ffe00000|100%| O|  |TAMS 0x00000007ffe00000| PB 0x00000007ffc00000| Untracked 
|2033|0x00000007ffe00000, 0x0000000800000000, 0x0000000800000000|100%| O|  |TAMS 0x0000000800000000| PB 0x00000007ffe00000| Untracked 

Card table byte_map: [0x000001e4f4670000,0x000001e4f4e70000] _byte_map_base: 0x000001e4f0e62000

Marking Bits: (CMBitMap*) 0x000001e4ea051300
 Bits: [0x000001e4f5670000, 0x000001e4f9600000)

Polling page: 0x000001e4e9e50000

Metaspace:

Usage:
  Non-class:     34.04 MB used.
      Class:      4.58 MB used.
       Both:     38.62 MB used.

Virtual space:
  Non-class space:       64.00 MB reserved,      34.25 MB ( 54%) committed,  1 nodes.
      Class space:        1.00 GB reserved,       4.75 MB ( <1%) committed,  1 nodes.
             Both:        1.06 GB reserved,      39.00 MB (  4%) committed. 

Chunk freelists:
   Non-Class:  1.19 MB
       Class:  3.12 MB
        Both:  4.31 MB

MaxMetaspaceSize: unlimited
CompressedClassSpaceSize: 1.00 GB
Initial GC threshold: 21.00 MB
Current GC threshold: 51.88 MB
CDS: on
MetaspaceReclaimPolicy: balanced
 - commit_granule_bytes: 65536.
 - commit_granule_words: 8192.
 - virtual_space_node_default_size: 8388608.
 - enlarge_chunks_in_place: 1.
 - new_chunks_are_fully_committed: 0.
 - uncommit_free_chunks: 1.
 - use_allocation_guard: 0.


Internal statistics:

num_allocs_failed_limit: 3.
num_arena_births: 518.
num_arena_deaths: 2.
num_vsnodes_births: 2.
num_vsnodes_deaths: 0.
num_space_committed: 624.
num_space_uncommitted: 0.
num_chunks_returned_to_freelist: 5.
num_chunks_taken_from_freelist: 1596.
num_chunk_merges: 0.
num_chunk_splits: 1108.
num_chunks_enlarged: 820.
num_inconsistent_stats: 0.

CodeHeap 'non-profiled nmethods': size=120000Kb used=1613Kb max_used=1613Kb free=118387Kb
 bounds [0x000001e487ad0000, 0x000001e487d40000, 0x000001e48f000000]
CodeHeap 'profiled nmethods': size=120000Kb used=6382Kb max_used=6382Kb free=113617Kb
 bounds [0x000001e480000000, 0x000001e480640000, 0x000001e487530000]
CodeHeap 'non-nmethods': size=5760Kb used=1844Kb max_used=1880Kb free=3915Kb
 bounds [0x000001e487530000, 0x000001e4877a0000, 0x000001e487ad0000]
 total_blobs=4078 nmethods=3281 adapters=706
 compilation: enabled
              stopped_count=0, restarted_count=0
 full_count=0

Compilation events (20 events):
Event: 13.696 Thread 0x000001e4fbc8e9d0 3705       3       java.lang.Integer::numberOfTrailingZeros (80 bytes)
Event: 13.697 Thread 0x000001e4fbc8e9d0 nmethod 3705 0x000001e480639a90 code [0x000001e480639c20, 0x000001e480639e90]
Event: 13.697 Thread 0x000001e4fbc8e9d0 3706       1       io.netty.buffer.AbstractByteBuf::readerIndex (5 bytes)
Event: 13.697 Thread 0x000001e4fbc8e9d0 nmethod 3706 0x000001e487c62e10 code [0x000001e487c62f80, 0x000001e487c63048]
Event: 13.697 Thread 0x000001e4fbc8e9d0 3707       3       com.google.common.collect.ImmutableEntry::<init> (15 bytes)
Event: 13.697 Thread 0x000001e4fbc8e9d0 nmethod 3707 0x000001e480639f10 code [0x000001e48063a0a0, 0x000001e48063a330]
Event: 13.697 Thread 0x000001e4fbc8e9d0 3710       3       java.util.Arrays::binarySearch0 (72 bytes)
Event: 13.698 Thread 0x000001e4fbc8e9d0 nmethod 3710 0x000001e48063a410 code [0x000001e48063a5c0, 0x000001e48063a858]
Event: 13.698 Thread 0x000001e4fbc8e9d0 3708       3       com.google.common.base.CharMatcher$AnyOf::matches (17 bytes)
Event: 13.698 Thread 0x000001e4fbc8e9d0 nmethod 3708 0x000001e48063a990 code [0x000001e48063ab20, 0x000001e48063ad28]
Event: 13.698 Thread 0x000001e4fbc8e9d0 3709       3       java.util.Arrays::binarySearch (9 bytes)
Event: 13.698 Thread 0x000001e4fbc8e9d0 nmethod 3709 0x000001e48063ae10 code [0x000001e48063afa0, 0x000001e48063b0c0]
Event: 13.699 Thread 0x000001e4fbc8e9d0 3711       3       java.util.Collections$UnmodifiableCollection::<init> (22 bytes)
Event: 13.699 Thread 0x000001e4fbc8e9d0 nmethod 3711 0x000001e48063b190 code [0x000001e48063b340, 0x000001e48063b610]
Event: 13.700 Thread 0x000001e4fbc8e9d0 3712       1       com.google.common.collect.CollectSpliterators$FlatMapSpliterator::characteristics (5 bytes)
Event: 13.700 Thread 0x000001e4fbc8e9d0 nmethod 3712 0x000001e487c63110 code [0x000001e487c63280, 0x000001e487c63348]
Event: 13.701 Thread 0x000001e4fbc8e9d0 3713       3       io.netty.handler.codec.DefaultHeaders::index (7 bytes)
Event: 13.701 Thread 0x000001e4fbc8e9d0 nmethod 3713 0x000001e48063b710 code [0x000001e48063b8a0, 0x000001e48063b9b0]
Event: 13.701 Thread 0x000001e4fbc8e9d0 3714       3       io.netty.util.internal.shaded.org.jctools.queues.LinkedArrayQueueUtil::modifiedCalcCircularRefElementOffset (14 bytes)
Event: 13.701 Thread 0x000001e4fbc8e9d0 nmethod 3714 0x000001e48063ba90 code [0x000001e48063bc20, 0x000001e48063bd28]

GC Heap History (20 events):
Event: 11.328 GC heap after
{Heap after GC invocations=19 (full 0):
 garbage-first heap   total 425984K, used 87651K [0x0000000701c00000, 0x0000000800000000)
  region size 2048K, 1 young (2048K), 1 survivors (2048K)
 Metaspace       used 39262K, committed 39744K, reserved 1114112K
  class space    used 4668K, committed 4864K, reserved 1048576K
}
Event: 11.411 GC heap before
{Heap before GC invocations=19 (full 0):
 garbage-first heap   total 425984K, used 95843K [0x0000000701c00000, 0x0000000800000000)
  region size 2048K, 2 young (4096K), 1 survivors (2048K)
 Metaspace       used 39262K, committed 39744K, reserved 1114112K
  class space    used 4668K, committed 4864K, reserved 1048576K
}
Event: 11.416 GC heap after
{Heap after GC invocations=20 (full 0):
 garbage-first heap   total 425984K, used 71154K [0x0000000701c00000, 0x0000000800000000)
  region size 2048K, 1 young (2048K), 1 survivors (2048K)
 Metaspace       used 39262K, committed 39744K, reserved 1114112K
  class space    used 4668K, committed 4864K, reserved 1048576K
}
Event: 11.574 GC heap before
{Heap before GC invocations=20 (full 0):
 garbage-first heap   total 425984K, used 87538K [0x0000000701c00000, 0x0000000800000000)
  region size 2048K, 2 young (4096K), 1 survivors (2048K)
 Metaspace       used 39262K, committed 39744K, reserved 1114112K
  class space    used 4668K, committed 4864K, reserved 1048576K
}
Event: 11.577 GC heap after
{Heap after GC invocations=21 (full 0):
 garbage-first heap   total 425984K, used 79403K [0x0000000701c00000, 0x0000000800000000)
  region size 2048K, 1 young (2048K), 1 survivors (2048K)
 Metaspace       used 39262K, committed 39744K, reserved 1114112K
  class space    used 4668K, committed 4864K, reserved 1048576K
}
Event: 11.647 GC heap before
{Heap before GC invocations=21 (full 0):
 garbage-first heap   total 425984K, used 87595K [0x0000000701c00000, 0x0000000800000000)
  region size 2048K, 2 young (4096K), 1 survivors (2048K)
 Metaspace       used 39263K, committed 39744K, reserved 1114112K
  class space    used 4668K, committed 4864K, reserved 1048576K
}
Event: 11.652 GC heap after
{Heap after GC invocations=22 (full 0):
 garbage-first heap   total 532480K, used 71155K [0x0000000701c00000, 0x0000000800000000)
  region size 2048K, 1 young (2048K), 1 survivors (2048K)
 Metaspace       used 39263K, committed 39744K, reserved 1114112K
  class space    used 4668K, committed 4864K, reserved 1048576K
}
Event: 12.208 GC heap before
{Heap before GC invocations=22 (full 0):
 garbage-first heap   total 532480K, used 128499K [0x0000000701c00000, 0x0000000800000000)
  region size 2048K, 2 young (4096K), 1 survivors (2048K)
 Metaspace       used 39281K, committed 39744K, reserved 1114112K
  class space    used 4668K, committed 4864K, reserved 1048576K
}
Event: 12.211 GC heap after
{Heap after GC invocations=23 (full 0):
 garbage-first heap   total 532480K, used 120363K [0x0000000701c00000, 0x0000000800000000)
  region size 2048K, 1 young (2048K), 1 survivors (2048K)
 Metaspace       used 39281K, committed 39744K, reserved 1114112K
  class space    used 4668K, committed 4864K, reserved 1048576K
}
Event: 12.280 GC heap before
{Heap before GC invocations=23 (full 0):
 garbage-first heap   total 532480K, used 128555K [0x0000000701c00000, 0x0000000800000000)
  region size 2048K, 2 young (4096K), 1 survivors (2048K)
 Metaspace       used 39325K, committed 39808K, reserved 1114112K
  class space    used 4668K, committed 4864K, reserved 1048576K
}
Event: 12.283 GC heap after
{Heap after GC invocations=24 (full 0):
 garbage-first heap   total 532480K, used 71215K [0x0000000701c00000, 0x0000000800000000)
  region size 2048K, 1 young (2048K), 1 survivors (2048K)
 Metaspace       used 39325K, committed 39808K, reserved 1114112K
  class space    used 4668K, committed 4864K, reserved 1048576K
}
Event: 12.710 GC heap before
{Heap before GC invocations=24 (full 0):
 garbage-first heap   total 532480K, used 120367K [0x0000000701c00000, 0x0000000800000000)
  region size 2048K, 2 young (4096K), 1 survivors (2048K)
 Metaspace       used 39325K, committed 39808K, reserved 1114112K
  class space    used 4668K, committed 4864K, reserved 1048576K
}
Event: 12.713 GC heap after
{Heap after GC invocations=25 (full 0):
 garbage-first heap   total 532480K, used 112175K [0x0000000701c00000, 0x0000000800000000)
  region size 2048K, 1 young (2048K), 1 survivors (2048K)
 Metaspace       used 39325K, committed 39808K, reserved 1114112K
  class space    used 4668K, committed 4864K, reserved 1048576K
}
Event: 12.782 GC heap before
{Heap before GC invocations=25 (full 0):
 garbage-first heap   total 532480K, used 120367K [0x0000000701c00000, 0x0000000800000000)
  region size 2048K, 2 young (4096K), 1 survivors (2048K)
 Metaspace       used 39342K, committed 39808K, reserved 1114112K
  class space    used 4668K, committed 4864K, reserved 1048576K
}
Event: 12.786 GC heap after
{Heap after GC invocations=26 (full 0):
 garbage-first heap   total 532480K, used 71233K [0x0000000701c00000, 0x0000000800000000)
  region size 2048K, 1 young (2048K), 1 survivors (2048K)
 Metaspace       used 39342K, committed 39808K, reserved 1114112K
  class space    used 4668K, committed 4864K, reserved 1048576K
}
Event: 13.200 GC heap before
{Heap before GC invocations=26 (full 0):
 garbage-first heap   total 532480K, used 114241K [0x0000000701c00000, 0x0000000800000000)
  region size 2048K, 3 young (6144K), 1 survivors (2048K)
 Metaspace       used 39470K, committed 39936K, reserved 1114112K
  class space    used 4685K, committed 4864K, reserved 1048576K
}
Event: 13.203 GC heap after
{Heap after GC invocations=27 (full 0):
 garbage-first heap   total 532480K, used 104037K [0x0000000701c00000, 0x0000000800000000)
  region size 2048K, 1 young (2048K), 1 survivors (2048K)
 Metaspace       used 39470K, committed 39936K, reserved 1114112K
  class space    used 4685K, committed 4864K, reserved 1048576K
}
Event: 13.300 GC heap before
{Heap before GC invocations=27 (full 0):
 garbage-first heap   total 532480K, used 112229K [0x0000000701c00000, 0x0000000800000000)
  region size 2048K, 2 young (4096K), 1 survivors (2048K)
 Metaspace       used 39470K, committed 39936K, reserved 1114112K
  class space    used 4685K, committed 4864K, reserved 1048576K
}
Event: 13.303 GC heap after
{Heap after GC invocations=28 (full 0):
 garbage-first heap   total 532480K, used 71227K [0x0000000701c00000, 0x0000000800000000)
  region size 2048K, 1 young (2048K), 1 survivors (2048K)
 Metaspace       used 39470K, committed 39936K, reserved 1114112K
  class space    used 4685K, committed 4864K, reserved 1048576K
}
Event: 13.711 GC heap before
{Heap before GC invocations=28 (full 0):
 garbage-first heap   total 532480K, used 114235K [0x0000000701c00000, 0x0000000800000000)
  region size 2048K, 3 young (6144K), 1 survivors (2048K)
 Metaspace       used 39542K, committed 39936K, reserved 1114112K
  class space    used 4689K, committed 4864K, reserved 1048576K
}

Dll operation events (15 events):
Event: 0.017 Loaded shared library C:\Program Files\Java\jdk-20\bin\java.dll
Event: 0.044 Loaded shared library C:\Program Files\Java\jdk-20\bin\jsvml.dll
Event: 0.302 Loaded shared library C:\Program Files\Java\jdk-20\bin\zip.dll
Event: 0.306 Loaded shared library C:\Program Files\Java\jdk-20\bin\instrument.dll
Event: 0.315 Loaded shared library C:\Program Files\Java\jdk-20\bin\net.dll
Event: 0.318 Loaded shared library C:\Program Files\Java\jdk-20\bin\nio.dll
Event: 0.325 Loaded shared library C:\Program Files\Java\jdk-20\bin\zip.dll
Event: 0.341 Loaded shared library C:\Program Files\JetBrains\IntelliJ IDEA Community Edition 2023.1.2\bin\breakgen64.dll
Event: 0.356 Loaded shared library C:\Program Files\Java\jdk-20\bin\extnet.dll
Event: 0.633 Loaded shared library C:\Program Files\Java\jdk-20\bin\jimage.dll
Event: 2.461 Loaded shared library C:\Program Files\Java\jdk-20\bin\management.dll
Event: 2.466 Loaded shared library C:\Program Files\Java\jdk-20\bin\management_ext.dll
Event: 3.535 Loaded shared library C:\Program Files\Java\jdk-20\bin\awt.dll
Event: 3.910 Loaded shared library C:\Program Files\Java\jdk-20\bin\sunmscapi.dll
Event: 4.252 Loaded shared library C:\Program Files\Java\jdk-20\bin\verify.dll

Deoptimization events (20 events):
Event: 9.510 Thread 0x000001e4e9fdd290 Uncommon trap: trap_request=0xffffff45 fr.pc=0x000001e487b17ec0 relative=0x00000000000000c0
Event: 9.510 Thread 0x000001e4e9fdd290 Uncommon trap: reason=unstable_if action=reinterpret pc=0x000001e487b17ec0 method=jdk.internal.misc.Unsafe.convEndian(ZI)I @ 4 c2
Event: 9.510 Thread 0x000001e4e9fdd290 DEOPT PACKING pc=0x000001e487b17ec0 sp=0x0000007585cfe200
Event: 9.511 Thread 0x000001e4e9fdd290 DEOPT UNPACKING pc=0x000001e487599d22 sp=0x0000007585cfe0b0 mode 2
Event: 9.511 Thread 0x000001e4e9fdd290 Uncommon trap: trap_request=0xffffff45 fr.pc=0x000001e487b16d88 relative=0x0000000000000088
Event: 9.511 Thread 0x000001e4e9fdd290 Uncommon trap: reason=unstable_if action=reinterpret pc=0x000001e487b16d88 method=jdk.internal.misc.Unsafe.convEndian(ZI)I @ 4 c2
Event: 9.511 Thread 0x000001e4e9fdd290 DEOPT PACKING pc=0x000001e487b16d88 sp=0x0000007585cfe180
Event: 9.511 Thread 0x000001e4e9fdd290 DEOPT UNPACKING pc=0x000001e487599d22 sp=0x0000007585cfe0b0 mode 2
Event: 9.650 Thread 0x000001e4e9fdd290 Uncommon trap: trap_request=0xffffff45 fr.pc=0x000001e487bf9ad0 relative=0x00000000000011d0
Event: 9.650 Thread 0x000001e4e9fdd290 Uncommon trap: reason=unstable_if action=reinterpret pc=0x000001e487bf9ad0 method=java.util.concurrent.ConcurrentHashMap.putVal(Ljava/lang/Object;Ljava/lang/Object;Z)Ljava/lang/Object; @ 162 c2
Event: 9.650 Thread 0x000001e4e9fdd290 DEOPT PACKING pc=0x000001e487bf9ad0 sp=0x0000007585cfd750
Event: 9.650 Thread 0x000001e4e9fdd290 DEOPT UNPACKING pc=0x000001e487599d22 sp=0x0000007585cfd6d8 mode 2
Event: 9.666 Thread 0x000001e4e9fdd290 Uncommon trap: trap_request=0xffffff45 fr.pc=0x000001e487b35a4c relative=0x00000000000002ac
Event: 9.667 Thread 0x000001e4e9fdd290 Uncommon trap: reason=unstable_if action=reinterpret pc=0x000001e487b35a4c method=java.util.concurrent.ConcurrentHashMap.get(Ljava/lang/Object;)Ljava/lang/Object; @ 152 c2
Event: 9.667 Thread 0x000001e4e9fdd290 DEOPT PACKING pc=0x000001e487b35a4c sp=0x0000007585cfdb30
Event: 9.667 Thread 0x000001e4e9fdd290 DEOPT UNPACKING pc=0x000001e487599d22 sp=0x0000007585cfdaa8 mode 2
Event: 13.625 Thread 0x000001e4e9fdd290 Uncommon trap: trap_request=0xffffff45 fr.pc=0x000001e487b6fc3c relative=0x0000000000000a5c
Event: 13.625 Thread 0x000001e4e9fdd290 Uncommon trap: reason=unstable_if action=reinterpret pc=0x000001e487b6fc3c method=java.util.jar.JarFile.getVersionedEntry(Ljava/lang/String;Ljava/util/jar/JarEntry;)Ljava/util/jar/JarEntry; @ 26 c2
Event: 13.625 Thread 0x000001e4e9fdd290 DEOPT PACKING pc=0x000001e487b6fc3c sp=0x0000007585cfd2f0
Event: 13.625 Thread 0x000001e4e9fdd290 DEOPT UNPACKING pc=0x000001e487599d22 sp=0x0000007585cfd2b0 mode 2

Classes loaded (20 events):
Event: 9.701 Loading class java/util/Comparators$NullComparator
Event: 9.701 Loading class java/util/Comparators$NullComparator done
Event: 9.703 Loading class java/util/stream/SortedOps$RefSortingSink
Event: 9.703 Loading class java/util/stream/SortedOps$RefSortingSink done
Event: 9.722 Loading class java/util/ArrayList$SubList$1
Event: 9.723 Loading class java/util/ArrayList$SubList$1 done
Event: 9.796 Loading class java/util/AbstractList$ListItr
Event: 9.796 Loading class java/util/AbstractList$ListItr done
Event: 9.907 Loading class java/util/concurrent/ConcurrentHashMap$KeySpliterator
Event: 9.907 Loading class java/util/concurrent/ConcurrentHashMap$KeySpliterator done
Event: 13.034 Loading class java/lang/ThreadDeath
Event: 13.034 Loading class java/lang/ThreadDeath done
Event: 13.034 Loading class sun/misc/SharedSecrets
Event: 13.034 Loading class sun/misc/SharedSecrets done
Event: 13.034 Loading class java/util/TreeMap$EntrySpliterator
Event: 13.034 Loading class java/util/TreeMap$EntrySpliterator done
Event: 13.043 Loading class java/lang/invoke/WrongMethodTypeException
Event: 13.043 Loading class java/lang/invoke/WrongMethodTypeException done
Event: 13.623 Loading class java/io/PrintWriter
Event: 13.623 Loading class java/io/PrintWriter done

Classes unloaded (1 events):
Event: 3.665 Thread 0x000001e4fbc3ae80 Unloading class 0x0000000801004400 'java/lang/invoke/LambdaForm$DMH+0x0000000801004400'

Classes redefined (0 events):
No events

Internal exceptions (20 events):
Event: 9.416 Thread 0x000001e4e9fdd290 Exception <a 'java/lang/IncompatibleClassChangeError'{0x000000070f6aaa18}: Found class java.lang.Object, but interface was expected> (0x000000070f6aaa18) 
thrown [s\open\src\hotspot\share\interpreter\linkResolver.cpp, line 840]
Event: 9.433 Thread 0x000001e4e9fdd290 Exception <a 'java/lang/NoSuchMethodError'{0x000000070f6f5050}: 'int java.lang.invoke.DirectMethodHandle$Holder.invokeVirtual(java.lang.Object, java.lang.Object, java.lang.Object)'> (0x000000070f6f5050) 
thrown [s\open\src\hotspot\share\interpreter\linkResolver.cpp, line 773]
Event: 9.534 Thread 0x000001e4e9fdd290 Exception <a 'java/lang/IncompatibleClassChangeError'{0x000000070f42f3c0}: Found class java.lang.Object, but interface was expected> (0x000000070f42f3c0) 
thrown [s\open\src\hotspot\share\interpreter\linkResolver.cpp, line 840]
Event: 9.535 Thread 0x000001e4e9fdd290 Exception <a 'java/lang/IncompatibleClassChangeError'{0x000000070f4325d8}: Found class java.lang.Object, but interface was expected> (0x000000070f4325d8) 
thrown [s\open\src\hotspot\share\interpreter\linkResolver.cpp, line 840]
Event: 9.536 Thread 0x000001e4e9fdd290 Exception <a 'java/lang/IncompatibleClassChangeError'{0x000000070f4357c8}: Found class java.lang.Object, but interface was expected> (0x000000070f4357c8) 
thrown [s\open\src\hotspot\share\interpreter\linkResolver.cpp, line 840]
Event: 9.537 Thread 0x000001e4e9fdd290 Exception <a 'java/lang/IncompatibleClassChangeError'{0x000000070f4389e8}: Found class java.lang.Object, but interface was expected> (0x000000070f4389e8) 
thrown [s\open\src\hotspot\share\interpreter\linkResolver.cpp, line 840]
Event: 9.542 Thread 0x000001e4e9fdd290 Exception <a 'java/lang/IncompatibleClassChangeError'{0x000000070f442230}: Found class java.lang.Object, but interface was expected> (0x000000070f442230) 
thrown [s\open\src\hotspot\share\interpreter\linkResolver.cpp, line 840]
Event: 9.545 Thread 0x000001e4e9fdd290 Exception <a 'java/lang/IncompatibleClassChangeError'{0x000000070f4453e0}: Found class java.lang.Object, but interface was expected> (0x000000070f4453e0) 
thrown [s\open\src\hotspot\share\interpreter\linkResolver.cpp, line 840]
Event: 9.546 Thread 0x000001e4e9fdd290 Exception <a 'java/lang/IncompatibleClassChangeError'{0x000000070f4485d0}: Found class java.lang.Object, but interface was expected> (0x000000070f4485d0) 
thrown [s\open\src\hotspot\share\interpreter\linkResolver.cpp, line 840]
Event: 9.546 Thread 0x000001e4e9fdd290 Exception <a 'java/lang/IncompatibleClassChangeError'{0x000000070f44b798}: Found class java.lang.Object, but interface was expected> (0x000000070f44b798) 
thrown [s\open\src\hotspot\share\interpreter\linkResolver.cpp, line 840]
Event: 9.547 Thread 0x000001e4e9fdd290 Exception <a 'java/lang/IncompatibleClassChangeError'{0x000000070f44e988}: Found class java.lang.Object, but interface was expected> (0x000000070f44e988) 
thrown [s\open\src\hotspot\share\interpreter\linkResolver.cpp, line 840]
Event: 9.548 Thread 0x000001e4e9fdd290 Exception <a 'sun/nio/fs/WindowsException'{0x000000070f451a00}> (0x000000070f451a00) 
thrown [s\open\src\hotspot\share\prims\jni.cpp, line 519]
Event: 9.689 Thread 0x000001e4e9fdd290 Exception <a 'java/lang/IncompatibleClassChangeError'{0x00000007096cbdf0}: Found class java.lang.Object, but interface was expected> (0x00000007096cbdf0) 
thrown [s\open\src\hotspot\share\interpreter\linkResolver.cpp, line 840]
Event: 9.692 Thread 0x000001e4e9fdd290 Exception <a 'sun/nio/fs/WindowsException'{0x00000007096d8200}> (0x00000007096d8200) 
thrown [s\open\src\hotspot\share\prims\jni.cpp, line 519]
Event: 9.696 Thread 0x000001e4e9fdd290 Exception <a 'sun/nio/fs/WindowsException'{0x00000007096e2730}> (0x00000007096e2730) 
thrown [s\open\src\hotspot\share\prims\jni.cpp, line 519]
Event: 9.702 Thread 0x000001e4e9fdd290 Exception <a 'java/lang/NoSuchMethodError'{0x00000007096f2bf0}: 'int java.lang.invoke.DirectMethodHandle$Holder.invokeStatic(java.lang.Object, java.lang.Object, java.lang.Object, java.lang.Object, java.lang.Object)'> (0x00000007096f2bf0) 
thrown [s\open\src\hotspot\share\interpreter\linkResolver.cpp, line 773]
Event: 9.727 Thread 0x000001e4e9fdd290 Exception <a 'java/lang/NoSuchMethodError'{0x0000000709768840}: 'void java.lang.invoke.DirectMethodHandle$Holder.invokeInterface(java.lang.Object, java.lang.Object)'> (0x0000000709768840) 
thrown [s\open\src\hotspot\share\interpreter\linkResolver.cpp, line 773]
Event: 9.884 Thread 0x000001e4e9fdd290 Exception <a 'java/lang/IncompatibleClassChangeError'{0x00000007ffb7e288}: Found class java.lang.Object, but interface was expected> (0x00000007ffb7e288) 
thrown [s\open\src\hotspot\share\interpreter\linkResolver.cpp, line 840]
Event: 9.884 Thread 0x000001e4e9fdd290 Exception <a 'java/lang/IncompatibleClassChangeError'{0x00000007ffb81580}: Found class java.lang.Object, but interface was expected> (0x00000007ffb81580) 
thrown [s\open\src\hotspot\share\interpreter\linkResolver.cpp, line 840]
Event: 13.034 Thread 0x000001e4e9fdd290 Exception <a 'java/lang/ClassNotFoundException'{0x000000072186ebe8}: sun/misc/SharedSecrets> (0x000000072186ebe8) 
thrown [s\open\src\hotspot\share\classfile\systemDictionary.cpp, line 305]

VM Operations (20 events):
Event: 11.329 Executing VM operation: G1TryInitiateConcMark done
Event: 11.411 Executing VM operation: G1TryInitiateConcMark
Event: 11.416 Executing VM operation: G1TryInitiateConcMark done
Event: 11.574 Executing VM operation: G1TryInitiateConcMark
Event: 11.577 Executing VM operation: G1TryInitiateConcMark done
Event: 11.647 Executing VM operation: G1TryInitiateConcMark
Event: 11.652 Executing VM operation: G1TryInitiateConcMark done
Event: 12.208 Executing VM operation: G1TryInitiateConcMark
Event: 12.211 Executing VM operation: G1TryInitiateConcMark done
Event: 12.280 Executing VM operation: G1TryInitiateConcMark
Event: 12.283 Executing VM operation: G1TryInitiateConcMark done
Event: 12.709 Executing VM operation: G1TryInitiateConcMark
Event: 12.713 Executing VM operation: G1TryInitiateConcMark done
Event: 12.781 Executing VM operation: G1TryInitiateConcMark
Event: 12.786 Executing VM operation: G1TryInitiateConcMark done
Event: 13.200 Executing VM operation: G1TryInitiateConcMark
Event: 13.203 Executing VM operation: G1TryInitiateConcMark done
Event: 13.300 Executing VM operation: G1TryInitiateConcMark
Event: 13.303 Executing VM operation: G1TryInitiateConcMark done
Event: 13.711 Executing VM operation: G1TryInitiateConcMark

Events (20 events):
Event: 5.995 Thread 0x000001e4fbc3ae80 flushing nmethod 0x000001e487b5cc10
Event: 5.995 Thread 0x000001e4fbc3ae80 flushing nmethod 0x000001e487b2fe10
Event: 5.995 Thread 0x000001e4fbc3ae80 flushing nmethod 0x000001e487b18410
Event: 5.995 Thread 0x000001e4fbc3ae80 flushing nmethod 0x000001e487b07590
Event: 5.995 Thread 0x000001e4fbc3ae80 flushing nmethod 0x000001e487add710
Event: 5.995 Thread 0x000001e4fbc3ae80 flushing nmethod 0x000001e487ad9890
Event: 6.052 Thread 0x000001e4933b9680 Thread exited: 0x000001e4933b9680
Event: 6.134 Thread 0x000001e4946fdad0 Thread added: 0x000001e4946fdad0
Event: 6.163 Thread 0x000001e495d7a550 Thread added: 0x000001e495d7a550
Event: 6.163 Thread 0x000001e495d7a000 Thread added: 0x000001e495d7a000
Event: 6.199 Thread 0x000001e495d7bfe0 Thread added: 0x000001e495d7bfe0
Event: 6.202 Thread 0x000001e495d7aff0 Thread added: 0x000001e495d7aff0
Event: 6.203 Thread 0x000001e495d7c530 Thread added: 0x000001e495d7c530
Event: 6.279 Thread 0x000001e495d7efb0 Thread added: 0x000001e495d7efb0
Event: 6.770 Thread 0x000001e495d79010 Thread added: 0x000001e495d79010
Event: 8.684 Thread 0x000001e4946ff560 Thread exited: 0x000001e4946ff560
Event: 8.685 Thread 0x000001e4946ff010 Thread exited: 0x000001e4946ff010
Event: 9.017 Thread 0x000001e495d7d520 Thread added: 0x000001e495d7d520
Event: 9.063 Thread 0x000001e495d7e510 Thread added: 0x000001e495d7e510
Event: 11.289 Thread 0x000001e495d7efb0 Thread exited: 0x000001e495d7efb0


Dynamic libraries:
0x00007ff744680000 - 0x00007ff744690000 	C:\Program Files\Java\jdk-20\bin\java.exe
0x00007ffa3c8d0000 - 0x00007ffa3cae4000 	C:\WINDOWS\SYSTEM32\ntdll.dll
0x00007ffa3bac0000 - 0x00007ffa3bb82000 	C:\WINDOWS\System32\KERNEL32.DLL
0x00007ffa39d80000 - 0x00007ffa3a123000 	C:\WINDOWS\System32\KERNELBASE.dll
0x00007ffa3a4d0000 - 0x00007ffa3a5e1000 	C:\WINDOWS\System32\ucrtbase.dll
0x00007ffa23ee0000 - 0x00007ffa23efb000 	C:\Program Files\Java\jdk-20\bin\VCRUNTIME140.dll
0x00007ffa22690000 - 0x00007ffa226a9000 	C:\Program Files\Java\jdk-20\bin\jli.dll
0x00007ffa3bb90000 - 0x00007ffa3bc3e000 	C:\WINDOWS\System32\ADVAPI32.dll
0x00007ffa3ba10000 - 0x00007ffa3bab7000 	C:\WINDOWS\System32\msvcrt.dll
0x00007ffa3a900000 - 0x00007ffa3a9a4000 	C:\WINDOWS\System32\sechost.dll
0x00007ffa3ae90000 - 0x00007ffa3afa7000 	C:\WINDOWS\System32\RPCRT4.dll
0x00007ffa3b850000 - 0x00007ffa3b9fb000 	C:\WINDOWS\System32\USER32.dll
0x00007ffa39d50000 - 0x00007ffa39d76000 	C:\WINDOWS\System32\win32u.dll
0x00007ffa22c30000 - 0x00007ffa22ebe000 	C:\WINDOWS\WinSxS\amd64_microsoft.windows.common-controls_6595b64144ccf1df_6.0.22621.1635_none_270f70857386168e\COMCTL32.dll
0x00007ffa3a6d0000 - 0x00007ffa3a6f9000 	C:\WINDOWS\System32\GDI32.dll
0x00007ffa3a310000 - 0x00007ffa3a429000 	C:\WINDOWS\System32\gdi32full.dll
0x00007ffa3a430000 - 0x00007ffa3a4ca000 	C:\WINDOWS\System32\msvcp_win.dll
0x00007ffa2c2b0000 - 0x00007ffa2c2ba000 	C:\WINDOWS\SYSTEM32\VERSION.dll
0x00007ffa3c120000 - 0x00007ffa3c151000 	C:\WINDOWS\System32\IMM32.DLL
0x00007ffa34920000 - 0x00007ffa3492c000 	C:\Program Files\Java\jdk-20\bin\vcruntime140_1.dll
0x00007ffa0b580000 - 0x00007ffa0b60e000 	C:\Program Files\Java\jdk-20\bin\msvcp140.dll
0x00007ff9f4db0000 - 0x00007ff9f5a47000 	C:\Program Files\Java\jdk-20\bin\server\jvm.dll
0x00007ffa2d730000 - 0x00007ffa2d764000 	C:\WINDOWS\SYSTEM32\WINMM.dll
0x00007ffa16150000 - 0x00007ffa16159000 	C:\WINDOWS\SYSTEM32\WSOCK32.dll
0x00007ffa3afd0000 - 0x00007ffa3b041000 	C:\WINDOWS\System32\WS2_32.dll
0x00007ffa38d20000 - 0x00007ffa38d38000 	C:\WINDOWS\SYSTEM32\kernel.appcore.dll
0x00007ffa2e520000 - 0x00007ffa2e52a000 	C:\Program Files\Java\jdk-20\bin\jimage.dll
0x00007ffa35d70000 - 0x00007ffa35f9e000 	C:\WINDOWS\SYSTEM32\DBGHELP.DLL
0x00007ffa3bd90000 - 0x00007ffa3c119000 	C:\WINDOWS\System32\combase.dll
0x00007ffa3c160000 - 0x00007ffa3c237000 	C:\WINDOWS\System32\OLEAUT32.dll
0x00007ffa1b990000 - 0x00007ffa1b9c2000 	C:\WINDOWS\SYSTEM32\dbgcore.DLL
0x00007ffa39cd0000 - 0x00007ffa39d4b000 	C:\WINDOWS\System32\bcryptPrimitives.dll
0x00007ffa26eb0000 - 0x00007ffa26ebe000 	C:\Program Files\Java\jdk-20\bin\instrument.dll
0x00007ffa225e0000 - 0x00007ffa22606000 	C:\Program Files\Java\jdk-20\bin\java.dll
0x00007ffa01bd0000 - 0x00007ffa01ca7000 	C:\Program Files\Java\jdk-20\bin\jsvml.dll
0x00007ffa3b050000 - 0x00007ffa3b84a000 	C:\WINDOWS\System32\SHELL32.dll
0x00007ffa37cd0000 - 0x00007ffa3859e000 	C:\WINDOWS\SYSTEM32\windows.storage.dll
0x00007ffa37a20000 - 0x00007ffa37b5e000 	C:\WINDOWS\SYSTEM32\wintypes.dll
0x00007ffa3a7f0000 - 0x00007ffa3a8e1000 	C:\WINDOWS\System32\SHCORE.dll
0x00007ffa3ae30000 - 0x00007ffa3ae8e000 	C:\WINDOWS\System32\shlwapi.dll
0x00007ffa39c00000 - 0x00007ffa39c21000 	C:\WINDOWS\SYSTEM32\profapi.dll
0x00007ffa223e0000 - 0x00007ffa223f8000 	C:\Program Files\Java\jdk-20\bin\zip.dll
0x00007ffa225c0000 - 0x00007ffa225d3000 	C:\Program Files\Java\jdk-20\bin\net.dll
0x00007ffa2d2a0000 - 0x00007ffa2d3d7000 	C:\WINDOWS\SYSTEM32\WINHTTP.dll
0x00007ffa39190000 - 0x00007ffa391f9000 	C:\WINDOWS\system32\mswsock.dll
0x00007ffa22400000 - 0x00007ffa22416000 	C:\Program Files\Java\jdk-20\bin\nio.dll
0x00007ffa1baa0000 - 0x00007ffa1baba000 	C:\Program Files\JetBrains\IntelliJ IDEA Community Edition 2023.1.2\bin\breakgen64.dll
0x00007ffa23610000 - 0x00007ffa23617000 	C:\Program Files\Java\jdk-20\bin\extnet.dll
0x00007ffa393f0000 - 0x00007ffa3940b000 	C:\WINDOWS\SYSTEM32\CRYPTSP.dll
0x00007ffa38c90000 - 0x00007ffa38cc5000 	C:\WINDOWS\system32\rsaenh.dll
0x00007ffa39290000 - 0x00007ffa392b8000 	C:\WINDOWS\SYSTEM32\USERENV.dll
0x00007ffa395b0000 - 0x00007ffa395d8000 	C:\WINDOWS\SYSTEM32\bcrypt.dll
0x00007ffa39410000 - 0x00007ffa3941c000 	C:\WINDOWS\SYSTEM32\CRYPTBASE.dll
0x00007ffa38800000 - 0x00007ffa3882d000 	C:\WINDOWS\SYSTEM32\IPHLPAPI.DLL
0x00007ffa3a8f0000 - 0x00007ffa3a8f9000 	C:\WINDOWS\System32\NSI.dll
0x00007ffa2f2f0000 - 0x00007ffa2f309000 	C:\WINDOWS\SYSTEM32\dhcpcsvc6.DLL
0x00007ffa2d1e0000 - 0x00007ffa2d1ff000 	C:\WINDOWS\SYSTEM32\dhcpcsvc.DLL
0x00007ffa38870000 - 0x00007ffa38963000 	C:\WINDOWS\SYSTEM32\DNSAPI.dll
0x00007ffa22680000 - 0x00007ffa2268a000 	C:\Program Files\Java\jdk-20\bin\management.dll
0x00007ffa20ec0000 - 0x00007ffa20ecb000 	C:\Program Files\Java\jdk-20\bin\management_ext.dll
0x00007ffa3c490000 - 0x00007ffa3c498000 	C:\WINDOWS\System32\PSAPI.DLL
0x00007ff9fc550000 - 0x00007ff9fc567000 	C:\WINDOWS\system32\napinsp.dll
0x00007ff9fc210000 - 0x00007ff9fc22b000 	C:\WINDOWS\system32\pnrpnsp.dll
0x00007ff9fb0c0000 - 0x00007ff9fb0d1000 	C:\WINDOWS\System32\winrnr.dll
0x00007ffa2d140000 - 0x00007ffa2d155000 	C:\WINDOWS\system32\wshbth.dll
0x00007ffa08ff0000 - 0x00007ffa09011000 	C:\WINDOWS\system32\nlansp_c.dll
0x00007ffa23490000 - 0x00007ffa2349a000 	C:\Windows\System32\rasadhlp.dll
0x00007ffa2c480000 - 0x00007ffa2c504000 	C:\WINDOWS\System32\fwpuclnt.dll
0x00007ff9f4840000 - 0x00007ff9f49d1000 	C:\Program Files\Java\jdk-20\bin\awt.dll
0x00007ffa36ac0000 - 0x00007ffa36b57000 	C:\WINDOWS\SYSTEM32\apphelp.dll
0x00007ffa36ee0000 - 0x00007ffa36f0b000 	C:\WINDOWS\system32\DWMAPI.DLL
0x00007ffa36c30000 - 0x00007ffa36cdb000 	C:\WINDOWS\system32\uxtheme.dll
0x00007ffa25390000 - 0x00007ffa25490000 	C:\WINDOWS\system32\opengl32.dll
0x00007ffa25360000 - 0x00007ffa2538d000 	C:\WINDOWS\SYSTEM32\GLU32.dll
0x00007ffa36d70000 - 0x00007ffa36da8000 	C:\WINDOWS\SYSTEM32\dxcore.dll
0x00007ffa3c590000 - 0x00007ffa3c6b7000 	C:\WINDOWS\System32\MSCTF.dll
0x00007ffa3c2f0000 - 0x00007ffa3c48c000 	C:\WINDOWS\System32\ole32.dll
0x00007ffa1ba90000 - 0x00007ffa1ba9e000 	C:\Program Files\Java\jdk-20\bin\sunmscapi.dll
0x00007ffa3a1a0000 - 0x00007ffa3a307000 	C:\WINDOWS\System32\CRYPT32.dll
0x00007ffa39580000 - 0x00007ffa395ae000 	C:\WINDOWS\SYSTEM32\ncrypt.dll
0x00007ffa39540000 - 0x00007ffa39577000 	C:\WINDOWS\SYSTEM32\NTASN1.dll
0x00007ffa234c0000 - 0x00007ffa234d0000 	C:\Program Files\Java\jdk-20\bin\verify.dll
0x00007ffa23390000 - 0x00007ffa23398000 	C:\WINDOWS\system32\wshunix.dll

dbghelp: loaded successfully - version: 4.0.5 - missing functions: none
symbol engine: initialized successfully - sym options: 0x614 - pdb path: .;C:\Program Files\Java\jdk-20\bin;C:\WINDOWS\SYSTEM32;C:\WINDOWS\WinSxS\amd64_microsoft.windows.common-controls_6595b64144ccf1df_6.0.22621.1635_none_270f70857386168e;C:\Program Files\Java\jdk-20\bin\server;C:\Program Files\JetBrains\IntelliJ IDEA Community Edition 2023.1.2\bin

VM Arguments:
jvm_args: -ea -Didea.test.cyclic.buffer.size=1048576 -javaagent:C:\Program Files\JetBrains\IntelliJ IDEA Community Edition 2023.1.2\lib\idea_rt.jar=62191:C:\Program Files\JetBrains\IntelliJ IDEA Community Edition 2023.1.2\bin -Dfile.encoding=UTF-8 -Dsun.stdout.encoding=UTF-8 -Dsun.stderr.encoding=UTF-8 
java_command: com.intellij.rt.testng.RemoteTestNGStarter -usedefaultlisteners false -socket62190 @w@C:\Users\zubai\AppData\Local\Temp\idea_working_dirs_testng.tmp -temp C:\Users\zubai\AppData\Local\Temp\idea_testng.tmp
java_class_path (initial): C:\Program Files\JetBrains\IntelliJ IDEA Community Edition 2023.1.2\lib\idea_rt.jar;C:\Program Files\JetBrains\IntelliJ IDEA Community Edition 2023.1.2\plugins\testng\lib\testng-rt.jar;D:\Zapta\Automation\Lahebo\target\test-classes;D:\Zapta\Automation\Lahebo\target\classes;C:\Users\zubai\.m2\repository\org\testng\testng\7.7.1\testng-7.7.1.jar;C:\Users\zubai\.m2\repository\com\beust\jcommander\1.82\jcommander-1.82.jar;C:\Users\zubai\.m2\repository\org\webjars\jquery\3.6.1\jquery-3.6.1.jar;C:\Users\zubai\.m2\repository\io\github\bonigarcia\webdrivermanager\5.3.3\webdrivermanager-5.3.3.jar;C:\Users\zubai\.m2\repository\com\google\code\gson\gson\2.10.1\gson-2.10.1.jar;C:\Users\zubai\.m2\repository\com\github\docker-java\docker-java\3.3.0\docker-java-3.3.0.jar;C:\Users\zubai\.m2\repository\com\github\docker-java\docker-java-core\3.3.0\docker-java-core-3.3.0.jar;C:\Users\zubai\.m2\repository\com\github\docker-java\docker-java-api\3.3.0\docker-java-api-3.3.0.jar;C:\Users\zubai\.m2\repository\com\fasterxml\jackson\core\jackson-annotations\2.10.3\jackson-annotations-2.10.3.jar;C:\Users\zubai\.m2\repository\com\fasterxml\jackson\core\jackson-databind\2.10.3\jackson-databind-2.10.3.jar;C:\Users\zubai\.m2\repository\com\fasterxml\jackson\core\jackson-core\2.10.3\jackson-core-2.10.3.jar;C:\Users\zubai\.m2\repository\org\bouncycastle\bcpkix-jdk15on\1.64\bcpkix-jdk15on-1.64.jar;C:\Users\zubai\.m2\repository\org\bouncycastle\bcprov-jdk15on\1.64\bcprov-jdk15on-1.64.jar;C:\Users\zubai\.m2\repository\org\slf4j\jcl-over-slf4j\1.7.30\jcl-over-slf4j-1.7.30.jar;C:\Users\zubai\.m2\repository\com\github\docker-java\docker-java-transport-httpclient5\3.3.0\docker-java-transport-httpclient5-3.3.0.jar;C:\Users\zubai\.m2\repository\com\github\docker-java\docker-java-transport\3.3.0\docker-java-transport-3.3.0.jar;C:\Users\zubai\.m2\repository\net\java\dev\jna\jna\5.12.1\jna-5.12.1.jar;C:\Users\zubai\.m2\repository\org\brotli\dec\0.1.2\dec-0.1.2.jar;C:\Users\zubai\.m2\repository\org\apache\commons\commons-lang3\3.12.0\commons-lang3-3.12.0.jar;C:\Users\zubai\.m2\repository\org\apache\httpcomponents\client5\httpclient5\5.2.1\httpclient5-5.2.1.jar;C:\Users\zubai\.m2\repository\org\apache\httpcomponents\core5\httpcore5\5.2\httpcore5-5.2.jar;C:\Users\zubai\.m2\repository\org\apache\httpcomponents\core5\httpcore5-h2\5.2\httpcore5-h2-5.2.jar;C:\Users\zubai\.m2\repository\javax\mail\javax.mail-api\1.6.2\javax.mail-api-1.6.2.jar;C:\Users\zubai\.m2\repository\com\sun\mail\javax.mail\1.6.2\javax.mail-1.6.2.jar;C:\Users\zubai\.m2\repository\javax\activation\activation\1.1\activation-1.1.jar;C:\Users\zubai\.m2\repository\com\google\guava\guava\31.1-jre\guava-31.1-jre.jar;C:\Users\zubai\.m2\repository\com\google\guava\failureaccess\1.0.1\failureaccess-1.0.1.jar;C:\Users\zubai\.m2\repository\com\google\guava\listenablefuture\9999.0-empty-to-avoid-conflict-with-guava\listenablefuture-9999.0-empty-to-avoid-conflict-with-guava.jar;C:\Users\zubai\.m2\repository\com\google\code\findbugs\jsr305\3.0.2\jsr305-3.0.2.jar;C:\Users\zubai\.m2\repository\org\checkerframework\checker-qual\3.12.0\checker-qual-3.12.0.jar;C:\Users\zubai\.m2\repository\com\google\errorprone\error_prone_annotations\2.11.0\error_prone_annotations-2.11.0.jar;C:\Users\zubai\.m2\repository\com\google\j2objc\j2objc-annotations\1.3\j2objc-annotations-1.3.jar;C:\Users\zubai\.m2\repository\org\seleniumhq\selenium\selenium-java\4.9.1\selenium-java-4.9.1.jar;C:\Users\zubai\.m2\repository\org\seleniumhq\selenium\selenium-api\4.9.1\selenium-api-4.9.1.jar;C:\Users\zubai\.m2\repository\org\seleniumhq\selenium\selenium-chrome-driver\4.9.1\selenium-chrome-driver-4.9.1.jar;C:\Users\zubai\.m2\repository\com\google\auto\service\auto-service-annotations\1.0.1\auto-service-annotations-1.0.1.jar;C:\Users\zubai\.m2\repository\com\google\auto\service\auto-service\1.0.1\auto-service-1.0.1.jar;C:\Users\zubai\.m2\repository\com\google\auto\auto-common\1.2\auto-common-1.2.jar;C:\Users\zubai\.m2\repository\org\seleniumhq\selenium\selenium-chromium-driver\4.9.1\selenium-chromium-driver-4.9.1.jar;C:\Users\zubai\.m2\repository\org\seleniumhq\selenium\selenium-json\4.9.1\selenium-json-4.9.1.jar;C:\Users\zubai\.m2\repository\org\seleniumhq\selenium\selenium-manager\4.9.1\selenium-manager-4.9.1.jar;C:\Users\zubai\.m2\repository\org\seleniumhq\selenium\selenium-devtools-v111\4.9.1\selenium-devtools-v111-4.9.1.jar;C:\Users\zubai\.m2\repository\org\seleniumhq\selenium\selenium-devtools-v112\4.9.1\selenium-devtools-v112-4.9.1.jar;C:\Users\zubai\.m2\repository\org\seleniumhq\selenium\selenium-devtools-v113\4.9.1\selenium-devtools-v113-4.9.1.jar;C:\Users\zubai\.m2\repository\org\seleniumhq\selenium\selenium-devtools-v85\4.9.1\selenium-devtools-v85-4.9.1.jar;C:\Users\zubai\.m2\repository\org\seleniumhq\selenium\selenium-edge-driver\4.9.1\selenium-edge-driver-4.9.1.jar;C:\Users\zubai\.m2\repository\org\seleniumhq\selenium\selenium-firefox-driver\4.9.1\selenium-firefox-driver-4.9.1.jar;C:\Users\zubai\.m2\repository\org\seleniumhq\selenium\selenium-http\4.9.1\selenium-http-4.9.1.jar;C:\Users\zubai\.m2\repository\dev\failsafe\failsafe\3.3.1\failsafe-3.3.1.jar;C:\Users\zubai\.m2\repository\org\seleniumhq\selenium\selenium-ie-driver\4.9.1\selenium-ie-driver-4.9.1.jar;C:\Users\zubai\.m2\repository\org\seleniumhq\selenium\selenium-remote-driver\4.9.1\selenium-remote-driver-4.9.1.jar;C:\Users\zubai\.m2\repository\io\netty\netty-buffer\4.1.91.Final\netty-buffer-4.1.91.Final.jar;C:\Users\zubai\.m2\repository\io\netty\netty-codec-http\4.1.91.Final\netty-codec-http-4.1.91.Final.jar;C:\Users\zubai\.m2\repository\io\netty\netty-codec\4.1.91.Final\netty-codec-4.1.91.Final.jar;C:\Users\zubai\.m2\repository\io\netty\netty-handler\4.1.91.Final\netty-handler-4.1.91.Final.jar;C:\Users\zubai\.m2\repository\io\netty\netty-common\4.1.91.Final\netty-common-4.1.91.Final.jar;C:\Users\zubai\.m2\repository\io\netty\netty-transport-classes-epoll\4.1.91.Final\netty-transport-classes-epoll-4.1.91.Final.jar;C:\Users\zubai\.m2\repository\io\netty\netty-transport-classes-kqueue\4.1.91.Final\netty-transport-classes-kqueue-4.1.91.Final.jar;C:\Users\zubai\.m2\repository\io\netty\netty-transport-native-epoll\4.1.91.Final\netty-transport-native-epoll-4.1.91.Final.jar;C:\Users\zubai\.m2\repository\io\netty\netty-transport-native-kqueue\4.1.91.Final\netty-transport-native-kqueue-4.1.91.Final.jar;C:\Users\zubai\.m2\repository\io\netty\netty-transport-native-unix-common\4.1.91.Final\netty-transport-native-unix-common-4.1.91.Final.jar;C:\Users\zubai\.m2\repository\io\netty\netty-transport\4.1.91.Final\netty-transport-4.1.91.Final.jar;C:\Users\zubai\.m2\repository\io\netty\netty-resolver\4.1.91.Final\netty-resolver-4.1.91.Final.jar;C:\Users\zubai\.m2\repository\io\opentelemetry\opentelemetry-api\1.25.0\opentelemetry-api-1.25.0.jar;C:\Users\zubai\.m2\repository\io\opentelemetry\opentelemetry-context\1.25.0\opentelemetry-context-1.25.0.jar;C:\Users\zubai\.m2\repository\io\opentelemetry\opentelemetry-exporter-logging\1.25.0\opentelemetry-exporter-logging-1.25.0.jar;C:\Users\zubai\.m2\repository\io\opentelemetry\opentelemetry-sdk-metrics\1.25.0\opentelemetry-sdk-metrics-1.25.0.jar;C:\Users\zubai\.m2\repository\io\opentelemetry\opentelemetry-sdk-logs\1.25.0-alpha\opentelemetry-sdk-logs-1.25.0-alpha.jar;C:\Users\zubai\.m2\repository\io\opentelemetry\opentelemetry-api-logs\1.25.0-alpha\opentelemetry-api-logs-1.25.0-alpha.jar;C:\Users\zubai\.m2\repository\io\opentelemetry\opentelemetry-api-events\1.25.0-alpha\opentelemetry-api-events-1.25.0-alpha.jar;C:\Users\zubai\.m2\repository\io\opentelemetry\opentelemetry-sdk-common\1.25.0\opentelemetry-sdk-common-1.25.0.jar;C:\Users\zubai\.m2\repository\io\opentelemetry\opentelemetry-sdk-extension-autoconfigure-spi\1.25.0\opentelemetry-sdk-extension-autoconfigure-spi-1.25.0.jar;C:\Users\zubai\.m2\repository\io\opentelemetry\opentelemetry-sdk-extension-autoconfigure\1.25.0-alpha\opentelemetry-sdk-extension-autoconfigure-1.25.0-alpha.jar;C:\Users\zubai\.m2\repository\io\opentelemetry\opentelemetry-sdk-trace\1.25.0\opentelemetry-sdk-trace-1.25.0.jar;C:\Users\zubai\.m2\repository\io\opentelemetry\opentelemetry-sdk\1.25.0\opentelemetry-sdk-1.25.0.jar;C:\Users\zubai\.m2\repository\io\opentelemetry\opentelemetry-semconv\1.25.0-alpha\opentelemetry-semconv-1.25.0-alpha.jar;C:\Users\zubai\.m2\repository\io\ous\jtoml\2.0.0\jtoml-2.0.0.jar;C:\Users\zubai\.m2\repository\net\bytebuddy\byte-buddy\1.14.4\byte-buddy-1.14.4.jar;C:\Users\zubai\.m2\repository\org\apache\commons\commons-exec\1.3\commons-exec-1.3.jar;C:\Users\zubai\.m2\repository\org\asynchttpclient\async-http-client\2.12.3\async-http-client-2.12.3.jar;C:\Users\zubai\.m2\repository\org\asynchttpclient\async-http-client-netty-utils\2.12.3\async-http-client-netty-utils-2.12.3.jar;C:\Users\zubai\.m2\repository\io\netty\netty-codec-socks\4.1.60.Final\netty-codec-socks-4.1.60.Final.jar;C:\Users\zubai\.m2\repository\io\netty\netty-handler-proxy\4.1.60.Final\netty-handler-proxy-4.1.60.Final.jar;C:\Users\zubai\.m2\repository\io\netty\netty-transport-native-epoll\4.1.60.Final\netty-transport-native-epoll-4.1.60.Final-linux-x86_64.jar;C:\Users\zubai\.m2\repository\io\netty\netty-transport-native-kqueue\4.1.60.Final\netty-transport-native-kqueue-4.1.60.Final-osx-x86_64.jar;C:\Users\zubai\.m2\repository\com\typesafe\netty\netty-reactive-streams\2.0.4\netty-reactive-streams-2.0.4.jar;C:\Users\zubai\.m2\repository\com\sun\activation\jakarta.activation\1.2.2\jakarta.activation-1.2.2.jar;C:\Users\zubai\.m2\repository\org\seleniumhq\selenium\selenium-safari-driver\4.9.1\selenium-safari-driver-4.9.1.jar;C:\Users\zubai\.m2\repository\org\seleniumhq\selenium\selenium-support\4.9.1\selenium-support-4.9.1.jar;C:\Users\zubai\.m2\repository\org\slf4j\slf4j-simple\2.0.3\slf4j-simple-2.0.3.jar;C:\Users\zubai\.m2\repository\org\slf4j\slf4j-api\2.0.3\slf4j-api-2.0.3.jar;C:\Users\zubai\.m2\repository\org\apache\logging\log4j\log4j-api\2.18.0\log4j-api-2.18.0.jar;C:\Users\zubai\.m2\repository\org\apache\logging\log4j\log4j-core\2.18.0\log4j-core-2.18.0.jar;C:\Users\zubai\.m2\repository\org\apache\logging\log4j\log4j-slf4j-impl\2.18.0\log4j-slf4j-impl-2.18.0.jar;C:\Users\zubai\.m2\repository\org\jboss\aerogear\aerogear-otp-java\1.0.0\aerogear-otp-java-1.0.0.jar;C:\Users\zubai\.m2\repository\com\github\stephenc\monte\monte-screen-recorder\0.7.7.0\monte-screen-recorder-0.7.7.0.jar;C:\Users\zubai\.m2\repository\io\qameta\allure\allure-testng\2.19.0\allure-testng-2.19.0.jar;C:\Users\zubai\.m2\repository\io\qameta\allure\allure-java-commons\2.19.0\allure-java-commons-2.19.0.jar;C:\Users\zubai\.m2\repository\io\qameta\allure\allure-model\2.19.0\allure-model-2.19.0.jar;C:\Users\zubai\.m2\repository\io\qameta\allure\allure-test-filter\2.19.0\allure-test-filter-2.19.0.jar;C:\Users\zubai\.m2\repository\io\qameta\allure\allure-attachments\2.19.0\allure-attachments-2.19.0.jar;C:\Users\zubai\.m2\repository\org\freemarker\freemarker\2.3.31\freemarker-2.3.31.jar;C:\Users\zubai\.m2\repository\com\github\automatedowl\allure-environment-writer\1.0.0\allure-environment-writer-1.0.0.jar;C:\Users\zubai\.m2\repository\com\aventstack\extentreports\5.0.9\extentreports-5.0.9.jar;C:\Users\zubai\.m2\repository\io\reactivex\rxjava3\rxjava\3.0.4\rxjava-3.0.4.jar;C:\Users\zubai\.m2\repository\org\reactivestreams\reactive-streams\1.0.3\reactive-streams-1.0.3.jar;C:\Users\zubai\.m2\repository\org\apache\poi\poi\5.2.2\poi-5.2.2.jar;C:\Users\zubai\.m2\repository\commons-codec\commons-codec\1.15\commons-codec-1.15.jar;C:\Users\zubai\.m2\repository\org\apache\commons\commons-collections4\4.4\commons-collections4-4.4.jar;C:\Users\zubai\.m2\repository\org\apache\commons\commons-math3\3.6.1\commons-math3-3.6.1.jar;C:\Users\zubai\.m2\repository\commons-io\commons-io\2.11.0\commons-io-2.11.0.jar;C:\Users\zubai\.m2\repository\com\zaxxer\SparseBitSet\1.2\SparseBitSet-1.2.jar;C:\Users\zubai\.m2\repository\org\apache\poi\poi-ooxml\5.2.2\poi-ooxml-5.2.2.jar;C:\Users\zubai\.m2\repository\org\apache\poi\poi-ooxml-lite\5.2.2\poi-ooxml-lite-5.2.2.jar;C:\Users\zubai\.m2\repository\org\apache\xmlbeans\xmlbeans\5.0.3\xmlbeans-5.0.3.jar;C:\Users\zubai\.m2\repository\org\apache\commons\commons-compress\1.21\commons-compress-1.21.jar;C:\Users\zubai\.m2\repository\com\github\virtuald\curvesapi\1.07\curvesapi-1.07.jar;C:\Users\zubai\.m2\repository\com\google\zxing\javase\3.5.0\javase-3.5.0.jar;C:\Users\zubai\.m2\repository\com\github\jai-imageio\jai-imageio-core\1.4.0\jai-imageio-core-1.4.0.jar;C:\Users\zubai\.m2\repository\com\google\zxing\core\3.5.0\core-3.5.0.jar;C:\Users\zubai\.m2\repository\com\github\javafaker\javafaker\1.0.2\javafaker-1.0.2.jar;C:\Users\zubai\.m2\repository\org\yaml\snakeyaml\1.23\snakeyaml-1.23-android.jar;C:\Users\zubai\.m2\repository\com\github\mifmif\generex\1.0.2\generex-1.0.2.jar;C:\Users\zubai\.m2\repository\dk\brics\automaton\automaton\1.11-8\automaton-1.11-8.jar;C:\Users\zubai\.m2\repository\org\projectlombok\lombok\1.18.22\lombok-1.18.22.jar
Launcher Type: SUN_STANDARD

[Global flags]
     intx CICompilerCount                          = 3                                         {product} {ergonomic}
     uint ConcGCThreads                            = 1                                         {product} {ergonomic}
     uint G1ConcRefinementThreads                  = 4                                         {product} {ergonomic}
   size_t G1HeapRegionSize                         = 2097152                                   {product} {ergonomic}
    uintx GCDrainStackTargetSize                   = 64                                        {product} {ergonomic}
   size_t InitialHeapSize                          = 268435456                                 {product} {ergonomic}
   size_t MarkStackSize                            = 4194304                                   {product} {ergonomic}
   size_t MaxHeapSize                              = 4265607168                                {product} {ergonomic}
   size_t MaxNewSize                               = 2558525440                                {product} {ergonomic}
   size_t MinHeapDeltaBytes                        = 2097152                                   {product} {ergonomic}
   size_t MinHeapSize                              = 8388608                                   {product} {ergonomic}
    uintx NonNMethodCodeHeapSize                   = 5832780                                {pd product} {ergonomic}
    uintx NonProfiledCodeHeapSize                  = 122912730                              {pd product} {ergonomic}
    uintx ProfiledCodeHeapSize                     = 122912730                              {pd product} {ergonomic}
    uintx ReservedCodeCacheSize                    = 251658240                              {pd product} {ergonomic}
     bool SegmentedCodeCache                       = true                                      {product} {ergonomic}
   size_t SoftMaxHeapSize                          = 4265607168                             {manageable} {ergonomic}
     bool UseCompressedClassPointers               = true                           {product lp64_product} {ergonomic}
     bool UseCompressedOops                        = true                           {product lp64_product} {ergonomic}
     bool UseG1GC                                  = true                                      {product} {ergonomic}
     bool UseLargePagesIndividualAllocation        = false                                  {pd product} {ergonomic}

Logging:
Log output configuration:
 #0: stdout all=warning uptime,level,tags foldmultilines=false
 #1: stderr all=off uptime,level,tags foldmultilines=false

Environment Variables:
PATH=C:\Program Files\Common Files\Oracle\Java\javapath;C:\WINDOWS\system32;C:\WINDOWS;C:\WINDOWS\System32\Wbem;C:\WINDOWS\System32\WindowsPowerShell\v1.0\;C:\WINDOWS\System32\OpenSSH\;C:\Program Files\Git\cmd;C:\Program Files\nodejs\;C:\Users\zubai\AppData\Local\Programs\Python\Python310\Scripts\;C:\Users\zubai\AppData\Local\Programs\Python\Python310\;C:\Users\zubai\AppData\Local\Microsoft\WindowsApps;;C:\Program Files\JetBrains\IntelliJ IDEA Community Edition 2023.1.2\bin;;C:\Users\zubai\AppData\Roaming\npm;C:\Users\zubai\AppData\Local\Programs\Microsoft VS Code\bin
USERNAME=zubai
OS=Windows_NT
PROCESSOR_IDENTIFIER=Intel64 Family 6 Model 78 Stepping 3, GenuineIntel
TMP=C:\Users\zubai\AppData\Local\Temp
TEMP=C:\Users\zubai\AppData\Local\Temp




---------------  S Y S T E M  ---------------

OS:
 Windows 11 , 64 bit Build 22621 (10.0.22621.1778)
OS uptime: 13 days 18:22 hours

CPU: total 4 (initial active 4) (2 cores per cpu, 2 threads per core) family 6 model 78 stepping 3 microcode 0xd6, cx8, cmov, fxsr, ht, mmx, 3dnowpref, sse, sse2, sse3, ssse3, sse4.1, sse4.2, popcnt, lzcnt, tsc, tscinvbit, avx, avx2, aes, erms, clmul, bmi1, bmi2, rtm, adx, fma, vzeroupper, clflush, clflushopt, rdtscp, f16c

Memory: 4k page, system-wide physical 16264M (1103M free)
TotalPageFile size 29128M (AvailPageFile size 122M)
current process WorkingSet (physical memory assigned to process): 482M, peak: 507M
current process commit charge ("private bytes"): 687M, peak: 857M

vm_info: Java HotSpot(TM) 64-Bit Server VM (20.0.1+9-29) for windows-amd64 JRE (20.0.1+9-29), built on 2023-03-07T13:56:11Z by "mach5one" with MS VC++ 17.1 (VS2022)

END.
