#
# There is insufficient memory for the Java Runtime Environment to continue.
# Native memory allocation (malloc) failed to allocate 2424064 bytes for Chunk::new
# Possible reasons:
#   The system is out of physical RAM or swap space
#   The process is running with CompressedOops enabled, and the Java Heap may be blocking the growth of the native heap
# Possible solutions:
#   Reduce memory load on the system
#   Increase physical memory or swap space
#   Check if swap backing store is full
#   Decrease Java heap size (-Xmx/-Xms)
#   Decrease number of Java threads
#   Decrease Java thread stack sizes (-Xss)
#   Set larger code cache with -XX:ReservedCodeCacheSize=
#   JVM is running with Zero Based Compressed Oops mode in which the Java heap is
#     placed in the first 32GB address space. The Java Heap base address is the
#     maximum limit for the native heap growth. Please use -XX:HeapBaseMinAddress
#     to set the Java Heap base and to place the Java Heap above 32GB virtual address.
# This output file may be truncated or incomplete.
#
#  Out of Memory Error (arena.cpp:184), pid=64696, tid=60832
#
# JRE version: Java(TM) SE Runtime Environment (20.0.1+9) (build 20.0.1+9-29)
# Java VM: Java HotSpot(TM) 64-Bit Server VM (20.0.1+9-29, mixed mode, sharing, tiered, compressed oops, compressed class ptrs, g1 gc, windows-amd64)
# No core dump will be written. Minidumps are not enabled by default on client versions of Windows
#

---------------  S U M M A R Y ------------

Command Line: -ea -Didea.test.cyclic.buffer.size=1048576 -javaagent:C:\Program Files\JetBrains\IntelliJ IDEA Community Edition 2023.1.2\lib\idea_rt.jar=55107:C:\Program Files\JetBrains\IntelliJ IDEA Community Edition 2023.1.2\bin -Dfile.encoding=UTF-8 -Dsun.stdout.encoding=UTF-8 -Dsun.stderr.encoding=UTF-8 com.intellij.rt.testng.RemoteTestNGStarter -usedefaultlisteners false -socket55106 @w@C:\Users\zubai\AppData\Local\Temp\idea_working_dirs_testng.tmp -temp C:\Users\zubai\AppData\Local\Temp\idea_testng.tmp

Host: Intel(R) Core(TM) i5-6300U CPU @ 2.40GHz, 4 cores, 15G,  Windows 11 , 64 bit Build 22621 (10.0.22621.1635)
Time: Mon Jun 12 14:24:43 2023 Pakistan Standard Time elapsed time: 9.236819 seconds (0d 0h 0m 9s)

---------------  T H R E A D  ---------------

Current thread (0x0000027106159640):  JavaThread "C2 CompilerThread0" daemon [_thread_in_native, id=60832, stack(0x0000009015700000,0x0000009015800000)]


Current CompileTask:
C2:   9236 2822   !   4       jdk.internal.loader.BuiltinClassLoader::loadClassOrNull (143 bytes)

Stack: [0x0000009015700000,0x0000009015800000]
Native frames: (J=compiled Java code, j=interpreted, Vv=VM code, C=native code)
V  [jvm.dll+0x6bb95a]
V  [jvm.dll+0x8485fa]
V  [jvm.dll+0x84a1f5]
V  [jvm.dll+0x84a8f3]
V  [jvm.dll+0x280b0f]
V  [jvm.dll+0xc2b11]
V  [jvm.dll+0xc2e35]
V  [jvm.dll+0x3bb17c]
V  [jvm.dll+0x1e6e39]
V  [jvm.dll+0x24b3ab]
V  [jvm.dll+0x24a651]
V  [jvm.dll+0x1ce491]
V  [jvm.dll+0x259e1b]
V  [jvm.dll+0x2584f0]
V  [jvm.dll+0x3f2895]
V  [jvm.dll+0x7f4b56]
V  [jvm.dll+0x6ba5cb]
C  [ucrtbase.dll+0x29363]
C  [KERNEL32.DLL+0x126ad]
C  [ntdll.dll+0x5a9f8]


---------------  P R O C E S S  ---------------

Threads class SMR info:
_java_thread_list=0x000002710cc4d6d0, length=25, elements={
0x00000271672bcd90, 0x0000027106151230, 0x0000027106151f10, 0x0000027106152bf0,
0x0000027106155740, 0x0000027106158090, 0x00000271061589d0, 0x0000027106159640,
0x000002710615d320, 0x000002710a5c6d60, 0x000002710a64f1d0, 0x000002710a655ed0,
0x000002710cbdf150, 0x000002710ca20910, 0x000002710b4295b0, 0x000002710b42a050,
0x000002710b42a5a0, 0x000002710b429060, 0x000002710b429b00, 0x000002710af2df40,
0x000002710af26fb0, 0x000002710af2d4a0, 0x000002710af2a4d0, 0x000002710af27a50,
0x000002710cd9cf70
}

Java Threads: ( => current thread )
  0x00000271672bcd90 JavaThread "main" [_thread_in_vm, id=64840, stack(0x0000009014a00000,0x0000009014b00000)]
  0x0000027106151230 JavaThread "Reference Handler" daemon [_thread_blocked, id=29796, stack(0x0000009015100000,0x0000009015200000)]
  0x0000027106151f10 JavaThread "Finalizer" daemon [_thread_blocked, id=65516, stack(0x0000009015200000,0x0000009015300000)]
  0x0000027106152bf0 JavaThread "Signal Dispatcher" daemon [_thread_blocked, id=41732, stack(0x0000009015300000,0x0000009015400000)]
  0x0000027106155740 JavaThread "Attach Listener" daemon [_thread_blocked, id=59216, stack(0x0000009015400000,0x0000009015500000)]
  0x0000027106158090 JavaThread "Service Thread" daemon [_thread_blocked, id=57068, stack(0x0000009015500000,0x0000009015600000)]
  0x00000271061589d0 JavaThread "Monitor Deflation Thread" daemon [_thread_blocked, id=8676, stack(0x0000009015600000,0x0000009015700000)]
=>0x0000027106159640 JavaThread "C2 CompilerThread0" daemon [_thread_in_native, id=60832, stack(0x0000009015700000,0x0000009015800000)]
  0x000002710615d320 JavaThread "C1 CompilerThread0" daemon [_thread_blocked, id=56124, stack(0x0000009015800000,0x0000009015900000)]
  0x000002710a5c6d60 JavaThread "Common-Cleaner" daemon [_thread_blocked, id=53380, stack(0x0000009015900000,0x0000009015a00000)]
  0x000002710a64f1d0 JavaThread "Monitor Ctrl-Break" daemon [_thread_in_native, id=55216, stack(0x0000009015a00000,0x0000009015b00000)]
  0x000002710a655ed0 JavaThread "Notification Thread" daemon [_thread_blocked, id=62644, stack(0x0000009015b00000,0x0000009015c00000)]
  0x000002710cbdf150 JavaThread "ForkJoinPool.commonPool-worker-1" daemon [_thread_blocked, id=34772, stack(0x0000009016000000,0x0000009016100000)]
  0x000002710ca20910 JavaThread "AsyncHttpClient-1-1" daemon [_thread_blocked, id=62796, stack(0x0000009016200000,0x0000009016300000)]
  0x000002710b4295b0 JavaThread "Exec Default Executor" daemon [_thread_in_native, id=61484, stack(0x0000009016400000,0x0000009016500000)]
  0x000002710b42a050 JavaThread "Exec Stream Pumper" daemon [_thread_in_native, id=63416, stack(0x0000009016500000,0x0000009016600000)]
  0x000002710b42a5a0 JavaThread "Exec Stream Pumper" daemon [_thread_in_native, id=15556, stack(0x0000009016600000,0x0000009016700000)]
  0x000002710b429060 JavaThread "Driver Service Executor" daemon [_thread_blocked, id=45168, stack(0x0000009016700000,0x0000009016800000)]
  0x000002710b429b00 JavaThread "Driver Service Executor" daemon [_thread_blocked, id=64444, stack(0x0000009016800000,0x0000009016900000)]
  0x000002710af2df40 JavaThread "UrlChecker-2" daemon [_thread_blocked, id=56920, stack(0x0000009016900000,0x0000009016a00000)]
  0x000002710af26fb0 JavaThread "Keep-Alive-Timer" daemon [_thread_blocked, id=31868, stack(0x0000009016300000,0x0000009016400000)]
  0x000002710af2d4a0 JavaThread "AsyncHttpClient-1-2" daemon [_thread_in_native, id=62856, stack(0x0000009016a00000,0x0000009016b00000)]
  0x000002710af2a4d0 JavaThread "AsyncHttpClient-1-3" daemon [_thread_in_native, id=52376, stack(0x0000009016b00000,0x0000009016c00000)]
  0x000002710af27a50 JavaThread "AsyncHttpClient-1-4" daemon [_thread_in_native, id=53124, stack(0x0000009016c00000,0x0000009016d00000)]
  0x000002710cd9cf70 JavaThread "C2 CompilerThread1" daemon [_thread_blocked, id=56628, stack(0x0000009016d00000,0x0000009016e00000)]

Other Threads:
  0x0000027106135480 VMThread "VM Thread" [stack: 0x0000009015000000,0x0000009015100000] [id=1324]
  0x000002710a646e30 WatcherThread "VM Periodic Task Thread" [stack: 0x0000009015c00000,0x0000009015d00000] [id=63544]
  0x000002716732db30 WorkerThread "GC Thread#0" [stack: 0x0000009014b00000,0x0000009014c00000] [id=43424]
  0x000002710a7fcd30 WorkerThread "GC Thread#1" [stack: 0x0000009015d00000,0x0000009015e00000] [id=62216]
  0x000002710ab346a0 WorkerThread "GC Thread#2" [stack: 0x0000009015e00000,0x0000009015f00000] [id=55244]
  0x000002710ac32b20 WorkerThread "GC Thread#3" [stack: 0x0000009015f00000,0x0000009016000000] [id=41420]
  0x000002716733e880 ConcurrentGCThread "G1 Main Marker" [stack: 0x0000009014c00000,0x0000009014d00000] [id=35676]
  0x000002716733f5b0 WorkerThread "G1 Conc#0" [stack: 0x0000009014d00000,0x0000009014e00000] [id=60180]
  0x0000027105fdf540 ConcurrentGCThread "G1 Refine#0" [stack: 0x0000009014e00000,0x0000009014f00000] [id=57188]
  0x0000027105fe00f0 ConcurrentGCThread "G1 Service" [stack: 0x0000009014f00000,0x0000009015000000] [id=38948]

Threads with active compile tasks:
C2 CompilerThread0     9286 2822   !   4       jdk.internal.loader.BuiltinClassLoader::loadClassOrNull (143 bytes)

VM state: not at safepoint (normal execution)

VM Mutex/Monitor currently owned by a thread:  ([mutex/lock_event])
[0x00000271672bcc30] SystemDictionary_lock - owner thread: 0x0000000000000000

Heap address: 0x0000000701c00000, size: 4068 MB, Compressed Oops mode: Zero based, Oop shift amount: 3

CDS archive(s) mapped at: [0x0000000800000000-0x0000000800c60000-0x0000000800c60000), size 12976128, SharedBaseAddress: 0x0000000800000000, ArchiveRelocationMode: 0.
Compressed class space mapped at: 0x0000000801000000-0x0000000841000000, reserved size: 1073741824
Narrow klass base: 0x0000000800000000, Narrow klass shift: 0, Narrow klass range: 0x100000000

GC Precious Log:
 CardTable entry size: 512
 Card Set container configuration: InlinePtr #cards 4 size 8 Array Of Cards #cards 16 size 48 Howl #buckets 8 coarsen threshold 3686 Howl Bitmap #cards 512 size 80 coarsen threshold 460 Card regions per heap region 1 cards per card region 4096
 CPUs: 4 total, 4 available
 Memory: 16264M
 Large Page Support: Disabled
 NUMA Support: Disabled
 Compressed Oops: Enabled (Zero based)
 Heap Region Size: 2M
 Heap Min Capacity: 8M
 Heap Initial Capacity: 256M
 Heap Max Capacity: 4068M
 Pre-touch: Disabled
 Parallel Workers: 4
 Concurrent Workers: 1
 Concurrent Refinement Workers: 4
 Periodic GC: Disabled

Heap:
 garbage-first heap   total 75776K, used 32350K [0x0000000701c00000, 0x0000000800000000)
  region size 2048K, 6 young (12288K), 2 survivors (4096K)
 Metaspace       used 31099K, committed 31488K, reserved 1114112K
  class space    used 3723K, committed 3904K, reserved 1048576K

Heap Regions: E=young(eden), S=young(survivor), O=old, HS=humongous(starts), HC=humongous(continues), CS=collection set, F=free, OA=open archive, CA=closed archive, TAMS=top-at-mark-start, PB=parsable bottom
|   0|0x0000000701c00000, 0x0000000701e00000, 0x0000000701e00000|100%| O|  |TAMS 0x0000000701c00000| PB 0x0000000701c00000| Untracked 
|   1|0x0000000701e00000, 0x0000000702000000, 0x0000000702000000|100%| O|  |TAMS 0x0000000701e00000| PB 0x0000000701e00000| Untracked 
|   2|0x0000000702000000, 0x0000000702200000, 0x0000000702200000|100%| O|  |TAMS 0x0000000702000000| PB 0x0000000702000000| Untracked 
|   3|0x0000000702200000, 0x000000070227aa00, 0x0000000702400000| 23%| O|  |TAMS 0x0000000702200000| PB 0x0000000702200000| Complete 
|   4|0x0000000702400000, 0x0000000702600000, 0x0000000702600000|100%|HS|  |TAMS 0x0000000702400000| PB 0x0000000702400000| Complete 
|   5|0x0000000702600000, 0x0000000702800000, 0x0000000702800000|100%|HC|  |TAMS 0x0000000702600000| PB 0x0000000702600000| Complete 
|   6|0x0000000702800000, 0x0000000702a00000, 0x0000000702a00000|100%|HC|  |TAMS 0x0000000702800000| PB 0x0000000702800000| Complete 
|   7|0x0000000702a00000, 0x0000000702c00000, 0x0000000702c00000|100%| O|  |TAMS 0x0000000702a00000| PB 0x0000000702a00000| Untracked 
|   8|0x0000000702c00000, 0x0000000702e00000, 0x0000000702e00000|100%| O|  |TAMS 0x0000000702c00000| PB 0x0000000702c00000| Untracked 
|   9|0x0000000702e00000, 0x0000000703000000, 0x0000000703000000|100%| O|  |TAMS 0x0000000702e00000| PB 0x0000000702e00000| Untracked 
|  10|0x0000000703000000, 0x0000000703200000, 0x0000000703200000|100%| O|  |TAMS 0x0000000703000000| PB 0x0000000703000000| Untracked 
|  11|0x0000000703200000, 0x0000000703400000, 0x0000000703400000|100%| O|  |TAMS 0x0000000703200000| PB 0x0000000703200000| Untracked 
|  12|0x0000000703400000, 0x0000000703493c00, 0x0000000703600000| 28%| O|  |TAMS 0x0000000703400000| PB 0x0000000703400000| Untracked 
|  13|0x0000000703600000, 0x0000000703689538, 0x0000000703800000| 26%| S|CS|TAMS 0x0000000703600000| PB 0x0000000703600000| Complete 
|  14|0x0000000703800000, 0x0000000703a00000, 0x0000000703a00000|100%| S|CS|TAMS 0x0000000703800000| PB 0x0000000703800000| Complete 
|  15|0x0000000703a00000, 0x0000000703a00000, 0x0000000703c00000|  0%| F|  |TAMS 0x0000000703a00000| PB 0x0000000703a00000| Untracked 
|  16|0x0000000703c00000, 0x0000000703c00000, 0x0000000703e00000|  0%| F|  |TAMS 0x0000000703c00000| PB 0x0000000703c00000| Untracked 
|  17|0x0000000703e00000, 0x0000000703e00000, 0x0000000704000000|  0%| F|  |TAMS 0x0000000703e00000| PB 0x0000000703e00000| Untracked 
|  18|0x0000000704000000, 0x0000000704000000, 0x0000000704200000|  0%| F|  |TAMS 0x0000000704000000| PB 0x0000000704000000| Untracked 
|  19|0x0000000704200000, 0x0000000704200000, 0x0000000704400000|  0%| F|  |TAMS 0x0000000704200000| PB 0x0000000704200000| Untracked 
|  20|0x0000000704400000, 0x0000000704400000, 0x0000000704600000|  0%| F|  |TAMS 0x0000000704400000| PB 0x0000000704400000| Untracked 
|  21|0x0000000704600000, 0x0000000704600000, 0x0000000704800000|  0%| F|  |TAMS 0x0000000704600000| PB 0x0000000704600000| Untracked 
|  22|0x0000000704800000, 0x0000000704800000, 0x0000000704a00000|  0%| F|  |TAMS 0x0000000704800000| PB 0x0000000704800000| Untracked 
|  23|0x0000000704a00000, 0x0000000704a00000, 0x0000000704c00000|  0%| F|  |TAMS 0x0000000704a00000| PB 0x0000000704a00000| Untracked 
|  24|0x0000000704c00000, 0x0000000704c00000, 0x0000000704e00000|  0%| F|  |TAMS 0x0000000704c00000| PB 0x0000000704c00000| Untracked 
|  25|0x0000000704e00000, 0x0000000704e00000, 0x0000000705000000|  0%| F|  |TAMS 0x0000000704e00000| PB 0x0000000704e00000| Untracked 
|  26|0x0000000705000000, 0x0000000705000000, 0x0000000705200000|  0%| F|  |TAMS 0x0000000705000000| PB 0x0000000705000000| Untracked 
|  27|0x0000000705200000, 0x0000000705200000, 0x0000000705400000|  0%| F|  |TAMS 0x0000000705200000| PB 0x0000000705200000| Untracked 
|  28|0x0000000705400000, 0x0000000705400000, 0x0000000705600000|  0%| F|  |TAMS 0x0000000705400000| PB 0x0000000705400000| Untracked 
|  29|0x0000000705600000, 0x0000000705600000, 0x0000000705800000|  0%| F|  |TAMS 0x0000000705600000| PB 0x0000000705600000| Untracked 
| 101|0x000000070e600000, 0x000000070e600000, 0x000000070e800000|  0%| F|  |TAMS 0x000000070e600000| PB 0x000000070e600000| Untracked 
| 102|0x000000070e800000, 0x000000070e800000, 0x000000070ea00000|  0%| F|  |TAMS 0x000000070e800000| PB 0x000000070e800000| Untracked 
| 103|0x000000070ea00000, 0x000000070ea00000, 0x000000070ec00000|  0%| F|  |TAMS 0x000000070ea00000| PB 0x000000070ea00000| Untracked 
| 104|0x000000070ec00000, 0x000000070ecb66f8, 0x000000070ee00000| 35%| E|  |TAMS 0x000000070ec00000| PB 0x000000070ec00000| Complete 
| 105|0x000000070ee00000, 0x000000070f000000, 0x000000070f000000|100%| E|CS|TAMS 0x000000070ee00000| PB 0x000000070ee00000| Complete 
| 106|0x000000070f000000, 0x000000070f200000, 0x000000070f200000|100%| E|CS|TAMS 0x000000070f000000| PB 0x000000070f000000| Complete 
| 127|0x0000000711a00000, 0x0000000711c00000, 0x0000000711c00000|100%| E|CS|TAMS 0x0000000711a00000| PB 0x0000000711a00000| Complete 

Card table byte_map: [0x000002717eb60000,0x000002717f360000] _byte_map_base: 0x000002717b352000

Marking Bits: (CMBitMap*) 0x000002716732e160
 Bits: [0x0000027100000000, 0x0000027103f90000)

Polling page: 0x0000027166a70000

Metaspace:

Usage:
  Non-class:     26.74 MB used.
      Class:      3.64 MB used.
       Both:     30.38 MB used.

Virtual space:
  Non-class space:       64.00 MB reserved,      26.94 MB ( 42%) committed,  1 nodes.
      Class space:        1.00 GB reserved,       3.81 MB ( <1%) committed,  1 nodes.
             Both:        1.06 GB reserved,      30.75 MB (  3%) committed. 

Chunk freelists:
   Non-Class:  848.00 KB
       Class:  0 bytes
        Both:  848.00 KB

MaxMetaspaceSize: unlimited
CompressedClassSpaceSize: 1.00 GB
Initial GC threshold: 21.00 MB
Current GC threshold: 35.12 MB
CDS: on
MetaspaceReclaimPolicy: balanced
 - commit_granule_bytes: 65536.
 - commit_granule_words: 8192.
 - virtual_space_node_default_size: 8388608.
 - enlarge_chunks_in_place: 1.
 - new_chunks_are_fully_committed: 0.
 - uncommit_free_chunks: 1.
 - use_allocation_guard: 0.


Internal statistics:

num_allocs_failed_limit: 3.
num_arena_births: 408.
num_arena_deaths: 2.
num_vsnodes_births: 2.
num_vsnodes_deaths: 0.
num_space_committed: 492.
num_space_uncommitted: 0.
num_chunks_returned_to_freelist: 6.
num_chunks_taken_from_freelist: 1254.
num_chunk_merges: 0.
num_chunk_splits: 867.
num_chunks_enlarged: 657.
num_inconsistent_stats: 0.

CodeHeap 'non-profiled nmethods': size=120000Kb used=1395Kb max_used=1395Kb free=118604Kb
 bounds [0x0000027176e30000, 0x00000271770a0000, 0x000002717e360000]
CodeHeap 'profiled nmethods': size=120000Kb used=5865Kb max_used=5865Kb free=114134Kb
 bounds [0x000002716f360000, 0x000002716f920000, 0x0000027176890000]
CodeHeap 'non-nmethods': size=5760Kb used=1662Kb max_used=1692Kb free=4097Kb
 bounds [0x0000027176890000, 0x0000027176b00000, 0x0000027176e30000]
 total_blobs=3659 nmethods=3011 adapters=558
 compilation: enabled
              stopped_count=0, restarted_count=0
 full_count=0

Compilation events (20 events):
Event: 9.153 Thread 0x000002710615d320 2995       3       java.lang.Package$VersionInfo::getInstance (53 bytes)
Event: 9.153 Thread 0x000002710615d320 nmethod 2995 0x000002716f919090 code [0x000002716f919240, 0x000002716f919610]
Event: 9.166 Thread 0x000002710615d320 3004       3       java.io.DataInputStream::readBoolean (13 bytes)
Event: 9.166 Thread 0x000002710615d320 nmethod 3004 0x000002716f919710 code [0x000002716f9198c0, 0x000002716f919c40]
Event: 9.166 Thread 0x000002710615d320 3005       1       org.apache.logging.log4j.core.config.plugins.processor.PluginEntry::setKey (6 bytes)
Event: 9.166 Thread 0x000002710615d320 nmethod 3005 0x0000027176f85390 code [0x0000027176f85520, 0x0000027176f85640]
Event: 9.167 Thread 0x000002710615d320 3006       1       org.apache.logging.log4j.core.config.plugins.processor.PluginEntry::setClassName (6 bytes)
Event: 9.167 Thread 0x000002710615d320 nmethod 3006 0x0000027176f85690 code [0x0000027176f85820, 0x0000027176f85940]
Event: 9.167 Thread 0x000002710615d320 3007       1       org.apache.logging.log4j.core.config.plugins.processor.PluginEntry::setName (6 bytes)
Event: 9.167 Thread 0x000002710615d320 nmethod 3007 0x0000027176f85990 code [0x0000027176f85b20, 0x0000027176f85c40]
Event: 9.167 Thread 0x000002710615d320 3008       1       org.apache.logging.log4j.core.config.plugins.processor.PluginEntry::setPrintable (6 bytes)
Event: 9.167 Thread 0x000002710615d320 nmethod 3008 0x0000027176f85c90 code [0x0000027176f85e00, 0x0000027176f85ed0]
Event: 9.167 Thread 0x000002710615d320 3009       1       org.apache.logging.log4j.core.config.plugins.processor.PluginEntry::setDefer (6 bytes)
Event: 9.167 Thread 0x000002710615d320 nmethod 3009 0x0000027176f85f90 code [0x0000027176f86100, 0x0000027176f861d0]
Event: 9.167 Thread 0x000002710615d320 3010       1       org.apache.logging.log4j.core.config.plugins.processor.PluginEntry::setCategory (6 bytes)
Event: 9.167 Thread 0x000002710615d320 nmethod 3010 0x0000027176f86290 code [0x0000027176f86420, 0x0000027176f86540]
Event: 9.179 Thread 0x000002710cd9cf70 nmethod 2993 0x0000027176f86590 code [0x0000027176f86760, 0x0000027176f873b0]
Event: 9.179 Thread 0x000002710cd9cf70 3003       4       java.io.DataInputStream::readUTF (501 bytes)
Event: 9.190 Thread 0x000002710615d320 3011       2       java.util.WeakHashMap::remove (131 bytes)
Event: 9.191 Thread 0x000002710615d320 nmethod 3011 0x000002716f919d90 code [0x000002716f919f80, 0x000002716f91a488]

GC Heap History (10 events):
Event: 0.773 GC heap before
{Heap before GC invocations=0 (full 0):
 garbage-first heap   total 262144K, used 10240K [0x0000000701c00000, 0x0000000800000000)
  region size 2048K, 6 young (12288K), 0 survivors (0K)
 Metaspace       used 1490K, committed 1600K, reserved 1114112K
  class space    used 126K, committed 192K, reserved 1048576K
}
Event: 0.785 GC heap after
{Heap after GC invocations=1 (full 0):
 garbage-first heap   total 262144K, used 6537K [0x0000000701c00000, 0x0000000800000000)
  region size 2048K, 1 young (2048K), 1 survivors (2048K)
 Metaspace       used 1490K, committed 1600K, reserved 1114112K
  class space    used 126K, committed 192K, reserved 1048576K
}
Event: 1.454 GC heap before
{Heap before GC invocations=1 (full 0):
 garbage-first heap   total 262144K, used 14729K [0x0000000701c00000, 0x0000000800000000)
  region size 2048K, 6 young (12288K), 1 survivors (2048K)
 Metaspace       used 5896K, committed 6144K, reserved 1114112K
  class space    used 580K, committed 704K, reserved 1048576K
}
Event: 1.459 GC heap after
{Heap after GC invocations=2 (full 0):
 garbage-first heap   total 262144K, used 8474K [0x0000000701c00000, 0x0000000800000000)
  region size 2048K, 1 young (2048K), 1 survivors (2048K)
 Metaspace       used 5896K, committed 6144K, reserved 1114112K
  class space    used 580K, committed 704K, reserved 1048576K
}
Event: 2.500 GC heap before
{Heap before GC invocations=2 (full 0):
 garbage-first heap   total 262144K, used 33050K [0x0000000701c00000, 0x0000000800000000)
  region size 2048K, 13 young (26624K), 1 survivors (2048K)
 Metaspace       used 11595K, committed 11968K, reserved 1114112K
  class space    used 1266K, committed 1408K, reserved 1048576K
}
Event: 2.505 GC heap after
{Heap after GC invocations=3 (full 0):
 garbage-first heap   total 262144K, used 10467K [0x0000000701c00000, 0x0000000800000000)
  region size 2048K, 2 young (4096K), 2 survivors (4096K)
 Metaspace       used 11595K, committed 11968K, reserved 1114112K
  class space    used 1266K, committed 1408K, reserved 1048576K
}
Event: 5.567 GC heap before
{Heap before GC invocations=3 (full 0):
 garbage-first heap   total 262144K, used 45283K [0x0000000701c00000, 0x0000000800000000)
  region size 2048K, 21 young (43008K), 2 survivors (4096K)
 Metaspace       used 21180K, committed 21504K, reserved 1114112K
  class space    used 2391K, committed 2496K, reserved 1048576K
}
Event: 5.581 GC heap after
{Heap after GC invocations=4 (full 0):
 garbage-first heap   total 262144K, used 17724K [0x0000000701c00000, 0x0000000800000000)
  region size 2048K, 6 young (12288K), 6 survivors (12288K)
 Metaspace       used 21180K, committed 21504K, reserved 1114112K
  class space    used 2391K, committed 2496K, reserved 1048576K
}
Event: 9.015 GC heap before
{Heap before GC invocations=5 (full 0):
 garbage-first heap   total 75776K, used 56636K [0x0000000701c00000, 0x0000000800000000)
  region size 2048K, 22 young (45056K), 6 survivors (12288K)
 Metaspace       used 30019K, committed 30464K, reserved 1114112K
  class space    used 3562K, committed 3776K, reserved 1048576K
}
Event: 9.046 GC heap after
{Heap after GC invocations=6 (full 0):
 garbage-first heap   total 75776K, used 26206K [0x0000000701c00000, 0x0000000800000000)
  region size 2048K, 2 young (4096K), 2 survivors (4096K)
 Metaspace       used 30019K, committed 30464K, reserved 1114112K
  class space    used 3562K, committed 3776K, reserved 1048576K
}

Dll operation events (14 events):
Event: 0.033 Loaded shared library C:\Program Files\Java\jdk-20\bin\java.dll
Event: 0.066 Loaded shared library C:\Program Files\Java\jdk-20\bin\jsvml.dll
Event: 0.370 Loaded shared library C:\Program Files\Java\jdk-20\bin\zip.dll
Event: 0.380 Loaded shared library C:\Program Files\Java\jdk-20\bin\instrument.dll
Event: 0.388 Loaded shared library C:\Program Files\Java\jdk-20\bin\net.dll
Event: 0.392 Loaded shared library C:\Program Files\Java\jdk-20\bin\nio.dll
Event: 0.399 Loaded shared library C:\Program Files\Java\jdk-20\bin\zip.dll
Event: 0.415 Loaded shared library C:\Program Files\JetBrains\IntelliJ IDEA Community Edition 2023.1.2\bin\breakgen64.dll
Event: 0.429 Loaded shared library C:\Program Files\Java\jdk-20\bin\extnet.dll
Event: 0.670 Loaded shared library C:\Program Files\Java\jdk-20\bin\jimage.dll
Event: 2.841 Loaded shared library C:\Program Files\Java\jdk-20\bin\verify.dll
Event: 3.361 Loaded shared library C:\Program Files\Java\jdk-20\bin\sunmscapi.dll
Event: 5.555 Loaded shared library C:\Program Files\Java\jdk-20\bin\management.dll
Event: 5.561 Loaded shared library C:\Program Files\Java\jdk-20\bin\management_ext.dll

Deoptimization events (20 events):
Event: 6.761 Thread 0x000002710af2d4a0 Uncommon trap: trap_request=0xffffff45 fr.pc=0x0000027176e7ca40 relative=0x00000000000001a0
Event: 6.761 Thread 0x000002710af2d4a0 Uncommon trap: reason=unstable_if action=reinterpret pc=0x0000027176e7ca40 method=java.lang.invoke.VarHandle.checkAccessModeThenIsDirect(Ljava/lang/invoke/VarHandle$AccessDescriptor;)Z @ 4 c2
Event: 6.761 Thread 0x000002710af2d4a0 DEOPT PACKING pc=0x0000027176e7ca40 sp=0x0000009016afec00
Event: 6.761 Thread 0x000002710af2d4a0 DEOPT UNPACKING pc=0x00000271768f9d22 sp=0x0000009016afeb38 mode 2
Event: 6.779 Thread 0x000002710af2d4a0 Uncommon trap: trap_request=0xffffff45 fr.pc=0x0000027176ecda64 relative=0x0000000000000064
Event: 6.779 Thread 0x000002710af2d4a0 Uncommon trap: reason=unstable_if action=reinterpret pc=0x0000027176ecda64 method=java.lang.CharacterData.of(I)Ljava/lang/CharacterData; @ 15 c2
Event: 6.779 Thread 0x000002710af2d4a0 DEOPT PACKING pc=0x0000027176ecda64 sp=0x0000009016afdc10
Event: 6.779 Thread 0x000002710af2d4a0 DEOPT UNPACKING pc=0x00000271768f9d22 sp=0x0000009016afdb98 mode 2
Event: 8.538 Thread 0x00000271672bcd90 Uncommon trap: trap_request=0xffffff45 fr.pc=0x0000027176ef50c4 relative=0x00000000000010a4
Event: 8.538 Thread 0x00000271672bcd90 Uncommon trap: reason=unstable_if action=reinterpret pc=0x0000027176ef50c4 method=java.util.concurrent.ConcurrentHashMap.putVal(Ljava/lang/Object;Ljava/lang/Object;Z)Ljava/lang/Object; @ 231 c2
Event: 8.538 Thread 0x00000271672bcd90 DEOPT PACKING pc=0x0000027176ef50c4 sp=0x0000009014afe010
Event: 8.538 Thread 0x00000271672bcd90 DEOPT UNPACKING pc=0x00000271768f9d22 sp=0x0000009014afdf80 mode 2
Event: 8.960 Thread 0x00000271672bcd90 Uncommon trap: trap_request=0xffffff54 fr.pc=0x0000027176e9a31c relative=0x000000000000093c
Event: 8.960 Thread 0x00000271672bcd90 Uncommon trap: reason=speculate_null_assert action=make_not_entrant pc=0x0000027176e9a31c method=java.util.jar.JarFile.getVersionedEntry(Ljava/lang/String;Ljava/util/jar/JarEntry;)Ljava/util/jar/JarEntry; @ 115 c2
Event: 8.960 Thread 0x00000271672bcd90 DEOPT PACKING pc=0x0000027176e9a31c sp=0x0000009014af9730
Event: 8.960 Thread 0x00000271672bcd90 DEOPT UNPACKING pc=0x00000271768f9d22 sp=0x0000009014af96f8 mode 2
Event: 8.960 Thread 0x00000271672bcd90 Uncommon trap: trap_request=0xffffff45 fr.pc=0x0000027176e89314 relative=0x00000000000009d4
Event: 8.960 Thread 0x00000271672bcd90 Uncommon trap: reason=unstable_if action=reinterpret pc=0x0000027176e89314 method=java.util.jar.JarFile.getEntry(Ljava/lang/String;)Ljava/util/zip/ZipEntry; @ 15 c2
Event: 8.960 Thread 0x00000271672bcd90 DEOPT PACKING pc=0x0000027176e89314 sp=0x0000009014af97c0
Event: 8.960 Thread 0x00000271672bcd90 DEOPT UNPACKING pc=0x00000271768f9d22 sp=0x0000009014af96f0 mode 2

Classes loaded (20 events):
Event: 8.693 Loading class java/util/stream/ReduceOps$6
Event: 8.693 Loading class java/util/stream/ReduceOps$6 done
Event: 8.693 Loading class java/util/stream/ReduceOps$5ReducingSink
Event: 8.693 Loading class java/util/stream/ReduceOps$5ReducingSink done
Event: 8.693 Loading class java/util/stream/ReferencePipeline$4$1
Event: 8.694 Loading class java/util/stream/ReferencePipeline$4$1 done
Event: 8.694 Loading class java/util/stream/SortedOps$SizedRefSortingSink
Event: 8.694 Loading class java/util/stream/SortedOps$SizedRefSortingSink done
Event: 8.943 Loading class java/util/concurrent/ConcurrentLinkedDeque$Itr
Event: 8.943 Loading class java/util/concurrent/ConcurrentLinkedDeque$AbstractItr
Event: 8.944 Loading class java/util/concurrent/ConcurrentLinkedDeque$AbstractItr done
Event: 8.944 Loading class java/util/concurrent/ConcurrentLinkedDeque$Itr done
Event: 8.981 Loading class java/util/ServiceLoader$ProviderSpliterator
Event: 8.981 Loading class java/util/ServiceLoader$ProviderSpliterator done
Event: 9.006 Loading class java/util/regex/Pattern$Pos
Event: 9.008 Loading class java/util/regex/Pattern$Pos done
Event: 9.014 Loading class java/util/regex/Pattern$1
Event: 9.014 Loading class java/util/regex/Pattern$1 done
Event: 9.126 Loading class java/util/concurrent/Executors$DefaultThreadFactory
Event: 9.126 Loading class java/util/concurrent/Executors$DefaultThreadFactory done

Classes unloaded (1 events):
Event: 5.599 Thread 0x0000027106135480 Unloading class 0x0000000801004400 'java/lang/invoke/LambdaForm$DMH+0x0000000801004400'

Classes redefined (0 events):
No events

Internal exceptions (20 events):
Event: 5.295 Thread 0x00000271672bcd90 Exception <a 'java/lang/NoSuchMethodError'{0x000000070f9f2f38}: 'void java.lang.invoke.DirectMethodHandle$Holder.invokeStaticInit(java.lang.Object, java.lang.Object)'> (0x000000070f9f2f38) 
thrown [s\open\src\hotspot\share\interpreter\linkResolver.cpp, line 773]
Event: 5.986 Thread 0x00000271672bcd90 Exception <a 'java/lang/NoSuchMethodError'{0x0000000704e85048}: 'java.lang.Object java.lang.invoke.DirectMethodHandle$Holder.invokeSpecialIFC(java.lang.Object, java.lang.Object, java.lang.Object, java.lang.Object)'> (0x0000000704e85048) 
thrown [s\open\src\hotspot\share\interpreter\linkResolver.cpp, line 773]
Event: 6.016 Thread 0x00000271672bcd90 Exception <a 'java/lang/NoSuchMethodError'{0x0000000704f53658}: 'java.lang.Object java.lang.invoke.DirectMethodHandle$Holder.invokeInterface(java.lang.Object, java.lang.Object, java.lang.Object, java.lang.Object)'> (0x0000000704f53658) 
thrown [s\open\src\hotspot\share\interpreter\linkResolver.cpp, line 773]
Event: 6.022 Thread 0x00000271672bcd90 Exception <a 'java/lang/NoSuchMethodError'{0x0000000704f6f670}: 'java.lang.Object java.lang.invoke.DirectMethodHandle$Holder.invokeInterface(java.lang.Object, java.lang.Object, java.lang.Object)'> (0x0000000704f6f670) 
thrown [s\open\src\hotspot\share\interpreter\linkResolver.cpp, line 773]
Event: 6.023 Thread 0x00000271672bcd90 Exception <a 'java/lang/IncompatibleClassChangeError'{0x0000000704f72a58}: Found class java.lang.Object, but interface was expected> (0x0000000704f72a58) 
thrown [s\open\src\hotspot\share\interpreter\linkResolver.cpp, line 840]
Event: 6.024 Thread 0x00000271672bcd90 Exception <a 'java/lang/NoSuchMethodError'{0x0000000704f79490}: 'int java.lang.invoke.DirectMethodHandle$Holder.invokeSpecialIFC(java.lang.Object, java.lang.Object, java.lang.Object, java.lang.Object)'> (0x0000000704f79490) 
thrown [s\open\src\hotspot\share\interpreter\linkResolver.cpp, line 773]
Event: 6.164 Thread 0x00000271672bcd90 Exception <a 'java/lang/NoSuchMethodError'{0x0000000704c77318}: 'double java.lang.invoke.DirectMethodHandle$Holder.invokeVirtual(java.lang.Object, java.lang.Object)'> (0x0000000704c77318) 
thrown [s\open\src\hotspot\share\interpreter\linkResolver.cpp, line 773]
Event: 6.165 Thread 0x00000271672bcd90 Exception <a 'java/lang/NoSuchMethodError'{0x0000000704c7d8f0}: 'float java.lang.invoke.DirectMethodHandle$Holder.invokeVirtual(java.lang.Object, java.lang.Object)'> (0x0000000704c7d8f0) 
thrown [s\open\src\hotspot\share\interpreter\linkResolver.cpp, line 773]
Event: 6.166 Thread 0x00000271672bcd90 Exception <a 'java/lang/NoSuchMethodError'{0x0000000704c866d0}: 'long java.lang.invoke.DirectMethodHandle$Holder.invokeVirtual(java.lang.Object, java.lang.Object)'> (0x0000000704c866d0) 
thrown [s\open\src\hotspot\share\interpreter\linkResolver.cpp, line 773]
Event: 6.228 Thread 0x00000271672bcd90 Exception <a 'java/lang/NoSuchMethodError'{0x0000000704a8d628}: 'void java.lang.invoke.DirectMethodHandle$Holder.invokeSpecial(java.lang.Object, java.lang.Object, java.lang.Object, java.lang.Object, java.lang.Object)'> (0x0000000704a8d628) 
thrown [s\open\src\hotspot\share\interpreter\linkResolver.cpp, line 773]
Event: 6.230 Thread 0x00000271672bcd90 Exception <a 'java/lang/NoSuchMethodError'{0x0000000704a94190}: 'void java.lang.invoke.DirectMethodHandle$Holder.invokeStatic(java.lang.Object, java.lang.Object, int)'> (0x0000000704a94190) 
thrown [s\open\src\hotspot\share\interpreter\linkResolver.cpp, line 773]
Event: 6.318 Thread 0x00000271672bcd90 Exception <a 'java/lang/NoSuchMethodError'{0x0000000704895668}: 'int java.lang.invoke.DirectMethodHandle$Holder.invokeSpecialIFC(java.lang.Object, java.lang.Object, java.lang.Object)'> (0x0000000704895668) 
thrown [s\open\src\hotspot\share\interpreter\linkResolver.cpp, line 773]
Event: 6.545 Thread 0x00000271672bcd90 Exception <a 'java/lang/NoSuchMethodError'{0x0000000704715880}: 'void java.lang.invoke.DirectMethodHandle$Holder.invokeSpecial(java.lang.Object, java.lang.Object, java.lang.Object, java.lang.Object, java.lang.Object, java.lang.Object)'> (0x0000000704715880) 
thrown [s\open\src\hotspot\share\interpreter\linkResolver.cpp, line 773]
Event: 6.576 Thread 0x00000271672bcd90 Exception <a 'java/lang/NoSuchMethodError'{0x00000007047a0068}: 'long java.lang.invoke.DirectMethodHandle$Holder.invokeInterface(java.lang.Object, java.lang.Object)'> (0x00000007047a0068) 
thrown [s\open\src\hotspot\share\interpreter\linkResolver.cpp, line 773]
Event: 6.577 Thread 0x00000271672bcd90 Exception <a 'java/lang/NoSuchMethodError'{0x00000007047a42b8}: 'long java.lang.invoke.DelegatingMethodHandle$Holder.reinvoke_L(java.lang.Object, java.lang.Object)'> (0x00000007047a42b8) 
thrown [s\open\src\hotspot\share\interpreter\linkResolver.cpp, line 773]
Event: 8.507 Thread 0x00000271672bcd90 Exception <a 'java/lang/NoSuchMethodError'{0x000000070417a480}: 'java.lang.Object java.lang.invoke.DirectMethodHandle$Holder.invokeSpecialIFC(java.lang.Object, java.lang.Object, java.lang.Object)'> (0x000000070417a480) 
thrown [s\open\src\hotspot\share\interpreter\linkResolver.cpp, line 773]
Event: 8.962 Thread 0x00000271672bcd90 Exception <a 'java/lang/NoSuchMethodError'{0x0000000703b7bf68}: 'java.lang.Object java.lang.invoke.DirectMethodHandle$Holder.invokeStatic(java.lang.Object, java.lang.Object, int)'> (0x0000000703b7bf68) 
thrown [s\open\src\hotspot\share\interpreter\linkResolver.cpp, line 773]
Event: 8.963 Thread 0x00000271672bcd90 Exception <a 'java/lang/NoSuchMethodError'{0x0000000703b866c8}: 'void java.lang.invoke.DelegatingMethodHandle$Holder.delegate(java.lang.Object, java.lang.Object, int, java.lang.Object)'> (0x0000000703b866c8) 
thrown [s\open\src\hotspot\share\interpreter\linkResolver.cpp, line 773]
Event: 8.982 Thread 0x00000271672bcd90 Exception <a 'java/lang/NoSuchMethodError'{0x0000000703b9fda8}: 'java.lang.Object java.lang.invoke.DirectMethodHandle$Holder.invokeStatic(java.lang.Object, int, java.lang.Object, java.lang.Object)'> (0x0000000703b9fda8) 
thrown [s\open\src\hotspot\share\interpreter\linkResolver.cpp, line 773]
Event: 9.001 Thread 0x00000271672bcd90 Exception <a 'java/lang/IncompatibleClassChangeError'{0x0000000703bc94f0}: Found class java.lang.Object, but interface was expected> (0x0000000703bc94f0) 
thrown [s\open\src\hotspot\share\interpreter\linkResolver.cpp, line 840]

VM Operations (20 events):
Event: 5.468 Executing VM operation: HandshakeAllThreads
Event: 5.468 Executing VM operation: HandshakeAllThreads done
Event: 5.567 Executing VM operation: CollectForMetadataAllocation
Event: 5.581 Executing VM operation: CollectForMetadataAllocation done
Event: 5.598 Executing VM operation: G1PauseRemark
Event: 5.603 Executing VM operation: G1PauseRemark done
Event: 5.605 Executing VM operation: G1PauseCleanup
Event: 5.609 Executing VM operation: G1PauseCleanup done
Event: 6.145 Executing VM operation: HandshakeAllThreads
Event: 6.145 Executing VM operation: HandshakeAllThreads done
Event: 6.147 Executing VM operation: HandshakeAllThreads
Event: 6.147 Executing VM operation: HandshakeAllThreads done
Event: 7.151 Executing VM operation: Cleanup
Event: 7.151 Executing VM operation: Cleanup done
Event: 8.962 Executing VM operation: HandshakeAllThreads
Event: 8.962 Executing VM operation: HandshakeAllThreads done
Event: 8.962 Executing VM operation: Cleanup
Event: 8.962 Executing VM operation: Cleanup done
Event: 9.015 Executing VM operation: G1CollectForAllocation
Event: 9.046 Executing VM operation: G1CollectForAllocation done

Events (20 events):
Event: 3.321 Thread 0x000002710ac5e470 Thread exited: 0x000002710ac5e470
Event: 3.414 Thread 0x000002710b988ee0 Thread added: 0x000002710b988ee0
Event: 5.046 Thread 0x000002710b988ee0 Thread exited: 0x000002710b988ee0
Event: 5.407 Thread 0x000002710cbdf150 Thread added: 0x000002710cbdf150
Event: 5.643 Thread 0x000002710ca20910 Thread added: 0x000002710ca20910
Event: 5.703 Thread 0x000002710c3373d0 Thread added: 0x000002710c3373d0
Event: 6.043 Thread 0x000002710b4295b0 Thread added: 0x000002710b4295b0
Event: 6.053 Thread 0x000002710b42a050 Thread added: 0x000002710b42a050
Event: 6.053 Thread 0x000002710b42a5a0 Thread added: 0x000002710b42a5a0
Event: 6.113 Thread 0x000002710b429060 Thread added: 0x000002710b429060
Event: 6.115 Thread 0x000002710b429b00 Thread added: 0x000002710b429b00
Event: 6.117 Thread 0x000002710af2df40 Thread added: 0x000002710af2df40
Event: 6.133 Thread 0x000002710c3373d0 Thread exited: 0x000002710c3373d0
Event: 6.147 Thread 0x000002710af26fb0 Thread added: 0x000002710af26fb0
Event: 6.302 Thread 0x000002710bbea030 Thread added: 0x000002710bbea030
Event: 6.574 Thread 0x000002710bbea030 Thread exited: 0x000002710bbea030
Event: 6.755 Thread 0x000002710af2d4a0 Thread added: 0x000002710af2d4a0
Event: 8.588 Thread 0x000002710af2a4d0 Thread added: 0x000002710af2a4d0
Event: 8.623 Thread 0x000002710af27a50 Thread added: 0x000002710af27a50
Event: 9.011 Thread 0x000002710cd9cf70 Thread added: 0x000002710cd9cf70


Dynamic libraries:
0x00007ff607a10000 - 0x00007ff607a20000 	C:\Program Files\Java\jdk-20\bin\java.exe
0x00007ffb76df0000 - 0x00007ffb77004000 	C:\WINDOWS\SYSTEM32\ntdll.dll
0x00007ffb75d20000 - 0x00007ffb75de2000 	C:\WINDOWS\System32\KERNEL32.DLL
0x00007ffb74670000 - 0x00007ffb74a13000 	C:\WINDOWS\System32\KERNELBASE.dll
0x00007ffb74210000 - 0x00007ffb74321000 	C:\WINDOWS\System32\ucrtbase.dll
0x00007ffb6b620000 - 0x00007ffb6b639000 	C:\Program Files\Java\jdk-20\bin\jli.dll
0x00007ffb764d0000 - 0x00007ffb7657e000 	C:\WINDOWS\System32\ADVAPI32.dll
0x00007ffb76580000 - 0x00007ffb76627000 	C:\WINDOWS\System32\msvcrt.dll
0x00007ffb767d0000 - 0x00007ffb76874000 	C:\WINDOWS\System32\sechost.dll
0x00007ffb75df0000 - 0x00007ffb75f07000 	C:\WINDOWS\System32\RPCRT4.dll
0x00007ffb6b640000 - 0x00007ffb6b65b000 	C:\Program Files\Java\jdk-20\bin\VCRUNTIME140.dll
0x00007ffb75580000 - 0x00007ffb7572b000 	C:\WINDOWS\System32\USER32.dll
0x00007ffb74b40000 - 0x00007ffb74b66000 	C:\WINDOWS\System32\win32u.dll
0x00007ffb75f90000 - 0x00007ffb75fb9000 	C:\WINDOWS\System32\GDI32.dll
0x00007ffb74a20000 - 0x00007ffb74b38000 	C:\WINDOWS\System32\gdi32full.dll
0x00007ffb745d0000 - 0x00007ffb7466a000 	C:\WINDOWS\System32\msvcp_win.dll
0x00007ffb5dce0000 - 0x00007ffb5df6e000 	C:\WINDOWS\WinSxS\amd64_microsoft.windows.common-controls_6595b64144ccf1df_6.0.22621.1635_none_270f70857386168e\COMCTL32.dll
0x00007ffb62e30000 - 0x00007ffb62e3a000 	C:\WINDOWS\SYSTEM32\VERSION.dll
0x00007ffb75ce0000 - 0x00007ffb75d11000 	C:\WINDOWS\System32\IMM32.DLL
0x00007ffb6b610000 - 0x00007ffb6b61c000 	C:\Program Files\Java\jdk-20\bin\vcruntime140_1.dll
0x00007ffb6b580000 - 0x00007ffb6b60e000 	C:\Program Files\Java\jdk-20\bin\msvcp140.dll
0x00007ffaf45e0000 - 0x00007ffaf5277000 	C:\Program Files\Java\jdk-20\bin\server\jvm.dll
0x00007ffb6b570000 - 0x00007ffb6b579000 	C:\WINDOWS\SYSTEM32\WSOCK32.dll
0x00007ffb75c00000 - 0x00007ffb75c71000 	C:\WINDOWS\System32\WS2_32.dll
0x00007ffb67c70000 - 0x00007ffb67ca4000 	C:\WINDOWS\SYSTEM32\WINMM.dll
0x00007ffb73260000 - 0x00007ffb73278000 	C:\WINDOWS\SYSTEM32\kernel.appcore.dll
0x00007ffb6b560000 - 0x00007ffb6b56a000 	C:\Program Files\Java\jdk-20\bin\jimage.dll
0x00007ffb70e70000 - 0x00007ffb7109e000 	C:\WINDOWS\SYSTEM32\DBGHELP.DLL
0x00007ffb75790000 - 0x00007ffb75b19000 	C:\WINDOWS\System32\combase.dll
0x00007ffb76aa0000 - 0x00007ffb76b77000 	C:\WINDOWS\System32\OLEAUT32.dll
0x00007ffb55a10000 - 0x00007ffb55a42000 	C:\WINDOWS\SYSTEM32\dbgcore.DLL
0x00007ffb74b70000 - 0x00007ffb74beb000 	C:\WINDOWS\System32\bcryptPrimitives.dll
0x00007ffb720c0000 - 0x00007ffb720ce000 	C:\Program Files\Java\jdk-20\bin\instrument.dll
0x00007ffb6b530000 - 0x00007ffb6b556000 	C:\Program Files\Java\jdk-20\bin\java.dll
0x00007ffb5a9d0000 - 0x00007ffb5aaa7000 	C:\Program Files\Java\jdk-20\bin\jsvml.dll
0x00007ffb74bf0000 - 0x00007ffb753ea000 	C:\WINDOWS\System32\SHELL32.dll
0x00007ffb72210000 - 0x00007ffb72ade000 	C:\WINDOWS\SYSTEM32\windows.storage.dll
0x00007ffb720d0000 - 0x00007ffb7220e000 	C:\WINDOWS\SYSTEM32\wintypes.dll
0x00007ffb76cb0000 - 0x00007ffb76da1000 	C:\WINDOWS\System32\SHCORE.dll
0x00007ffb75730000 - 0x00007ffb7578e000 	C:\WINDOWS\System32\shlwapi.dll
0x00007ffb74140000 - 0x00007ffb74161000 	C:\WINDOWS\SYSTEM32\profapi.dll
0x00007ffb68850000 - 0x00007ffb68868000 	C:\Program Files\Java\jdk-20\bin\zip.dll
0x00007ffb6b510000 - 0x00007ffb6b523000 	C:\Program Files\Java\jdk-20\bin\net.dll
0x00007ffb63740000 - 0x00007ffb63877000 	C:\WINDOWS\SYSTEM32\WINHTTP.dll
0x00007ffb736d0000 - 0x00007ffb73739000 	C:\WINDOWS\system32\mswsock.dll
0x00007ffb69b20000 - 0x00007ffb69b36000 	C:\Program Files\Java\jdk-20\bin\nio.dll
0x00007ffb72090000 - 0x00007ffb720aa000 	C:\Program Files\JetBrains\IntelliJ IDEA Community Edition 2023.1.2\bin\breakgen64.dll
0x00007ffb71960000 - 0x00007ffb71967000 	C:\Program Files\Java\jdk-20\bin\extnet.dll
0x00007ffb73930000 - 0x00007ffb7394b000 	C:\WINDOWS\SYSTEM32\CRYPTSP.dll
0x00007ffb731d0000 - 0x00007ffb73205000 	C:\WINDOWS\system32\rsaenh.dll
0x00007ffb737d0000 - 0x00007ffb737f8000 	C:\WINDOWS\SYSTEM32\USERENV.dll
0x00007ffb73af0000 - 0x00007ffb73b18000 	C:\WINDOWS\SYSTEM32\bcrypt.dll
0x00007ffb73950000 - 0x00007ffb7395c000 	C:\WINDOWS\SYSTEM32\CRYPTBASE.dll
0x00007ffb72d40000 - 0x00007ffb72d6d000 	C:\WINDOWS\SYSTEM32\IPHLPAPI.DLL
0x00007ffb75fc0000 - 0x00007ffb75fc9000 	C:\WINDOWS\System32\NSI.dll
0x00007ffb63720000 - 0x00007ffb63739000 	C:\WINDOWS\SYSTEM32\dhcpcsvc6.DLL
0x00007ffb63700000 - 0x00007ffb6371f000 	C:\WINDOWS\SYSTEM32\dhcpcsvc.DLL
0x00007ffb72db0000 - 0x00007ffb72ea3000 	C:\WINDOWS\SYSTEM32\DNSAPI.dll
0x00007ffb6b500000 - 0x00007ffb6b510000 	C:\Program Files\Java\jdk-20\bin\verify.dll
0x00007ffb5dcb0000 - 0x00007ffb5dcba000 	C:\Windows\System32\rasadhlp.dll
0x00007ffb631f0000 - 0x00007ffb63274000 	C:\WINDOWS\System32\fwpuclnt.dll
0x00007ffb69b10000 - 0x00007ffb69b1e000 	C:\Program Files\Java\jdk-20\bin\sunmscapi.dll
0x00007ffb74330000 - 0x00007ffb74497000 	C:\WINDOWS\System32\CRYPT32.dll
0x00007ffb73ac0000 - 0x00007ffb73aee000 	C:\WINDOWS\SYSTEM32\ncrypt.dll
0x00007ffb73a80000 - 0x00007ffb73ab7000 	C:\WINDOWS\SYSTEM32\NTASN1.dll
0x00007ffb71950000 - 0x00007ffb7195a000 	C:\Program Files\Java\jdk-20\bin\management.dll
0x00007ffb71940000 - 0x00007ffb7194b000 	C:\Program Files\Java\jdk-20\bin\management_ext.dll
0x00007ffb75f30000 - 0x00007ffb75f38000 	C:\WINDOWS\System32\PSAPI.DLL
0x00007ffb6f170000 - 0x00007ffb6f178000 	C:\WINDOWS\system32\wshunix.dll

dbghelp: loaded successfully - version: 4.0.5 - missing functions: none
symbol engine: initialized successfully - sym options: 0x614 - pdb path: .;C:\Program Files\Java\jdk-20\bin;C:\WINDOWS\SYSTEM32;C:\WINDOWS\WinSxS\amd64_microsoft.windows.common-controls_6595b64144ccf1df_6.0.22621.1635_none_270f70857386168e;C:\Program Files\Java\jdk-20\bin\server;C:\Program Files\JetBrains\IntelliJ IDEA Community Edition 2023.1.2\bin

VM Arguments:
jvm_args: -ea -Didea.test.cyclic.buffer.size=1048576 -javaagent:C:\Program Files\JetBrains\IntelliJ IDEA Community Edition 2023.1.2\lib\idea_rt.jar=55107:C:\Program Files\JetBrains\IntelliJ IDEA Community Edition 2023.1.2\bin -Dfile.encoding=UTF-8 -Dsun.stdout.encoding=UTF-8 -Dsun.stderr.encoding=UTF-8 
java_command: com.intellij.rt.testng.RemoteTestNGStarter -usedefaultlisteners false -socket55106 @w@C:\Users\zubai\AppData\Local\Temp\idea_working_dirs_testng.tmp -temp C:\Users\zubai\AppData\Local\Temp\idea_testng.tmp
java_class_path (initial): C:\Program Files\JetBrains\IntelliJ IDEA Community Edition 2023.1.2\lib\idea_rt.jar;C:\Program Files\JetBrains\IntelliJ IDEA Community Edition 2023.1.2\plugins\testng\lib\testng-rt.jar;D:\Zapta\Automation\Lahebo\target\test-classes;D:\Zapta\Automation\Lahebo\target\classes;C:\Users\zubai\.m2\repository\org\testng\testng\7.7.1\testng-7.7.1.jar;C:\Users\zubai\.m2\repository\com\beust\jcommander\1.82\jcommander-1.82.jar;C:\Users\zubai\.m2\repository\org\webjars\jquery\3.6.1\jquery-3.6.1.jar;C:\Users\zubai\.m2\repository\io\github\bonigarcia\webdrivermanager\5.3.3\webdrivermanager-5.3.3.jar;C:\Users\zubai\.m2\repository\com\google\code\gson\gson\2.10.1\gson-2.10.1.jar;C:\Users\zubai\.m2\repository\com\github\docker-java\docker-java\3.3.0\docker-java-3.3.0.jar;C:\Users\zubai\.m2\repository\com\github\docker-java\docker-java-core\3.3.0\docker-java-core-3.3.0.jar;C:\Users\zubai\.m2\repository\com\github\docker-java\docker-java-api\3.3.0\docker-java-api-3.3.0.jar;C:\Users\zubai\.m2\repository\com\fasterxml\jackson\core\jackson-annotations\2.10.3\jackson-annotations-2.10.3.jar;C:\Users\zubai\.m2\repository\com\fasterxml\jackson\core\jackson-databind\2.10.3\jackson-databind-2.10.3.jar;C:\Users\zubai\.m2\repository\com\fasterxml\jackson\core\jackson-core\2.10.3\jackson-core-2.10.3.jar;C:\Users\zubai\.m2\repository\org\bouncycastle\bcpkix-jdk15on\1.64\bcpkix-jdk15on-1.64.jar;C:\Users\zubai\.m2\repository\org\bouncycastle\bcprov-jdk15on\1.64\bcprov-jdk15on-1.64.jar;C:\Users\zubai\.m2\repository\org\slf4j\jcl-over-slf4j\1.7.30\jcl-over-slf4j-1.7.30.jar;C:\Users\zubai\.m2\repository\com\github\docker-java\docker-java-transport-httpclient5\3.3.0\docker-java-transport-httpclient5-3.3.0.jar;C:\Users\zubai\.m2\repository\com\github\docker-java\docker-java-transport\3.3.0\docker-java-transport-3.3.0.jar;C:\Users\zubai\.m2\repository\net\java\dev\jna\jna\5.12.1\jna-5.12.1.jar;C:\Users\zubai\.m2\repository\org\brotli\dec\0.1.2\dec-0.1.2.jar;C:\Users\zubai\.m2\repository\org\apache\commons\commons-lang3\3.12.0\commons-lang3-3.12.0.jar;C:\Users\zubai\.m2\repository\org\apache\httpcomponents\client5\httpclient5\5.2.1\httpclient5-5.2.1.jar;C:\Users\zubai\.m2\repository\org\apache\httpcomponents\core5\httpcore5\5.2\httpcore5-5.2.jar;C:\Users\zubai\.m2\repository\org\apache\httpcomponents\core5\httpcore5-h2\5.2\httpcore5-h2-5.2.jar;C:\Users\zubai\.m2\repository\javax\mail\javax.mail-api\1.6.2\javax.mail-api-1.6.2.jar;C:\Users\zubai\.m2\repository\com\sun\mail\javax.mail\1.6.2\javax.mail-1.6.2.jar;C:\Users\zubai\.m2\repository\javax\activation\activation\1.1\activation-1.1.jar;C:\Users\zubai\.m2\repository\com\google\guava\guava\31.1-jre\guava-31.1-jre.jar;C:\Users\zubai\.m2\repository\com\google\guava\failureaccess\1.0.1\failureaccess-1.0.1.jar;C:\Users\zubai\.m2\repository\com\google\guava\listenablefuture\9999.0-empty-to-avoid-conflict-with-guava\listenablefuture-9999.0-empty-to-avoid-conflict-with-guava.jar;C:\Users\zubai\.m2\repository\com\google\code\findbugs\jsr305\3.0.2\jsr305-3.0.2.jar;C:\Users\zubai\.m2\repository\org\checkerframework\checker-qual\3.12.0\checker-qual-3.12.0.jar;C:\Users\zubai\.m2\repository\com\google\errorprone\error_prone_annotations\2.11.0\error_prone_annotations-2.11.0.jar;C:\Users\zubai\.m2\repository\com\google\j2objc\j2objc-annotations\1.3\j2objc-annotations-1.3.jar;C:\Users\zubai\.m2\repository\org\seleniumhq\selenium\selenium-java\4.9.1\selenium-java-4.9.1.jar;C:\Users\zubai\.m2\repository\org\seleniumhq\selenium\selenium-api\4.9.1\selenium-api-4.9.1.jar;C:\Users\zubai\.m2\repository\org\seleniumhq\selenium\selenium-chrome-driver\4.9.1\selenium-chrome-driver-4.9.1.jar;C:\Users\zubai\.m2\repository\com\google\auto\service\auto-service-annotations\1.0.1\auto-service-annotations-1.0.1.jar;C:\Users\zubai\.m2\repository\com\google\auto\service\auto-service\1.0.1\auto-service-1.0.1.jar;C:\Users\zubai\.m2\repository\com\google\auto\auto-common\1.2\auto-common-1.2.jar;C:\Users\zubai\.m2\repository\org\seleniumhq\selenium\selenium-chromium-driver\4.9.1\selenium-chromium-driver-4.9.1.jar;C:\Users\zubai\.m2\repository\org\seleniumhq\selenium\selenium-json\4.9.1\selenium-json-4.9.1.jar;C:\Users\zubai\.m2\repository\org\seleniumhq\selenium\selenium-manager\4.9.1\selenium-manager-4.9.1.jar;C:\Users\zubai\.m2\repository\org\seleniumhq\selenium\selenium-devtools-v111\4.9.1\selenium-devtools-v111-4.9.1.jar;C:\Users\zubai\.m2\repository\org\seleniumhq\selenium\selenium-devtools-v112\4.9.1\selenium-devtools-v112-4.9.1.jar;C:\Users\zubai\.m2\repository\org\seleniumhq\selenium\selenium-devtools-v113\4.9.1\selenium-devtools-v113-4.9.1.jar;C:\Users\zubai\.m2\repository\org\seleniumhq\selenium\selenium-devtools-v85\4.9.1\selenium-devtools-v85-4.9.1.jar;C:\Users\zubai\.m2\repository\org\seleniumhq\selenium\selenium-edge-driver\4.9.1\selenium-edge-driver-4.9.1.jar;C:\Users\zubai\.m2\repository\org\seleniumhq\selenium\selenium-firefox-driver\4.9.1\selenium-firefox-driver-4.9.1.jar;C:\Users\zubai\.m2\repository\org\seleniumhq\selenium\selenium-http\4.9.1\selenium-http-4.9.1.jar;C:\Users\zubai\.m2\repository\dev\failsafe\failsafe\3.3.1\failsafe-3.3.1.jar;C:\Users\zubai\.m2\repository\org\seleniumhq\selenium\selenium-ie-driver\4.9.1\selenium-ie-driver-4.9.1.jar;C:\Users\zubai\.m2\repository\org\seleniumhq\selenium\selenium-remote-driver\4.9.1\selenium-remote-driver-4.9.1.jar;C:\Users\zubai\.m2\repository\io\netty\netty-buffer\4.1.91.Final\netty-buffer-4.1.91.Final.jar;C:\Users\zubai\.m2\repository\io\netty\netty-codec-http\4.1.91.Final\netty-codec-http-4.1.91.Final.jar;C:\Users\zubai\.m2\repository\io\netty\netty-codec\4.1.91.Final\netty-codec-4.1.91.Final.jar;C:\Users\zubai\.m2\repository\io\netty\netty-handler\4.1.91.Final\netty-handler-4.1.91.Final.jar;C:\Users\zubai\.m2\repository\io\netty\netty-common\4.1.91.Final\netty-common-4.1.91.Final.jar;C:\Users\zubai\.m2\repository\io\netty\netty-transport-classes-epoll\4.1.91.Final\netty-transport-classes-epoll-4.1.91.Final.jar;C:\Users\zubai\.m2\repository\io\netty\netty-transport-classes-kqueue\4.1.91.Final\netty-transport-classes-kqueue-4.1.91.Final.jar;C:\Users\zubai\.m2\repository\io\netty\netty-transport-native-epoll\4.1.91.Final\netty-transport-native-epoll-4.1.91.Final.jar;C:\Users\zubai\.m2\repository\io\netty\netty-transport-native-kqueue\4.1.91.Final\netty-transport-native-kqueue-4.1.91.Final.jar;C:\Users\zubai\.m2\repository\io\netty\netty-transport-native-unix-common\4.1.91.Final\netty-transport-native-unix-common-4.1.91.Final.jar;C:\Users\zubai\.m2\repository\io\netty\netty-transport\4.1.91.Final\netty-transport-4.1.91.Final.jar;C:\Users\zubai\.m2\repository\io\netty\netty-resolver\4.1.91.Final\netty-resolver-4.1.91.Final.jar;C:\Users\zubai\.m2\repository\io\opentelemetry\opentelemetry-api\1.25.0\opentelemetry-api-1.25.0.jar;C:\Users\zubai\.m2\repository\io\opentelemetry\opentelemetry-context\1.25.0\opentelemetry-context-1.25.0.jar;C:\Users\zubai\.m2\repository\io\opentelemetry\opentelemetry-exporter-logging\1.25.0\opentelemetry-exporter-logging-1.25.0.jar;C:\Users\zubai\.m2\repository\io\opentelemetry\opentelemetry-sdk-metrics\1.25.0\opentelemetry-sdk-metrics-1.25.0.jar;C:\Users\zubai\.m2\repository\io\opentelemetry\opentelemetry-sdk-logs\1.25.0-alpha\opentelemetry-sdk-logs-1.25.0-alpha.jar;C:\Users\zubai\.m2\repository\io\opentelemetry\opentelemetry-api-logs\1.25.0-alpha\opentelemetry-api-logs-1.25.0-alpha.jar;C:\Users\zubai\.m2\repository\io\opentelemetry\opentelemetry-api-events\1.25.0-alpha\opentelemetry-api-events-1.25.0-alpha.jar;C:\Users\zubai\.m2\repository\io\opentelemetry\opentelemetry-sdk-common\1.25.0\opentelemetry-sdk-common-1.25.0.jar;C:\Users\zubai\.m2\repository\io\opentelemetry\opentelemetry-sdk-extension-autoconfigure-spi\1.25.0\opentelemetry-sdk-extension-autoconfigure-spi-1.25.0.jar;C:\Users\zubai\.m2\repository\io\opentelemetry\opentelemetry-sdk-extension-autoconfigure\1.25.0-alpha\opentelemetry-sdk-extension-autoconfigure-1.25.0-alpha.jar;C:\Users\zubai\.m2\repository\io\opentelemetry\opentelemetry-sdk-trace\1.25.0\opentelemetry-sdk-trace-1.25.0.jar;C:\Users\zubai\.m2\repository\io\opentelemetry\opentelemetry-sdk\1.25.0\opentelemetry-sdk-1.25.0.jar;C:\Users\zubai\.m2\repository\io\opentelemetry\opentelemetry-semconv\1.25.0-alpha\opentelemetry-semconv-1.25.0-alpha.jar;C:\Users\zubai\.m2\repository\io\ous\jtoml\2.0.0\jtoml-2.0.0.jar;C:\Users\zubai\.m2\repository\net\bytebuddy\byte-buddy\1.14.4\byte-buddy-1.14.4.jar;C:\Users\zubai\.m2\repository\org\apache\commons\commons-exec\1.3\commons-exec-1.3.jar;C:\Users\zubai\.m2\repository\org\asynchttpclient\async-http-client\2.12.3\async-http-client-2.12.3.jar;C:\Users\zubai\.m2\repository\org\asynchttpclient\async-http-client-netty-utils\2.12.3\async-http-client-netty-utils-2.12.3.jar;C:\Users\zubai\.m2\repository\io\netty\netty-codec-socks\4.1.60.Final\netty-codec-socks-4.1.60.Final.jar;C:\Users\zubai\.m2\repository\io\netty\netty-handler-proxy\4.1.60.Final\netty-handler-proxy-4.1.60.Final.jar;C:\Users\zubai\.m2\repository\io\netty\netty-transport-native-epoll\4.1.60.Final\netty-transport-native-epoll-4.1.60.Final-linux-x86_64.jar;C:\Users\zubai\.m2\repository\io\netty\netty-transport-native-kqueue\4.1.60.Final\netty-transport-native-kqueue-4.1.60.Final-osx-x86_64.jar;C:\Users\zubai\.m2\repository\com\typesafe\netty\netty-reactive-streams\2.0.4\netty-reactive-streams-2.0.4.jar;C:\Users\zubai\.m2\repository\com\sun\activation\jakarta.activation\1.2.2\jakarta.activation-1.2.2.jar;C:\Users\zubai\.m2\repository\org\seleniumhq\selenium\selenium-safari-driver\4.9.1\selenium-safari-driver-4.9.1.jar;C:\Users\zubai\.m2\repository\org\seleniumhq\selenium\selenium-support\4.9.1\selenium-support-4.9.1.jar;C:\Users\zubai\.m2\repository\org\slf4j\slf4j-simple\2.0.3\slf4j-simple-2.0.3.jar;C:\Users\zubai\.m2\repository\org\slf4j\slf4j-api\2.0.3\slf4j-api-2.0.3.jar;C:\Users\zubai\.m2\repository\org\apache\logging\log4j\log4j-api\2.18.0\log4j-api-2.18.0.jar;C:\Users\zubai\.m2\repository\org\apache\logging\log4j\log4j-core\2.18.0\log4j-core-2.18.0.jar;C:\Users\zubai\.m2\repository\org\apache\logging\log4j\log4j-slf4j-impl\2.18.0\log4j-slf4j-impl-2.18.0.jar;C:\Users\zubai\.m2\repository\org\jboss\aerogear\aerogear-otp-java\1.0.0\aerogear-otp-java-1.0.0.jar;C:\Users\zubai\.m2\repository\com\github\stephenc\monte\monte-screen-recorder\0.7.7.0\monte-screen-recorder-0.7.7.0.jar;C:\Users\zubai\.m2\repository\io\qameta\allure\allure-testng\2.19.0\allure-testng-2.19.0.jar;C:\Users\zubai\.m2\repository\io\qameta\allure\allure-java-commons\2.19.0\allure-java-commons-2.19.0.jar;C:\Users\zubai\.m2\repository\io\qameta\allure\allure-model\2.19.0\allure-model-2.19.0.jar;C:\Users\zubai\.m2\repository\io\qameta\allure\allure-test-filter\2.19.0\allure-test-filter-2.19.0.jar;C:\Users\zubai\.m2\repository\io\qameta\allure\allure-attachments\2.19.0\allure-attachments-2.19.0.jar;C:\Users\zubai\.m2\repository\org\freemarker\freemarker\2.3.31\freemarker-2.3.31.jar;C:\Users\zubai\.m2\repository\com\github\automatedowl\allure-environment-writer\1.0.0\allure-environment-writer-1.0.0.jar;C:\Users\zubai\.m2\repository\com\aventstack\extentreports\5.0.9\extentreports-5.0.9.jar;C:\Users\zubai\.m2\repository\io\reactivex\rxjava3\rxjava\3.0.4\rxjava-3.0.4.jar;C:\Users\zubai\.m2\repository\org\reactivestreams\reactive-streams\1.0.3\reactive-streams-1.0.3.jar;C:\Users\zubai\.m2\repository\org\apache\poi\poi\5.2.2\poi-5.2.2.jar;C:\Users\zubai\.m2\repository\commons-codec\commons-codec\1.15\commons-codec-1.15.jar;C:\Users\zubai\.m2\repository\org\apache\commons\commons-collections4\4.4\commons-collections4-4.4.jar;C:\Users\zubai\.m2\repository\org\apache\commons\commons-math3\3.6.1\commons-math3-3.6.1.jar;C:\Users\zubai\.m2\repository\commons-io\commons-io\2.11.0\commons-io-2.11.0.jar;C:\Users\zubai\.m2\repository\com\zaxxer\SparseBitSet\1.2\SparseBitSet-1.2.jar;C:\Users\zubai\.m2\repository\org\apache\poi\poi-ooxml\5.2.2\poi-ooxml-5.2.2.jar;C:\Users\zubai\.m2\repository\org\apache\poi\poi-ooxml-lite\5.2.2\poi-ooxml-lite-5.2.2.jar;C:\Users\zubai\.m2\repository\org\apache\xmlbeans\xmlbeans\5.0.3\xmlbeans-5.0.3.jar;C:\Users\zubai\.m2\repository\org\apache\commons\commons-compress\1.21\commons-compress-1.21.jar;C:\Users\zubai\.m2\repository\com\github\virtuald\curvesapi\1.07\curvesapi-1.07.jar;C:\Users\zubai\.m2\repository\com\google\zxing\javase\3.5.0\javase-3.5.0.jar;C:\Users\zubai\.m2\repository\com\github\jai-imageio\jai-imageio-core\1.4.0\jai-imageio-core-1.4.0.jar;C:\Users\zubai\.m2\repository\com\google\zxing\core\3.5.0\core-3.5.0.jar;C:\Users\zubai\.m2\repository\com\github\javafaker\javafaker\1.0.2\javafaker-1.0.2.jar;C:\Users\zubai\.m2\repository\org\yaml\snakeyaml\1.23\snakeyaml-1.23-android.jar;C:\Users\zubai\.m2\repository\com\github\mifmif\generex\1.0.2\generex-1.0.2.jar;C:\Users\zubai\.m2\repository\dk\brics\automaton\automaton\1.11-8\automaton-1.11-8.jar;C:\Users\zubai\.m2\repository\org\projectlombok\lombok\1.18.22\lombok-1.18.22.jar
Launcher Type: SUN_STANDARD

[Global flags]
     intx CICompilerCount                          = 3                                         {product} {ergonomic}
     uint ConcGCThreads                            = 1                                         {product} {ergonomic}
     uint G1ConcRefinementThreads                  = 4                                         {product} {ergonomic}
   size_t G1HeapRegionSize                         = 2097152                                   {product} {ergonomic}
    uintx GCDrainStackTargetSize                   = 64                                        {product} {ergonomic}
   size_t InitialHeapSize                          = 268435456                                 {product} {ergonomic}
   size_t MarkStackSize                            = 4194304                                   {product} {ergonomic}
   size_t MaxHeapSize                              = 4265607168                                {product} {ergonomic}
   size_t MaxNewSize                               = 2558525440                                {product} {ergonomic}
   size_t MinHeapDeltaBytes                        = 2097152                                   {product} {ergonomic}
   size_t MinHeapSize                              = 8388608                                   {product} {ergonomic}
    uintx NonNMethodCodeHeapSize                   = 5832780                                {pd product} {ergonomic}
    uintx NonProfiledCodeHeapSize                  = 122912730                              {pd product} {ergonomic}
    uintx ProfiledCodeHeapSize                     = 122912730                              {pd product} {ergonomic}
    uintx ReservedCodeCacheSize                    = 251658240                              {pd product} {ergonomic}
     bool SegmentedCodeCache                       = true                                      {product} {ergonomic}
   size_t SoftMaxHeapSize                          = 4265607168                             {manageable} {ergonomic}
     bool UseCompressedClassPointers               = true                           {product lp64_product} {ergonomic}
     bool UseCompressedOops                        = true                           {product lp64_product} {ergonomic}
     bool UseG1GC                                  = true                                      {product} {ergonomic}
     bool UseLargePagesIndividualAllocation        = false                                  {pd product} {ergonomic}

Logging:
Log output configuration:
 #0: stdout all=warning uptime,level,tags foldmultilines=false
 #1: stderr all=off uptime,level,tags foldmultilines=false

Environment Variables:
PATH=C:\Program Files\Common Files\Oracle\Java\javapath;C:\WINDOWS\system32;C:\WINDOWS;C:\WINDOWS\System32\Wbem;C:\WINDOWS\System32\WindowsPowerShell\v1.0\;C:\WINDOWS\System32\OpenSSH\;C:\Program Files\Git\cmd;C:\Users\zubai\AppData\Local\Microsoft\WindowsApps;;C:\Program Files\JetBrains\IntelliJ IDEA Community Edition 2023.1.2\bin;
USERNAME=zubai
OS=Windows_NT
PROCESSOR_IDENTIFIER=Intel64 Family 6 Model 78 Stepping 3, GenuineIntel
TMP=C:\Users\zubai\AppData\Local\Temp
TEMP=C:\Users\zubai\AppData\Local\Temp




---------------  S Y S T E M  ---------------

OS:
 Windows 11 , 64 bit Build 22621 (10.0.22621.1635)
OS uptime: 9 days 16:10 hours

CPU: total 4 (initial active 4) (2 cores per cpu, 2 threads per core) family 6 model 78 stepping 3 microcode 0xd6, cx8, cmov, fxsr, ht, mmx, 3dnowpref, sse, sse2, sse3, ssse3, sse4.1, sse4.2, popcnt, lzcnt, tsc, tscinvbit, avx, avx2, aes, erms, clmul, bmi1, bmi2, rtm, adx, fma, vzeroupper, clflush, clflushopt, rdtscp, f16c

Memory: 4k page, system-wide physical 16264M (482M free)
TotalPageFile size 29128M (AvailPageFile size 6M)
current process WorkingSet (physical memory assigned to process): 198M, peak: 201M
current process commit charge ("private bytes"): 242M, peak: 403M

vm_info: Java HotSpot(TM) 64-Bit Server VM (20.0.1+9-29) for windows-amd64 JRE (20.0.1+9-29), built on 2023-03-07T13:56:11Z by "mach5one" with MS VC++ 17.1 (VS2022)

END.
