#
# There is insufficient memory for the Java Runtime Environment to continue.
# Native memory allocation (malloc) failed to allocate 2228704 bytes for Chunk::new
# Possible reasons:
#   The system is out of physical RAM or swap space
#   The process is running with CompressedOops enabled, and the Java Heap may be blocking the growth of the native heap
# Possible solutions:
#   Reduce memory load on the system
#   Increase physical memory or swap space
#   Check if swap backing store is full
#   Decrease Java heap size (-Xmx/-Xms)
#   Decrease number of Java threads
#   Decrease Java thread stack sizes (-Xss)
#   Set larger code cache with -XX:ReservedCodeCacheSize=
#   JVM is running with Zero Based Compressed Oops mode in which the Java heap is
#     placed in the first 32GB address space. The Java Heap base address is the
#     maximum limit for the native heap growth. Please use -XX:HeapBaseMinAddress
#     to set the Java Heap base and to place the Java Heap above 32GB virtual address.
# This output file may be truncated or incomplete.
#
#  Out of Memory Error (arena.cpp:184), pid=34512, tid=11252
#
# JRE version: Java(TM) SE Runtime Environment (20.0.1+9) (build 20.0.1+9-29)
# Java VM: Java HotSpot(TM) 64-Bit Server VM (20.0.1+9-29, mixed mode, sharing, tiered, compressed oops, compressed class ptrs, g1 gc, windows-amd64)
# No core dump will be written. Minidumps are not enabled by default on client versions of Windows
#

---------------  S U M M A R Y ------------

Command Line: -ea -Didea.test.cyclic.buffer.size=1048576 -javaagent:C:\Program Files\JetBrains\IntelliJ IDEA Community Edition 2023.1.2\lib\idea_rt.jar=62289:C:\Program Files\JetBrains\IntelliJ IDEA Community Edition 2023.1.2\bin -Dfile.encoding=UTF-8 -Dsun.stdout.encoding=UTF-8 -Dsun.stderr.encoding=UTF-8 com.intellij.rt.testng.RemoteTestNGStarter -usedefaultlisteners false -socket62288 @w@C:\Users\zubai\AppData\Local\Temp\idea_working_dirs_testng.tmp -temp C:\Users\zubai\AppData\Local\Temp\idea_testng.tmp

Host: Intel(R) Core(TM) i5-6300U CPU @ 2.40GHz, 4 cores, 15G,  Windows 11 , 64 bit Build 22621 (10.0.22621.1778)
Time: Thu Jul  6 19:10:39 2023 Pakistan Standard Time elapsed time: 13.081677 seconds (0d 0h 0m 13s)

---------------  T H R E A D  ---------------

Current thread (0x000001c06230e7a0):  JavaThread "C2 CompilerThread0" daemon [_thread_in_native, id=11252, stack(0x00000057e5900000,0x00000057e5a00000)]


Current CompileTask:
C2:  13081 3643       4       org.monte.media.avi.TechSmithCodecCore::encodeDelta24 (749 bytes)

Stack: [0x00000057e5900000,0x00000057e5a00000]
Native frames: (J=compiled Java code, j=interpreted, Vv=VM code, C=native code)
V  [jvm.dll+0x6bb95a]
V  [jvm.dll+0x8485fa]
V  [jvm.dll+0x84a1f5]
V  [jvm.dll+0x84a8f3]
V  [jvm.dll+0x280b0f]
V  [jvm.dll+0xc2b11]
V  [jvm.dll+0xc2e35]
V  [jvm.dll+0x3bb17c]
V  [jvm.dll+0x3857f5]
V  [jvm.dll+0x384c6a]
V  [jvm.dll+0x24b259]
V  [jvm.dll+0x24a651]
V  [jvm.dll+0x1ce491]
V  [jvm.dll+0x259e1b]
V  [jvm.dll+0x2584f0]
V  [jvm.dll+0x3f2895]
V  [jvm.dll+0x7f4b56]
V  [jvm.dll+0x6ba5cb]
C  [ucrtbase.dll+0x29363]
C  [KERNEL32.DLL+0x126ad]
C  [ntdll.dll+0x5a9f8]


---------------  P R O C E S S  ---------------

Threads class SMR info:
_java_thread_list=0x000001c06924e840, length=30, elements={
0x000001c0435dff90, 0x000001c062304b70, 0x000001c062307d90, 0x000001c062309690,
0x000001c06230bfe0, 0x000001c06230d0c0, 0x000001c06230da00, 0x000001c06230e7a0,
0x000001c066534fd0, 0x000001c0622d3140, 0x000001c066675ec0, 0x000001c0666b17d0,
0x000001c0675f0e90, 0x000001c0677dea70, 0x000001c067caeb20, 0x000001c067caf070,
0x000001c067cb1050, 0x000001c067cafb10, 0x000001c067cb15a0, 0x000001c067cae5d0,
0x000001c067cb05b0, 0x000001c067cb0b00, 0x000001c067cae080, 0x000001c06ad94c40,
0x000001c06ad92c60, 0x000001c06ad95190, 0x000001c06ad91c70, 0x000001c06ad901e0,
0x000001c06ad921c0, 0x000001c06ad956e0
}

Java Threads: ( => current thread )
  0x000001c0435dff90 JavaThread "Forwarding get on session 8c5d09cdddb4828f2af7e1f9d6c0cd29 to remote" [_thread_blocked, id=32264, stack(0x00000057e4c00000,0x00000057e4d00000)]
  0x000001c062304b70 JavaThread "Reference Handler" daemon [_thread_blocked, id=19868, stack(0x00000057e5300000,0x00000057e5400000)]
  0x000001c062307d90 JavaThread "Finalizer" daemon [_thread_blocked, id=4536, stack(0x00000057e5400000,0x00000057e5500000)]
  0x000001c062309690 JavaThread "Signal Dispatcher" daemon [_thread_blocked, id=31552, stack(0x00000057e5500000,0x00000057e5600000)]
  0x000001c06230bfe0 JavaThread "Attach Listener" daemon [_thread_blocked, id=32960, stack(0x00000057e5600000,0x00000057e5700000)]
  0x000001c06230d0c0 JavaThread "Service Thread" daemon [_thread_blocked, id=35512, stack(0x00000057e5700000,0x00000057e5800000)]
  0x000001c06230da00 JavaThread "Monitor Deflation Thread" daemon [_thread_blocked, id=37308, stack(0x00000057e5800000,0x00000057e5900000)]
=>0x000001c06230e7a0 JavaThread "C2 CompilerThread0" daemon [_thread_in_native, id=11252, stack(0x00000057e5900000,0x00000057e5a00000)]
  0x000001c066534fd0 JavaThread "C1 CompilerThread0" daemon [_thread_blocked, id=26180, stack(0x00000057e5a00000,0x00000057e5b00000)]
  0x000001c0622d3140 JavaThread "Common-Cleaner" daemon [_thread_blocked, id=30896, stack(0x00000057e5b00000,0x00000057e5c00000)]
  0x000001c066675ec0 JavaThread "Monitor Ctrl-Break" daemon [_thread_in_native, id=19672, stack(0x00000057e5c00000,0x00000057e5d00000)]
  0x000001c0666b17d0 JavaThread "Notification Thread" daemon [_thread_blocked, id=39212, stack(0x00000057e5d00000,0x00000057e5e00000)]
  0x000001c0675f0e90 JavaThread "ForkJoinPool.commonPool-worker-1" daemon [_thread_blocked, id=38060, stack(0x00000057e6300000,0x00000057e6400000)]
  0x000001c0677dea70 JavaThread "ForkJoinPool.commonPool-worker-2" daemon [_thread_blocked, id=33372, stack(0x00000057e6400000,0x00000057e6500000)]
  0x000001c067caeb20 JavaThread "Java2D Disposer" daemon [_thread_blocked, id=28828, stack(0x00000057e5f00000,0x00000057e6000000)]
  0x000001c067caf070 JavaThread "AWT-Shutdown" [_thread_blocked, id=39228, stack(0x00000057e6500000,0x00000057e6600000)]
  0x000001c067cb1050 JavaThread "AWT-Windows" daemon [_thread_in_native, id=39436, stack(0x00000057e6600000,0x00000057e6700000)]
  0x000001c067cafb10 JavaThread "Thread-0" [_thread_blocked, id=29700, stack(0x00000057e6900000,0x00000057e6a00000)]
  0x000001c067cb15a0 JavaThread "pool-2-thread-1" [_thread_in_native, id=33216, stack(0x00000057e6a00000,0x00000057e6b00000)]
  0x000001c067cae5d0 JavaThread "pool-3-thread-1" [_thread_blocked, id=16572, stack(0x00000057e6b00000,0x00000057e6c00000)]
  0x000001c067cb05b0 JavaThread "AsyncHttpClient-1-1" daemon [_thread_blocked, id=2892, stack(0x00000057e6d00000,0x00000057e6e00000)]
  0x000001c067cb0b00 JavaThread "Exec Default Executor" daemon [_thread_in_native, id=40628, stack(0x00000057e6c00000,0x00000057e6d00000)]
  0x000001c067cae080 JavaThread "Exec Stream Pumper" daemon [_thread_in_native, id=41612, stack(0x00000057e6e00000,0x00000057e6f00000)]
  0x000001c06ad94c40 JavaThread "Exec Stream Pumper" daemon [_thread_in_native, id=29956, stack(0x00000057e6f00000,0x00000057e7000000)]
  0x000001c06ad92c60 JavaThread "Driver Service Executor" daemon [_thread_blocked, id=20588, stack(0x00000057e7000000,0x00000057e7100000)]
  0x000001c06ad95190 JavaThread "Driver Service Executor" daemon [_thread_blocked, id=37508, stack(0x00000057e7100000,0x00000057e7200000)]
  0x000001c06ad91c70 JavaThread "UrlChecker-2" daemon [_thread_blocked, id=24004, stack(0x00000057e7200000,0x00000057e7300000)]
  0x000001c06ad901e0 JavaThread "AsyncHttpClient-1-2" daemon [_thread_in_native, id=6796, stack(0x00000057e7500000,0x00000057e7600000)]
  0x000001c06ad921c0 JavaThread "AsyncHttpClient-1-3" daemon [_thread_in_native, id=37404, stack(0x00000057e6700000,0x00000057e6800000)]
  0x000001c06ad956e0 JavaThread "AsyncHttpClient-1-4" daemon [_thread_in_native, id=36484, stack(0x00000057e6800000,0x00000057e6900000)]

Other Threads:
  0x000001c0622e8fa0 VMThread "VM Thread" [stack: 0x00000057e5200000,0x00000057e5300000] [id=38364]
  0x000001c0666b9e20 WatcherThread "VM Periodic Task Thread" [stack: 0x00000057e5e00000,0x00000057e5f00000] [id=19200]
  0x000001c0436508b0 WorkerThread "GC Thread#0" [stack: 0x00000057e4d00000,0x00000057e4e00000] [id=39928]
  0x000001c0667910f0 WorkerThread "GC Thread#1" [stack: 0x00000057e6000000,0x00000057e6100000] [id=34164]
  0x000001c066c78a20 WorkerThread "GC Thread#2" [stack: 0x00000057e6100000,0x00000057e6200000] [id=30492]
  0x000001c066c78cf0 WorkerThread "GC Thread#3" [stack: 0x00000057e6200000,0x00000057e6300000] [id=33200]
  0x000001c043661500 ConcurrentGCThread "G1 Main Marker" [stack: 0x00000057e4e00000,0x00000057e4f00000] [id=24932]
  0x000001c043661e30 WorkerThread "G1 Conc#0" [stack: 0x00000057e4f00000,0x00000057e5000000] [id=29788]
  0x000001c062196180 ConcurrentGCThread "G1 Refine#0" [stack: 0x00000057e5000000,0x00000057e5100000] [id=38592]
  0x000001c062196a30 ConcurrentGCThread "G1 Service" [stack: 0x00000057e5100000,0x00000057e5200000] [id=37796]

Threads with active compile tasks:
C2 CompilerThread0    13150 3643       4       org.monte.media.avi.TechSmithCodecCore::encodeDelta24 (749 bytes)

VM state: not at safepoint (normal execution)

VM Mutex/Monitor currently owned by a thread: None

Heap address: 0x0000000701c00000, size: 4068 MB, Compressed Oops mode: Zero based, Oop shift amount: 3

CDS archive(s) mapped at: [0x0000000800000000-0x0000000800c60000-0x0000000800c60000), size 12976128, SharedBaseAddress: 0x0000000800000000, ArchiveRelocationMode: 0.
Compressed class space mapped at: 0x0000000801000000-0x0000000841000000, reserved size: 1073741824
Narrow klass base: 0x0000000800000000, Narrow klass shift: 0, Narrow klass range: 0x100000000

GC Precious Log:
 CardTable entry size: 512
 Card Set container configuration: InlinePtr #cards 4 size 8 Array Of Cards #cards 16 size 48 Howl #buckets 8 coarsen threshold 3686 Howl Bitmap #cards 512 size 80 coarsen threshold 460 Card regions per heap region 1 cards per card region 4096
 CPUs: 4 total, 4 available
 Memory: 16264M
 Large Page Support: Disabled
 NUMA Support: Disabled
 Compressed Oops: Enabled (Zero based)
 Heap Region Size: 2M
 Heap Min Capacity: 8M
 Heap Initial Capacity: 256M
 Heap Max Capacity: 4068M
 Pre-touch: Disabled
 Parallel Workers: 4
 Concurrent Workers: 1
 Concurrent Refinement Workers: 4
 Periodic GC: Disabled

Heap:
 garbage-first heap   total 358400K, used 155967K [0x0000000701c00000, 0x0000000800000000)
  region size 2048K, 3 young (6144K), 2 survivors (4096K)
 Metaspace       used 39357K, committed 39808K, reserved 1114112K
  class space    used 4670K, committed 4864K, reserved 1048576K

Heap Regions: E=young(eden), S=young(survivor), O=old, HS=humongous(starts), HC=humongous(continues), CS=collection set, F=free, OA=open archive, CA=closed archive, TAMS=top-at-mark-start, PB=parsable bottom
|   0|0x0000000701c00000, 0x0000000701e00000, 0x0000000701e00000|100%| O|  |TAMS 0x0000000701c00000| PB 0x0000000701c00000| Untracked 
|   1|0x0000000701e00000, 0x0000000702000000, 0x0000000702000000|100%| O|  |TAMS 0x0000000701e00000| PB 0x0000000701e00000| Untracked 
|   2|0x0000000702000000, 0x0000000702200000, 0x0000000702200000|100%| O|  |TAMS 0x0000000702000000| PB 0x0000000702000000| Untracked 
|   3|0x0000000702200000, 0x0000000702400000, 0x0000000702400000|100%| O|  |TAMS 0x0000000702200000| PB 0x0000000702200000| Untracked 
|   4|0x0000000702400000, 0x0000000702600000, 0x0000000702600000|100%|HS|  |TAMS 0x0000000702400000| PB 0x0000000702400000| Complete 
|   5|0x0000000702600000, 0x0000000702800000, 0x0000000702800000|100%|HC|  |TAMS 0x0000000702600000| PB 0x0000000702600000| Complete 
|   6|0x0000000702800000, 0x0000000702a00000, 0x0000000702a00000|100%|HC|  |TAMS 0x0000000702800000| PB 0x0000000702800000| Complete 
|   7|0x0000000702a00000, 0x0000000702c00000, 0x0000000702c00000|100%|HC|  |TAMS 0x0000000702a00000| PB 0x0000000702a00000| Complete 
|   8|0x0000000702c00000, 0x0000000702e00000, 0x0000000702e00000|100%|HS|  |TAMS 0x0000000702c00000| PB 0x0000000702c00000| Complete 
|   9|0x0000000702e00000, 0x0000000703000000, 0x0000000703000000|100%|HC|  |TAMS 0x0000000702e00000| PB 0x0000000702e00000| Complete 
|  10|0x0000000703000000, 0x0000000703200000, 0x0000000703200000|100%|HC|  |TAMS 0x0000000703000000| PB 0x0000000703000000| Complete 
|  11|0x0000000703200000, 0x0000000703400000, 0x0000000703400000|100%|HC|  |TAMS 0x0000000703200000| PB 0x0000000703200000| Complete 
|  12|0x0000000703400000, 0x0000000703600000, 0x0000000703600000|100%|HS|  |TAMS 0x0000000703400000| PB 0x0000000703400000| Complete 
|  13|0x0000000703600000, 0x0000000703800000, 0x0000000703800000|100%|HS|  |TAMS 0x0000000703600000| PB 0x0000000703600000| Complete 
|  14|0x0000000703800000, 0x0000000703a00000, 0x0000000703a00000|100%|HC|  |TAMS 0x0000000703800000| PB 0x0000000703800000| Complete 
|  15|0x0000000703a00000, 0x0000000703c00000, 0x0000000703c00000|100%|HC|  |TAMS 0x0000000703a00000| PB 0x0000000703a00000| Complete 
|  16|0x0000000703c00000, 0x0000000703e00000, 0x0000000703e00000|100%|HC|  |TAMS 0x0000000703c00000| PB 0x0000000703c00000| Complete 
|  17|0x0000000703e00000, 0x0000000703f51800, 0x0000000704000000| 65%| O|  |TAMS 0x0000000703e00000| PB 0x0000000703e00000| Untracked 
|  18|0x0000000704000000, 0x0000000704200000, 0x0000000704200000|100%|HS|  |TAMS 0x0000000704000000| PB 0x0000000704000000| Complete 
|  19|0x0000000704200000, 0x0000000704400000, 0x0000000704400000|100%|HC|  |TAMS 0x0000000704200000| PB 0x0000000704200000| Complete 
|  20|0x0000000704400000, 0x0000000704600000, 0x0000000704600000|100%|HC|  |TAMS 0x0000000704400000| PB 0x0000000704400000| Complete 
|  21|0x0000000704600000, 0x0000000704800000, 0x0000000704800000|100%|HC|  |TAMS 0x0000000704600000| PB 0x0000000704600000| Complete 
|  22|0x0000000704800000, 0x0000000704a00000, 0x0000000704a00000|100%| O|  |TAMS 0x0000000704800000| PB 0x0000000704800000| Untracked 
|  23|0x0000000704a00000, 0x0000000704c00000, 0x0000000704c00000|100%|HS|  |TAMS 0x0000000704a00000| PB 0x0000000704a00000| Complete 
|  24|0x0000000704c00000, 0x0000000704e00000, 0x0000000704e00000|100%|HC|  |TAMS 0x0000000704c00000| PB 0x0000000704c00000| Complete 
|  25|0x0000000704e00000, 0x0000000705000000, 0x0000000705000000|100%|HC|  |TAMS 0x0000000704e00000| PB 0x0000000704e00000| Complete 
|  26|0x0000000705000000, 0x0000000705200000, 0x0000000705200000|100%|HC|  |TAMS 0x0000000705000000| PB 0x0000000705000000| Complete 
|  27|0x0000000705200000, 0x0000000705400000, 0x0000000705400000|100%|HS|  |TAMS 0x0000000705200000| PB 0x0000000705200000| Complete 
|  28|0x0000000705400000, 0x0000000705600000, 0x0000000705600000|100%|HC|  |TAMS 0x0000000705400000| PB 0x0000000705400000| Complete 
|  29|0x0000000705600000, 0x0000000705800000, 0x0000000705800000|100%|HC|  |TAMS 0x0000000705600000| PB 0x0000000705600000| Complete 
|  30|0x0000000705800000, 0x0000000705a00000, 0x0000000705a00000|100%|HC|  |TAMS 0x0000000705800000| PB 0x0000000705800000| Complete 
|  31|0x0000000705a00000, 0x0000000705c00000, 0x0000000705c00000|100%|HS|  |TAMS 0x0000000705a00000| PB 0x0000000705a00000| Complete 
|  32|0x0000000705c00000, 0x0000000705e00000, 0x0000000705e00000|100%|HC|  |TAMS 0x0000000705c00000| PB 0x0000000705c00000| Complete 
|  33|0x0000000705e00000, 0x0000000706000000, 0x0000000706000000|100%|HC|  |TAMS 0x0000000705e00000| PB 0x0000000705e00000| Complete 
|  34|0x0000000706000000, 0x0000000706200000, 0x0000000706200000|100%|HC|  |TAMS 0x0000000706000000| PB 0x0000000706000000| Complete 
|  35|0x0000000706200000, 0x0000000706400000, 0x0000000706400000|100%|HS|  |TAMS 0x0000000706200000| PB 0x0000000706200000| Complete 
|  36|0x0000000706400000, 0x0000000706600000, 0x0000000706600000|100%|HC|  |TAMS 0x0000000706400000| PB 0x0000000706400000| Complete 
|  37|0x0000000706600000, 0x0000000706600000, 0x0000000706800000|  0%| F|  |TAMS 0x0000000706600000| PB 0x0000000706600000| Untracked 
|  38|0x0000000706800000, 0x0000000706800000, 0x0000000706a00000|  0%| F|  |TAMS 0x0000000706800000| PB 0x0000000706800000| Untracked 
|  39|0x0000000706a00000, 0x0000000706c00000, 0x0000000706c00000|100%|HS|  |TAMS 0x0000000706a00000| PB 0x0000000706a00000| Complete 
|  40|0x0000000706c00000, 0x0000000706e00000, 0x0000000706e00000|100%|HC|  |TAMS 0x0000000706c00000| PB 0x0000000706c00000| Complete 
|  41|0x0000000706e00000, 0x0000000707000000, 0x0000000707000000|100%|HC|  |TAMS 0x0000000706e00000| PB 0x0000000706e00000| Complete 
|  42|0x0000000707000000, 0x0000000707200000, 0x0000000707200000|100%|HS|  |TAMS 0x0000000707000000| PB 0x0000000707000000| Complete 
|  43|0x0000000707200000, 0x0000000707400000, 0x0000000707400000|100%|HC|  |TAMS 0x0000000707200000| PB 0x0000000707200000| Complete 
|  44|0x0000000707400000, 0x0000000707600000, 0x0000000707600000|100%|HC|  |TAMS 0x0000000707400000| PB 0x0000000707400000| Complete 
|  45|0x0000000707600000, 0x0000000707800000, 0x0000000707800000|100%|HS|  |TAMS 0x0000000707600000| PB 0x0000000707600000| Complete 
|  46|0x0000000707800000, 0x0000000707a00000, 0x0000000707a00000|100%|HC|  |TAMS 0x0000000707800000| PB 0x0000000707800000| Complete 
|  47|0x0000000707a00000, 0x0000000707c00000, 0x0000000707c00000|100%|HC|  |TAMS 0x0000000707a00000| PB 0x0000000707a00000| Complete 
|  48|0x0000000707c00000, 0x0000000707e00000, 0x0000000707e00000|100%|HC|  |TAMS 0x0000000707c00000| PB 0x0000000707c00000| Complete 
|  49|0x0000000707e00000, 0x0000000708000000, 0x0000000708000000|100%|HS|  |TAMS 0x0000000707e00000| PB 0x0000000707e00000| Complete 
|  50|0x0000000708000000, 0x0000000708200000, 0x0000000708200000|100%|HC|  |TAMS 0x0000000708000000| PB 0x0000000708000000| Complete 
|  51|0x0000000708200000, 0x0000000708400000, 0x0000000708400000|100%|HC|  |TAMS 0x0000000708200000| PB 0x0000000708200000| Complete 
|  52|0x0000000708400000, 0x0000000708600000, 0x0000000708600000|100%|HC|  |TAMS 0x0000000708400000| PB 0x0000000708400000| Complete 
|  53|0x0000000708600000, 0x0000000708800000, 0x0000000708800000|100%|HS|  |TAMS 0x0000000708600000| PB 0x0000000708600000| Complete 
|  54|0x0000000708800000, 0x0000000708a00000, 0x0000000708a00000|100%|HC|  |TAMS 0x0000000708800000| PB 0x0000000708800000| Complete 
|  55|0x0000000708a00000, 0x0000000708c00000, 0x0000000708c00000|100%|HC|  |TAMS 0x0000000708a00000| PB 0x0000000708a00000| Complete 
|  56|0x0000000708c00000, 0x0000000708e00000, 0x0000000708e00000|100%|HC|  |TAMS 0x0000000708c00000| PB 0x0000000708c00000| Complete 
|  57|0x0000000708e00000, 0x0000000709000000, 0x0000000709000000|100%|HS|  |TAMS 0x0000000708e00000| PB 0x0000000708e00000| Complete 
|  58|0x0000000709000000, 0x0000000709200000, 0x0000000709200000|100%|HC|  |TAMS 0x0000000709000000| PB 0x0000000709000000| Complete 
|  59|0x0000000709200000, 0x0000000709400000, 0x0000000709400000|100%|HC|  |TAMS 0x0000000709200000| PB 0x0000000709200000| Complete 
|  60|0x0000000709400000, 0x0000000709600000, 0x0000000709600000|100%|HC|  |TAMS 0x0000000709400000| PB 0x0000000709400000| Complete 
|  61|0x0000000709600000, 0x0000000709600000, 0x0000000709800000|  0%| F|  |TAMS 0x0000000709600000| PB 0x0000000709600000| Untracked 
|  62|0x0000000709800000, 0x0000000709a00000, 0x0000000709a00000|100%|HS|  |TAMS 0x0000000709800000| PB 0x0000000709800000| Complete 
|  63|0x0000000709a00000, 0x0000000709c00000, 0x0000000709c00000|100%|HC|  |TAMS 0x0000000709a00000| PB 0x0000000709a00000| Complete 
|  64|0x0000000709c00000, 0x0000000709e00000, 0x0000000709e00000|100%|HC|  |TAMS 0x0000000709c00000| PB 0x0000000709c00000| Complete 
|  65|0x0000000709e00000, 0x000000070a000000, 0x000000070a000000|100%|HC|  |TAMS 0x0000000709e00000| PB 0x0000000709e00000| Complete 
|  66|0x000000070a000000, 0x000000070a200000, 0x000000070a200000|100%|HS|  |TAMS 0x000000070a000000| PB 0x000000070a000000| Complete 
|  67|0x000000070a200000, 0x000000070a400000, 0x000000070a400000|100%|HC|  |TAMS 0x000000070a200000| PB 0x000000070a200000| Complete 
|  68|0x000000070a400000, 0x000000070a600000, 0x000000070a600000|100%|HC|  |TAMS 0x000000070a400000| PB 0x000000070a400000| Complete 
|  69|0x000000070a600000, 0x000000070a800000, 0x000000070a800000|100%|HC|  |TAMS 0x000000070a600000| PB 0x000000070a600000| Complete 
|  70|0x000000070a800000, 0x000000070aa00000, 0x000000070aa00000|100%|HS|  |TAMS 0x000000070a800000| PB 0x000000070a800000| Complete 
|  71|0x000000070aa00000, 0x000000070ac00000, 0x000000070ac00000|100%|HC|  |TAMS 0x000000070aa00000| PB 0x000000070aa00000| Complete 
|  72|0x000000070ac00000, 0x000000070ae00000, 0x000000070ae00000|100%|HC|  |TAMS 0x000000070ac00000| PB 0x000000070ac00000| Complete 
|  73|0x000000070ae00000, 0x000000070b000000, 0x000000070b000000|100%|HC|  |TAMS 0x000000070ae00000| PB 0x000000070ae00000| Complete 
|  74|0x000000070b000000, 0x000000070b000000, 0x000000070b200000|  0%| F|  |TAMS 0x000000070b000000| PB 0x000000070b000000| Untracked 
|  75|0x000000070b200000, 0x000000070b200000, 0x000000070b400000|  0%| F|  |TAMS 0x000000070b200000| PB 0x000000070b200000| Untracked 
|  76|0x000000070b400000, 0x000000070b400000, 0x000000070b600000|  0%| F|  |TAMS 0x000000070b400000| PB 0x000000070b400000| Untracked 
|  77|0x000000070b600000, 0x000000070b600000, 0x000000070b800000|  0%| F|  |TAMS 0x000000070b600000| PB 0x000000070b600000| Untracked 
|  78|0x000000070b800000, 0x000000070b800000, 0x000000070ba00000|  0%| F|  |TAMS 0x000000070b800000| PB 0x000000070b800000| Untracked 
|  79|0x000000070ba00000, 0x000000070ba00000, 0x000000070bc00000|  0%| F|  |TAMS 0x000000070ba00000| PB 0x000000070ba00000| Untracked 
|  80|0x000000070bc00000, 0x000000070bc00000, 0x000000070be00000|  0%| F|  |TAMS 0x000000070bc00000| PB 0x000000070bc00000| Untracked 
|  81|0x000000070be00000, 0x000000070be00000, 0x000000070c000000|  0%| F|  |TAMS 0x000000070be00000| PB 0x000000070be00000| Untracked 
|  82|0x000000070c000000, 0x000000070c000000, 0x000000070c200000|  0%| F|  |TAMS 0x000000070c000000| PB 0x000000070c000000| Untracked 
|  83|0x000000070c200000, 0x000000070c200000, 0x000000070c400000|  0%| F|  |TAMS 0x000000070c200000| PB 0x000000070c200000| Untracked 
|  84|0x000000070c400000, 0x000000070c400000, 0x000000070c600000|  0%| F|  |TAMS 0x000000070c400000| PB 0x000000070c400000| Untracked 
|  85|0x000000070c600000, 0x000000070c600000, 0x000000070c800000|  0%| F|  |TAMS 0x000000070c600000| PB 0x000000070c600000| Untracked 
|  86|0x000000070c800000, 0x000000070c800000, 0x000000070ca00000|  0%| F|  |TAMS 0x000000070c800000| PB 0x000000070c800000| Untracked 
|  87|0x000000070ca00000, 0x000000070ca00000, 0x000000070cc00000|  0%| F|  |TAMS 0x000000070ca00000| PB 0x000000070ca00000| Untracked 
|  88|0x000000070cc00000, 0x000000070cc00000, 0x000000070ce00000|  0%| F|  |TAMS 0x000000070cc00000| PB 0x000000070cc00000| Untracked 
|  89|0x000000070ce00000, 0x000000070ce00000, 0x000000070d000000|  0%| F|  |TAMS 0x000000070ce00000| PB 0x000000070ce00000| Untracked 
|  90|0x000000070d000000, 0x000000070d000000, 0x000000070d200000|  0%| F|  |TAMS 0x000000070d000000| PB 0x000000070d000000| Untracked 
|  91|0x000000070d200000, 0x000000070d200000, 0x000000070d400000|  0%| F|  |TAMS 0x000000070d200000| PB 0x000000070d200000| Untracked 
|  92|0x000000070d400000, 0x000000070d400000, 0x000000070d600000|  0%| F|  |TAMS 0x000000070d400000| PB 0x000000070d400000| Untracked 
|  93|0x000000070d600000, 0x000000070d600000, 0x000000070d800000|  0%| F|  |TAMS 0x000000070d600000| PB 0x000000070d600000| Untracked 
|  94|0x000000070d800000, 0x000000070d800000, 0x000000070da00000|  0%| F|  |TAMS 0x000000070d800000| PB 0x000000070d800000| Untracked 
|  95|0x000000070da00000, 0x000000070da00000, 0x000000070dc00000|  0%| F|  |TAMS 0x000000070da00000| PB 0x000000070da00000| Untracked 
|  96|0x000000070dc00000, 0x000000070dc00000, 0x000000070de00000|  0%| F|  |TAMS 0x000000070dc00000| PB 0x000000070dc00000| Untracked 
|  97|0x000000070de00000, 0x000000070de00000, 0x000000070e000000|  0%| F|  |TAMS 0x000000070de00000| PB 0x000000070de00000| Untracked 
|  98|0x000000070e000000, 0x000000070e000000, 0x000000070e200000|  0%| F|  |TAMS 0x000000070e000000| PB 0x000000070e000000| Untracked 
|  99|0x000000070e200000, 0x000000070e200000, 0x000000070e400000|  0%| F|  |TAMS 0x000000070e200000| PB 0x000000070e200000| Untracked 
| 100|0x000000070e400000, 0x000000070e400000, 0x000000070e600000|  0%| F|  |TAMS 0x000000070e400000| PB 0x000000070e400000| Untracked 
| 101|0x000000070e600000, 0x000000070e600000, 0x000000070e800000|  0%| F|  |TAMS 0x000000070e600000| PB 0x000000070e600000| Untracked 
| 102|0x000000070e800000, 0x000000070e800000, 0x000000070ea00000|  0%| F|  |TAMS 0x000000070e800000| PB 0x000000070e800000| Untracked 
| 103|0x000000070ea00000, 0x000000070ea00000, 0x000000070ec00000|  0%| F|  |TAMS 0x000000070ea00000| PB 0x000000070ea00000| Untracked 
| 104|0x000000070ec00000, 0x000000070ec00000, 0x000000070ee00000|  0%| F|  |TAMS 0x000000070ec00000| PB 0x000000070ec00000| Untracked 
| 105|0x000000070ee00000, 0x000000070ee00000, 0x000000070f000000|  0%| F|  |TAMS 0x000000070ee00000| PB 0x000000070ee00000| Untracked 
| 106|0x000000070f000000, 0x000000070f000000, 0x000000070f200000|  0%| F|  |TAMS 0x000000070f000000| PB 0x000000070f000000| Untracked 
| 107|0x000000070f200000, 0x000000070f200000, 0x000000070f400000|  0%| F|  |TAMS 0x000000070f200000| PB 0x000000070f200000| Untracked 
| 108|0x000000070f400000, 0x000000070f400000, 0x000000070f600000|  0%| F|  |TAMS 0x000000070f400000| PB 0x000000070f400000| Untracked 
| 109|0x000000070f600000, 0x000000070f600000, 0x000000070f800000|  0%| F|  |TAMS 0x000000070f600000| PB 0x000000070f600000| Untracked 
| 110|0x000000070f800000, 0x000000070f800000, 0x000000070fa00000|  0%| F|  |TAMS 0x000000070f800000| PB 0x000000070f800000| Untracked 
| 111|0x000000070fa00000, 0x000000070fa00000, 0x000000070fc00000|  0%| F|  |TAMS 0x000000070fa00000| PB 0x000000070fa00000| Untracked 
| 112|0x000000070fc00000, 0x000000070fc00000, 0x000000070fe00000|  0%| F|  |TAMS 0x000000070fc00000| PB 0x000000070fc00000| Untracked 
| 113|0x000000070fe00000, 0x000000070fe00000, 0x0000000710000000|  0%| F|  |TAMS 0x000000070fe00000| PB 0x000000070fe00000| Untracked 
| 114|0x0000000710000000, 0x0000000710000000, 0x0000000710200000|  0%| F|  |TAMS 0x0000000710000000| PB 0x0000000710000000| Untracked 
| 115|0x0000000710200000, 0x0000000710200000, 0x0000000710400000|  0%| F|  |TAMS 0x0000000710200000| PB 0x0000000710200000| Untracked 
| 116|0x0000000710400000, 0x0000000710400000, 0x0000000710600000|  0%| F|  |TAMS 0x0000000710400000| PB 0x0000000710400000| Untracked 
| 117|0x0000000710600000, 0x0000000710600000, 0x0000000710800000|  0%| F|  |TAMS 0x0000000710600000| PB 0x0000000710600000| Untracked 
| 118|0x0000000710800000, 0x0000000710800000, 0x0000000710a00000|  0%| F|  |TAMS 0x0000000710800000| PB 0x0000000710800000| Untracked 
| 119|0x0000000710a00000, 0x0000000710a00000, 0x0000000710c00000|  0%| F|  |TAMS 0x0000000710a00000| PB 0x0000000710a00000| Untracked 
| 120|0x0000000710c00000, 0x0000000710c00000, 0x0000000710e00000|  0%| F|  |TAMS 0x0000000710c00000| PB 0x0000000710c00000| Untracked 
| 121|0x0000000710e00000, 0x0000000710e00000, 0x0000000711000000|  0%| F|  |TAMS 0x0000000710e00000| PB 0x0000000710e00000| Untracked 
| 122|0x0000000711000000, 0x0000000711000000, 0x0000000711200000|  0%| F|  |TAMS 0x0000000711000000| PB 0x0000000711000000| Untracked 
| 123|0x0000000711200000, 0x0000000711200000, 0x0000000711400000|  0%| F|  |TAMS 0x0000000711200000| PB 0x0000000711200000| Untracked 
| 124|0x0000000711400000, 0x0000000711400000, 0x0000000711600000|  0%| F|  |TAMS 0x0000000711400000| PB 0x0000000711400000| Untracked 
| 125|0x0000000711600000, 0x0000000711600000, 0x0000000711800000|  0%| F|  |TAMS 0x0000000711600000| PB 0x0000000711600000| Untracked 
| 126|0x0000000711800000, 0x0000000711800000, 0x0000000711a00000|  0%| F|  |TAMS 0x0000000711800000| PB 0x0000000711800000| Untracked 
| 127|0x0000000711a00000, 0x0000000711a00000, 0x0000000711c00000|  0%| F|  |TAMS 0x0000000711a00000| PB 0x0000000711a00000| Untracked 
| 128|0x0000000711c00000, 0x0000000711c00000, 0x0000000711e00000|  0%| F|  |TAMS 0x0000000711c00000| PB 0x0000000711c00000| Untracked 
| 129|0x0000000711e00000, 0x0000000711e00000, 0x0000000712000000|  0%| F|  |TAMS 0x0000000711e00000| PB 0x0000000711e00000| Untracked 
| 130|0x0000000712000000, 0x0000000712000000, 0x0000000712200000|  0%| F|  |TAMS 0x0000000712000000| PB 0x0000000712000000| Untracked 
| 131|0x0000000712200000, 0x0000000712200000, 0x0000000712400000|  0%| F|  |TAMS 0x0000000712200000| PB 0x0000000712200000| Untracked 
| 132|0x0000000712400000, 0x0000000712400000, 0x0000000712600000|  0%| F|  |TAMS 0x0000000712400000| PB 0x0000000712400000| Untracked 
| 133|0x0000000712600000, 0x0000000712600000, 0x0000000712800000|  0%| F|  |TAMS 0x0000000712600000| PB 0x0000000712600000| Untracked 
| 134|0x0000000712800000, 0x0000000712800000, 0x0000000712a00000|  0%| F|  |TAMS 0x0000000712800000| PB 0x0000000712800000| Untracked 
| 135|0x0000000712a00000, 0x0000000712a00000, 0x0000000712c00000|  0%| F|  |TAMS 0x0000000712a00000| PB 0x0000000712a00000| Untracked 
| 136|0x0000000712c00000, 0x0000000712c00000, 0x0000000712e00000|  0%| F|  |TAMS 0x0000000712c00000| PB 0x0000000712c00000| Untracked 
| 137|0x0000000712e00000, 0x0000000712e00000, 0x0000000713000000|  0%| F|  |TAMS 0x0000000712e00000| PB 0x0000000712e00000| Untracked 
| 138|0x0000000713000000, 0x0000000713000000, 0x0000000713200000|  0%| F|  |TAMS 0x0000000713000000| PB 0x0000000713000000| Untracked 
| 139|0x0000000713200000, 0x0000000713200000, 0x0000000713400000|  0%| F|  |TAMS 0x0000000713200000| PB 0x0000000713200000| Untracked 
| 140|0x0000000713400000, 0x0000000713400000, 0x0000000713600000|  0%| F|  |TAMS 0x0000000713400000| PB 0x0000000713400000| Untracked 
| 141|0x0000000713600000, 0x0000000713600000, 0x0000000713800000|  0%| F|  |TAMS 0x0000000713600000| PB 0x0000000713600000| Untracked 
| 142|0x0000000713800000, 0x0000000713800000, 0x0000000713a00000|  0%| F|  |TAMS 0x0000000713800000| PB 0x0000000713800000| Untracked 
| 143|0x0000000713a00000, 0x0000000713a00000, 0x0000000713c00000|  0%| F|  |TAMS 0x0000000713a00000| PB 0x0000000713a00000| Untracked 
| 144|0x0000000713c00000, 0x0000000713c00000, 0x0000000713e00000|  0%| F|  |TAMS 0x0000000713c00000| PB 0x0000000713c00000| Untracked 
| 145|0x0000000713e00000, 0x0000000713e00000, 0x0000000714000000|  0%| F|  |TAMS 0x0000000713e00000| PB 0x0000000713e00000| Untracked 
| 146|0x0000000714000000, 0x0000000714000000, 0x0000000714200000|  0%| F|  |TAMS 0x0000000714000000| PB 0x0000000714000000| Untracked 
| 147|0x0000000714200000, 0x0000000714200000, 0x0000000714400000|  0%| F|  |TAMS 0x0000000714200000| PB 0x0000000714200000| Untracked 
| 148|0x0000000714400000, 0x0000000714400000, 0x0000000714600000|  0%| F|  |TAMS 0x0000000714400000| PB 0x0000000714400000| Untracked 
| 149|0x0000000714600000, 0x0000000714600000, 0x0000000714800000|  0%| F|  |TAMS 0x0000000714600000| PB 0x0000000714600000| Untracked 
| 150|0x0000000714800000, 0x0000000714800000, 0x0000000714a00000|  0%| F|  |TAMS 0x0000000714800000| PB 0x0000000714800000| Untracked 
| 151|0x0000000714a00000, 0x0000000714a00000, 0x0000000714c00000|  0%| F|  |TAMS 0x0000000714a00000| PB 0x0000000714a00000| Untracked 
| 152|0x0000000714c00000, 0x0000000714c00000, 0x0000000714e00000|  0%| F|  |TAMS 0x0000000714c00000| PB 0x0000000714c00000| Untracked 
| 153|0x0000000714e00000, 0x0000000714e00000, 0x0000000715000000|  0%| F|  |TAMS 0x0000000714e00000| PB 0x0000000714e00000| Untracked 
| 154|0x0000000715000000, 0x0000000715000000, 0x0000000715200000|  0%| F|  |TAMS 0x0000000715000000| PB 0x0000000715000000| Untracked 
| 155|0x0000000715200000, 0x0000000715200000, 0x0000000715400000|  0%| F|  |TAMS 0x0000000715200000| PB 0x0000000715200000| Untracked 
| 156|0x0000000715400000, 0x0000000715400000, 0x0000000715600000|  0%| F|  |TAMS 0x0000000715400000| PB 0x0000000715400000| Untracked 
| 157|0x0000000715600000, 0x0000000715600000, 0x0000000715800000|  0%| F|  |TAMS 0x0000000715600000| PB 0x0000000715600000| Untracked 
| 158|0x0000000715800000, 0x0000000715800000, 0x0000000715a00000|  0%| F|  |TAMS 0x0000000715800000| PB 0x0000000715800000| Untracked 
| 159|0x0000000715a00000, 0x0000000715a00000, 0x0000000715c00000|  0%| F|  |TAMS 0x0000000715a00000| PB 0x0000000715a00000| Untracked 
| 160|0x0000000715c00000, 0x0000000715c00000, 0x0000000715e00000|  0%| F|  |TAMS 0x0000000715c00000| PB 0x0000000715c00000| Untracked 
| 161|0x0000000715e00000, 0x0000000715e00000, 0x0000000716000000|  0%| F|  |TAMS 0x0000000715e00000| PB 0x0000000715e00000| Untracked 
| 162|0x0000000716000000, 0x0000000716000000, 0x0000000716200000|  0%| F|  |TAMS 0x0000000716000000| PB 0x0000000716000000| Untracked 
| 163|0x0000000716200000, 0x0000000716200000, 0x0000000716400000|  0%| F|  |TAMS 0x0000000716200000| PB 0x0000000716200000| Untracked 
| 164|0x0000000716400000, 0x0000000716400000, 0x0000000716600000|  0%| F|  |TAMS 0x0000000716400000| PB 0x0000000716400000| Untracked 
| 165|0x0000000716600000, 0x0000000716600000, 0x0000000716800000|  0%| F|  |TAMS 0x0000000716600000| PB 0x0000000716600000| Untracked 
| 166|0x0000000716800000, 0x0000000716800000, 0x0000000716a00000|  0%| F|  |TAMS 0x0000000716800000| PB 0x0000000716800000| Untracked 
| 167|0x0000000716a00000, 0x0000000716a00000, 0x0000000716c00000|  0%| F|  |TAMS 0x0000000716a00000| PB 0x0000000716a00000| Untracked 
| 168|0x0000000716c00000, 0x0000000716cfe548, 0x0000000716e00000| 49%| S|CS|TAMS 0x0000000716c00000| PB 0x0000000716c00000| Complete 
| 169|0x0000000716e00000, 0x0000000717000000, 0x0000000717000000|100%| S|CS|TAMS 0x0000000716e00000| PB 0x0000000716e00000| Complete 
| 170|0x0000000717000000, 0x0000000717200000, 0x0000000717200000|100%| E|  |TAMS 0x0000000717000000| PB 0x0000000717000000| Complete 
|2030|0x00000007ff800000, 0x00000007ffa00000, 0x00000007ffa00000|100%| O|  |TAMS 0x00000007ff800000| PB 0x00000007ff800000| Untracked 
|2031|0x00000007ffa00000, 0x00000007ffc00000, 0x00000007ffc00000|100%| O|  |TAMS 0x00000007ffa00000| PB 0x00000007ffa00000| Untracked 
|2032|0x00000007ffc00000, 0x00000007ffe00000, 0x00000007ffe00000|100%| O|  |TAMS 0x00000007ffc00000| PB 0x00000007ffc00000| Untracked 
|2033|0x00000007ffe00000, 0x0000000800000000, 0x0000000800000000|100%| O|  |TAMS 0x00000007ffe00000| PB 0x00000007ffe00000| Untracked 

Card table byte_map: [0x000001c05ae80000,0x000001c05b680000] _byte_map_base: 0x000001c057672000

Marking Bits: (CMBitMap*) 0x000001c043650de0
 Bits: [0x000001c05be80000, 0x000001c05fe10000)

Polling page: 0x000001c041540000

Metaspace:

Usage:
  Non-class:     33.87 MB used.
      Class:      4.56 MB used.
       Both:     38.43 MB used.

Virtual space:
  Non-class space:       64.00 MB reserved,      34.12 MB ( 53%) committed,  1 nodes.
      Class space:        1.00 GB reserved,       4.75 MB ( <1%) committed,  1 nodes.
             Both:        1.06 GB reserved,      38.88 MB (  4%) committed. 

Chunk freelists:
   Non-Class:  1.22 MB
       Class:  3.14 MB
        Both:  4.36 MB

MaxMetaspaceSize: unlimited
CompressedClassSpaceSize: 1.00 GB
Initial GC threshold: 21.00 MB
Current GC threshold: 47.31 MB
CDS: on
MetaspaceReclaimPolicy: balanced
 - commit_granule_bytes: 65536.
 - commit_granule_words: 8192.
 - virtual_space_node_default_size: 8388608.
 - enlarge_chunks_in_place: 1.
 - new_chunks_are_fully_committed: 0.
 - uncommit_free_chunks: 1.
 - use_allocation_guard: 0.


Internal statistics:

num_allocs_failed_limit: 3.
num_arena_births: 516.
num_arena_deaths: 0.
num_vsnodes_births: 2.
num_vsnodes_deaths: 0.
num_space_committed: 622.
num_space_uncommitted: 0.
num_chunks_returned_to_freelist: 3.
num_chunks_taken_from_freelist: 1570.
num_chunk_merges: 0.
num_chunk_splits: 1100.
num_chunks_enlarged: 832.
num_inconsistent_stats: 0.

CodeHeap 'non-profiled nmethods': size=120000Kb used=1597Kb max_used=1597Kb free=118402Kb
 bounds [0x000001c053150000, 0x000001c0533c0000, 0x000001c05a680000]
CodeHeap 'profiled nmethods': size=120000Kb used=6277Kb max_used=6277Kb free=113723Kb
 bounds [0x000001c04b680000, 0x000001c04bcb0000, 0x000001c052bb0000]
CodeHeap 'non-nmethods': size=5760Kb used=1844Kb max_used=1913Kb free=3915Kb
 bounds [0x000001c052bb0000, 0x000001c052e20000, 0x000001c053150000]
 total_blobs=4006 nmethods=3209 adapters=706
 compilation: enabled
              stopped_count=0, restarted_count=0
 full_count=0

Compilation events (20 events):
Event: 12.702 Thread 0x000001c06230e7a0 nmethod 3630% 0x000001c0532d2b10 code [0x000001c0532d2f40, 0x000001c0532db1c0]
Event: 12.703 Thread 0x000001c06230e7a0 3632  s    4       org.monte.media.io.ByteArrayImageOutputStream::write (114 bytes)
Event: 12.711 Thread 0x000001c06230e7a0 nmethod 3632 0x000001c0532de910 code [0x000001c0532deaa0, 0x000001c0532deff8]
Event: 12.711 Thread 0x000001c06230e7a0 3633       4       java.lang.Thread::interrupted (7 bytes)
Event: 12.712 Thread 0x000001c06230e7a0 nmethod 3633 0x000001c0532df210 code [0x000001c0532df380, 0x000001c0532df410]
Event: 12.713 Thread 0x000001c066534fd0 3642   !   3       java.util.EnumSet::clone (18 bytes)
Event: 12.713 Thread 0x000001c06230e7a0 3643       4       org.monte.media.avi.TechSmithCodecCore::encodeDelta24 (749 bytes)
Event: 12.713 Thread 0x000001c066534fd0 nmethod 3642 0x000001c04bc90d90 code [0x000001c04bc90f40, 0x000001c04bc91260]
Event: 12.732 Thread 0x000001c066534fd0 3644   !   3       java.util.concurrent.ArrayBlockingQueue::take (46 bytes)
Event: 12.733 Thread 0x000001c066534fd0 nmethod 3644 0x000001c04bc91390 code [0x000001c04bc91620, 0x000001c04bc92398]
Event: 12.734 Thread 0x000001c066534fd0 3645       3       org.monte.media.avi.TechSmithCodec::process (70 bytes)
Event: 12.735 Thread 0x000001c066534fd0 nmethod 3645 0x000001c04bc92890 code [0x000001c04bc92b00, 0x000001c04bc93748]
Event: 12.735 Thread 0x000001c066534fd0 3646   !   3       org.monte.media.avi.TechSmithCodec::encode (1172 bytes)
Event: 12.751 Thread 0x000001c066534fd0 nmethod 3646 0x000001c04bc93b90 code [0x000001c04bc94780, 0x000001c04bc9cf10]
Event: 12.752 Thread 0x000001c066534fd0 3647       3       org.monte.media.io.SeekableByteArrayOutputStream::<init> (7 bytes)
Event: 12.752 Thread 0x000001c066534fd0 nmethod 3647 0x000001c04bca0990 code [0x000001c04bca0b20, 0x000001c04bca0c60]
Event: 12.752 Thread 0x000001c066534fd0 3648       3       org.monte.screenrecorder.ScreenRecorder::access$1100 (6 bytes)
Event: 12.752 Thread 0x000001c066534fd0 nmethod 3648 0x000001c04bca0d10 code [0x000001c04bca0ea0, 0x000001c04bca0fb8]
Event: 13.001 Thread 0x000001c066534fd0 3649       3       java.util.IdentityHashMap::isEmpty (13 bytes)
Event: 13.002 Thread 0x000001c066534fd0 nmethod 3649 0x000001c04bca1090 code [0x000001c04bca1220, 0x000001c04bca1390]

GC Heap History (20 events):
Event: 6.835 GC heap before
{Heap before GC invocations=29 (full 0):
 garbage-first heap   total 221184K, used 98801K [0x0000000701c00000, 0x0000000800000000)
  region size 2048K, 3 young (6144K), 1 survivors (2048K)
 Metaspace       used 34067K, committed 34496K, reserved 1114112K
  class space    used 3935K, committed 4096K, reserved 1048576K
}
Event: 6.839 GC heap after
{Heap after GC invocations=30 (full 0):
 garbage-first heap   total 221184K, used 55874K [0x0000000701c00000, 0x0000000800000000)
  region size 2048K, 2 young (4096K), 2 survivors (4096K)
 Metaspace       used 34067K, committed 34496K, reserved 1114112K
  class space    used 3935K, committed 4096K, reserved 1048576K
}
Event: 7.180 GC heap before
{Heap before GC invocations=30 (full 0):
 garbage-first heap   total 221184K, used 102978K [0x0000000701c00000, 0x0000000800000000)
  region size 2048K, 6 young (12288K), 2 survivors (4096K)
 Metaspace       used 35818K, committed 36224K, reserved 1114112K
  class space    used 4173K, committed 4352K, reserved 1048576K
}
Event: 7.184 GC heap after
{Heap after GC invocations=31 (full 0):
 garbage-first heap   total 221184K, used 88857K [0x0000000701c00000, 0x0000000800000000)
  region size 2048K, 2 young (4096K), 2 survivors (4096K)
 Metaspace       used 35818K, committed 36224K, reserved 1114112K
  class space    used 4173K, committed 4352K, reserved 1048576K
}
Event: 7.215 GC heap before
{Heap before GC invocations=31 (full 0):
 garbage-first heap   total 221184K, used 95001K [0x0000000701c00000, 0x0000000800000000)
  region size 2048K, 3 young (6144K), 2 survivors (4096K)
 Metaspace       used 35856K, committed 36288K, reserved 1114112K
  class space    used 4179K, committed 4352K, reserved 1048576K
}
Event: 7.219 GC heap after
{Heap after GC invocations=32 (full 0):
 garbage-first heap   total 221184K, used 62258K [0x0000000701c00000, 0x0000000800000000)
  region size 2048K, 2 young (4096K), 2 survivors (4096K)
 Metaspace       used 35856K, committed 36288K, reserved 1114112K
  class space    used 4179K, committed 4352K, reserved 1048576K
}
Event: 7.512 GC heap before
{Heap before GC invocations=32 (full 0):
 garbage-first heap   total 221184K, used 95026K [0x0000000701c00000, 0x0000000800000000)
  region size 2048K, 3 young (6144K), 2 survivors (4096K)
 Metaspace       used 35858K, committed 36288K, reserved 1114112K
  class space    used 4179K, committed 4352K, reserved 1048576K
}
Event: 7.517 GC heap after
{Heap after GC invocations=33 (full 0):
 garbage-first heap   total 358400K, used 87107K [0x0000000701c00000, 0x0000000800000000)
  region size 2048K, 2 young (4096K), 2 survivors (4096K)
 Metaspace       used 35858K, committed 36288K, reserved 1114112K
  class space    used 4179K, committed 4352K, reserved 1048576K
}
Event: 8.973 GC heap before
{Heap before GC invocations=33 (full 0):
 garbage-first heap   total 358400K, used 160835K [0x0000000701c00000, 0x0000000800000000)
  region size 2048K, 3 young (6144K), 2 survivors (4096K)
 Metaspace       used 35882K, committed 36288K, reserved 1114112K
  class space    used 4179K, committed 4352K, reserved 1048576K
}
Event: 8.978 GC heap after
{Heap after GC invocations=34 (full 0):
 garbage-first heap   total 358400K, used 128058K [0x0000000701c00000, 0x0000000800000000)
  region size 2048K, 2 young (4096K), 2 survivors (4096K)
 Metaspace       used 35882K, committed 36288K, reserved 1114112K
  class space    used 4179K, committed 4352K, reserved 1048576K
}
Event: 9.481 GC heap before
{Heap before GC invocations=34 (full 0):
 garbage-first heap   total 358400K, used 169018K [0x0000000701c00000, 0x0000000800000000)
  region size 2048K, 7 young (14336K), 2 survivors (4096K)
 Metaspace       used 37229K, committed 37696K, reserved 1114112K
  class space    used 4380K, committed 4608K, reserved 1048576K
}
Event: 9.486 GC heap after
{Heap after GC invocations=35 (full 0):
 garbage-first heap   total 358400K, used 87665K [0x0000000701c00000, 0x0000000800000000)
  region size 2048K, 2 young (4096K), 2 survivors (4096K)
 Metaspace       used 37229K, committed 37696K, reserved 1114112K
  class space    used 4380K, committed 4608K, reserved 1048576K
}
Event: 10.418 GC heap before
{Heap before GC invocations=35 (full 0):
 garbage-first heap   total 358400K, used 171633K [0x0000000701c00000, 0x0000000800000000)
  region size 2048K, 8 young (16384K), 2 survivors (4096K)
 Metaspace       used 39235K, committed 39680K, reserved 1114112K
  class space    used 4670K, committed 4864K, reserved 1048576K
}
Event: 10.424 GC heap after
{Heap after GC invocations=36 (full 0):
 garbage-first heap   total 358400K, used 129440K [0x0000000701c00000, 0x0000000800000000)
  region size 2048K, 2 young (4096K), 2 survivors (4096K)
 Metaspace       used 39235K, committed 39680K, reserved 1114112K
  class space    used 4670K, committed 4864K, reserved 1048576K
}
Event: 10.710 GC heap before
{Heap before GC invocations=36 (full 0):
 garbage-first heap   total 358400K, used 162208K [0x0000000701c00000, 0x0000000800000000)
  region size 2048K, 3 young (6144K), 2 survivors (4096K)
 Metaspace       used 39263K, committed 39680K, reserved 1114112K
  class space    used 4670K, committed 4864K, reserved 1048576K
}
Event: 10.716 GC heap after
{Heap after GC invocations=37 (full 0):
 garbage-first heap   total 358400K, used 88266K [0x0000000701c00000, 0x0000000800000000)
  region size 2048K, 2 young (4096K), 2 survivors (4096K)
 Metaspace       used 39263K, committed 39680K, reserved 1114112K
  class space    used 4670K, committed 4864K, reserved 1048576K
}
Event: 11.590 GC heap before
{Heap before GC invocations=37 (full 0):
 garbage-first heap   total 358400K, used 164042K [0x0000000701c00000, 0x0000000800000000)
  region size 2048K, 4 young (8192K), 2 survivors (4096K)
 Metaspace       used 39273K, committed 39680K, reserved 1114112K
  class space    used 4670K, committed 4864K, reserved 1048576K
}
Event: 11.597 GC heap after
{Heap after GC invocations=38 (full 0):
 garbage-first heap   total 358400K, used 129089K [0x0000000701c00000, 0x0000000800000000)
  region size 2048K, 2 young (4096K), 2 survivors (4096K)
 Metaspace       used 39273K, committed 39680K, reserved 1114112K
  class space    used 4670K, committed 4864K, reserved 1048576K
}
Event: 12.089 GC heap before
{Heap before GC invocations=38 (full 0):
 garbage-first heap   total 358400K, used 161857K [0x0000000701c00000, 0x0000000800000000)
  region size 2048K, 3 young (6144K), 2 survivors (4096K)
 Metaspace       used 39302K, committed 39744K, reserved 1114112K
  class space    used 4670K, committed 4864K, reserved 1048576K
}
Event: 12.094 GC heap after
{Heap after GC invocations=39 (full 0):
 garbage-first heap   total 358400K, used 88383K [0x0000000701c00000, 0x0000000800000000)
  region size 2048K, 2 young (4096K), 2 survivors (4096K)
 Metaspace       used 39302K, committed 39744K, reserved 1114112K
  class space    used 4670K, committed 4864K, reserved 1048576K
}

Dll operation events (15 events):
Event: 0.018 Loaded shared library C:\Program Files\Java\jdk-20\bin\java.dll
Event: 0.038 Loaded shared library C:\Program Files\Java\jdk-20\bin\jsvml.dll
Event: 0.347 Loaded shared library C:\Program Files\Java\jdk-20\bin\zip.dll
Event: 0.352 Loaded shared library C:\Program Files\Java\jdk-20\bin\instrument.dll
Event: 0.362 Loaded shared library C:\Program Files\Java\jdk-20\bin\net.dll
Event: 0.365 Loaded shared library C:\Program Files\Java\jdk-20\bin\nio.dll
Event: 0.374 Loaded shared library C:\Program Files\Java\jdk-20\bin\zip.dll
Event: 0.395 Loaded shared library C:\Program Files\JetBrains\IntelliJ IDEA Community Edition 2023.1.2\bin\breakgen64.dll
Event: 0.424 Loaded shared library C:\Program Files\Java\jdk-20\bin\extnet.dll
Event: 0.676 Loaded shared library C:\Program Files\Java\jdk-20\bin\jimage.dll
Event: 2.725 Loaded shared library C:\Program Files\Java\jdk-20\bin\management.dll
Event: 2.730 Loaded shared library C:\Program Files\Java\jdk-20\bin\management_ext.dll
Event: 3.764 Loaded shared library C:\Program Files\Java\jdk-20\bin\awt.dll
Event: 4.204 Loaded shared library C:\Program Files\Java\jdk-20\bin\sunmscapi.dll
Event: 4.577 Loaded shared library C:\Program Files\Java\jdk-20\bin\verify.dll

Deoptimization events (20 events):
Event: 12.734 Thread 0x000001c067cb15a0 DEOPT PACKING pc=0x000001c04bc88d92 sp=0x00000057e6afeab0
Event: 12.734 Thread 0x000001c067cb15a0 DEOPT UNPACKING pc=0x000001c052c1a4c2 sp=0x00000057e6afdfc0 mode 0
Event: 12.753 Thread 0x000001c067cb15a0 DEOPT PACKING pc=0x000001c04bc88d92 sp=0x00000057e6afea50
Event: 12.753 Thread 0x000001c067cb15a0 DEOPT UNPACKING pc=0x000001c052c1a4c2 sp=0x00000057e6afdf60 mode 0
Event: 12.768 Thread 0x000001c067cb15a0 DEOPT PACKING pc=0x000001c04bc88d92 sp=0x00000057e6afea50
Event: 12.768 Thread 0x000001c067cb15a0 DEOPT UNPACKING pc=0x000001c052c1a4c2 sp=0x00000057e6afdf60 mode 0
Event: 12.775 Thread 0x000001c067cb15a0 DEOPT PACKING pc=0x000001c04bc88d92 sp=0x00000057e6afe940
Event: 12.775 Thread 0x000001c067cb15a0 DEOPT UNPACKING pc=0x000001c052c1a4c2 sp=0x00000057e6afde10 mode 0
Event: 12.784 Thread 0x000001c067cb15a0 DEOPT PACKING pc=0x000001c04bc88d92 sp=0x00000057e6afe940
Event: 12.784 Thread 0x000001c067cb15a0 DEOPT UNPACKING pc=0x000001c052c1a4c2 sp=0x00000057e6afde10 mode 0
Event: 12.790 Thread 0x000001c067cb15a0 DEOPT PACKING pc=0x000001c04bc88d92 sp=0x00000057e6afe940
Event: 12.790 Thread 0x000001c067cb15a0 DEOPT UNPACKING pc=0x000001c052c1a4c2 sp=0x00000057e6afde10 mode 0
Event: 12.866 Thread 0x000001c067cb15a0 DEOPT PACKING pc=0x000001c04bc88d92 sp=0x00000057e6afe940
Event: 12.866 Thread 0x000001c067cb15a0 DEOPT UNPACKING pc=0x000001c052c1a4c2 sp=0x00000057e6afde10 mode 0
Event: 12.965 Thread 0x000001c067cb15a0 DEOPT PACKING pc=0x000001c04bc88d92 sp=0x00000057e6afe940
Event: 12.965 Thread 0x000001c067cb15a0 DEOPT UNPACKING pc=0x000001c052c1a4c2 sp=0x00000057e6afde10 mode 0
Event: 12.981 Thread 0x000001c067cb15a0 DEOPT PACKING pc=0x000001c04bc88d92 sp=0x00000057e6afe940
Event: 12.981 Thread 0x000001c067cb15a0 DEOPT UNPACKING pc=0x000001c052c1a4c2 sp=0x00000057e6afde10 mode 0
Event: 12.990 Thread 0x000001c067cb15a0 DEOPT PACKING pc=0x000001c04bc88d92 sp=0x00000057e6afe940
Event: 12.990 Thread 0x000001c067cb15a0 DEOPT UNPACKING pc=0x000001c052c1a4c2 sp=0x00000057e6afde10 mode 0

Classes loaded (20 events):
Event: 9.829 Loading class sun/nio/fs/WindowsPath$1
Event: 9.829 Loading class sun/nio/fs/WindowsPath$1 done
Event: 9.837 Loading class java/util/concurrent/atomic/AtomicReferenceArray
Event: 9.838 Loading class java/util/concurrent/atomic/AtomicReferenceArray done
Event: 9.838 Loading class java/lang/invoke/VarHandleReferences$Array
Event: 9.838 Loading class java/lang/invoke/VarHandleReferences$Array done
Event: 9.895 Loading class org/w3c/dom/Node
Event: 9.895 Loading class org/w3c/dom/Node done
Event: 9.895 Loading class org/w3c/dom/Document
Event: 9.896 Loading class org/w3c/dom/Document done
Event: 9.990 Loading class java/util/Comparators$NullComparator
Event: 9.990 Loading class java/util/Comparators$NullComparator done
Event: 9.991 Loading class java/util/stream/SortedOps$RefSortingSink
Event: 9.991 Loading class java/util/stream/SortedOps$RefSortingSink done
Event: 10.011 Loading class java/util/ArrayList$SubList$1
Event: 10.011 Loading class java/util/ArrayList$SubList$1 done
Event: 10.070 Loading class java/util/AbstractList$ListItr
Event: 10.070 Loading class java/util/AbstractList$ListItr done
Event: 10.217 Loading class java/util/concurrent/ConcurrentHashMap$KeySpliterator
Event: 10.217 Loading class java/util/concurrent/ConcurrentHashMap$KeySpliterator done

Classes unloaded (0 events):
No events

Classes redefined (0 events):
No events

Internal exceptions (20 events):
Event: 9.709 Thread 0x000001c0435dff90 Exception <a 'java/lang/IncompatibleClassChangeError'{0x0000000716f2a880}: Found class java.lang.Object, but interface was expected> (0x0000000716f2a880) 
thrown [s\open\src\hotspot\share\interpreter\linkResolver.cpp, line 840]
Event: 9.710 Thread 0x000001c0435dff90 Exception <a 'java/lang/IncompatibleClassChangeError'{0x0000000716f2d840}: Found class java.lang.Object, but interface was expected> (0x0000000716f2d840) 
thrown [s\open\src\hotspot\share\interpreter\linkResolver.cpp, line 840]
Event: 9.731 Thread 0x000001c0435dff90 Exception <a 'java/lang/NoSuchMethodError'{0x0000000716f77ea8}: 'int java.lang.invoke.DirectMethodHandle$Holder.invokeVirtual(java.lang.Object, java.lang.Object, java.lang.Object)'> (0x0000000716f77ea8) 
thrown [s\open\src\hotspot\share\interpreter\linkResolver.cpp, line 773]
Event: 9.821 Thread 0x000001c0435dff90 Exception <a 'java/lang/IncompatibleClassChangeError'{0x0000000716d318d8}: Found class java.lang.Object, but interface was expected> (0x0000000716d318d8) 
thrown [s\open\src\hotspot\share\interpreter\linkResolver.cpp, line 840]
Event: 9.822 Thread 0x000001c0435dff90 Exception <a 'java/lang/IncompatibleClassChangeError'{0x0000000716d34af0}: Found class java.lang.Object, but interface was expected> (0x0000000716d34af0) 
thrown [s\open\src\hotspot\share\interpreter\linkResolver.cpp, line 840]
Event: 9.822 Thread 0x000001c0435dff90 Exception <a 'java/lang/IncompatibleClassChangeError'{0x0000000716d38498}: Found class java.lang.Object, but interface was expected> (0x0000000716d38498) 
thrown [s\open\src\hotspot\share\interpreter\linkResolver.cpp, line 840]
Event: 9.823 Thread 0x000001c0435dff90 Exception <a 'java/lang/IncompatibleClassChangeError'{0x0000000716d3b6b8}: Found class java.lang.Object, but interface was expected> (0x0000000716d3b6b8) 
thrown [s\open\src\hotspot\share\interpreter\linkResolver.cpp, line 840]
Event: 9.825 Thread 0x000001c0435dff90 Exception <a 'java/lang/IncompatibleClassChangeError'{0x0000000716d44f00}: Found class java.lang.Object, but interface was expected> (0x0000000716d44f00) 
thrown [s\open\src\hotspot\share\interpreter\linkResolver.cpp, line 840]
Event: 9.826 Thread 0x000001c0435dff90 Exception <a 'java/lang/IncompatibleClassChangeError'{0x0000000716d480b0}: Found class java.lang.Object, but interface was expected> (0x0000000716d480b0) 
thrown [s\open\src\hotspot\share\interpreter\linkResolver.cpp, line 840]
Event: 9.827 Thread 0x000001c0435dff90 Exception <a 'java/lang/IncompatibleClassChangeError'{0x0000000716d4b2a0}: Found class java.lang.Object, but interface was expected> (0x0000000716d4b2a0) 
thrown [s\open\src\hotspot\share\interpreter\linkResolver.cpp, line 840]
Event: 9.828 Thread 0x000001c0435dff90 Exception <a 'java/lang/IncompatibleClassChangeError'{0x0000000716d4e468}: Found class java.lang.Object, but interface was expected> (0x0000000716d4e468) 
thrown [s\open\src\hotspot\share\interpreter\linkResolver.cpp, line 840]
Event: 9.828 Thread 0x000001c0435dff90 Exception <a 'java/lang/IncompatibleClassChangeError'{0x0000000716d51658}: Found class java.lang.Object, but interface was expected> (0x0000000716d51658) 
thrown [s\open\src\hotspot\share\interpreter\linkResolver.cpp, line 840]
Event: 9.829 Thread 0x000001c0435dff90 Exception <a 'sun/nio/fs/WindowsException'{0x0000000716d546d0}> (0x0000000716d546d0) 
thrown [s\open\src\hotspot\share\prims\jni.cpp, line 519]
Event: 9.966 Thread 0x000001c0435dff90 Exception <a 'java/lang/IncompatibleClassChangeError'{0x0000000716bd1de8}: Found class java.lang.Object, but interface was expected> (0x0000000716bd1de8) 
thrown [s\open\src\hotspot\share\interpreter\linkResolver.cpp, line 840]
Event: 9.971 Thread 0x000001c0435dff90 Exception <a 'sun/nio/fs/WindowsException'{0x0000000716bde218}> (0x0000000716bde218) 
thrown [s\open\src\hotspot\share\prims\jni.cpp, line 519]
Event: 9.979 Thread 0x000001c0435dff90 Exception <a 'sun/nio/fs/WindowsException'{0x0000000716be8728}> (0x0000000716be8728) 
thrown [s\open\src\hotspot\share\prims\jni.cpp, line 519]
Event: 9.990 Thread 0x000001c0435dff90 Exception <a 'java/lang/NoSuchMethodError'{0x0000000716bf8be8}: 'int java.lang.invoke.DirectMethodHandle$Holder.invokeStatic(java.lang.Object, java.lang.Object, java.lang.Object, java.lang.Object, java.lang.Object)'> (0x0000000716bf8be8) 
thrown [s\open\src\hotspot\share\interpreter\linkResolver.cpp, line 773]
Event: 10.015 Thread 0x000001c0435dff90 Exception <a 'java/lang/NoSuchMethodError'{0x000000071686e868}: 'void java.lang.invoke.DirectMethodHandle$Holder.invokeInterface(java.lang.Object, java.lang.Object)'> (0x000000071686e868) 
thrown [s\open\src\hotspot\share\interpreter\linkResolver.cpp, line 773]
Event: 10.172 Thread 0x000001c0435dff90 Exception <a 'java/lang/IncompatibleClassChangeError'{0x00000007166397d0}: Found class java.lang.Object, but interface was expected> (0x00000007166397d0) 
thrown [s\open\src\hotspot\share\interpreter\linkResolver.cpp, line 840]
Event: 10.173 Thread 0x000001c0435dff90 Exception <a 'java/lang/IncompatibleClassChangeError'{0x000000071663ca70}: Found class java.lang.Object, but interface was expected> (0x000000071663ca70) 
thrown [s\open\src\hotspot\share\interpreter\linkResolver.cpp, line 840]

VM Operations (20 events):
Event: 7.180 Executing VM operation: G1TryInitiateConcMark
Event: 7.184 Executing VM operation: G1TryInitiateConcMark done
Event: 7.215 Executing VM operation: G1TryInitiateConcMark
Event: 7.219 Executing VM operation: G1TryInitiateConcMark done
Event: 7.512 Executing VM operation: G1TryInitiateConcMark
Event: 7.517 Executing VM operation: G1TryInitiateConcMark done
Event: 8.973 Executing VM operation: G1TryInitiateConcMark
Event: 8.978 Executing VM operation: G1TryInitiateConcMark done
Event: 9.480 Executing VM operation: G1TryInitiateConcMark
Event: 9.486 Executing VM operation: G1TryInitiateConcMark done
Event: 9.870 Executing VM operation: HandshakeAllThreads
Event: 9.870 Executing VM operation: HandshakeAllThreads done
Event: 10.417 Executing VM operation: G1TryInitiateConcMark
Event: 10.425 Executing VM operation: G1TryInitiateConcMark done
Event: 10.710 Executing VM operation: G1TryInitiateConcMark
Event: 10.716 Executing VM operation: G1TryInitiateConcMark done
Event: 11.590 Executing VM operation: G1TryInitiateConcMark
Event: 11.598 Executing VM operation: G1TryInitiateConcMark done
Event: 12.089 Executing VM operation: G1TryInitiateConcMark
Event: 12.094 Executing VM operation: G1TryInitiateConcMark done

Events (20 events):
Event: 5.806 Thread 0x000001c0622e8fa0 flushing nmethod 0x000001c04b7b6e10
Event: 5.806 Thread 0x000001c0622e8fa0 flushing nmethod 0x000001c04b6d8790
Event: 6.220 Thread 0x000001c067744170 Thread exited: 0x000001c067744170
Event: 6.386 Thread 0x000001c067cb0b00 Thread added: 0x000001c067cb0b00
Event: 6.415 Thread 0x000001c067cae080 Thread added: 0x000001c067cae080
Event: 6.415 Thread 0x000001c06ad94c40 Thread added: 0x000001c06ad94c40
Event: 6.453 Thread 0x000001c06ad92c60 Thread added: 0x000001c06ad92c60
Event: 6.454 Thread 0x000001c06ad95190 Thread added: 0x000001c06ad95190
Event: 6.459 Thread 0x000001c06ad91c70 Thread added: 0x000001c06ad91c70
Event: 6.522 Thread 0x000001c06ad931b0 Thread added: 0x000001c06ad931b0
Event: 7.057 Thread 0x000001c06ad901e0 Thread added: 0x000001c06ad901e0
Event: 8.940 Thread 0x000001c067cb0060 Thread exited: 0x000001c067cb0060
Event: 8.940 Thread 0x000001c067caf5c0 Thread exited: 0x000001c067caf5c0
Event: 9.362 Thread 0x000001c06ad921c0 Thread added: 0x000001c06ad921c0
Event: 9.410 Thread 0x000001c06ad956e0 Thread added: 0x000001c06ad956e0
Event: 9.527 Thread 0x000001c067745220 Thread added: 0x000001c067745220
Event: 9.702 Thread 0x000001c067745220 Thread exited: 0x000001c067745220
Event: 10.094 Thread 0x000001c067745d40 Thread added: 0x000001c067745d40
Event: 10.416 Thread 0x000001c067745d40 Thread exited: 0x000001c067745d40
Event: 11.524 Thread 0x000001c06ad931b0 Thread exited: 0x000001c06ad931b0


Dynamic libraries:
0x00007ff744680000 - 0x00007ff744690000 	C:\Program Files\Java\jdk-20\bin\java.exe
0x00007ffa3c8d0000 - 0x00007ffa3cae4000 	C:\WINDOWS\SYSTEM32\ntdll.dll
0x00007ffa3bac0000 - 0x00007ffa3bb82000 	C:\WINDOWS\System32\KERNEL32.DLL
0x00007ffa39d80000 - 0x00007ffa3a123000 	C:\WINDOWS\System32\KERNELBASE.dll
0x00007ffa3a4d0000 - 0x00007ffa3a5e1000 	C:\WINDOWS\System32\ucrtbase.dll
0x00007ffa23ee0000 - 0x00007ffa23efb000 	C:\Program Files\Java\jdk-20\bin\VCRUNTIME140.dll
0x00007ffa22690000 - 0x00007ffa226a9000 	C:\Program Files\Java\jdk-20\bin\jli.dll
0x00007ffa3bb90000 - 0x00007ffa3bc3e000 	C:\WINDOWS\System32\ADVAPI32.dll
0x00007ffa3ba10000 - 0x00007ffa3bab7000 	C:\WINDOWS\System32\msvcrt.dll
0x00007ffa3a900000 - 0x00007ffa3a9a4000 	C:\WINDOWS\System32\sechost.dll
0x00007ffa3ae90000 - 0x00007ffa3afa7000 	C:\WINDOWS\System32\RPCRT4.dll
0x00007ffa3b850000 - 0x00007ffa3b9fb000 	C:\WINDOWS\System32\USER32.dll
0x00007ffa39d50000 - 0x00007ffa39d76000 	C:\WINDOWS\System32\win32u.dll
0x00007ffa3a6d0000 - 0x00007ffa3a6f9000 	C:\WINDOWS\System32\GDI32.dll
0x00007ffa3a310000 - 0x00007ffa3a429000 	C:\WINDOWS\System32\gdi32full.dll
0x00007ffa22c30000 - 0x00007ffa22ebe000 	C:\WINDOWS\WinSxS\amd64_microsoft.windows.common-controls_6595b64144ccf1df_6.0.22621.1635_none_270f70857386168e\COMCTL32.dll
0x00007ffa3a430000 - 0x00007ffa3a4ca000 	C:\WINDOWS\System32\msvcp_win.dll
0x00007ffa2c2b0000 - 0x00007ffa2c2ba000 	C:\WINDOWS\SYSTEM32\VERSION.dll
0x00007ffa3c120000 - 0x00007ffa3c151000 	C:\WINDOWS\System32\IMM32.DLL
0x00007ffa34920000 - 0x00007ffa3492c000 	C:\Program Files\Java\jdk-20\bin\vcruntime140_1.dll
0x00007ffa0b580000 - 0x00007ffa0b60e000 	C:\Program Files\Java\jdk-20\bin\msvcp140.dll
0x00007ff9f4db0000 - 0x00007ff9f5a47000 	C:\Program Files\Java\jdk-20\bin\server\jvm.dll
0x00007ffa16150000 - 0x00007ffa16159000 	C:\WINDOWS\SYSTEM32\WSOCK32.dll
0x00007ffa2d730000 - 0x00007ffa2d764000 	C:\WINDOWS\SYSTEM32\WINMM.dll
0x00007ffa3afd0000 - 0x00007ffa3b041000 	C:\WINDOWS\System32\WS2_32.dll
0x00007ffa38d20000 - 0x00007ffa38d38000 	C:\WINDOWS\SYSTEM32\kernel.appcore.dll
0x00007ffa2e520000 - 0x00007ffa2e52a000 	C:\Program Files\Java\jdk-20\bin\jimage.dll
0x00007ffa35d70000 - 0x00007ffa35f9e000 	C:\WINDOWS\SYSTEM32\DBGHELP.DLL
0x00007ffa3bd90000 - 0x00007ffa3c119000 	C:\WINDOWS\System32\combase.dll
0x00007ffa3c160000 - 0x00007ffa3c237000 	C:\WINDOWS\System32\OLEAUT32.dll
0x00007ffa1b990000 - 0x00007ffa1b9c2000 	C:\WINDOWS\SYSTEM32\dbgcore.DLL
0x00007ffa39cd0000 - 0x00007ffa39d4b000 	C:\WINDOWS\System32\bcryptPrimitives.dll
0x00007ffa23610000 - 0x00007ffa2361e000 	C:\Program Files\Java\jdk-20\bin\instrument.dll
0x00007ffa225e0000 - 0x00007ffa22606000 	C:\Program Files\Java\jdk-20\bin\java.dll
0x00007ffa01bd0000 - 0x00007ffa01ca7000 	C:\Program Files\Java\jdk-20\bin\jsvml.dll
0x00007ffa3b050000 - 0x00007ffa3b84a000 	C:\WINDOWS\System32\SHELL32.dll
0x00007ffa37cd0000 - 0x00007ffa3859e000 	C:\WINDOWS\SYSTEM32\windows.storage.dll
0x00007ffa37a20000 - 0x00007ffa37b5e000 	C:\WINDOWS\SYSTEM32\wintypes.dll
0x00007ffa3a7f0000 - 0x00007ffa3a8e1000 	C:\WINDOWS\System32\SHCORE.dll
0x00007ffa3ae30000 - 0x00007ffa3ae8e000 	C:\WINDOWS\System32\shlwapi.dll
0x00007ffa39c00000 - 0x00007ffa39c21000 	C:\WINDOWS\SYSTEM32\profapi.dll
0x00007ffa223e0000 - 0x00007ffa223f8000 	C:\Program Files\Java\jdk-20\bin\zip.dll
0x00007ffa225c0000 - 0x00007ffa225d3000 	C:\Program Files\Java\jdk-20\bin\net.dll
0x00007ffa2d2a0000 - 0x00007ffa2d3d7000 	C:\WINDOWS\SYSTEM32\WINHTTP.dll
0x00007ffa39190000 - 0x00007ffa391f9000 	C:\WINDOWS\system32\mswsock.dll
0x00007ffa22400000 - 0x00007ffa22416000 	C:\Program Files\Java\jdk-20\bin\nio.dll
0x00007ffa1baa0000 - 0x00007ffa1baba000 	C:\Program Files\JetBrains\IntelliJ IDEA Community Edition 2023.1.2\bin\breakgen64.dll
0x00007ffa234c0000 - 0x00007ffa234c7000 	C:\Program Files\Java\jdk-20\bin\extnet.dll
0x00007ffa393f0000 - 0x00007ffa3940b000 	C:\WINDOWS\SYSTEM32\CRYPTSP.dll
0x00007ffa38c90000 - 0x00007ffa38cc5000 	C:\WINDOWS\system32\rsaenh.dll
0x00007ffa39290000 - 0x00007ffa392b8000 	C:\WINDOWS\SYSTEM32\USERENV.dll
0x00007ffa395b0000 - 0x00007ffa395d8000 	C:\WINDOWS\SYSTEM32\bcrypt.dll
0x00007ffa39410000 - 0x00007ffa3941c000 	C:\WINDOWS\SYSTEM32\CRYPTBASE.dll
0x00007ffa38800000 - 0x00007ffa3882d000 	C:\WINDOWS\SYSTEM32\IPHLPAPI.DLL
0x00007ffa3a8f0000 - 0x00007ffa3a8f9000 	C:\WINDOWS\System32\NSI.dll
0x00007ffa2f2f0000 - 0x00007ffa2f309000 	C:\WINDOWS\SYSTEM32\dhcpcsvc6.DLL
0x00007ffa2d1e0000 - 0x00007ffa2d1ff000 	C:\WINDOWS\SYSTEM32\dhcpcsvc.DLL
0x00007ffa38870000 - 0x00007ffa38963000 	C:\WINDOWS\SYSTEM32\DNSAPI.dll
0x00007ffa20ec0000 - 0x00007ffa20eca000 	C:\Program Files\Java\jdk-20\bin\management.dll
0x00007ffa1ba90000 - 0x00007ffa1ba9b000 	C:\Program Files\Java\jdk-20\bin\management_ext.dll
0x00007ffa3c490000 - 0x00007ffa3c498000 	C:\WINDOWS\System32\PSAPI.DLL
0x00007ff9fc550000 - 0x00007ff9fc567000 	C:\WINDOWS\system32\napinsp.dll
0x00007ff9fc210000 - 0x00007ff9fc22b000 	C:\WINDOWS\system32\pnrpnsp.dll
0x00007ff9fb0c0000 - 0x00007ff9fb0d1000 	C:\WINDOWS\System32\winrnr.dll
0x00007ffa2d140000 - 0x00007ffa2d155000 	C:\WINDOWS\system32\wshbth.dll
0x00007ffa08ff0000 - 0x00007ffa09011000 	C:\WINDOWS\system32\nlansp_c.dll
0x00007ffa23490000 - 0x00007ffa2349a000 	C:\Windows\System32\rasadhlp.dll
0x00007ffa2c480000 - 0x00007ffa2c504000 	C:\WINDOWS\System32\fwpuclnt.dll
0x00007ff9f4840000 - 0x00007ff9f49d1000 	C:\Program Files\Java\jdk-20\bin\awt.dll
0x00007ffa36ac0000 - 0x00007ffa36b57000 	C:\WINDOWS\SYSTEM32\apphelp.dll
0x00007ffa36ee0000 - 0x00007ffa36f0b000 	C:\WINDOWS\system32\DWMAPI.DLL
0x00007ffa36c30000 - 0x00007ffa36cdb000 	C:\WINDOWS\system32\uxtheme.dll
0x00007ffa25390000 - 0x00007ffa25490000 	C:\WINDOWS\system32\opengl32.dll
0x00007ffa25360000 - 0x00007ffa2538d000 	C:\WINDOWS\SYSTEM32\GLU32.dll
0x00007ffa36d70000 - 0x00007ffa36da8000 	C:\WINDOWS\SYSTEM32\dxcore.dll
0x00007ffa3c590000 - 0x00007ffa3c6b7000 	C:\WINDOWS\System32\MSCTF.dll
0x00007ffa3c2f0000 - 0x00007ffa3c48c000 	C:\WINDOWS\System32\ole32.dll
0x00007ffa12280000 - 0x00007ffa1228e000 	C:\Program Files\Java\jdk-20\bin\sunmscapi.dll
0x00007ffa3a1a0000 - 0x00007ffa3a307000 	C:\WINDOWS\System32\CRYPT32.dll
0x00007ffa39580000 - 0x00007ffa395ae000 	C:\WINDOWS\SYSTEM32\ncrypt.dll
0x00007ffa39540000 - 0x00007ffa39577000 	C:\WINDOWS\SYSTEM32\NTASN1.dll
0x00007ffa22680000 - 0x00007ffa22690000 	C:\Program Files\Java\jdk-20\bin\verify.dll
0x00007ffa23390000 - 0x00007ffa23398000 	C:\WINDOWS\system32\wshunix.dll

dbghelp: loaded successfully - version: 4.0.5 - missing functions: none
symbol engine: initialized successfully - sym options: 0x614 - pdb path: .;C:\Program Files\Java\jdk-20\bin;C:\WINDOWS\SYSTEM32;C:\WINDOWS\WinSxS\amd64_microsoft.windows.common-controls_6595b64144ccf1df_6.0.22621.1635_none_270f70857386168e;C:\Program Files\Java\jdk-20\bin\server;C:\Program Files\JetBrains\IntelliJ IDEA Community Edition 2023.1.2\bin

VM Arguments:
jvm_args: -ea -Didea.test.cyclic.buffer.size=1048576 -javaagent:C:\Program Files\JetBrains\IntelliJ IDEA Community Edition 2023.1.2\lib\idea_rt.jar=62289:C:\Program Files\JetBrains\IntelliJ IDEA Community Edition 2023.1.2\bin -Dfile.encoding=UTF-8 -Dsun.stdout.encoding=UTF-8 -Dsun.stderr.encoding=UTF-8 
java_command: com.intellij.rt.testng.RemoteTestNGStarter -usedefaultlisteners false -socket62288 @w@C:\Users\zubai\AppData\Local\Temp\idea_working_dirs_testng.tmp -temp C:\Users\zubai\AppData\Local\Temp\idea_testng.tmp
java_class_path (initial): C:\Program Files\JetBrains\IntelliJ IDEA Community Edition 2023.1.2\lib\idea_rt.jar;C:\Program Files\JetBrains\IntelliJ IDEA Community Edition 2023.1.2\plugins\testng\lib\testng-rt.jar;D:\Zapta\Automation\Lahebo\target\test-classes;D:\Zapta\Automation\Lahebo\target\classes;C:\Users\zubai\.m2\repository\org\testng\testng\7.7.1\testng-7.7.1.jar;C:\Users\zubai\.m2\repository\com\beust\jcommander\1.82\jcommander-1.82.jar;C:\Users\zubai\.m2\repository\org\webjars\jquery\3.6.1\jquery-3.6.1.jar;C:\Users\zubai\.m2\repository\io\github\bonigarcia\webdrivermanager\5.3.3\webdrivermanager-5.3.3.jar;C:\Users\zubai\.m2\repository\com\google\code\gson\gson\2.10.1\gson-2.10.1.jar;C:\Users\zubai\.m2\repository\com\github\docker-java\docker-java\3.3.0\docker-java-3.3.0.jar;C:\Users\zubai\.m2\repository\com\github\docker-java\docker-java-core\3.3.0\docker-java-core-3.3.0.jar;C:\Users\zubai\.m2\repository\com\github\docker-java\docker-java-api\3.3.0\docker-java-api-3.3.0.jar;C:\Users\zubai\.m2\repository\com\fasterxml\jackson\core\jackson-annotations\2.10.3\jackson-annotations-2.10.3.jar;C:\Users\zubai\.m2\repository\com\fasterxml\jackson\core\jackson-databind\2.10.3\jackson-databind-2.10.3.jar;C:\Users\zubai\.m2\repository\com\fasterxml\jackson\core\jackson-core\2.10.3\jackson-core-2.10.3.jar;C:\Users\zubai\.m2\repository\org\bouncycastle\bcpkix-jdk15on\1.64\bcpkix-jdk15on-1.64.jar;C:\Users\zubai\.m2\repository\org\bouncycastle\bcprov-jdk15on\1.64\bcprov-jdk15on-1.64.jar;C:\Users\zubai\.m2\repository\org\slf4j\jcl-over-slf4j\1.7.30\jcl-over-slf4j-1.7.30.jar;C:\Users\zubai\.m2\repository\com\github\docker-java\docker-java-transport-httpclient5\3.3.0\docker-java-transport-httpclient5-3.3.0.jar;C:\Users\zubai\.m2\repository\com\github\docker-java\docker-java-transport\3.3.0\docker-java-transport-3.3.0.jar;C:\Users\zubai\.m2\repository\net\java\dev\jna\jna\5.12.1\jna-5.12.1.jar;C:\Users\zubai\.m2\repository\org\brotli\dec\0.1.2\dec-0.1.2.jar;C:\Users\zubai\.m2\repository\org\apache\commons\commons-lang3\3.12.0\commons-lang3-3.12.0.jar;C:\Users\zubai\.m2\repository\org\apache\httpcomponents\client5\httpclient5\5.2.1\httpclient5-5.2.1.jar;C:\Users\zubai\.m2\repository\org\apache\httpcomponents\core5\httpcore5\5.2\httpcore5-5.2.jar;C:\Users\zubai\.m2\repository\org\apache\httpcomponents\core5\httpcore5-h2\5.2\httpcore5-h2-5.2.jar;C:\Users\zubai\.m2\repository\javax\mail\javax.mail-api\1.6.2\javax.mail-api-1.6.2.jar;C:\Users\zubai\.m2\repository\com\sun\mail\javax.mail\1.6.2\javax.mail-1.6.2.jar;C:\Users\zubai\.m2\repository\javax\activation\activation\1.1\activation-1.1.jar;C:\Users\zubai\.m2\repository\com\google\guava\guava\31.1-jre\guava-31.1-jre.jar;C:\Users\zubai\.m2\repository\com\google\guava\failureaccess\1.0.1\failureaccess-1.0.1.jar;C:\Users\zubai\.m2\repository\com\google\guava\listenablefuture\9999.0-empty-to-avoid-conflict-with-guava\listenablefuture-9999.0-empty-to-avoid-conflict-with-guava.jar;C:\Users\zubai\.m2\repository\com\google\code\findbugs\jsr305\3.0.2\jsr305-3.0.2.jar;C:\Users\zubai\.m2\repository\org\checkerframework\checker-qual\3.12.0\checker-qual-3.12.0.jar;C:\Users\zubai\.m2\repository\com\google\errorprone\error_prone_annotations\2.11.0\error_prone_annotations-2.11.0.jar;C:\Users\zubai\.m2\repository\com\google\j2objc\j2objc-annotations\1.3\j2objc-annotations-1.3.jar;C:\Users\zubai\.m2\repository\org\seleniumhq\selenium\selenium-java\4.9.1\selenium-java-4.9.1.jar;C:\Users\zubai\.m2\repository\org\seleniumhq\selenium\selenium-api\4.9.1\selenium-api-4.9.1.jar;C:\Users\zubai\.m2\repository\org\seleniumhq\selenium\selenium-chrome-driver\4.9.1\selenium-chrome-driver-4.9.1.jar;C:\Users\zubai\.m2\repository\com\google\auto\service\auto-service-annotations\1.0.1\auto-service-annotations-1.0.1.jar;C:\Users\zubai\.m2\repository\com\google\auto\service\auto-service\1.0.1\auto-service-1.0.1.jar;C:\Users\zubai\.m2\repository\com\google\auto\auto-common\1.2\auto-common-1.2.jar;C:\Users\zubai\.m2\repository\org\seleniumhq\selenium\selenium-chromium-driver\4.9.1\selenium-chromium-driver-4.9.1.jar;C:\Users\zubai\.m2\repository\org\seleniumhq\selenium\selenium-json\4.9.1\selenium-json-4.9.1.jar;C:\Users\zubai\.m2\repository\org\seleniumhq\selenium\selenium-manager\4.9.1\selenium-manager-4.9.1.jar;C:\Users\zubai\.m2\repository\org\seleniumhq\selenium\selenium-devtools-v111\4.9.1\selenium-devtools-v111-4.9.1.jar;C:\Users\zubai\.m2\repository\org\seleniumhq\selenium\selenium-devtools-v112\4.9.1\selenium-devtools-v112-4.9.1.jar;C:\Users\zubai\.m2\repository\org\seleniumhq\selenium\selenium-devtools-v113\4.9.1\selenium-devtools-v113-4.9.1.jar;C:\Users\zubai\.m2\repository\org\seleniumhq\selenium\selenium-devtools-v85\4.9.1\selenium-devtools-v85-4.9.1.jar;C:\Users\zubai\.m2\repository\org\seleniumhq\selenium\selenium-edge-driver\4.9.1\selenium-edge-driver-4.9.1.jar;C:\Users\zubai\.m2\repository\org\seleniumhq\selenium\selenium-firefox-driver\4.9.1\selenium-firefox-driver-4.9.1.jar;C:\Users\zubai\.m2\repository\org\seleniumhq\selenium\selenium-http\4.9.1\selenium-http-4.9.1.jar;C:\Users\zubai\.m2\repository\dev\failsafe\failsafe\3.3.1\failsafe-3.3.1.jar;C:\Users\zubai\.m2\repository\org\seleniumhq\selenium\selenium-ie-driver\4.9.1\selenium-ie-driver-4.9.1.jar;C:\Users\zubai\.m2\repository\org\seleniumhq\selenium\selenium-remote-driver\4.9.1\selenium-remote-driver-4.9.1.jar;C:\Users\zubai\.m2\repository\io\netty\netty-buffer\4.1.91.Final\netty-buffer-4.1.91.Final.jar;C:\Users\zubai\.m2\repository\io\netty\netty-codec-http\4.1.91.Final\netty-codec-http-4.1.91.Final.jar;C:\Users\zubai\.m2\repository\io\netty\netty-codec\4.1.91.Final\netty-codec-4.1.91.Final.jar;C:\Users\zubai\.m2\repository\io\netty\netty-handler\4.1.91.Final\netty-handler-4.1.91.Final.jar;C:\Users\zubai\.m2\repository\io\netty\netty-common\4.1.91.Final\netty-common-4.1.91.Final.jar;C:\Users\zubai\.m2\repository\io\netty\netty-transport-classes-epoll\4.1.91.Final\netty-transport-classes-epoll-4.1.91.Final.jar;C:\Users\zubai\.m2\repository\io\netty\netty-transport-classes-kqueue\4.1.91.Final\netty-transport-classes-kqueue-4.1.91.Final.jar;C:\Users\zubai\.m2\repository\io\netty\netty-transport-native-epoll\4.1.91.Final\netty-transport-native-epoll-4.1.91.Final.jar;C:\Users\zubai\.m2\repository\io\netty\netty-transport-native-kqueue\4.1.91.Final\netty-transport-native-kqueue-4.1.91.Final.jar;C:\Users\zubai\.m2\repository\io\netty\netty-transport-native-unix-common\4.1.91.Final\netty-transport-native-unix-common-4.1.91.Final.jar;C:\Users\zubai\.m2\repository\io\netty\netty-transport\4.1.91.Final\netty-transport-4.1.91.Final.jar;C:\Users\zubai\.m2\repository\io\netty\netty-resolver\4.1.91.Final\netty-resolver-4.1.91.Final.jar;C:\Users\zubai\.m2\repository\io\opentelemetry\opentelemetry-api\1.25.0\opentelemetry-api-1.25.0.jar;C:\Users\zubai\.m2\repository\io\opentelemetry\opentelemetry-context\1.25.0\opentelemetry-context-1.25.0.jar;C:\Users\zubai\.m2\repository\io\opentelemetry\opentelemetry-exporter-logging\1.25.0\opentelemetry-exporter-logging-1.25.0.jar;C:\Users\zubai\.m2\repository\io\opentelemetry\opentelemetry-sdk-metrics\1.25.0\opentelemetry-sdk-metrics-1.25.0.jar;C:\Users\zubai\.m2\repository\io\opentelemetry\opentelemetry-sdk-logs\1.25.0-alpha\opentelemetry-sdk-logs-1.25.0-alpha.jar;C:\Users\zubai\.m2\repository\io\opentelemetry\opentelemetry-api-logs\1.25.0-alpha\opentelemetry-api-logs-1.25.0-alpha.jar;C:\Users\zubai\.m2\repository\io\opentelemetry\opentelemetry-api-events\1.25.0-alpha\opentelemetry-api-events-1.25.0-alpha.jar;C:\Users\zubai\.m2\repository\io\opentelemetry\opentelemetry-sdk-common\1.25.0\opentelemetry-sdk-common-1.25.0.jar;C:\Users\zubai\.m2\repository\io\opentelemetry\opentelemetry-sdk-extension-autoconfigure-spi\1.25.0\opentelemetry-sdk-extension-autoconfigure-spi-1.25.0.jar;C:\Users\zubai\.m2\repository\io\opentelemetry\opentelemetry-sdk-extension-autoconfigure\1.25.0-alpha\opentelemetry-sdk-extension-autoconfigure-1.25.0-alpha.jar;C:\Users\zubai\.m2\repository\io\opentelemetry\opentelemetry-sdk-trace\1.25.0\opentelemetry-sdk-trace-1.25.0.jar;C:\Users\zubai\.m2\repository\io\opentelemetry\opentelemetry-sdk\1.25.0\opentelemetry-sdk-1.25.0.jar;C:\Users\zubai\.m2\repository\io\opentelemetry\opentelemetry-semconv\1.25.0-alpha\opentelemetry-semconv-1.25.0-alpha.jar;C:\Users\zubai\.m2\repository\io\ous\jtoml\2.0.0\jtoml-2.0.0.jar;C:\Users\zubai\.m2\repository\net\bytebuddy\byte-buddy\1.14.4\byte-buddy-1.14.4.jar;C:\Users\zubai\.m2\repository\org\apache\commons\commons-exec\1.3\commons-exec-1.3.jar;C:\Users\zubai\.m2\repository\org\asynchttpclient\async-http-client\2.12.3\async-http-client-2.12.3.jar;C:\Users\zubai\.m2\repository\org\asynchttpclient\async-http-client-netty-utils\2.12.3\async-http-client-netty-utils-2.12.3.jar;C:\Users\zubai\.m2\repository\io\netty\netty-codec-socks\4.1.60.Final\netty-codec-socks-4.1.60.Final.jar;C:\Users\zubai\.m2\repository\io\netty\netty-handler-proxy\4.1.60.Final\netty-handler-proxy-4.1.60.Final.jar;C:\Users\zubai\.m2\repository\io\netty\netty-transport-native-epoll\4.1.60.Final\netty-transport-native-epoll-4.1.60.Final-linux-x86_64.jar;C:\Users\zubai\.m2\repository\io\netty\netty-transport-native-kqueue\4.1.60.Final\netty-transport-native-kqueue-4.1.60.Final-osx-x86_64.jar;C:\Users\zubai\.m2\repository\com\typesafe\netty\netty-reactive-streams\2.0.4\netty-reactive-streams-2.0.4.jar;C:\Users\zubai\.m2\repository\com\sun\activation\jakarta.activation\1.2.2\jakarta.activation-1.2.2.jar;C:\Users\zubai\.m2\repository\org\seleniumhq\selenium\selenium-safari-driver\4.9.1\selenium-safari-driver-4.9.1.jar;C:\Users\zubai\.m2\repository\org\seleniumhq\selenium\selenium-support\4.9.1\selenium-support-4.9.1.jar;C:\Users\zubai\.m2\repository\org\slf4j\slf4j-simple\2.0.3\slf4j-simple-2.0.3.jar;C:\Users\zubai\.m2\repository\org\slf4j\slf4j-api\2.0.3\slf4j-api-2.0.3.jar;C:\Users\zubai\.m2\repository\org\apache\logging\log4j\log4j-api\2.18.0\log4j-api-2.18.0.jar;C:\Users\zubai\.m2\repository\org\apache\logging\log4j\log4j-core\2.18.0\log4j-core-2.18.0.jar;C:\Users\zubai\.m2\repository\org\apache\logging\log4j\log4j-slf4j-impl\2.18.0\log4j-slf4j-impl-2.18.0.jar;C:\Users\zubai\.m2\repository\org\jboss\aerogear\aerogear-otp-java\1.0.0\aerogear-otp-java-1.0.0.jar;C:\Users\zubai\.m2\repository\com\github\stephenc\monte\monte-screen-recorder\0.7.7.0\monte-screen-recorder-0.7.7.0.jar;C:\Users\zubai\.m2\repository\io\qameta\allure\allure-testng\2.19.0\allure-testng-2.19.0.jar;C:\Users\zubai\.m2\repository\io\qameta\allure\allure-java-commons\2.19.0\allure-java-commons-2.19.0.jar;C:\Users\zubai\.m2\repository\io\qameta\allure\allure-model\2.19.0\allure-model-2.19.0.jar;C:\Users\zubai\.m2\repository\io\qameta\allure\allure-test-filter\2.19.0\allure-test-filter-2.19.0.jar;C:\Users\zubai\.m2\repository\io\qameta\allure\allure-attachments\2.19.0\allure-attachments-2.19.0.jar;C:\Users\zubai\.m2\repository\org\freemarker\freemarker\2.3.31\freemarker-2.3.31.jar;C:\Users\zubai\.m2\repository\com\github\automatedowl\allure-environment-writer\1.0.0\allure-environment-writer-1.0.0.jar;C:\Users\zubai\.m2\repository\com\aventstack\extentreports\5.0.9\extentreports-5.0.9.jar;C:\Users\zubai\.m2\repository\io\reactivex\rxjava3\rxjava\3.0.4\rxjava-3.0.4.jar;C:\Users\zubai\.m2\repository\org\reactivestreams\reactive-streams\1.0.3\reactive-streams-1.0.3.jar;C:\Users\zubai\.m2\repository\org\apache\poi\poi\5.2.2\poi-5.2.2.jar;C:\Users\zubai\.m2\repository\commons-codec\commons-codec\1.15\commons-codec-1.15.jar;C:\Users\zubai\.m2\repository\org\apache\commons\commons-collections4\4.4\commons-collections4-4.4.jar;C:\Users\zubai\.m2\repository\org\apache\commons\commons-math3\3.6.1\commons-math3-3.6.1.jar;C:\Users\zubai\.m2\repository\commons-io\commons-io\2.11.0\commons-io-2.11.0.jar;C:\Users\zubai\.m2\repository\com\zaxxer\SparseBitSet\1.2\SparseBitSet-1.2.jar;C:\Users\zubai\.m2\repository\org\apache\poi\poi-ooxml\5.2.2\poi-ooxml-5.2.2.jar;C:\Users\zubai\.m2\repository\org\apache\poi\poi-ooxml-lite\5.2.2\poi-ooxml-lite-5.2.2.jar;C:\Users\zubai\.m2\repository\org\apache\xmlbeans\xmlbeans\5.0.3\xmlbeans-5.0.3.jar;C:\Users\zubai\.m2\repository\org\apache\commons\commons-compress\1.21\commons-compress-1.21.jar;C:\Users\zubai\.m2\repository\com\github\virtuald\curvesapi\1.07\curvesapi-1.07.jar;C:\Users\zubai\.m2\repository\com\google\zxing\javase\3.5.0\javase-3.5.0.jar;C:\Users\zubai\.m2\repository\com\github\jai-imageio\jai-imageio-core\1.4.0\jai-imageio-core-1.4.0.jar;C:\Users\zubai\.m2\repository\com\google\zxing\core\3.5.0\core-3.5.0.jar;C:\Users\zubai\.m2\repository\com\github\javafaker\javafaker\1.0.2\javafaker-1.0.2.jar;C:\Users\zubai\.m2\repository\org\yaml\snakeyaml\1.23\snakeyaml-1.23-android.jar;C:\Users\zubai\.m2\repository\com\github\mifmif\generex\1.0.2\generex-1.0.2.jar;C:\Users\zubai\.m2\repository\dk\brics\automaton\automaton\1.11-8\automaton-1.11-8.jar;C:\Users\zubai\.m2\repository\org\projectlombok\lombok\1.18.22\lombok-1.18.22.jar
Launcher Type: SUN_STANDARD

[Global flags]
     intx CICompilerCount                          = 3                                         {product} {ergonomic}
     uint ConcGCThreads                            = 1                                         {product} {ergonomic}
     uint G1ConcRefinementThreads                  = 4                                         {product} {ergonomic}
   size_t G1HeapRegionSize                         = 2097152                                   {product} {ergonomic}
    uintx GCDrainStackTargetSize                   = 64                                        {product} {ergonomic}
   size_t InitialHeapSize                          = 268435456                                 {product} {ergonomic}
   size_t MarkStackSize                            = 4194304                                   {product} {ergonomic}
   size_t MaxHeapSize                              = 4265607168                                {product} {ergonomic}
   size_t MaxNewSize                               = 2558525440                                {product} {ergonomic}
   size_t MinHeapDeltaBytes                        = 2097152                                   {product} {ergonomic}
   size_t MinHeapSize                              = 8388608                                   {product} {ergonomic}
    uintx NonNMethodCodeHeapSize                   = 5832780                                {pd product} {ergonomic}
    uintx NonProfiledCodeHeapSize                  = 122912730                              {pd product} {ergonomic}
    uintx ProfiledCodeHeapSize                     = 122912730                              {pd product} {ergonomic}
    uintx ReservedCodeCacheSize                    = 251658240                              {pd product} {ergonomic}
     bool SegmentedCodeCache                       = true                                      {product} {ergonomic}
   size_t SoftMaxHeapSize                          = 4265607168                             {manageable} {ergonomic}
     bool UseCompressedClassPointers               = true                           {product lp64_product} {ergonomic}
     bool UseCompressedOops                        = true                           {product lp64_product} {ergonomic}
     bool UseG1GC                                  = true                                      {product} {ergonomic}
     bool UseLargePagesIndividualAllocation        = false                                  {pd product} {ergonomic}

Logging:
Log output configuration:
 #0: stdout all=warning uptime,level,tags foldmultilines=false
 #1: stderr all=off uptime,level,tags foldmultilines=false

Environment Variables:
PATH=C:\Program Files\Common Files\Oracle\Java\javapath;C:\WINDOWS\system32;C:\WINDOWS;C:\WINDOWS\System32\Wbem;C:\WINDOWS\System32\WindowsPowerShell\v1.0\;C:\WINDOWS\System32\OpenSSH\;C:\Program Files\Git\cmd;C:\Program Files\nodejs\;C:\Users\zubai\AppData\Local\Programs\Python\Python310\Scripts\;C:\Users\zubai\AppData\Local\Programs\Python\Python310\;C:\Users\zubai\AppData\Local\Microsoft\WindowsApps;;C:\Program Files\JetBrains\IntelliJ IDEA Community Edition 2023.1.2\bin;;C:\Users\zubai\AppData\Roaming\npm;C:\Users\zubai\AppData\Local\Programs\Microsoft VS Code\bin
USERNAME=zubai
OS=Windows_NT
PROCESSOR_IDENTIFIER=Intel64 Family 6 Model 78 Stepping 3, GenuineIntel
TMP=C:\Users\zubai\AppData\Local\Temp
TEMP=C:\Users\zubai\AppData\Local\Temp




---------------  S Y S T E M  ---------------

OS:
 Windows 11 , 64 bit Build 22621 (10.0.22621.1778)
OS uptime: 13 days 18:23 hours

CPU: total 4 (initial active 4) (2 cores per cpu, 2 threads per core) family 6 model 78 stepping 3 microcode 0xd6, cx8, cmov, fxsr, ht, mmx, 3dnowpref, sse, sse2, sse3, ssse3, sse4.1, sse4.2, popcnt, lzcnt, tsc, tscinvbit, avx, avx2, aes, erms, clmul, bmi1, bmi2, rtm, adx, fma, vzeroupper, clflush, clflushopt, rdtscp, f16c

Memory: 4k page, system-wide physical 16264M (1156M free)
TotalPageFile size 29128M (AvailPageFile size 12M)
current process WorkingSet (physical memory assigned to process): 339M, peak: 354M
current process commit charge ("private bytes"): 532M, peak: 548M

vm_info: Java HotSpot(TM) 64-Bit Server VM (20.0.1+9-29) for windows-amd64 JRE (20.0.1+9-29), built on 2023-03-07T13:56:11Z by "mach5one" with MS VC++ 17.1 (VS2022)

END.
