[INFO] 20-06-2023 11:07:50 [main] [LogUtils] - Loaded file: D:\Zapta\Automation\Lahebo\src/test/resources/config/datatest.properties
[INFO] 20-06-2023 11:07:50 [main] [LogUtils] - Loaded file: D:\Zapta\Automation\Lahebo\src/test/resources/config/config.properties
[INFO] 20-06-2023 11:07:50 [main] [LogUtils] - Loaded all properties files.
[INFO] 20-06-2023 11:07:51 [main] [LogUtils] - Starting Suite: login Usging Data Driven Testing
[INFO] 20-06-2023 11:08:06 [main] [LogUtils] - Driver is Just Initialized
[INFO] 20-06-2023 11:08:06 [main] [LogUtils] - Loaded file: D:\Zapta\Automation\Lahebo\src/test/resources/config/datatest.properties
[INFO] 20-06-2023 11:08:06 [main] [LogUtils] - Loaded file: D:\Zapta\Automation\Lahebo\src/test/resources/config/config.properties
[INFO] 20-06-2023 11:08:06 [main] [LogUtils] - Loaded all properties files.
[INFO] 20-06-2023 11:08:06 [main] [LogUtils] - Loaded file: D:\Zapta\Automation\Lahebo\src/test/resources/config/datatest.properties
[INFO] 20-06-2023 11:08:06 [main] [LogUtils] - Loaded file: D:\Zapta\Automation\Lahebo\src/test/resources/config/config.properties
[INFO] 20-06-2023 11:08:06 [main] [LogUtils] - Loaded all properties files.
[INFO] 20-06-2023 11:08:06 [main] [LogUtils] - Loaded file: D:\Zapta\Automation\Lahebo\src/test/resources/config/datatest.properties
[INFO] 20-06-2023 11:08:06 [main] [LogUtils] - Loaded file: D:\Zapta\Automation\Lahebo\src/test/resources/config/config.properties
[INFO] 20-06-2023 11:08:06 [main] [LogUtils] - Loaded all properties files.
[INFO] 20-06-2023 11:08:06 [main] [LogUtils] - Test case:  is starting...
[INFO] 20-06-2023 11:08:12 [main] [LogUtils] - Username and password are correct
[INFO] 20-06-2023 11:08:27 [main] [LogUtils] - Expected condition failed: waiting for visibility of Proxy element for: DefaultElementLocator 'By.cssSelector: div.Vue-Toastification__toast-body' (tried for 5 second(s) with 500 milliseconds interval)
[INFO] 20-06-2023 11:08:27 [main] [LogUtils] - Waiting for Loading
[INFO] 20-06-2023 11:08:27 [main] [LogUtils] - Loading Started
[INFO] 20-06-2023 11:08:30 [main] [LogUtils] - Loading finsihed
[INFO] 20-06-2023 11:08:30 [main] [LogUtils] - Verify element visible By.cssSelector: #organizationSettings
[INFO] 20-06-2023 11:08:30 [main] [LogUtils] - Clicked on the element By.cssSelector: #organizationSettings
[INFO] 20-06-2023 11:08:31 [main] [LogUtils] - Verify element visible By.cssSelector: #deptItem
[INFO] 20-06-2023 11:08:32 [main] [LogUtils] - Clicked on the element By.cssSelector: #deptItem
[INFO] 20-06-2023 11:08:32 [main] [LogUtils] - Waiting for Loading
[INFO] 20-06-2023 11:08:33 [main] [LogUtils] - Loading Started
[INFO] 20-06-2023 11:08:35 [main] [LogUtils] - Loading finsihed
[INFO] 20-06-2023 11:08:35 [main] [LogUtils] - Verify element visible By.cssSelector: #addDeptBtn
[INFO] 20-06-2023 11:08:35 [main] [LogUtils] - Clicked on the element By.cssSelector: #addDeptBtn
[INFO] 20-06-2023 11:08:36 [main] [LogUtils] - Verify element visible By.cssSelector: #deptNameField
[INFO] 20-06-2023 11:08:36 [main] [LogUtils] - Set text designing on By.cssSelector: #deptNameField
[INFO] 20-06-2023 11:08:36 [main] [LogUtils] - Verify element visible By.cssSelector: #deptManagerField
[INFO] 20-06-2023 11:08:36 [main] [LogUtils] - Clicked on the element By.cssSelector: #deptManagerField
[INFO] 20-06-2023 11:08:37 [main] [LogUtils] - Verify element visible By.cssSelector: div#deptManagerField>ul
[INFO] 20-06-2023 11:08:37 [main] [LogUtils] - size of list: 1
[INFO] 20-06-2023 11:08:37 [main] [LogUtils] - Sarah Johnson
[INFO] 20-06-2023 11:08:38 [main] [LogUtils] - Verify element visible By.cssSelector: #doAction
[INFO] 20-06-2023 11:08:38 [main] [LogUtils] - Clicked on the element By.cssSelector: #doAction
[INFO] 20-06-2023 11:08:38 [main] [LogUtils] - Verify element visible By.cssSelector: span[id^="deptName-"]
[INFO] 20-06-2023 11:08:38 [main] [LogUtils] - Waiting for Loading
[INFO] 20-06-2023 11:08:40 [main] [LogUtils] - Loading Started
[INFO] 20-06-2023 11:08:40 [main] [LogUtils] - Loading finsihed
[INFO] 20-06-2023 11:08:40 [main] [LogUtils] - verification of Department designinghas been started
[INFO] 20-06-2023 11:08:40 [main] [LogUtils] - Department Found:  adadfadfa
[INFO] 20-06-2023 11:08:40 [main] [LogUtils] - Department Found:  adjklasdjjs
[INFO] 20-06-2023 11:08:40 [main] [LogUtils] - Department Found:  aljklasdjo
[INFO] 20-06-2023 11:08:41 [main] [LogUtils] - Department Found:  designing
[INFO] 20-06-2023 11:08:41 [main] [LogUtils] - Department designinghas been verified
[INFO] 20-06-2023 11:08:41 [main] [LogUtils] - Test case:  is passed.
[INFO] 20-06-2023 11:08:41 [main] [LogUtils] - Test case:  is starting...
[INFO] 20-06-2023 11:08:41 [main] [LogUtils] - verification of Department designinghas been started
[INFO] 20-06-2023 11:08:41 [main] [LogUtils] - Department Found:  adadfadfa
[INFO] 20-06-2023 11:08:41 [main] [LogUtils] - Department Found:  adjklasdjjs
[INFO] 20-06-2023 11:08:41 [main] [LogUtils] - Department Found:  aljklasdjo
[INFO] 20-06-2023 11:08:41 [main] [LogUtils] - Department Found:  designing
[INFO] 20-06-2023 11:08:41 [main] [LogUtils] - Department designinghas been verified
[INFO] 20-06-2023 11:08:41 [main] [LogUtils] - Department Index is being searched
[INFO] 20-06-2023 11:08:41 [main] [LogUtils] - Department Index is: 3
[INFO] 20-06-2023 11:08:41 [main] [LogUtils] - Verify element visible By.cssSelector: #deptCard-3>div>div>button
[INFO] 20-06-2023 11:08:41 [main] [LogUtils] - Clicked on the element By.cssSelector: #deptCard-3>div>div>button
[INFO] 20-06-2023 11:08:42 [main] [LogUtils] - Verify element visible By.cssSelector: #deptCard-3>div>div>div>button:first-of-type
[INFO] 20-06-2023 11:08:42 [main] [LogUtils] - Clicked on the element By.cssSelector: #deptCard-3>div>div>div>button:first-of-type
[INFO] 20-06-2023 11:08:42 [main] [LogUtils] - Verify element visible By.cssSelector: #deptNameField
[INFO] 20-06-2023 11:08:42 [main] [LogUtils] - Clear value in textbox By.cssSelector: #deptNameField
[INFO] 20-06-2023 11:08:42 [main] [LogUtils] - Verify element visible By.cssSelector: #deptNameField
[INFO] 20-06-2023 11:08:43 [main] [LogUtils] - Set text accounts on By.cssSelector: #deptNameField
[INFO] 20-06-2023 11:08:43 [main] [LogUtils] - Verify element visible By.cssSelector: #deptManagerField
[INFO] 20-06-2023 11:08:43 [main] [LogUtils] - Clicked on the element By.cssSelector: #deptManagerField
[INFO] 20-06-2023 11:08:43 [main] [LogUtils] - Verify element visible By.cssSelector: div#deptManagerField>ul
[INFO] 20-06-2023 11:08:43 [main] [LogUtils] - size of list: 1
[INFO] 20-06-2023 11:08:43 [main] [LogUtils] - Sarah Johnson
[INFO] 20-06-2023 11:08:43 [main] [LogUtils] - Verify element visible By.cssSelector: #doAction
[INFO] 20-06-2023 11:08:44 [main] [LogUtils] - Clicked on the element By.cssSelector: #doAction
[INFO] 20-06-2023 11:08:44 [main] [LogUtils] - Waiting for Loading
[INFO] 20-06-2023 11:08:45 [main] [LogUtils] - Loading Started
[INFO] 20-06-2023 11:08:47 [main] [LogUtils] - Loading finsihed
[INFO] 20-06-2023 11:08:47 [main] [LogUtils] - verification of Department accountshas been started
[INFO] 20-06-2023 11:08:47 [main] [LogUtils] - Department Found:  accounts
[INFO] 20-06-2023 11:08:47 [main] [LogUtils] - Department accountshas been verified
[INFO] 20-06-2023 11:08:47 [main] [LogUtils] - Test case:  is passed.
[INFO] 20-06-2023 11:08:47 [main] [LogUtils] - Test case:  is starting...
[INFO] 20-06-2023 11:08:47 [main] [LogUtils] - verification of Department accountshas been started
[INFO] 20-06-2023 11:08:48 [main] [LogUtils] - Department Found:  accounts
[INFO] 20-06-2023 11:08:48 [main] [LogUtils] - Department accountshas been verified
[INFO] 20-06-2023 11:08:48 [main] [LogUtils] - Department Index is being searched
[INFO] 20-06-2023 11:08:48 [main] [LogUtils] - Department Index is: 0
[INFO] 20-06-2023 11:08:48 [main] [LogUtils] - Verify element visible By.cssSelector: #deptCard-0>div>div>button
[INFO] 20-06-2023 11:08:48 [main] [LogUtils] - Clicked on the element By.cssSelector: #deptCard-0>div>div>button
[INFO] 20-06-2023 11:08:48 [main] [LogUtils] - Verify element visible By.cssSelector: #deptCard-0>div>div>div>button:last-of-type
[INFO] 20-06-2023 11:08:49 [main] [LogUtils] - Clicked on the element By.cssSelector: #deptCard-0>div>div>div>button:last-of-type
[INFO] 20-06-2023 11:08:49 [main] [LogUtils] - Verify element visible By.cssSelector: #confirmDelBtn
[INFO] 20-06-2023 11:08:49 [main] [LogUtils] - Clicked on the element By.cssSelector: #confirmDelBtn
[INFO] 20-06-2023 11:08:49 [main] [LogUtils] - Verify element visible By.cssSelector: span[id^="deptName-"]
[INFO] 20-06-2023 11:08:49 [main] [LogUtils] - Waiting for Loading
[INFO] 20-06-2023 11:08:49 [main] [LogUtils] - Loading Started
[INFO] 20-06-2023 11:08:50 [main] [LogUtils] - Loading finsihed
[INFO] 20-06-2023 11:08:50 [main] [LogUtils] - verification of Department accountshas been started
[INFO] 20-06-2023 11:08:50 [main] [LogUtils] - Department Found:  adadfadfa
[INFO] 20-06-2023 11:08:50 [main] [LogUtils] - Department Found:  adjklasdjjs
[INFO] 20-06-2023 11:08:50 [main] [LogUtils] - Department Found:  aljklasdjo
[INFO] 20-06-2023 11:08:50 [main] [LogUtils] - Department Found:  designing
[INFO] 20-06-2023 11:08:50 [main] [LogUtils] - Department Found:  desing
[INFO] 20-06-2023 11:08:50 [main] [LogUtils] - Department Found:  myschool
[INFO] 20-06-2023 11:08:50 [main] [LogUtils] - Department accounts Not exist
[INFO] 20-06-2023 11:08:50 [main] [LogUtils] - Test case:  is passed.
[INFO] 20-06-2023 11:08:53 [main] [LogUtils] - Driver is Just Initialized
[INFO] 20-06-2023 11:08:53 [main] [LogUtils] - Loaded file: D:\Zapta\Automation\Lahebo\src/test/resources/config/datatest.properties
[INFO] 20-06-2023 11:08:53 [main] [LogUtils] - Loaded file: D:\Zapta\Automation\Lahebo\src/test/resources/config/config.properties
[INFO] 20-06-2023 11:08:53 [main] [LogUtils] - Loaded all properties files.
[INFO] 20-06-2023 11:08:53 [main] [LogUtils] - Loaded file: D:\Zapta\Automation\Lahebo\src/test/resources/config/datatest.properties
[INFO] 20-06-2023 11:08:53 [main] [LogUtils] - Loaded file: D:\Zapta\Automation\Lahebo\src/test/resources/config/config.properties
[INFO] 20-06-2023 11:08:53 [main] [LogUtils] - Loaded all properties files.
[INFO] 20-06-2023 11:08:53 [main] [LogUtils] - Loaded file: D:\Zapta\Automation\Lahebo\src/test/resources/config/datatest.properties
[INFO] 20-06-2023 11:08:53 [main] [LogUtils] - Loaded file: D:\Zapta\Automation\Lahebo\src/test/resources/config/config.properties
[INFO] 20-06-2023 11:08:53 [main] [LogUtils] - Loaded all properties files.
[INFO] 20-06-2023 11:08:53 [main] [LogUtils] - Test case:  is starting...
[INFO] 20-06-2023 11:09:02 [main] [LogUtils] - Username and password are correct
[INFO] 20-06-2023 11:09:10 [main] [LogUtils] - Expected condition failed: waiting for visibility of Proxy element for: DefaultElementLocator 'By.cssSelector: div.Vue-Toastification__toast-body' (tried for 5 second(s) with 500 milliseconds interval)
[INFO] 20-06-2023 11:09:10 [main] [LogUtils] - Waiting for Loading
[INFO] 20-06-2023 11:09:11 [main] [LogUtils] - Loading Started
[INFO] 20-06-2023 11:09:14 [main] [LogUtils] - Loading finsihed
[INFO] 20-06-2023 11:09:14 [main] [LogUtils] - Verify element visible By.cssSelector: #organizationSettings
[INFO] 20-06-2023 11:09:14 [main] [LogUtils] - Clicked on the element By.cssSelector: #organizationSettings
[INFO] 20-06-2023 11:09:14 [main] [LogUtils] - Verify element visible By.cssSelector: #locItem
[INFO] 20-06-2023 11:09:14 [main] [LogUtils] - Clicked on the element By.cssSelector: #locItem
[INFO] 20-06-2023 11:09:14 [main] [LogUtils] - Waiting for Loading
[INFO] 20-06-2023 11:09:15 [main] [LogUtils] - Loading Started
[INFO] 20-06-2023 11:09:16 [main] [LogUtils] - Loading finsihed
[INFO] 20-06-2023 11:09:17 [main] [LogUtils] - Random Phone Number for Australia is Generated: +61201 894 948
[INFO] 20-06-2023 11:09:17 [main] [LogUtils] - Verify element visible By.cssSelector: #addLocBtn
[INFO] 20-06-2023 11:09:17 [main] [LogUtils] - Clicked on the element By.cssSelector: #addLocBtn
[INFO] 20-06-2023 11:09:17 [main] [LogUtils] - Verify element visible By.cssSelector: #locNameField
[INFO] 20-06-2023 11:09:17 [main] [LogUtils] - Set text Lahore on By.cssSelector: #locNameField
[INFO] 20-06-2023 11:09:18 [main] [LogUtils] - Verify element visible By.cssSelector: #locAddressField
[INFO] 20-06-2023 11:09:18 [main] [LogUtils] - Set text barkat market, lahore on By.cssSelector: #locAddressField
[INFO] 20-06-2023 11:09:18 [main] [LogUtils] - Verify element visible By.cssSelector: #locNumberField>input
[INFO] 20-06-2023 11:09:18 [main] [LogUtils] - Set text +61201 894 948 on By.cssSelector: #locNumberField>input
[INFO] 20-06-2023 11:09:19 [main] [LogUtils] - Verify element visible By.cssSelector: #locContactField
[INFO] 20-06-2023 11:09:19 [main] [LogUtils] - Clicked on the element By.cssSelector: #locContactField
[INFO] 20-06-2023 11:09:19 [main] [LogUtils] - Verify element visible By.cssSelector: div#locContactField>ul
[INFO] 20-06-2023 11:09:19 [main] [LogUtils] - size of list: 1
[INFO] 20-06-2023 11:09:19 [main] [LogUtils] - Sarah Johnson
[INFO] 20-06-2023 11:09:19 [main] [LogUtils] - Verify element visible By.cssSelector: #doAction
[INFO] 20-06-2023 11:09:19 [main] [LogUtils] - Clicked on the element By.cssSelector: #doAction
[INFO] 20-06-2023 11:09:19 [main] [LogUtils] - Verify element visible By.cssSelector: span[id^="locName-"]
[INFO] 20-06-2023 11:09:19 [main] [LogUtils] - Waiting for Loading
[INFO] 20-06-2023 11:09:21 [main] [LogUtils] - Loading Started
[INFO] 20-06-2023 11:09:22 [main] [LogUtils] - Loading finsihed
[INFO] 20-06-2023 11:09:22 [main] [LogUtils] - verification of Location Lahorehas been started
[INFO] 20-06-2023 11:09:22 [main] [LogUtils] - Location Found:  desing
[INFO] 20-06-2023 11:09:22 [main] [LogUtils] - Location Found:  desingada
[INFO] 20-06-2023 11:09:22 [main] [LogUtils] - Location Found:  desingadaf
[INFO] 20-06-2023 11:09:22 [main] [LogUtils] - Location Found:  Lahore
[INFO] 20-06-2023 11:09:22 [main] [LogUtils] - Location Lahorehas been verified
[INFO] 20-06-2023 11:09:22 [main] [LogUtils] - Test case:  is passed.
[INFO] 20-06-2023 11:09:22 [main] [LogUtils] - Test case:  is starting...
[INFO] 20-06-2023 11:09:22 [main] [LogUtils] - verification of Location Lahorehas been started
[INFO] 20-06-2023 11:09:22 [main] [LogUtils] - Location Found:  desing
[INFO] 20-06-2023 11:09:22 [main] [LogUtils] - Location Found:  desingada
[INFO] 20-06-2023 11:09:22 [main] [LogUtils] - Location Found:  desingadaf
[INFO] 20-06-2023 11:09:22 [main] [LogUtils] - Location Found:  Lahore
[INFO] 20-06-2023 11:09:22 [main] [LogUtils] - Location Lahorehas been verified
[INFO] 20-06-2023 11:09:22 [main] [LogUtils] - Location Index is being searched
[INFO] 20-06-2023 11:09:22 [main] [LogUtils] - Location Index is: 3
[INFO] 20-06-2023 11:09:22 [main] [LogUtils] - Verify element visible By.cssSelector: #locCard-3>div>div>button
[INFO] 20-06-2023 11:09:23 [main] [LogUtils] - Clicked on the element By.cssSelector: #locCard-3>div>div>button
[INFO] 20-06-2023 11:09:23 [main] [LogUtils] - Verify element visible By.cssSelector: #locCard-3>div>div>div>button:last-of-type
[INFO] 20-06-2023 11:09:23 [main] [LogUtils] - Clicked on the element By.cssSelector: #locCard-3>div>div>div>button:last-of-type
[INFO] 20-06-2023 11:09:23 [main] [LogUtils] - Verify element visible By.cssSelector: #confirmDelBtn
[INFO] 20-06-2023 11:09:23 [main] [LogUtils] - Clicked on the element By.cssSelector: #confirmDelBtn
[INFO] 20-06-2023 11:09:23 [main] [LogUtils] - Verify element visible By.cssSelector: span[id^="locName-"]
[INFO] 20-06-2023 11:09:23 [main] [LogUtils] - Waiting for Loading
[INFO] 20-06-2023 11:09:54 [main] [LogUtils] - Expected condition failed: waiting for visibility of Proxy element for: DefaultElementLocator 'By.cssSelector: div[class="absolute inset-0 w-full z-[1111] bg-base-white/60 flex items-center justify-center"]' (tried for 30 second(s) with 500 milliseconds interval)
[INFO] 20-06-2023 11:09:54 [main] [LogUtils] - Loading Started
[INFO] 20-06-2023 11:09:54 [main] [LogUtils] - Loading finsihed
[INFO] 20-06-2023 11:09:54 [main] [LogUtils] - verification of Location Lahorehas been started
[INFO] 20-06-2023 11:09:54 [main] [LogUtils] - Location Found:  desing
[INFO] 20-06-2023 11:09:54 [main] [LogUtils] - Location Found:  desingada
[INFO] 20-06-2023 11:09:54 [main] [LogUtils] - Location Found:  desingadaf
[INFO] 20-06-2023 11:09:54 [main] [LogUtils] - Location Lahore Not exist
[INFO] 20-06-2023 11:09:54 [main] [LogUtils] - Test case:  is passed.
[INFO] 20-06-2023 11:09:54 [main] [LogUtils] - End Suite: login Usging Data Driven Testing
[INFO] 20-06-2023 12:17:03 [main] [LogUtils] - Driver is Just Initialized
[INFO] 20-06-2023 12:17:03 [main] [LogUtils] - Loaded file: D:\Zapta\Automation\Lahebo\src/test/resources/config/datatest.properties
[INFO] 20-06-2023 12:17:03 [main] [LogUtils] - Loaded file: D:\Zapta\Automation\Lahebo\src/test/resources/config/config.properties
[INFO] 20-06-2023 12:17:03 [main] [LogUtils] - Loaded all properties files.
[INFO] 20-06-2023 12:17:03 [main] [LogUtils] - Loaded file: D:\Zapta\Automation\Lahebo\src/test/resources/config/datatest.properties
[INFO] 20-06-2023 12:17:03 [main] [LogUtils] - Loaded file: D:\Zapta\Automation\Lahebo\src/test/resources/config/config.properties
[INFO] 20-06-2023 12:17:03 [main] [LogUtils] - Loaded all properties files.
[INFO] 20-06-2023 12:17:03 [main] [LogUtils] - Loaded file: D:\Zapta\Automation\Lahebo\src/test/resources/config/datatest.properties
[INFO] 20-06-2023 12:17:03 [main] [LogUtils] - Loaded file: D:\Zapta\Automation\Lahebo\src/test/resources/config/config.properties
[INFO] 20-06-2023 12:17:03 [main] [LogUtils] - Loaded all properties files.
[INFO] 20-06-2023 12:17:07 [main] [LogUtils] - Username and password are correct
[INFO] 20-06-2023 12:17:19 [main] [LogUtils] - Expected condition failed: waiting for visibility of Proxy element for: DefaultElementLocator 'By.cssSelector: div.Vue-Toastification__toast-body' (tried for 5 second(s) with 500 milliseconds interval)
[INFO] 20-06-2023 12:17:19 [main] [LogUtils] - Waiting for Loading
[INFO] 20-06-2023 12:17:21 [main] [LogUtils] - Loading Started
[INFO] 20-06-2023 12:17:23 [main] [LogUtils] - Loading finsihed
[INFO] 20-06-2023 12:17:24 [main] [LogUtils] - Verify element visible By.cssSelector: #organizationSettings
[INFO] 20-06-2023 12:17:24 [main] [LogUtils] - Clicked on the element By.cssSelector: #organizationSettings
[INFO] 20-06-2023 12:17:24 [main] [LogUtils] - Verify element visible By.cssSelector: #reportsView
[INFO] 20-06-2023 12:17:24 [main] [LogUtils] - Clicked on the element By.cssSelector: #reportsView
[INFO] 20-06-2023 12:17:24 [main] [LogUtils] - Waiting for Loading
[INFO] 20-06-2023 12:17:54 [main] [LogUtils] - Expected condition failed: waiting for visibility of Proxy element for: DefaultElementLocator 'By.cssSelector: div[class="absolute inset-0 w-full z-[1111] bg-base-white/60 flex items-center justify-center"]' (tried for 30 second(s) with 500 milliseconds interval)
[INFO] 20-06-2023 12:17:54 [main] [LogUtils] - Loading Started
[INFO] 20-06-2023 12:17:54 [main] [LogUtils] - Loading finsihed
[INFO] 20-06-2023 15:39:29 [main] [LogUtils] - Driver is Just Initialized
[INFO] 20-06-2023 15:39:29 [main] [LogUtils] - Loaded file: D:\Zapta\Automation\Lahebo\src/test/resources/config/datatest.properties
[INFO] 20-06-2023 15:39:29 [main] [LogUtils] - Loaded file: D:\Zapta\Automation\Lahebo\src/test/resources/config/config.properties
[INFO] 20-06-2023 15:39:29 [main] [LogUtils] - Loaded all properties files.
[INFO] 20-06-2023 15:39:29 [main] [LogUtils] - Loaded file: D:\Zapta\Automation\Lahebo\src/test/resources/config/datatest.properties
[INFO] 20-06-2023 15:39:29 [main] [LogUtils] - Loaded file: D:\Zapta\Automation\Lahebo\src/test/resources/config/config.properties
[INFO] 20-06-2023 15:39:29 [main] [LogUtils] - Loaded all properties files.
[INFO] 20-06-2023 15:39:29 [main] [LogUtils] - Loaded file: D:\Zapta\Automation\Lahebo\src/test/resources/config/datatest.properties
[INFO] 20-06-2023 15:39:29 [main] [LogUtils] - Loaded file: D:\Zapta\Automation\Lahebo\src/test/resources/config/config.properties
[INFO] 20-06-2023 15:39:29 [main] [LogUtils] - Loaded all properties files.
[INFO] 20-06-2023 15:39:39 [main] [LogUtils] - Username and password are correct
[INFO] 20-06-2023 15:39:53 [main] [LogUtils] - Expected condition failed: waiting for visibility of Proxy element for: DefaultElementLocator 'By.cssSelector: div.Vue-Toastification__toast-body' (tried for 5 second(s) with 500 milliseconds interval)
[INFO] 20-06-2023 15:39:53 [main] [LogUtils] - Waiting for Loading
[INFO] 20-06-2023 15:39:56 [main] [LogUtils] - Loading Started
[INFO] 20-06-2023 15:39:59 [main] [LogUtils] - Loading finsihed
[INFO] 20-06-2023 15:39:59 [main] [LogUtils] - Verify element visible By.cssSelector: #organizationSettings
[INFO] 20-06-2023 15:39:59 [main] [LogUtils] - Clicked on the element By.cssSelector: #organizationSettings
[INFO] 20-06-2023 15:39:59 [main] [LogUtils] - Verify element visible By.cssSelector: #reportsView
[INFO] 20-06-2023 15:39:59 [main] [LogUtils] - Clicked on the element By.cssSelector: #reportsView
[INFO] 20-06-2023 15:39:59 [main] [LogUtils] - Waiting for Loading
[INFO] 20-06-2023 15:40:29 [main] [LogUtils] - Expected condition failed: waiting for visibility of Proxy element for: DefaultElementLocator 'By.cssSelector: div[class="absolute inset-0 w-full z-[1111] bg-base-white/60 flex items-center justify-center"]' (tried for 30 second(s) with 500 milliseconds interval)
[INFO] 20-06-2023 15:40:29 [main] [LogUtils] - Loading Started
[INFO] 20-06-2023 15:40:29 [main] [LogUtils] - Loading finsihed
[INFO] 20-06-2023 16:14:01 [main] [LogUtils] - Driver is Just Initialized
[INFO] 20-06-2023 16:14:01 [main] [LogUtils] - Loaded file: D:\Zapta\Automation\Lahebo\src/test/resources/config/datatest.properties
[INFO] 20-06-2023 16:14:01 [main] [LogUtils] - Loaded file: D:\Zapta\Automation\Lahebo\src/test/resources/config/config.properties
[INFO] 20-06-2023 16:14:01 [main] [LogUtils] - Loaded all properties files.
[INFO] 20-06-2023 16:14:01 [main] [LogUtils] - Loaded file: D:\Zapta\Automation\Lahebo\src/test/resources/config/datatest.properties
[INFO] 20-06-2023 16:14:01 [main] [LogUtils] - Loaded file: D:\Zapta\Automation\Lahebo\src/test/resources/config/config.properties
[INFO] 20-06-2023 16:14:01 [main] [LogUtils] - Loaded all properties files.
[INFO] 20-06-2023 16:14:01 [main] [LogUtils] - Loaded file: D:\Zapta\Automation\Lahebo\src/test/resources/config/datatest.properties
[INFO] 20-06-2023 16:14:01 [main] [LogUtils] - Loaded file: D:\Zapta\Automation\Lahebo\src/test/resources/config/config.properties
[INFO] 20-06-2023 16:14:01 [main] [LogUtils] - Loaded all properties files.
[INFO] 20-06-2023 16:14:07 [main] [LogUtils] - Username and password are correct
[INFO] 20-06-2023 16:14:20 [main] [LogUtils] - Expected condition failed: waiting for visibility of Proxy element for: DefaultElementLocator 'By.cssSelector: div.Vue-Toastification__toast-body' (tried for 5 second(s) with 500 milliseconds interval)
[INFO] 20-06-2023 16:14:20 [main] [LogUtils] - Waiting for Loading
[INFO] 20-06-2023 16:14:21 [main] [LogUtils] - Loading Started
[INFO] 20-06-2023 16:14:24 [main] [LogUtils] - Loading finsihed
[INFO] 20-06-2023 16:14:24 [main] [LogUtils] - Verify element visible By.cssSelector: #organizationSettings
[INFO] 20-06-2023 16:14:24 [main] [LogUtils] - Clicked on the element By.cssSelector: #organizationSettings
[INFO] 20-06-2023 16:14:24 [main] [LogUtils] - Verify element visible By.cssSelector: #reportsView
[INFO] 20-06-2023 16:14:24 [main] [LogUtils] - Clicked on the element By.cssSelector: #reportsView
[INFO] 20-06-2023 16:14:24 [main] [LogUtils] - Waiting for Loading
[INFO] 20-06-2023 16:14:54 [main] [LogUtils] - Expected condition failed: waiting for visibility of Proxy element for: DefaultElementLocator 'By.cssSelector: div[class="absolute inset-0 w-full z-[1111] bg-base-white/60 flex items-center justify-center"]' (tried for 30 second(s) with 500 milliseconds interval)
[INFO] 20-06-2023 16:14:54 [main] [LogUtils] - Loading Started
[INFO] 20-06-2023 16:14:54 [main] [LogUtils] - Loading finsihed
[INFO] 20-06-2023 16:15:48 [main] [LogUtils] - Driver is Just Initialized
[INFO] 20-06-2023 16:15:48 [main] [LogUtils] - Loaded file: D:\Zapta\Automation\Lahebo\src/test/resources/config/datatest.properties
[INFO] 20-06-2023 16:15:48 [main] [LogUtils] - Loaded file: D:\Zapta\Automation\Lahebo\src/test/resources/config/config.properties
[INFO] 20-06-2023 16:15:48 [main] [LogUtils] - Loaded all properties files.
[INFO] 20-06-2023 16:15:48 [main] [LogUtils] - Loaded file: D:\Zapta\Automation\Lahebo\src/test/resources/config/datatest.properties
[INFO] 20-06-2023 16:15:48 [main] [LogUtils] - Loaded file: D:\Zapta\Automation\Lahebo\src/test/resources/config/config.properties
[INFO] 20-06-2023 16:15:48 [main] [LogUtils] - Loaded all properties files.
[INFO] 20-06-2023 16:15:48 [main] [LogUtils] - Loaded file: D:\Zapta\Automation\Lahebo\src/test/resources/config/datatest.properties
[INFO] 20-06-2023 16:15:48 [main] [LogUtils] - Loaded file: D:\Zapta\Automation\Lahebo\src/test/resources/config/config.properties
[INFO] 20-06-2023 16:15:48 [main] [LogUtils] - Loaded all properties files.
[INFO] 20-06-2023 16:15:54 [main] [LogUtils] - Username and password are correct
[INFO] 20-06-2023 16:16:03 [main] [LogUtils] - Expected condition failed: waiting for visibility of Proxy element for: DefaultElementLocator 'By.cssSelector: div.Vue-Toastification__toast-body' (tried for 5 second(s) with 500 milliseconds interval)
[INFO] 20-06-2023 16:16:03 [main] [LogUtils] - Waiting for Loading
[INFO] 20-06-2023 16:16:04 [main] [LogUtils] - Loading Started
[INFO] 20-06-2023 16:16:12 [main] [LogUtils] - Loading finsihed
[INFO] 20-06-2023 16:16:12 [main] [LogUtils] - Verify element visible By.cssSelector: #organizationSettings
[INFO] 20-06-2023 16:16:13 [main] [LogUtils] - Clicked on the element By.cssSelector: #organizationSettings
[INFO] 20-06-2023 16:16:13 [main] [LogUtils] - Verify element visible By.cssSelector: #jobFunctionItem
[INFO] 20-06-2023 16:16:13 [main] [LogUtils] - Clicked on the element By.cssSelector: #jobFunctionItem
[INFO] 20-06-2023 16:16:13 [main] [LogUtils] - Waiting for Loading
[INFO] 20-06-2023 16:16:13 [main] [LogUtils] - Loading Started
[INFO] 20-06-2023 16:16:15 [main] [LogUtils] - Loading finsihed
[INFO] 20-06-2023 16:25:06 [main] [LogUtils] - Driver is Just Initialized
[INFO] 20-06-2023 16:25:06 [main] [LogUtils] - Loaded file: D:\Zapta\Automation\Lahebo\src/test/resources/config/datatest.properties
[INFO] 20-06-2023 16:25:06 [main] [LogUtils] - Loaded file: D:\Zapta\Automation\Lahebo\src/test/resources/config/config.properties
[INFO] 20-06-2023 16:25:06 [main] [LogUtils] - Loaded all properties files.
[INFO] 20-06-2023 16:25:07 [main] [LogUtils] - Loaded file: D:\Zapta\Automation\Lahebo\src/test/resources/config/datatest.properties
[INFO] 20-06-2023 16:25:07 [main] [LogUtils] - Loaded file: D:\Zapta\Automation\Lahebo\src/test/resources/config/config.properties
[INFO] 20-06-2023 16:25:07 [main] [LogUtils] - Loaded all properties files.
[INFO] 20-06-2023 16:25:07 [main] [LogUtils] - Loaded file: D:\Zapta\Automation\Lahebo\src/test/resources/config/datatest.properties
[INFO] 20-06-2023 16:25:07 [main] [LogUtils] - Loaded file: D:\Zapta\Automation\Lahebo\src/test/resources/config/config.properties
[INFO] 20-06-2023 16:25:07 [main] [LogUtils] - Loaded all properties files.
[INFO] 20-06-2023 16:25:10 [main] [LogUtils] - Username and password are correct
[INFO] 20-06-2023 16:25:18 [main] [LogUtils] - Expected condition failed: waiting for visibility of Proxy element for: DefaultElementLocator 'By.cssSelector: div.Vue-Toastification__toast-body' (tried for 5 second(s) with 500 milliseconds interval)
[INFO] 20-06-2023 16:25:18 [main] [LogUtils] - Waiting for Loading
[INFO] 20-06-2023 16:25:20 [main] [LogUtils] - Loading Started
[INFO] 20-06-2023 16:25:22 [main] [LogUtils] - Loading finsihed
[INFO] 20-06-2023 16:25:22 [main] [LogUtils] - Verify element visible By.cssSelector: #organizationSettings
[INFO] 20-06-2023 16:25:23 [main] [LogUtils] - Clicked on the element By.cssSelector: #organizationSettings
[INFO] 20-06-2023 16:25:23 [main] [LogUtils] - Verify element visible By.cssSelector: #jobFunctionItem
[INFO] 20-06-2023 16:25:23 [main] [LogUtils] - Clicked on the element By.cssSelector: #jobFunctionItem
[INFO] 20-06-2023 16:25:23 [main] [LogUtils] - Waiting for Loading
[INFO] 20-06-2023 16:25:23 [main] [LogUtils] - Loading Started
[INFO] 20-06-2023 16:25:25 [main] [LogUtils] - Loading finsihed
[INFO] 20-06-2023 16:25:25 [main] [LogUtils] - Verify element visible By.cssSelector: #addJobFuncBtn
[INFO] 20-06-2023 16:25:25 [main] [LogUtils] - Clicked on the element By.cssSelector: #addJobFuncBtn
[INFO] 20-06-2023 16:25:25 [main] [LogUtils] - Waiting for Loading
[INFO] 20-06-2023 16:25:55 [main] [LogUtils] - Expected condition failed: waiting for visibility of Proxy element for: DefaultElementLocator 'By.cssSelector: div[class="absolute inset-0 w-full z-[1111] bg-base-white/60 flex items-center justify-center"]' (tried for 30 second(s) with 500 milliseconds interval)
[INFO] 20-06-2023 16:25:55 [main] [LogUtils] - Loading Started
[INFO] 20-06-2023 16:25:56 [main] [LogUtils] - Loading finsihed
[INFO] 20-06-2023 16:27:23 [main] [LogUtils] - Driver is Just Initialized
[INFO] 20-06-2023 16:27:23 [main] [LogUtils] - Loaded file: D:\Zapta\Automation\Lahebo\src/test/resources/config/datatest.properties
[INFO] 20-06-2023 16:27:23 [main] [LogUtils] - Loaded file: D:\Zapta\Automation\Lahebo\src/test/resources/config/config.properties
[INFO] 20-06-2023 16:27:23 [main] [LogUtils] - Loaded all properties files.
[INFO] 20-06-2023 16:27:23 [main] [LogUtils] - Loaded file: D:\Zapta\Automation\Lahebo\src/test/resources/config/datatest.properties
[INFO] 20-06-2023 16:27:23 [main] [LogUtils] - Loaded file: D:\Zapta\Automation\Lahebo\src/test/resources/config/config.properties
[INFO] 20-06-2023 16:27:23 [main] [LogUtils] - Loaded all properties files.
[INFO] 20-06-2023 16:27:23 [main] [LogUtils] - Loaded file: D:\Zapta\Automation\Lahebo\src/test/resources/config/datatest.properties
[INFO] 20-06-2023 16:27:23 [main] [LogUtils] - Loaded file: D:\Zapta\Automation\Lahebo\src/test/resources/config/config.properties
[INFO] 20-06-2023 16:27:23 [main] [LogUtils] - Loaded all properties files.
[INFO] 20-06-2023 16:27:27 [main] [LogUtils] - Username and password are correct
[INFO] 20-06-2023 16:27:35 [main] [LogUtils] - Expected condition failed: waiting for visibility of Proxy element for: DefaultElementLocator 'By.cssSelector: div.Vue-Toastification__toast-body' (tried for 5 second(s) with 500 milliseconds interval)
[INFO] 20-06-2023 16:27:35 [main] [LogUtils] - Waiting for Loading
[INFO] 20-06-2023 16:27:36 [main] [LogUtils] - Loading Started
[INFO] 20-06-2023 16:27:39 [main] [LogUtils] - Loading finsihed
[INFO] 20-06-2023 16:27:39 [main] [LogUtils] - Verify element visible By.cssSelector: #organizationSettings
[INFO] 20-06-2023 16:27:39 [main] [LogUtils] - Clicked on the element By.cssSelector: #organizationSettings
[INFO] 20-06-2023 16:27:39 [main] [LogUtils] - Verify element visible By.cssSelector: #jobFunctionItem
[INFO] 20-06-2023 16:27:39 [main] [LogUtils] - Clicked on the element By.cssSelector: #jobFunctionItem
[INFO] 20-06-2023 16:27:39 [main] [LogUtils] - Waiting for Loading
[INFO] 20-06-2023 16:27:40 [main] [LogUtils] - Loading Started
[INFO] 20-06-2023 16:27:41 [main] [LogUtils] - Loading finsihed
[INFO] 20-06-2023 16:27:41 [main] [LogUtils] - Verify element visible By.cssSelector: #addJobFuncBtn
[INFO] 20-06-2023 16:27:41 [main] [LogUtils] - Clicked on the element By.cssSelector: #addJobFuncBtn
[INFO] 20-06-2023 16:27:42 [main] [LogUtils] - Verify element visible By.cssSelector: #jobFuncNameField
[INFO] 20-06-2023 16:27:42 [main] [LogUtils] - Set text hiring on By.cssSelector: #jobFuncNameField
[INFO] 20-06-2023 16:27:42 [main] [LogUtils] - Waiting for Loading
[INFO] 20-06-2023 16:28:12 [main] [LogUtils] - Expected condition failed: waiting for visibility of Proxy element for: DefaultElementLocator 'By.cssSelector: div[class="absolute inset-0 w-full z-[1111] bg-base-white/60 flex items-center justify-center"]' (tried for 30 second(s) with 500 milliseconds interval)
[INFO] 20-06-2023 16:28:12 [main] [LogUtils] - Loading Started
[INFO] 20-06-2023 16:28:12 [main] [LogUtils] - Loading finsihed
[INFO] 20-06-2023 16:33:44 [main] [LogUtils] - Driver is Just Initialized
[INFO] 20-06-2023 16:33:44 [main] [LogUtils] - Loaded file: D:\Zapta\Automation\Lahebo\src/test/resources/config/datatest.properties
[INFO] 20-06-2023 16:33:44 [main] [LogUtils] - Loaded file: D:\Zapta\Automation\Lahebo\src/test/resources/config/config.properties
[INFO] 20-06-2023 16:33:44 [main] [LogUtils] - Loaded all properties files.
[INFO] 20-06-2023 16:33:44 [main] [LogUtils] - Loaded file: D:\Zapta\Automation\Lahebo\src/test/resources/config/datatest.properties
[INFO] 20-06-2023 16:33:44 [main] [LogUtils] - Loaded file: D:\Zapta\Automation\Lahebo\src/test/resources/config/config.properties
[INFO] 20-06-2023 16:33:44 [main] [LogUtils] - Loaded all properties files.
[INFO] 20-06-2023 16:33:44 [main] [LogUtils] - Loaded file: D:\Zapta\Automation\Lahebo\src/test/resources/config/datatest.properties
[INFO] 20-06-2023 16:33:44 [main] [LogUtils] - Loaded file: D:\Zapta\Automation\Lahebo\src/test/resources/config/config.properties
[INFO] 20-06-2023 16:33:44 [main] [LogUtils] - Loaded all properties files.
[INFO] 20-06-2023 16:33:47 [main] [LogUtils] - Username and password are correct
[INFO] 20-06-2023 16:33:56 [main] [LogUtils] - Expected condition failed: waiting for visibility of Proxy element for: DefaultElementLocator 'By.cssSelector: div.Vue-Toastification__toast-body' (tried for 5 second(s) with 500 milliseconds interval)
[INFO] 20-06-2023 16:33:56 [main] [LogUtils] - Waiting for Loading
[INFO] 20-06-2023 16:33:56 [main] [LogUtils] - Loading Started
[INFO] 20-06-2023 16:33:59 [main] [LogUtils] - Loading finsihed
[INFO] 20-06-2023 16:33:59 [main] [LogUtils] - Verify element visible By.cssSelector: #organizationSettings
[INFO] 20-06-2023 16:33:59 [main] [LogUtils] - Clicked on the element By.cssSelector: #organizationSettings
[INFO] 20-06-2023 16:33:59 [main] [LogUtils] - Verify element visible By.cssSelector: #jobFunctionItem
[INFO] 20-06-2023 16:33:59 [main] [LogUtils] - Clicked on the element By.cssSelector: #jobFunctionItem
[INFO] 20-06-2023 16:33:59 [main] [LogUtils] - Waiting for Loading
[INFO] 20-06-2023 16:34:00 [main] [LogUtils] - Loading Started
[INFO] 20-06-2023 16:34:02 [main] [LogUtils] - Loading finsihed
[INFO] 20-06-2023 16:34:02 [main] [LogUtils] - Verify element visible By.cssSelector: #addJobFuncBtn
[INFO] 20-06-2023 16:34:02 [main] [LogUtils] - Clicked on the element By.cssSelector: #addJobFuncBtn
[INFO] 20-06-2023 16:34:02 [main] [LogUtils] - Verify element visible By.cssSelector: #jobFuncNameField
[INFO] 20-06-2023 16:34:02 [main] [LogUtils] - Set text hiring on By.cssSelector: #jobFuncNameField
[INFO] 20-06-2023 16:34:02 [main] [LogUtils] - Verify element visible By.cssSelector: #jobFuncDeptField
[INFO] 20-06-2023 16:34:02 [main] [LogUtils] - Clicked on the element By.cssSelector: #jobFuncDeptField
[INFO] 20-06-2023 16:34:02 [main] [LogUtils] - Waiting for Loading
[INFO] 20-06-2023 16:34:33 [main] [LogUtils] - Expected condition failed: waiting for visibility of Proxy element for: DefaultElementLocator 'By.cssSelector: div[class="absolute inset-0 w-full z-[1111] bg-base-white/60 flex items-center justify-center"]' (tried for 30 second(s) with 500 milliseconds interval)
[INFO] 20-06-2023 16:34:33 [main] [LogUtils] - Loading Started
[INFO] 20-06-2023 16:34:33 [main] [LogUtils] - Loading finsihed
[INFO] 20-06-2023 16:40:32 [main] [LogUtils] - Driver is Just Initialized
[INFO] 20-06-2023 16:40:32 [main] [LogUtils] - Loaded file: D:\Zapta\Automation\Lahebo\src/test/resources/config/datatest.properties
[INFO] 20-06-2023 16:40:32 [main] [LogUtils] - Loaded file: D:\Zapta\Automation\Lahebo\src/test/resources/config/config.properties
[INFO] 20-06-2023 16:40:32 [main] [LogUtils] - Loaded all properties files.
[INFO] 20-06-2023 16:40:32 [main] [LogUtils] - Loaded file: D:\Zapta\Automation\Lahebo\src/test/resources/config/datatest.properties
[INFO] 20-06-2023 16:40:32 [main] [LogUtils] - Loaded file: D:\Zapta\Automation\Lahebo\src/test/resources/config/config.properties
[INFO] 20-06-2023 16:40:32 [main] [LogUtils] - Loaded all properties files.
[INFO] 20-06-2023 16:40:32 [main] [LogUtils] - Loaded file: D:\Zapta\Automation\Lahebo\src/test/resources/config/datatest.properties
[INFO] 20-06-2023 16:40:32 [main] [LogUtils] - Loaded file: D:\Zapta\Automation\Lahebo\src/test/resources/config/config.properties
[INFO] 20-06-2023 16:40:32 [main] [LogUtils] - Loaded all properties files.
[INFO] 20-06-2023 16:40:35 [main] [LogUtils] - Username and password are correct
[INFO] 20-06-2023 16:40:44 [main] [LogUtils] - Expected condition failed: waiting for visibility of Proxy element for: DefaultElementLocator 'By.cssSelector: div.Vue-Toastification__toast-body' (tried for 5 second(s) with 500 milliseconds interval)
[INFO] 20-06-2023 16:40:44 [main] [LogUtils] - Waiting for Loading
[INFO] 20-06-2023 16:40:45 [main] [LogUtils] - Loading Started
[INFO] 20-06-2023 16:40:47 [main] [LogUtils] - Loading finsihed
[INFO] 20-06-2023 16:40:47 [main] [LogUtils] - Verify element visible By.cssSelector: #organizationSettings
[INFO] 20-06-2023 16:40:47 [main] [LogUtils] - Clicked on the element By.cssSelector: #organizationSettings
[INFO] 20-06-2023 16:40:47 [main] [LogUtils] - Verify element visible By.cssSelector: #jobFunctionItem
[INFO] 20-06-2023 16:40:47 [main] [LogUtils] - Clicked on the element By.cssSelector: #jobFunctionItem
[INFO] 20-06-2023 16:40:47 [main] [LogUtils] - Waiting for Loading
[INFO] 20-06-2023 16:40:48 [main] [LogUtils] - Loading Started
[INFO] 20-06-2023 16:40:50 [main] [LogUtils] - Loading finsihed
[INFO] 20-06-2023 16:40:50 [main] [LogUtils] - Verify element visible By.cssSelector: #addJobFuncBtn
[INFO] 20-06-2023 16:40:50 [main] [LogUtils] - Clicked on the element By.cssSelector: #addJobFuncBtn
[INFO] 20-06-2023 16:40:50 [main] [LogUtils] - Verify element visible By.cssSelector: #jobFuncNameField
[INFO] 20-06-2023 16:40:50 [main] [LogUtils] - Set text hiring on By.cssSelector: #jobFuncNameField
[INFO] 20-06-2023 16:40:50 [main] [LogUtils] - Verify element visible By.cssSelector: #jobFuncDeptField
[INFO] 20-06-2023 16:40:50 [main] [LogUtils] - Clicked on the element By.cssSelector: #jobFuncDeptField
[INFO] 20-06-2023 16:40:50 [main] [LogUtils] - Verify element visible By.cssSelector: #jobFuncDeptField>div>div
[INFO] 20-06-2023 16:40:50 [main] [LogUtils] - size of list: 2
[INFO] 20-06-2023 16:40:50 [main] [LogUtils] - 
[INFO] 20-06-2023 16:40:50 [main] [LogUtils] - No Item Available
[INFO] 20-06-2023 16:50:59 [main] [LogUtils] - Driver is Just Initialized
[INFO] 20-06-2023 16:50:59 [main] [LogUtils] - Loaded file: D:\Zapta\Automation\Lahebo\src/test/resources/config/datatest.properties
[INFO] 20-06-2023 16:50:59 [main] [LogUtils] - Loaded file: D:\Zapta\Automation\Lahebo\src/test/resources/config/config.properties
[INFO] 20-06-2023 16:50:59 [main] [LogUtils] - Loaded all properties files.
[INFO] 20-06-2023 16:50:59 [main] [LogUtils] - Loaded file: D:\Zapta\Automation\Lahebo\src/test/resources/config/datatest.properties
[INFO] 20-06-2023 16:50:59 [main] [LogUtils] - Loaded file: D:\Zapta\Automation\Lahebo\src/test/resources/config/config.properties
[INFO] 20-06-2023 16:50:59 [main] [LogUtils] - Loaded all properties files.
[INFO] 20-06-2023 16:50:59 [main] [LogUtils] - Loaded file: D:\Zapta\Automation\Lahebo\src/test/resources/config/datatest.properties
[INFO] 20-06-2023 16:50:59 [main] [LogUtils] - Loaded file: D:\Zapta\Automation\Lahebo\src/test/resources/config/config.properties
[INFO] 20-06-2023 16:50:59 [main] [LogUtils] - Loaded all properties files.
[INFO] 20-06-2023 16:51:04 [main] [LogUtils] - Username and password are correct
[INFO] 20-06-2023 16:51:14 [main] [LogUtils] - Expected condition failed: waiting for visibility of Proxy element for: DefaultElementLocator 'By.cssSelector: div.Vue-Toastification__toast-body' (tried for 5 second(s) with 500 milliseconds interval)
[INFO] 20-06-2023 16:51:14 [main] [LogUtils] - Waiting for Loading
[INFO] 20-06-2023 16:51:16 [main] [LogUtils] - Loading Started
[INFO] 20-06-2023 16:51:18 [main] [LogUtils] - Loading finsihed
[INFO] 20-06-2023 16:51:19 [main] [LogUtils] - Verify element visible By.cssSelector: #organizationSettings
[INFO] 20-06-2023 16:51:19 [main] [LogUtils] - Clicked on the element By.cssSelector: #organizationSettings
[INFO] 20-06-2023 16:51:20 [main] [LogUtils] - Verify element visible By.cssSelector: #jobFunctionItem
[INFO] 20-06-2023 16:51:20 [main] [LogUtils] - Clicked on the element By.cssSelector: #jobFunctionItem
[INFO] 20-06-2023 16:51:20 [main] [LogUtils] - Waiting for Loading
[INFO] 20-06-2023 16:51:22 [main] [LogUtils] - Loading Started
[INFO] 20-06-2023 16:51:22 [main] [LogUtils] - Loading finsihed
[INFO] 20-06-2023 16:51:23 [main] [LogUtils] - Verify element visible By.cssSelector: #addJobFuncBtn
[INFO] 20-06-2023 16:51:23 [main] [LogUtils] - Clicked on the element By.cssSelector: #addJobFuncBtn
[INFO] 20-06-2023 16:51:24 [main] [LogUtils] - Verify element visible By.cssSelector: #jobFuncNameField
[INFO] 20-06-2023 16:51:25 [main] [LogUtils] - Set text hiring on By.cssSelector: #jobFuncNameField
[INFO] 20-06-2023 16:51:25 [main] [LogUtils] - Verify element visible By.cssSelector: #jobFuncDeptField
[INFO] 20-06-2023 16:51:25 [main] [LogUtils] - Clicked on the element By.cssSelector: #jobFuncDeptField
[INFO] 20-06-2023 16:51:25 [main] [LogUtils] - Verify element visible By.cssSelector: #jobFuncDeptField>div>div>div
[INFO] 20-06-2023 16:51:25 [main] [LogUtils] - size of list: 6
[INFO] 20-06-2023 16:51:25 [main] [LogUtils] - adadfadfa
[INFO] 20-06-2023 16:51:25 [main] [LogUtils] - adjklasdjjs
[INFO] 20-06-2023 16:51:25 [main] [LogUtils] - aljklasdjo
[INFO] 20-06-2023 16:51:25 [main] [LogUtils] - designing
[INFO] 20-06-2023 16:51:25 [main] [LogUtils] - Waiting for Loading
[INFO] 20-06-2023 16:51:55 [main] [LogUtils] - Expected condition failed: waiting for visibility of Proxy element for: DefaultElementLocator 'By.cssSelector: div[class="absolute inset-0 w-full z-[1111] bg-base-white/60 flex items-center justify-center"]' (tried for 30 second(s) with 500 milliseconds interval)
[INFO] 20-06-2023 16:51:55 [main] [LogUtils] - Loading Started
[INFO] 20-06-2023 16:51:55 [main] [LogUtils] - Loading finsihed
[INFO] 20-06-2023 17:25:24 [main] [LogUtils] - Driver is Just Initialized
[INFO] 20-06-2023 17:25:24 [main] [LogUtils] - Loaded file: D:\Zapta\Automation\Lahebo\src/test/resources/config/datatest.properties
[INFO] 20-06-2023 17:25:24 [main] [LogUtils] - Loaded file: D:\Zapta\Automation\Lahebo\src/test/resources/config/config.properties
[INFO] 20-06-2023 17:25:24 [main] [LogUtils] - Loaded all properties files.
[INFO] 20-06-2023 17:25:24 [main] [LogUtils] - Loaded file: D:\Zapta\Automation\Lahebo\src/test/resources/config/datatest.properties
[INFO] 20-06-2023 17:25:24 [main] [LogUtils] - Loaded file: D:\Zapta\Automation\Lahebo\src/test/resources/config/config.properties
[INFO] 20-06-2023 17:25:24 [main] [LogUtils] - Loaded all properties files.
[INFO] 20-06-2023 17:25:24 [main] [LogUtils] - Loaded file: D:\Zapta\Automation\Lahebo\src/test/resources/config/datatest.properties
[INFO] 20-06-2023 17:25:24 [main] [LogUtils] - Loaded file: D:\Zapta\Automation\Lahebo\src/test/resources/config/config.properties
[INFO] 20-06-2023 17:25:24 [main] [LogUtils] - Loaded all properties files.
[INFO] 20-06-2023 17:25:28 [main] [LogUtils] - Username and password are correct
[INFO] 20-06-2023 17:25:49 [main] [LogUtils] - Expected condition failed: waiting for visibility of Proxy element for: DefaultElementLocator 'By.cssSelector: div.Vue-Toastification__toast-body' (tried for 5 second(s) with 500 milliseconds interval)
[INFO] 20-06-2023 17:25:49 [main] [LogUtils] - Waiting for Loading
[INFO] 20-06-2023 17:25:50 [main] [LogUtils] - Loading Started
[INFO] 20-06-2023 17:25:54 [main] [LogUtils] - Loading finsihed
[INFO] 20-06-2023 17:25:54 [main] [LogUtils] - Verify element visible By.cssSelector: #organizationSettings
[INFO] 20-06-2023 17:25:54 [main] [LogUtils] - Clicked on the element By.cssSelector: #organizationSettings
[INFO] 20-06-2023 17:25:54 [main] [LogUtils] - Verify element visible By.cssSelector: #jobFunctionItem
[INFO] 20-06-2023 17:25:54 [main] [LogUtils] - Clicked on the element By.cssSelector: #jobFunctionItem
[INFO] 20-06-2023 17:25:54 [main] [LogUtils] - Waiting for Loading
[INFO] 20-06-2023 17:25:55 [main] [LogUtils] - Loading Started
[INFO] 20-06-2023 17:25:57 [main] [LogUtils] - Loading finsihed
[INFO] 20-06-2023 17:25:57 [main] [LogUtils] - Verify element visible By.cssSelector: #addJobFuncBtn
[INFO] 20-06-2023 17:25:57 [main] [LogUtils] - Clicked on the element By.cssSelector: #addJobFuncBtn
[INFO] 20-06-2023 17:25:57 [main] [LogUtils] - Verify element visible By.cssSelector: #jobFuncNameField
[INFO] 20-06-2023 17:25:57 [main] [LogUtils] - Set text hiring on By.cssSelector: #jobFuncNameField
[INFO] 20-06-2023 17:25:57 [main] [LogUtils] - Verify element visible By.cssSelector: #jobFuncDeptField
[INFO] 20-06-2023 17:25:58 [main] [LogUtils] - Clicked on the element By.cssSelector: #jobFuncDeptField
[INFO] 20-06-2023 17:25:59 [main] [LogUtils] - Verify element visible By.cssSelector: #jobFuncDeptField>div>div>div
[INFO] 20-06-2023 17:25:59 [main] [LogUtils] - size of list: 6
[INFO] 20-06-2023 17:25:59 [main] [LogUtils] - adadfadfa
[INFO] 20-06-2023 17:25:59 [main] [LogUtils] - adjklasdjjs
[INFO] 20-06-2023 17:25:59 [main] [LogUtils] - aljklasdjo
[INFO] 20-06-2023 17:25:59 [main] [LogUtils] - designing
[INFO] 20-06-2023 17:25:59 [main] [LogUtils] - Waiting for Loading
[INFO] 20-06-2023 17:26:29 [main] [LogUtils] - Expected condition failed: waiting for visibility of Proxy element for: DefaultElementLocator 'By.cssSelector: div[class="absolute inset-0 w-full z-[1111] bg-base-white/60 flex items-center justify-center"]' (tried for 30 second(s) with 500 milliseconds interval)
[INFO] 20-06-2023 17:26:29 [main] [LogUtils] - Loading Started
[INFO] 20-06-2023 17:26:29 [main] [LogUtils] - Loading finsihed
[INFO] 20-06-2023 17:35:10 [main] [LogUtils] - Driver is Just Initialized
[INFO] 20-06-2023 17:35:10 [main] [LogUtils] - Loaded file: D:\Zapta\Automation\Lahebo\src/test/resources/config/datatest.properties
[INFO] 20-06-2023 17:35:10 [main] [LogUtils] - Loaded file: D:\Zapta\Automation\Lahebo\src/test/resources/config/config.properties
[INFO] 20-06-2023 17:35:10 [main] [LogUtils] - Loaded all properties files.
[INFO] 20-06-2023 17:35:10 [main] [LogUtils] - Loaded file: D:\Zapta\Automation\Lahebo\src/test/resources/config/datatest.properties
[INFO] 20-06-2023 17:35:10 [main] [LogUtils] - Loaded file: D:\Zapta\Automation\Lahebo\src/test/resources/config/config.properties
[INFO] 20-06-2023 17:35:10 [main] [LogUtils] - Loaded all properties files.
[INFO] 20-06-2023 17:35:10 [main] [LogUtils] - Loaded file: D:\Zapta\Automation\Lahebo\src/test/resources/config/datatest.properties
[INFO] 20-06-2023 17:35:10 [main] [LogUtils] - Loaded file: D:\Zapta\Automation\Lahebo\src/test/resources/config/config.properties
[INFO] 20-06-2023 17:35:10 [main] [LogUtils] - Loaded all properties files.
[INFO] 20-06-2023 17:35:14 [main] [LogUtils] - Username and password are correct
[INFO] 20-06-2023 17:35:23 [main] [LogUtils] - Expected condition failed: waiting for visibility of Proxy element for: DefaultElementLocator 'By.cssSelector: div.Vue-Toastification__toast-body' (tried for 5 second(s) with 500 milliseconds interval)
[INFO] 20-06-2023 17:35:23 [main] [LogUtils] - Waiting for Loading
[INFO] 20-06-2023 17:35:24 [main] [LogUtils] - Loading Started
[INFO] 20-06-2023 17:35:26 [main] [LogUtils] - Loading finsihed
[INFO] 20-06-2023 17:35:27 [main] [LogUtils] - Verify element visible By.cssSelector: #organizationSettings
[INFO] 20-06-2023 17:35:27 [main] [LogUtils] - Clicked on the element By.cssSelector: #organizationSettings
[INFO] 20-06-2023 17:35:27 [main] [LogUtils] - Verify element visible By.cssSelector: #jobFunctionItem
[INFO] 20-06-2023 17:35:27 [main] [LogUtils] - Clicked on the element By.cssSelector: #jobFunctionItem
[INFO] 20-06-2023 17:35:27 [main] [LogUtils] - Waiting for Loading
[INFO] 20-06-2023 17:35:27 [main] [LogUtils] - Loading Started
[INFO] 20-06-2023 17:35:29 [main] [LogUtils] - Loading finsihed
[INFO] 20-06-2023 17:35:29 [main] [LogUtils] - Verify element visible By.cssSelector: #addJobFuncBtn
[INFO] 20-06-2023 17:35:29 [main] [LogUtils] - Clicked on the element By.cssSelector: #addJobFuncBtn
[INFO] 20-06-2023 17:35:29 [main] [LogUtils] - Verify element visible By.cssSelector: #jobFuncNameField
[INFO] 20-06-2023 17:35:29 [main] [LogUtils] - Set text hiring on By.cssSelector: #jobFuncNameField
[INFO] 20-06-2023 17:35:29 [main] [LogUtils] - Verify element visible By.cssSelector: #jobFuncDeptField
[INFO] 20-06-2023 17:35:29 [main] [LogUtils] - Clicked on the element By.cssSelector: #jobFuncDeptField
[INFO] 20-06-2023 17:35:30 [main] [LogUtils] - Verify element visible By.cssSelector: #jobFuncDeptField>div>div>div
[INFO] 20-06-2023 17:35:31 [main] [LogUtils] - size of list: 6
[INFO] 20-06-2023 17:35:31 [main] [LogUtils] - adadfadfa
[INFO] 20-06-2023 17:35:31 [main] [LogUtils] - adjklasdjjs
[INFO] 20-06-2023 17:35:31 [main] [LogUtils] - aljklasdjo
[INFO] 20-06-2023 17:35:31 [main] [LogUtils] - designing
[INFO] 20-06-2023 17:35:31 [main] [LogUtils] - Verify element visible By.cssSelector: #jobFuncDeptField>div>div>div
[INFO] 20-06-2023 17:35:31 [main] [LogUtils] - Clicked on the element By.cssSelector: #jobFuncDeptField>div>div>div
[INFO] 20-06-2023 17:36:38 [main] [LogUtils] - Driver is Just Initialized
[INFO] 20-06-2023 17:36:38 [main] [LogUtils] - Loaded file: D:\Zapta\Automation\Lahebo\src/test/resources/config/datatest.properties
[INFO] 20-06-2023 17:36:38 [main] [LogUtils] - Loaded file: D:\Zapta\Automation\Lahebo\src/test/resources/config/config.properties
[INFO] 20-06-2023 17:36:38 [main] [LogUtils] - Loaded all properties files.
[INFO] 20-06-2023 17:36:38 [main] [LogUtils] - Loaded file: D:\Zapta\Automation\Lahebo\src/test/resources/config/datatest.properties
[INFO] 20-06-2023 17:36:38 [main] [LogUtils] - Loaded file: D:\Zapta\Automation\Lahebo\src/test/resources/config/config.properties
[INFO] 20-06-2023 17:36:38 [main] [LogUtils] - Loaded all properties files.
[INFO] 20-06-2023 17:36:38 [main] [LogUtils] - Loaded file: D:\Zapta\Automation\Lahebo\src/test/resources/config/datatest.properties
[INFO] 20-06-2023 17:36:38 [main] [LogUtils] - Loaded file: D:\Zapta\Automation\Lahebo\src/test/resources/config/config.properties
[INFO] 20-06-2023 17:36:38 [main] [LogUtils] - Loaded all properties files.
[INFO] 20-06-2023 17:36:41 [main] [LogUtils] - Username and password are correct
[INFO] 20-06-2023 17:36:50 [main] [LogUtils] - Expected condition failed: waiting for visibility of Proxy element for: DefaultElementLocator 'By.cssSelector: div.Vue-Toastification__toast-body' (tried for 5 second(s) with 500 milliseconds interval)
[INFO] 20-06-2023 17:36:50 [main] [LogUtils] - Waiting for Loading
[INFO] 20-06-2023 17:36:50 [main] [LogUtils] - Loading Started
[INFO] 20-06-2023 17:36:53 [main] [LogUtils] - Loading finsihed
[INFO] 20-06-2023 17:36:53 [main] [LogUtils] - Verify element visible By.cssSelector: #organizationSettings
[INFO] 20-06-2023 17:36:53 [main] [LogUtils] - Clicked on the element By.cssSelector: #organizationSettings
[INFO] 20-06-2023 17:36:53 [main] [LogUtils] - Verify element visible By.cssSelector: #jobFunctionItem
[INFO] 20-06-2023 17:36:54 [main] [LogUtils] - Clicked on the element By.cssSelector: #jobFunctionItem
[INFO] 20-06-2023 17:36:54 [main] [LogUtils] - Waiting for Loading
[INFO] 20-06-2023 17:36:55 [main] [LogUtils] - Loading Started
[INFO] 20-06-2023 17:36:56 [main] [LogUtils] - Loading finsihed
[INFO] 20-06-2023 17:36:56 [main] [LogUtils] - Verify element visible By.cssSelector: #addJobFuncBtn
[INFO] 20-06-2023 17:36:56 [main] [LogUtils] - Clicked on the element By.cssSelector: #addJobFuncBtn
[INFO] 20-06-2023 17:36:56 [main] [LogUtils] - Verify element visible By.cssSelector: #jobFuncNameField
[INFO] 20-06-2023 17:36:56 [main] [LogUtils] - Set text hiring on By.cssSelector: #jobFuncNameField
[INFO] 20-06-2023 17:36:56 [main] [LogUtils] - Verify element visible By.cssSelector: #jobFuncDeptField
[INFO] 20-06-2023 17:36:56 [main] [LogUtils] - Clicked on the element By.cssSelector: #jobFuncDeptField
[INFO] 20-06-2023 17:36:58 [main] [LogUtils] - Verify element visible By.cssSelector: #jobFuncDeptField>div>div>div
[INFO] 20-06-2023 17:36:58 [main] [LogUtils] - size of list: 6
[INFO] 20-06-2023 17:36:58 [main] [LogUtils] - adadfadfa
[INFO] 20-06-2023 17:36:58 [main] [LogUtils] - adjklasdjjs
[INFO] 20-06-2023 17:36:58 [main] [LogUtils] - aljklasdjo
[INFO] 20-06-2023 17:36:58 [main] [LogUtils] - designing
[INFO] 20-06-2023 17:36:58 [main] [LogUtils] - Verify element visible By.cssSelector: #jobFuncDeptField>div>div>input
[INFO] 20-06-2023 17:36:58 [main] [LogUtils] - Clicked on the element By.cssSelector: #jobFuncDeptField>div>div>input
[INFO] 20-06-2023 17:49:51 [main] [LogUtils] - Driver is Just Initialized
[INFO] 20-06-2023 17:49:51 [main] [LogUtils] - Loaded file: D:\Zapta\Automation\Lahebo\src/test/resources/config/datatest.properties
[INFO] 20-06-2023 17:49:51 [main] [LogUtils] - Loaded file: D:\Zapta\Automation\Lahebo\src/test/resources/config/config.properties
[INFO] 20-06-2023 17:49:51 [main] [LogUtils] - Loaded all properties files.
[INFO] 20-06-2023 17:49:51 [main] [LogUtils] - Loaded file: D:\Zapta\Automation\Lahebo\src/test/resources/config/datatest.properties
[INFO] 20-06-2023 17:49:51 [main] [LogUtils] - Loaded file: D:\Zapta\Automation\Lahebo\src/test/resources/config/config.properties
[INFO] 20-06-2023 17:49:51 [main] [LogUtils] - Loaded all properties files.
[INFO] 20-06-2023 17:49:51 [main] [LogUtils] - Loaded file: D:\Zapta\Automation\Lahebo\src/test/resources/config/datatest.properties
[INFO] 20-06-2023 17:49:51 [main] [LogUtils] - Loaded file: D:\Zapta\Automation\Lahebo\src/test/resources/config/config.properties
[INFO] 20-06-2023 17:49:51 [main] [LogUtils] - Loaded all properties files.
[INFO] 20-06-2023 17:49:56 [main] [LogUtils] - Username and password are correct
[INFO] 20-06-2023 17:50:10 [main] [LogUtils] - Expected condition failed: waiting for visibility of Proxy element for: DefaultElementLocator 'By.cssSelector: div.Vue-Toastification__toast-body' (tried for 5 second(s) with 500 milliseconds interval)
[INFO] 20-06-2023 17:50:10 [main] [LogUtils] - Waiting for Loading
[INFO] 20-06-2023 17:50:11 [main] [LogUtils] - Loading Started
[INFO] 20-06-2023 17:50:13 [main] [LogUtils] - Loading finsihed
[INFO] 20-06-2023 17:50:13 [main] [LogUtils] - Verify element visible By.cssSelector: #organizationSettings
[INFO] 20-06-2023 17:50:14 [main] [LogUtils] - Clicked on the element By.cssSelector: #organizationSettings
[INFO] 20-06-2023 17:50:14 [main] [LogUtils] - Verify element visible By.cssSelector: #jobFunctionItem
[INFO] 20-06-2023 17:50:14 [main] [LogUtils] - Clicked on the element By.cssSelector: #jobFunctionItem
[INFO] 20-06-2023 17:50:14 [main] [LogUtils] - Waiting for Loading
[INFO] 20-06-2023 17:50:14 [main] [LogUtils] - Loading Started
[INFO] 20-06-2023 17:50:16 [main] [LogUtils] - Loading finsihed
[INFO] 20-06-2023 17:50:16 [main] [LogUtils] - Verify element visible By.cssSelector: #addJobFuncBtn
[INFO] 20-06-2023 17:50:16 [main] [LogUtils] - Clicked on the element By.cssSelector: #addJobFuncBtn
[INFO] 20-06-2023 17:50:16 [main] [LogUtils] - Verify element visible By.cssSelector: #jobFuncNameField
[INFO] 20-06-2023 17:50:16 [main] [LogUtils] - Set text hiring on By.cssSelector: #jobFuncNameField
[INFO] 20-06-2023 17:50:16 [main] [LogUtils] - Verify element visible By.cssSelector: #jobFuncDeptField
[INFO] 20-06-2023 17:50:16 [main] [LogUtils] - Clicked on the element By.cssSelector: #jobFuncDeptField
[INFO] 20-06-2023 17:50:18 [main] [LogUtils] - Verify element visible By.cssSelector: #jobFuncDeptField>div>div>div
[INFO] 20-06-2023 17:50:18 [main] [LogUtils] - size of list: 6
[INFO] 20-06-2023 17:50:18 [main] [LogUtils] - adadfadfa
[INFO] 20-06-2023 17:50:18 [main] [LogUtils] - adjklasdjjs
[INFO] 20-06-2023 17:50:18 [main] [LogUtils] - aljklasdjo
[INFO] 20-06-2023 17:50:18 [main] [LogUtils] - designing
[INFO] 20-06-2023 17:50:18 [main] [LogUtils] - Verify element visible By.cssSelector: #jobFuncDeptField>div>div:nth-of-type(2)>input
[INFO] 20-06-2023 17:50:18 [main] [LogUtils] - Clicked on the element By.cssSelector: #jobFuncDeptField>div>div:nth-of-type(2)>input
[INFO] 20-06-2023 17:51:59 [main] [LogUtils] - Driver is Just Initialized
[INFO] 20-06-2023 17:51:59 [main] [LogUtils] - Loaded file: D:\Zapta\Automation\Lahebo\src/test/resources/config/datatest.properties
[INFO] 20-06-2023 17:51:59 [main] [LogUtils] - Loaded file: D:\Zapta\Automation\Lahebo\src/test/resources/config/config.properties
[INFO] 20-06-2023 17:51:59 [main] [LogUtils] - Loaded all properties files.
[INFO] 20-06-2023 17:51:59 [main] [LogUtils] - Loaded file: D:\Zapta\Automation\Lahebo\src/test/resources/config/datatest.properties
[INFO] 20-06-2023 17:51:59 [main] [LogUtils] - Loaded file: D:\Zapta\Automation\Lahebo\src/test/resources/config/config.properties
[INFO] 20-06-2023 17:51:59 [main] [LogUtils] - Loaded all properties files.
[INFO] 20-06-2023 17:51:59 [main] [LogUtils] - Loaded file: D:\Zapta\Automation\Lahebo\src/test/resources/config/datatest.properties
[INFO] 20-06-2023 17:51:59 [main] [LogUtils] - Loaded file: D:\Zapta\Automation\Lahebo\src/test/resources/config/config.properties
[INFO] 20-06-2023 17:51:59 [main] [LogUtils] - Loaded all properties files.
[INFO] 20-06-2023 17:52:03 [main] [LogUtils] - Username and password are correct
[INFO] 20-06-2023 17:52:16 [main] [LogUtils] - Expected condition failed: waiting for visibility of Proxy element for: DefaultElementLocator 'By.cssSelector: div.Vue-Toastification__toast-body' (tried for 5 second(s) with 500 milliseconds interval)
[INFO] 20-06-2023 17:52:16 [main] [LogUtils] - Waiting for Loading
[INFO] 20-06-2023 17:52:17 [main] [LogUtils] - Loading Started
[INFO] 20-06-2023 17:52:19 [main] [LogUtils] - Loading finsihed
[INFO] 20-06-2023 17:52:20 [main] [LogUtils] - Verify element visible By.cssSelector: #organizationSettings
[INFO] 20-06-2023 17:52:20 [main] [LogUtils] - Clicked on the element By.cssSelector: #organizationSettings
[INFO] 20-06-2023 17:52:20 [main] [LogUtils] - Verify element visible By.cssSelector: #jobFunctionItem
[INFO] 20-06-2023 17:52:20 [main] [LogUtils] - Clicked on the element By.cssSelector: #jobFunctionItem
[INFO] 20-06-2023 17:52:20 [main] [LogUtils] - Waiting for Loading
[INFO] 20-06-2023 17:52:20 [main] [LogUtils] - Loading Started
[INFO] 20-06-2023 17:52:21 [main] [LogUtils] - Loading finsihed
[INFO] 20-06-2023 17:52:22 [main] [LogUtils] - Verify element visible By.cssSelector: #addJobFuncBtn
[INFO] 20-06-2023 17:52:22 [main] [LogUtils] - Clicked on the element By.cssSelector: #addJobFuncBtn
[INFO] 20-06-2023 17:52:22 [main] [LogUtils] - Verify element visible By.cssSelector: #jobFuncNameField
[INFO] 20-06-2023 17:52:22 [main] [LogUtils] - Set text hiring on By.cssSelector: #jobFuncNameField
[INFO] 20-06-2023 17:52:22 [main] [LogUtils] - Verify element visible By.cssSelector: #jobFuncDeptField
[INFO] 20-06-2023 17:52:22 [main] [LogUtils] - Clicked on the element By.cssSelector: #jobFuncDeptField
[INFO] 20-06-2023 17:52:23 [main] [LogUtils] - Verify element visible By.cssSelector: #jobFuncDeptField>div>div>div
[INFO] 20-06-2023 17:52:23 [main] [LogUtils] - size of list: 6
[INFO] 20-06-2023 17:52:23 [main] [LogUtils] - adadfadfa
[INFO] 20-06-2023 17:52:23 [main] [LogUtils] - adjklasdjjs
[INFO] 20-06-2023 17:52:23 [main] [LogUtils] - aljklasdjo
[INFO] 20-06-2023 17:52:23 [main] [LogUtils] - designing
[INFO] 20-06-2023 17:52:24 [main] [LogUtils] - Verify element visible By.cssSelector: #jobFuncDeptField>div>div:nth-of-type(2)>input
[INFO] 20-06-2023 17:52:24 [main] [LogUtils] - Clicked on the element By.cssSelector: #jobFuncDeptField>div>div:nth-of-type(2)>input
[INFO] 20-06-2023 17:52:24 [main] [LogUtils] - Verify element visible By.cssSelector: #doAction
[INFO] 20-06-2023 17:56:34 [main] [LogUtils] - Driver is Just Initialized
[INFO] 20-06-2023 17:56:34 [main] [LogUtils] - Loaded file: D:\Zapta\Automation\Lahebo\src/test/resources/config/datatest.properties
[INFO] 20-06-2023 17:56:34 [main] [LogUtils] - Loaded file: D:\Zapta\Automation\Lahebo\src/test/resources/config/config.properties
[INFO] 20-06-2023 17:56:34 [main] [LogUtils] - Loaded all properties files.
[INFO] 20-06-2023 17:56:34 [main] [LogUtils] - Loaded file: D:\Zapta\Automation\Lahebo\src/test/resources/config/datatest.properties
[INFO] 20-06-2023 17:56:34 [main] [LogUtils] - Loaded file: D:\Zapta\Automation\Lahebo\src/test/resources/config/config.properties
[INFO] 20-06-2023 17:56:34 [main] [LogUtils] - Loaded all properties files.
[INFO] 20-06-2023 17:56:34 [main] [LogUtils] - Loaded file: D:\Zapta\Automation\Lahebo\src/test/resources/config/datatest.properties
[INFO] 20-06-2023 17:56:34 [main] [LogUtils] - Loaded file: D:\Zapta\Automation\Lahebo\src/test/resources/config/config.properties
[INFO] 20-06-2023 17:56:34 [main] [LogUtils] - Loaded all properties files.
[INFO] 20-06-2023 17:56:38 [main] [LogUtils] - Username and password are correct
[INFO] 20-06-2023 17:56:46 [main] [LogUtils] - Expected condition failed: waiting for visibility of Proxy element for: DefaultElementLocator 'By.cssSelector: div.Vue-Toastification__toast-body' (tried for 5 second(s) with 500 milliseconds interval)
[INFO] 20-06-2023 17:56:46 [main] [LogUtils] - Waiting for Loading
[INFO] 20-06-2023 17:56:47 [main] [LogUtils] - Loading Started
[INFO] 20-06-2023 17:56:50 [main] [LogUtils] - Loading finsihed
[INFO] 20-06-2023 17:56:50 [main] [LogUtils] - Verify element visible By.cssSelector: #organizationSettings
[INFO] 20-06-2023 17:56:50 [main] [LogUtils] - Clicked on the element By.cssSelector: #organizationSettings
[INFO] 20-06-2023 17:56:50 [main] [LogUtils] - Verify element visible By.cssSelector: #jobFunctionItem
[INFO] 20-06-2023 17:56:50 [main] [LogUtils] - Clicked on the element By.cssSelector: #jobFunctionItem
[INFO] 20-06-2023 17:56:50 [main] [LogUtils] - Waiting for Loading
[INFO] 20-06-2023 17:56:51 [main] [LogUtils] - Loading Started
[INFO] 20-06-2023 17:56:52 [main] [LogUtils] - Loading finsihed
[INFO] 20-06-2023 17:56:53 [main] [LogUtils] - Verify element visible By.cssSelector: #addJobFuncBtn
[INFO] 20-06-2023 17:56:53 [main] [LogUtils] - Clicked on the element By.cssSelector: #addJobFuncBtn
[INFO] 20-06-2023 17:56:53 [main] [LogUtils] - Verify element visible By.cssSelector: #jobFuncNameField
[INFO] 20-06-2023 17:56:53 [main] [LogUtils] - Set text hiring on By.cssSelector: #jobFuncNameField
[INFO] 20-06-2023 17:56:53 [main] [LogUtils] - Verify element visible By.cssSelector: #jobFuncDeptField
[INFO] 20-06-2023 17:56:53 [main] [LogUtils] - Clicked on the element By.cssSelector: #jobFuncDeptField
[INFO] 20-06-2023 17:56:55 [main] [LogUtils] - Verify element visible By.cssSelector: #jobFuncDeptField>div>div>div
[INFO] 20-06-2023 17:56:55 [main] [LogUtils] - size of list: 6
[INFO] 20-06-2023 17:56:55 [main] [LogUtils] - adadfadfa
[INFO] 20-06-2023 17:56:55 [main] [LogUtils] - adjklasdjjs
[INFO] 20-06-2023 17:56:55 [main] [LogUtils] - aljklasdjo
[INFO] 20-06-2023 17:56:55 [main] [LogUtils] - designing
[INFO] 20-06-2023 17:56:55 [main] [LogUtils] - Verify element visible By.cssSelector: #jobFuncDeptField>div>div:nth-of-type(2)>input
[INFO] 20-06-2023 17:56:55 [main] [LogUtils] - Clicked on the element By.cssSelector: #jobFuncDeptField>div>div:nth-of-type(2)>input
[INFO] 20-06-2023 17:56:55 [main] [LogUtils] - Verify element visible By.cssSelector: #jobFuncDeptField
[INFO] 20-06-2023 17:56:55 [main] [LogUtils] - Clicked on the element By.cssSelector: #jobFuncDeptField
[INFO] 20-06-2023 17:56:56 [main] [LogUtils] - Verify element visible By.cssSelector: #doAction
[INFO] 20-06-2023 17:56:56 [main] [LogUtils] - Clicked on the element By.cssSelector: #doAction
[INFO] 20-06-2023 17:56:56 [main] [LogUtils] - Waiting for Loading
[INFO] 20-06-2023 17:56:57 [main] [LogUtils] - Loading Started
[INFO] 20-06-2023 17:56:58 [main] [LogUtils] - Loading finsihed
[INFO] 20-06-2023 18:00:06 [main] [LogUtils] - Driver is Just Initialized
[INFO] 20-06-2023 18:00:06 [main] [LogUtils] - Loaded file: D:\Zapta\Automation\Lahebo\src/test/resources/config/datatest.properties
[INFO] 20-06-2023 18:00:06 [main] [LogUtils] - Loaded file: D:\Zapta\Automation\Lahebo\src/test/resources/config/config.properties
[INFO] 20-06-2023 18:00:06 [main] [LogUtils] - Loaded all properties files.
[INFO] 20-06-2023 18:00:06 [main] [LogUtils] - Loaded file: D:\Zapta\Automation\Lahebo\src/test/resources/config/datatest.properties
[INFO] 20-06-2023 18:00:06 [main] [LogUtils] - Loaded file: D:\Zapta\Automation\Lahebo\src/test/resources/config/config.properties
[INFO] 20-06-2023 18:00:06 [main] [LogUtils] - Loaded all properties files.
[INFO] 20-06-2023 18:00:06 [main] [LogUtils] - Loaded file: D:\Zapta\Automation\Lahebo\src/test/resources/config/datatest.properties
[INFO] 20-06-2023 18:00:06 [main] [LogUtils] - Loaded file: D:\Zapta\Automation\Lahebo\src/test/resources/config/config.properties
[INFO] 20-06-2023 18:00:06 [main] [LogUtils] - Loaded all properties files.
[INFO] 20-06-2023 18:00:10 [main] [LogUtils] - Username and password are correct
[INFO] 20-06-2023 18:00:18 [main] [LogUtils] - Expected condition failed: waiting for visibility of Proxy element for: DefaultElementLocator 'By.cssSelector: div.Vue-Toastification__toast-body' (tried for 5 second(s) with 500 milliseconds interval)
[INFO] 20-06-2023 18:00:18 [main] [LogUtils] - Waiting for Loading
[INFO] 20-06-2023 18:00:19 [main] [LogUtils] - Loading Started
[INFO] 20-06-2023 18:00:21 [main] [LogUtils] - Loading finsihed
[INFO] 20-06-2023 18:00:22 [main] [LogUtils] - Verify element visible By.cssSelector: #organizationSettings
[INFO] 20-06-2023 18:00:22 [main] [LogUtils] - Clicked on the element By.cssSelector: #organizationSettings
[INFO] 20-06-2023 18:00:22 [main] [LogUtils] - Verify element visible By.cssSelector: #jobFunctionItem
[INFO] 20-06-2023 18:00:22 [main] [LogUtils] - Clicked on the element By.cssSelector: #jobFunctionItem
[INFO] 20-06-2023 18:00:22 [main] [LogUtils] - Waiting for Loading
[INFO] 20-06-2023 18:00:22 [main] [LogUtils] - Loading Started
[INFO] 20-06-2023 18:00:23 [main] [LogUtils] - Loading finsihed
[INFO] 20-06-2023 18:00:24 [main] [LogUtils] - Verify element visible By.cssSelector: #addJobFuncBtn
[INFO] 20-06-2023 18:00:24 [main] [LogUtils] - Clicked on the element By.cssSelector: #addJobFuncBtn
[INFO] 20-06-2023 18:00:24 [main] [LogUtils] - Verify element visible By.cssSelector: #jobFuncNameField
[INFO] 20-06-2023 18:00:24 [main] [LogUtils] - Set text hiring on By.cssSelector: #jobFuncNameField
[INFO] 20-06-2023 18:00:24 [main] [LogUtils] - Verify element visible By.cssSelector: #jobFuncDeptField
[INFO] 20-06-2023 18:00:24 [main] [LogUtils] - Clicked on the element By.cssSelector: #jobFuncDeptField
[INFO] 20-06-2023 18:00:25 [main] [LogUtils] - Verify element visible By.cssSelector: #jobFuncDeptField>div>div>div
[INFO] 20-06-2023 18:00:25 [main] [LogUtils] - size of list: 6
[INFO] 20-06-2023 18:00:25 [main] [LogUtils] - adadfadfa
[INFO] 20-06-2023 18:00:25 [main] [LogUtils] - adjklasdjjs
[INFO] 20-06-2023 18:00:25 [main] [LogUtils] - aljklasdjo
[INFO] 20-06-2023 18:00:25 [main] [LogUtils] - designing
[INFO] 20-06-2023 18:00:26 [main] [LogUtils] - Verify element visible By.cssSelector: #jobFuncDeptField>div>div:nth-of-type(2)>input
[INFO] 20-06-2023 18:00:26 [main] [LogUtils] - Clicked on the element By.cssSelector: #jobFuncDeptField>div>div:nth-of-type(2)>input
[INFO] 20-06-2023 18:00:26 [main] [LogUtils] - Verify element visible By.cssSelector: #jobFuncDeptField
[INFO] 20-06-2023 18:00:26 [main] [LogUtils] - Clicked on the element By.cssSelector: #jobFuncDeptField
[INFO] 20-06-2023 18:00:26 [main] [LogUtils] - Verify element visible By.cssSelector: #doAction
[INFO] 20-06-2023 18:00:26 [main] [LogUtils] - Clicked on the element By.cssSelector: #doAction
[INFO] 20-06-2023 18:00:26 [main] [LogUtils] - Verify element visible By.cssSelector: div[id^="jobFunc-"]
[INFO] 20-06-2023 18:00:26 [main] [LogUtils] - Waiting for Loading
[INFO] 20-06-2023 18:00:28 [main] [LogUtils] - Loading Started
[INFO] 20-06-2023 18:00:28 [main] [LogUtils] - Loading finsihed
[INFO] 20-06-2023 18:05:31 [main] [LogUtils] - Driver is Just Initialized
[INFO] 20-06-2023 18:05:31 [main] [LogUtils] - Loaded file: D:\Zapta\Automation\Lahebo\src/test/resources/config/datatest.properties
[INFO] 20-06-2023 18:05:31 [main] [LogUtils] - Loaded file: D:\Zapta\Automation\Lahebo\src/test/resources/config/config.properties
[INFO] 20-06-2023 18:05:31 [main] [LogUtils] - Loaded all properties files.
[INFO] 20-06-2023 18:05:31 [main] [LogUtils] - Loaded file: D:\Zapta\Automation\Lahebo\src/test/resources/config/datatest.properties
[INFO] 20-06-2023 18:05:31 [main] [LogUtils] - Loaded file: D:\Zapta\Automation\Lahebo\src/test/resources/config/config.properties
[INFO] 20-06-2023 18:05:31 [main] [LogUtils] - Loaded all properties files.
[INFO] 20-06-2023 18:05:31 [main] [LogUtils] - Loaded file: D:\Zapta\Automation\Lahebo\src/test/resources/config/datatest.properties
[INFO] 20-06-2023 18:05:31 [main] [LogUtils] - Loaded file: D:\Zapta\Automation\Lahebo\src/test/resources/config/config.properties
[INFO] 20-06-2023 18:05:31 [main] [LogUtils] - Loaded all properties files.
[INFO] 20-06-2023 18:05:36 [main] [LogUtils] - Username and password are correct
[INFO] 20-06-2023 18:05:46 [main] [LogUtils] - Expected condition failed: waiting for visibility of Proxy element for: DefaultElementLocator 'By.cssSelector: div.Vue-Toastification__toast-body' (tried for 5 second(s) with 500 milliseconds interval)
[INFO] 20-06-2023 18:05:46 [main] [LogUtils] - Waiting for Loading
[INFO] 20-06-2023 18:05:46 [main] [LogUtils] - Loading Started
[INFO] 20-06-2023 18:05:48 [main] [LogUtils] - Loading finsihed
[INFO] 20-06-2023 18:05:48 [main] [LogUtils] - Verify element visible By.cssSelector: #organizationSettings
[INFO] 20-06-2023 18:05:48 [main] [LogUtils] - Clicked on the element By.cssSelector: #organizationSettings
[INFO] 20-06-2023 18:05:48 [main] [LogUtils] - Verify element visible By.cssSelector: #jobFunctionItem
[INFO] 20-06-2023 18:05:49 [main] [LogUtils] - Clicked on the element By.cssSelector: #jobFunctionItem
[INFO] 20-06-2023 18:05:49 [main] [LogUtils] - Waiting for Loading
[INFO] 20-06-2023 18:05:49 [main] [LogUtils] - Loading Started
[INFO] 20-06-2023 18:05:51 [main] [LogUtils] - Loading finsihed
[INFO] 20-06-2023 18:05:51 [main] [LogUtils] - Verify element visible By.cssSelector: #addJobFuncBtn
[INFO] 20-06-2023 18:05:51 [main] [LogUtils] - Clicked on the element By.cssSelector: #addJobFuncBtn
[INFO] 20-06-2023 18:05:52 [main] [LogUtils] - Verify element visible By.cssSelector: #jobFuncNameField
[INFO] 20-06-2023 18:05:52 [main] [LogUtils] - Set text hiring on By.cssSelector: #jobFuncNameField
[INFO] 20-06-2023 18:05:52 [main] [LogUtils] - Verify element visible By.cssSelector: #jobFuncDeptField
[INFO] 20-06-2023 18:05:52 [main] [LogUtils] - Clicked on the element By.cssSelector: #jobFuncDeptField
[INFO] 20-06-2023 18:05:53 [main] [LogUtils] - Verify element visible By.cssSelector: #jobFuncDeptField>div>div>div
[INFO] 20-06-2023 18:05:53 [main] [LogUtils] - size of list: 6
[INFO] 20-06-2023 18:05:53 [main] [LogUtils] - adadfadfa
[INFO] 20-06-2023 18:05:53 [main] [LogUtils] - adjklasdjjs
[INFO] 20-06-2023 18:05:53 [main] [LogUtils] - aljklasdjo
[INFO] 20-06-2023 18:05:53 [main] [LogUtils] - designing
[INFO] 20-06-2023 18:05:53 [main] [LogUtils] - Verify element visible By.cssSelector: #jobFuncDeptField>div>div:nth-of-type(2)>input
[INFO] 20-06-2023 18:05:54 [main] [LogUtils] - Clicked on the element By.cssSelector: #jobFuncDeptField>div>div:nth-of-type(2)>input
[INFO] 20-06-2023 18:05:54 [main] [LogUtils] - Verify element visible By.cssSelector: #jobFuncDeptField
[INFO] 20-06-2023 18:05:54 [main] [LogUtils] - Clicked on the element By.cssSelector: #jobFuncDeptField
[INFO] 20-06-2023 18:05:54 [main] [LogUtils] - Verify element visible By.cssSelector: #doAction
[INFO] 20-06-2023 18:05:54 [main] [LogUtils] - Clicked on the element By.cssSelector: #doAction
[INFO] 20-06-2023 18:05:54 [main] [LogUtils] - Verify element visible By.cssSelector: div[id^="jobFunc-"]
[INFO] 20-06-2023 18:05:54 [main] [LogUtils] - Waiting for Loading
[INFO] 20-06-2023 18:05:56 [main] [LogUtils] - Loading Started
[INFO] 20-06-2023 18:05:57 [main] [LogUtils] - Loading finsihed
[INFO] 20-06-2023 18:05:57 [main] [LogUtils] - verification of Job Function hiringhas been started
[INFO] 20-06-2023 18:05:57 [main] [LogUtils] - Job Function Found:  hiringkjsdkfj
Departments:adadfadfa, adjklasdjjs, aljklasdjo, designing, desing, myschool
[INFO] 20-06-2023 18:05:57 [main] [LogUtils] - Job Function Found:  hiringadafklsdj
Departments:adadfadfa, adjklasdjjs, aljklasdjo, designing, desing, myschool
[INFO] 20-06-2023 18:05:57 [main] [LogUtils] - Job Function Found:  hiring
Departments:adadfadfa, adjklasdjjs, aljklasdjo, designing, desing, myschool
[INFO] 20-06-2023 18:05:57 [main] [LogUtils] - Department hiring Not exist
[INFO] 20-06-2023 18:08:35 [main] [LogUtils] - Driver is Just Initialized
[INFO] 20-06-2023 18:08:36 [main] [LogUtils] - Loaded file: D:\Zapta\Automation\Lahebo\src/test/resources/config/datatest.properties
[INFO] 20-06-2023 18:08:36 [main] [LogUtils] - Loaded file: D:\Zapta\Automation\Lahebo\src/test/resources/config/config.properties
[INFO] 20-06-2023 18:08:36 [main] [LogUtils] - Loaded all properties files.
[INFO] 20-06-2023 18:08:36 [main] [LogUtils] - Loaded file: D:\Zapta\Automation\Lahebo\src/test/resources/config/datatest.properties
[INFO] 20-06-2023 18:08:36 [main] [LogUtils] - Loaded file: D:\Zapta\Automation\Lahebo\src/test/resources/config/config.properties
[INFO] 20-06-2023 18:08:36 [main] [LogUtils] - Loaded all properties files.
[INFO] 20-06-2023 18:08:36 [main] [LogUtils] - Loaded file: D:\Zapta\Automation\Lahebo\src/test/resources/config/datatest.properties
[INFO] 20-06-2023 18:08:36 [main] [LogUtils] - Loaded file: D:\Zapta\Automation\Lahebo\src/test/resources/config/config.properties
[INFO] 20-06-2023 18:08:36 [main] [LogUtils] - Loaded all properties files.
[INFO] 20-06-2023 18:08:55 [main] [LogUtils] - Username and password are correct
[INFO] 20-06-2023 18:09:05 [main] [LogUtils] - Expected condition failed: waiting for visibility of Proxy element for: DefaultElementLocator 'By.cssSelector: div.Vue-Toastification__toast-body' (tried for 5 second(s) with 500 milliseconds interval)
[INFO] 20-06-2023 18:09:05 [main] [LogUtils] - Waiting for Loading
[INFO] 20-06-2023 18:09:08 [main] [LogUtils] - Loading Started
[INFO] 20-06-2023 18:09:11 [main] [LogUtils] - Loading finsihed
[INFO] 20-06-2023 18:09:11 [main] [LogUtils] - Verify element visible By.cssSelector: #organizationSettings
[INFO] 20-06-2023 18:09:12 [main] [LogUtils] - Clicked on the element By.cssSelector: #organizationSettings
[INFO] 20-06-2023 18:09:13 [main] [LogUtils] - Verify element visible By.cssSelector: #jobFunctionItem
[INFO] 20-06-2023 18:09:13 [main] [LogUtils] - Clicked on the element By.cssSelector: #jobFunctionItem
[INFO] 20-06-2023 18:09:13 [main] [LogUtils] - Waiting for Loading
[INFO] 20-06-2023 18:09:15 [main] [LogUtils] - Loading Started
[INFO] 20-06-2023 18:10:00 [main] [LogUtils] - Loading finsihed
[INFO] 20-06-2023 18:10:00 [main] [LogUtils] - Verify element visible By.cssSelector: #addJobFuncBtn
[INFO] 20-06-2023 18:10:00 [main] [LogUtils] - Clicked on the element By.cssSelector: #addJobFuncBtn
[INFO] 20-06-2023 18:10:01 [main] [LogUtils] - Verify element visible By.cssSelector: #jobFuncNameField
[INFO] 20-06-2023 18:10:01 [main] [LogUtils] - Set text hiring on By.cssSelector: #jobFuncNameField
[INFO] 20-06-2023 18:10:02 [main] [LogUtils] - Verify element visible By.cssSelector: #jobFuncDeptField
[INFO] 20-06-2023 18:10:02 [main] [LogUtils] - Clicked on the element By.cssSelector: #jobFuncDeptField
[INFO] 20-06-2023 18:10:03 [main] [LogUtils] - Verify element visible By.cssSelector: #jobFuncDeptField>div>div>div
[INFO] 20-06-2023 18:10:03 [main] [LogUtils] - size of list: 6
[INFO] 20-06-2023 18:10:03 [main] [LogUtils] - adadfadfa
[INFO] 20-06-2023 18:10:03 [main] [LogUtils] - adjklasdjjs
[INFO] 20-06-2023 18:10:03 [main] [LogUtils] - aljklasdjo
[INFO] 20-06-2023 18:10:03 [main] [LogUtils] - designing
[INFO] 20-06-2023 18:10:03 [main] [LogUtils] - Verify element visible By.cssSelector: #jobFuncDeptField>div>div:nth-of-type(2)>input
[INFO] 20-06-2023 18:10:03 [main] [LogUtils] - Clicked on the element By.cssSelector: #jobFuncDeptField>div>div:nth-of-type(2)>input
[INFO] 20-06-2023 18:10:04 [main] [LogUtils] - Verify element visible By.cssSelector: #jobFuncDeptField
[INFO] 20-06-2023 18:10:04 [main] [LogUtils] - Clicked on the element By.cssSelector: #jobFuncDeptField
[INFO] 20-06-2023 18:10:04 [main] [LogUtils] - Verify element visible By.cssSelector: #doAction
[INFO] 20-06-2023 18:10:04 [main] [LogUtils] - Clicked on the element By.cssSelector: #doAction
[INFO] 20-06-2023 18:10:04 [main] [LogUtils] - Verify element visible By.cssSelector: span[id^="jobFuncName-"]
[INFO] 20-06-2023 18:10:04 [main] [LogUtils] - Waiting for Loading
[INFO] 20-06-2023 18:10:06 [main] [LogUtils] - Loading Started
[INFO] 20-06-2023 18:10:06 [main] [LogUtils] - Loading finsihed
[INFO] 20-06-2023 18:10:06 [main] [LogUtils] - verification of Job Function hiringhas been started
[INFO] 20-06-2023 18:10:06 [main] [LogUtils] - Job Function Found:  hiringkjsdkfj
[INFO] 20-06-2023 18:10:06 [main] [LogUtils] - Job Function Found:  hiringadafklsdj
[INFO] 20-06-2023 18:10:07 [main] [LogUtils] - Job Function Found:  hiring
[INFO] 20-06-2023 18:10:07 [main] [LogUtils] - Job Function hiringhas been verified
