[INFO] 02-08-2023 10:54:43 [main] [LogUtils] - Loaded file: D:\Zapta\Automation\Lahebo\src/test/resources/config/datatest.properties
[INFO] 02-08-2023 10:54:43 [main] [LogUtils] - Loaded file: D:\Zapta\Automation\Lahebo\src/test/resources/config/config.properties
[INFO] 02-08-2023 10:54:43 [main] [LogUtils] - Loaded all properties files.
[INFO] 02-08-2023 10:54:44 [main] [LogUtils] - Starting Suite: All Test Cases
[INFO] 02-08-2023 10:54:55 [main] [LogUtils] - Driver is Just Initialized
[ERROR] 02-08-2023 10:54:55 [main] [LogUtils] - driver value: ChromeDriver: chrome on windows (922554484f41d2be8476484f3f1b0275)
[INFO] 02-08-2023 10:54:55 [main] [LogUtils] - Loaded file: D:\Zapta\Automation\Lahebo\src/test/resources/config/datatest.properties
[INFO] 02-08-2023 10:54:55 [main] [LogUtils] - Loaded file: D:\Zapta\Automation\Lahebo\src/test/resources/config/config.properties
[INFO] 02-08-2023 10:54:55 [main] [LogUtils] - Loaded all properties files.
[INFO] 02-08-2023 10:54:56 [main] [LogUtils] - Loaded file: D:\Zapta\Automation\Lahebo\src/test/resources/config/datatest.properties
[INFO] 02-08-2023 10:54:56 [main] [LogUtils] - Loaded file: D:\Zapta\Automation\Lahebo\src/test/resources/config/config.properties
[INFO] 02-08-2023 10:54:56 [main] [LogUtils] - Loaded all properties files.
[INFO] 02-08-2023 10:54:56 [main] [LogUtils] - Loaded file: D:\Zapta\Automation\Lahebo\src/test/resources/config/datatest.properties
[INFO] 02-08-2023 10:54:56 [main] [LogUtils] - Loaded file: D:\Zapta\Automation\Lahebo\src/test/resources/config/config.properties
[INFO] 02-08-2023 10:54:56 [main] [LogUtils] - Loaded all properties files.
[INFO] 02-08-2023 10:54:56 [main] [LogUtils] - Test case:  is starting...
[INFO] 02-08-2023 10:55:05 [main] [LogUtils] - Username and password are correct
[INFO] 02-08-2023 10:55:14 [main] [LogUtils] - Expected condition failed: waiting for visibility of Proxy element for: DefaultElementLocator 'By.cssSelector: div.Vue-Toastification__toast-body' (tried for 5 second(s) with 500 milliseconds interval)
[INFO] 02-08-2023 10:55:14 [main] [LogUtils] - loading function
[INFO] 02-08-2023 10:55:15 [main] [LogUtils] - we are into NoSuchElementException
[INFO] 02-08-2023 10:55:15 [main] [LogUtils] - loading function
[INFO] 02-08-2023 10:55:18 [main] [LogUtils] - we are into StaleElementReferenceException 
[INFO] 02-08-2023 10:55:18 [main] [LogUtils] - loading function
[INFO] 02-08-2023 10:55:19 [main] [LogUtils] - we are into NoSuchElementException
[INFO] 02-08-2023 10:55:19 [main] [LogUtils] - loading function
[INFO] 02-08-2023 10:55:19 [main] [LogUtils] - loading function
[INFO] 02-08-2023 10:55:19 [main] [LogUtils] - Test case:  is passed.
[ERROR] 02-08-2023 10:55:19 [main] [LogUtils] - driver value: ChromeDriver: chrome on windows (922554484f41d2be8476484f3f1b0275)
[INFO] 02-08-2023 10:55:19 [main] [LogUtils] - Loaded file: D:\Zapta\Automation\Lahebo\src/test/resources/config/datatest.properties
[INFO] 02-08-2023 10:55:19 [main] [LogUtils] - Loaded file: D:\Zapta\Automation\Lahebo\src/test/resources/config/config.properties
[INFO] 02-08-2023 10:55:19 [main] [LogUtils] - Loaded all properties files.
[INFO] 02-08-2023 10:55:19 [main] [LogUtils] - Loaded file: D:\Zapta\Automation\Lahebo\src/test/resources/config/datatest.properties
[INFO] 02-08-2023 10:55:19 [main] [LogUtils] - Loaded file: D:\Zapta\Automation\Lahebo\src/test/resources/config/config.properties
[INFO] 02-08-2023 10:55:19 [main] [LogUtils] - Loaded all properties files.
[INFO] 02-08-2023 10:55:19 [main] [LogUtils] - Loaded file: D:\Zapta\Automation\Lahebo\src/test/resources/config/datatest.properties
[INFO] 02-08-2023 10:55:19 [main] [LogUtils] - Loaded file: D:\Zapta\Automation\Lahebo\src/test/resources/config/config.properties
[INFO] 02-08-2023 10:55:19 [main] [LogUtils] - Loaded all properties files.
[INFO] 02-08-2023 10:55:19 [main] [LogUtils] - Test case:  is starting...
[INFO] 02-08-2023 10:55:19 [main] [LogUtils] - Verify element visible By.cssSelector: #actionsView
[INFO] 02-08-2023 10:55:20 [main] [LogUtils] - Clicked on the element By.cssSelector: #actionsView
[INFO] 02-08-2023 10:55:20 [main] [LogUtils] - loading function
[INFO] 02-08-2023 10:55:20 [main] [LogUtils] - Verify element visible By.cssSelector: #addActionBtn
[INFO] 02-08-2023 10:55:22 [main] [LogUtils] - Clicked on the element By.cssSelector: #addActionBtn
[INFO] 02-08-2023 10:55:22 [main] [LogUtils] - Verify element visible By.cssSelector: #descField
[INFO] 02-08-2023 10:55:22 [main] [LogUtils] - Set text 0cbtmb9nmvnaj50fv2ln on By.cssSelector: #descField
[INFO] 02-08-2023 10:55:23 [main] [LogUtils] - Verify element visible By.cssSelector: #locField
[INFO] 02-08-2023 10:55:23 [main] [LogUtils] - Clicked on the element By.cssSelector: #locField
[INFO] 02-08-2023 10:55:23 [main] [LogUtils] - Wait Over!! size of list: 3
[INFO] 02-08-2023 10:55:23 [main] [LogUtils] - random number generated to select list is: 1
[INFO] 02-08-2023 10:55:23 [main] [LogUtils] - random number: 1 iteration: 1
[INFO] 02-08-2023 10:55:23 [main] [LogUtils] - 1 :islamabad Selected 
[INFO] 02-08-2023 10:55:23 [main] [LogUtils] - Verify element visible By.cssSelector: #deptField
[INFO] 02-08-2023 10:55:23 [main] [LogUtils] - Clicked on the element By.cssSelector: #deptField
[INFO] 02-08-2023 10:55:24 [main] [LogUtils] - Wait Over!! size of list: 3
[INFO] 02-08-2023 10:55:24 [main] [LogUtils] - random number generated to select list is: 2
[INFO] 02-08-2023 10:55:24 [main] [LogUtils] - random number: 2 iteration: 2
[INFO] 02-08-2023 10:55:24 [main] [LogUtils] - 2 :dev department Selected 
[INFO] 02-08-2023 10:55:24 [main] [LogUtils] - Verify element visible By.cssSelector: #sourceField
[INFO] 02-08-2023 10:55:24 [main] [LogUtils] - Clicked on the element By.cssSelector: #sourceField
[INFO] 02-08-2023 10:55:24 [main] [LogUtils] - Wait Over!! size of list: 5
[INFO] 02-08-2023 10:55:24 [main] [LogUtils] - random number generated to select list is: 3
[INFO] 02-08-2023 10:55:24 [main] [LogUtils] - random number: 3 iteration: 3
[INFO] 02-08-2023 10:55:24 [main] [LogUtils] - 3 :Legal Register Selected 
[INFO] 02-08-2023 10:55:24 [main] [LogUtils] - Verify element visible By.cssSelector: #riskField
[INFO] 02-08-2023 10:55:24 [main] [LogUtils] - Clicked on the element By.cssSelector: #riskField
[INFO] 02-08-2023 10:55:25 [main] [LogUtils] - Index 0 out of bounds for length 0
[INFO] 02-08-2023 10:55:25 [main] [LogUtils] - Verify element visible By.cssSelector: #assigneeField
[INFO] 02-08-2023 10:55:25 [main] [LogUtils] - Clicked on the element By.cssSelector: #assigneeField
[INFO] 02-08-2023 10:55:25 [main] [LogUtils] - waiting for List Items to Load
[INFO] 02-08-2023 10:55:25 [main] [LogUtils] - Wait Over!! size of list: 1
[INFO] 02-08-2023 10:55:25 [main] [LogUtils] - random number generated to select list is: 1
[INFO] 02-08-2023 10:55:25 [main] [LogUtils] - random number: 1 iteration: 1
[INFO] 02-08-2023 10:55:25 [main] [LogUtils] - 1 :Sarah Johnson Selected 
[INFO] 02-08-2023 10:55:25 [main] [LogUtils] - Verify element visible By.cssSelector: #isoField
[INFO] 02-08-2023 10:55:25 [main] [LogUtils] - Clicked on the element By.cssSelector: #isoField
[INFO] 02-08-2023 10:55:25 [main] [LogUtils] - waiting for List Items to Load
[INFO] 02-08-2023 10:55:25 [main] [LogUtils] - Still Waiting...
[INFO] 02-08-2023 10:55:25 [main] [LogUtils] - Still Waiting...
[INFO] 02-08-2023 10:55:26 [main] [LogUtils] - Still Waiting...
[INFO] 02-08-2023 10:55:26 [main] [LogUtils] - Still Waiting...
[INFO] 02-08-2023 10:55:26 [main] [LogUtils] - Still Waiting...
[INFO] 02-08-2023 10:55:26 [main] [LogUtils] - Still Waiting...
[INFO] 02-08-2023 10:55:26 [main] [LogUtils] - Still Waiting...
[INFO] 02-08-2023 10:55:26 [main] [LogUtils] - Still Waiting...
[INFO] 02-08-2023 10:55:26 [main] [LogUtils] - Still Waiting...
[INFO] 02-08-2023 10:55:26 [main] [LogUtils] - Still Waiting...
[INFO] 02-08-2023 10:55:26 [main] [LogUtils] - Still Waiting...
[INFO] 02-08-2023 10:55:26 [main] [LogUtils] - Still Waiting...
[INFO] 02-08-2023 10:55:26 [main] [LogUtils] - Still Waiting...
[INFO] 02-08-2023 10:55:26 [main] [LogUtils] - Still Waiting...
[INFO] 02-08-2023 10:55:26 [main] [LogUtils] - Still Waiting...
[INFO] 02-08-2023 10:55:26 [main] [LogUtils] - Still Waiting...
[INFO] 02-08-2023 10:55:26 [main] [LogUtils] - Still Waiting...
[INFO] 02-08-2023 10:55:26 [main] [LogUtils] - Still Waiting...
[INFO] 02-08-2023 10:55:26 [main] [LogUtils] - Still Waiting...
[INFO] 02-08-2023 10:55:26 [main] [LogUtils] - Still Waiting...
[INFO] 02-08-2023 10:55:26 [main] [LogUtils] - here in catch 
[INFO] 02-08-2023 10:55:26 [main] [LogUtils] - Wait Over!! size of list: 6
[INFO] 02-08-2023 10:55:26 [main] [LogUtils] - random number generated to select list is: 3
[INFO] 02-08-2023 10:55:26 [main] [LogUtils] - random number: 3 iteration: 3
[INFO] 02-08-2023 10:55:27 [main] [LogUtils] - 3 :ISO 14001 Environmental Management Selected 
[INFO] 02-08-2023 10:55:27 [main] [LogUtils] - Wait Over!! size of list: 6
[INFO] 02-08-2023 10:55:27 [main] [LogUtils] - Index number: 2 iteration: 2
[INFO] 02-08-2023 10:55:27 [main] [LogUtils] - here in catch 
[INFO] 02-08-2023 10:55:27 [main] [LogUtils] - Index 0 out of bounds for length 0
[INFO] 02-08-2023 10:55:27 [main] [LogUtils] - loading function
[INFO] 02-08-2023 10:55:31 [main] [LogUtils] - we are into StaleElementReferenceException 
[INFO] 02-08-2023 10:55:31 [main] [LogUtils] - loading function
[INFO] 02-08-2023 10:55:32 [main] [LogUtils] - we are into NoSuchElementException
[INFO] 02-08-2023 10:55:32 [main] [LogUtils] - loading function
[INFO] 02-08-2023 10:55:32 [main] [LogUtils] - Verify element visible By.cssSelector: #remarksField
[INFO] 02-08-2023 10:55:32 [main] [LogUtils] - Set text z6m50uo2d3fe6izrakgr on By.cssSelector: #remarksField
[INFO] 02-08-2023 10:55:33 [main] [LogUtils] - Verify element visible By.cssSelector: #doAction
[INFO] 02-08-2023 10:55:33 [main] [LogUtils] - Clicked on the element By.cssSelector: #doAction
[INFO] 02-08-2023 10:55:33 [main] [LogUtils] - loading function
[INFO] 02-08-2023 10:55:34 [main] [LogUtils] - we are into StaleElementReferenceException 
[INFO] 02-08-2023 10:55:34 [main] [LogUtils] - loading function
[INFO] 02-08-2023 10:55:35 [main] [LogUtils] - we are into NoSuchElementException
[INFO] 02-08-2023 10:55:35 [main] [LogUtils] - loading function
[INFO] 02-08-2023 10:55:35 [main] [LogUtils] - loading function
[INFO] 02-08-2023 10:55:35 [main] [LogUtils] - Test case:  is passed.
[INFO] 02-08-2023 10:55:36 [main] [LogUtils] - End Suite: All Test Cases
[INFO] 02-08-2023 17:04:19 [main] [LogUtils] - Loaded file: D:\Zapta\Automation\Lahebo\src/test/resources/config/datatest.properties
[INFO] 02-08-2023 17:04:19 [main] [LogUtils] - Loaded file: D:\Zapta\Automation\Lahebo\src/test/resources/config/config.properties
[INFO] 02-08-2023 17:04:19 [main] [LogUtils] - Loaded all properties files.
[INFO] 02-08-2023 17:04:20 [main] [LogUtils] - Starting Suite: All Test Cases
[INFO] 02-08-2023 17:04:28 [main] [LogUtils] - Driver is Just Initialized
[ERROR] 02-08-2023 17:04:28 [main] [LogUtils] - driver value: ChromeDriver: chrome on windows (f572d9ae80cace3c8d54d9ee3301e1b1)
[INFO] 02-08-2023 17:04:28 [main] [LogUtils] - Loaded file: D:\Zapta\Automation\Lahebo\src/test/resources/config/datatest.properties
[INFO] 02-08-2023 17:04:28 [main] [LogUtils] - Loaded file: D:\Zapta\Automation\Lahebo\src/test/resources/config/config.properties
[INFO] 02-08-2023 17:04:28 [main] [LogUtils] - Loaded all properties files.
[INFO] 02-08-2023 17:04:28 [main] [LogUtils] - Loaded file: D:\Zapta\Automation\Lahebo\src/test/resources/config/datatest.properties
[INFO] 02-08-2023 17:04:28 [main] [LogUtils] - Loaded file: D:\Zapta\Automation\Lahebo\src/test/resources/config/config.properties
[INFO] 02-08-2023 17:04:28 [main] [LogUtils] - Loaded all properties files.
[INFO] 02-08-2023 17:04:28 [main] [LogUtils] - Loaded file: D:\Zapta\Automation\Lahebo\src/test/resources/config/datatest.properties
[INFO] 02-08-2023 17:04:28 [main] [LogUtils] - Loaded file: D:\Zapta\Automation\Lahebo\src/test/resources/config/config.properties
[INFO] 02-08-2023 17:04:28 [main] [LogUtils] - Loaded all properties files.
[INFO] 02-08-2023 17:04:28 [main] [LogUtils] - Test case:  is starting...
[INFO] 02-08-2023 17:04:33 [main] [LogUtils] - Username and password are correct
[INFO] 02-08-2023 17:04:47 [main] [LogUtils] - Expected condition failed: waiting for visibility of Proxy element for: DefaultElementLocator 'By.cssSelector: div.Vue-Toastification__toast-body' (tried for 5 second(s) with 500 milliseconds interval)
[INFO] 02-08-2023 17:04:47 [main] [LogUtils] - loading function
[INFO] 02-08-2023 17:04:49 [main] [LogUtils] - we are into WebDriverException 
[INFO] 02-08-2023 17:04:50 [main] [LogUtils] - loading function
[INFO] 02-08-2023 17:04:51 [main] [LogUtils] - we are into NoSuchElementException
[INFO] 02-08-2023 17:04:51 [main] [LogUtils] - loading function
[INFO] 02-08-2023 17:04:51 [main] [LogUtils] - Test case:  is passed.
[ERROR] 02-08-2023 17:04:51 [main] [LogUtils] - driver value: ChromeDriver: chrome on windows (f572d9ae80cace3c8d54d9ee3301e1b1)
[INFO] 02-08-2023 17:04:51 [main] [LogUtils] - Loaded file: D:\Zapta\Automation\Lahebo\src/test/resources/config/datatest.properties
[INFO] 02-08-2023 17:04:51 [main] [LogUtils] - Loaded file: D:\Zapta\Automation\Lahebo\src/test/resources/config/config.properties
[INFO] 02-08-2023 17:04:51 [main] [LogUtils] - Loaded all properties files.
[INFO] 02-08-2023 17:04:51 [main] [LogUtils] - Loaded file: D:\Zapta\Automation\Lahebo\src/test/resources/config/datatest.properties
[INFO] 02-08-2023 17:04:51 [main] [LogUtils] - Loaded file: D:\Zapta\Automation\Lahebo\src/test/resources/config/config.properties
[INFO] 02-08-2023 17:04:51 [main] [LogUtils] - Loaded all properties files.
[INFO] 02-08-2023 17:04:51 [main] [LogUtils] - Loaded file: D:\Zapta\Automation\Lahebo\src/test/resources/config/datatest.properties
[INFO] 02-08-2023 17:04:51 [main] [LogUtils] - Loaded file: D:\Zapta\Automation\Lahebo\src/test/resources/config/config.properties
[INFO] 02-08-2023 17:04:51 [main] [LogUtils] - Loaded all properties files.
[INFO] 02-08-2023 17:04:51 [main] [LogUtils] - Test case:  is starting...
[INFO] 02-08-2023 17:04:51 [main] [LogUtils] - Verify element visible By.cssSelector: #actionsView
[INFO] 02-08-2023 17:04:51 [main] [LogUtils] - Clicked on the element By.cssSelector: #actionsView
[INFO] 02-08-2023 17:04:51 [main] [LogUtils] - loading function
[INFO] 02-08-2023 17:04:52 [main] [LogUtils] - Verify element visible By.cssSelector: #addActionBtn
[ERROR] 02-08-2023 17:04:55 [main] [LogUtils] - Test case:  is failed.
[INFO] 02-08-2023 17:04:55 [main] [LogUtils] - Driver for Screenshot: ChromeDriver: chrome on windows (f572d9ae80cace3c8d54d9ee3301e1b1)
[INFO] 02-08-2023 17:04:55 [main] [LogUtils] - Screenshot taken: verifyAddNewAction
[INFO] 02-08-2023 17:04:55 [main] [LogUtils] - Screenshot taken current URL: https://staging.d20q11bfsvbboy.amplifyapp.com/actions?col=createdAt&direction=DESC&keyword=&pageSize=10&current=0
[ERROR] 02-08-2023 17:04:55 [main] [LogUtils] - FAILED !! Screenshot for test case: verifyAddNewAction
[ERROR] 02-08-2023 17:04:55 [main] [LogUtils] - org.openqa.selenium.ElementClickInterceptedException: element click intercepted: Element <button type="button" class="text-base-white bg-primary-500 disabled:bg-primary-300 hover:bg-primary-700 focus:ring-primary-300 disabled:cursor-not-allowed disabled:text-opacity-60 transition-colors duration-200 focus:ring-2 font-medium rounded px-4 h-[36px] focus:outline-none" id="addActionBtn">...</button> is not clickable at point (1819, 140). Other element would receive the click: <div id="dotSpinner" class="absolute inset-0 w-full z-[1111] bg-base-white/60 flex items-center justify-center">...</div>
  (Session info: chrome=115.0.5790.110)
Build info: version: '4.9.1', revision: 'eb2032df7f'
System info: os.name: 'Windows 11', os.arch: 'amd64', os.version: '10.0', java.version: '20.0.1'
Driver info: org.openqa.selenium.chrome.ChromeDriver
Command: [f572d9ae80cace3c8d54d9ee3301e1b1, clickElement {id=ED9C59FBDA6D44883793CA3309D099AC_element_70}]
Capabilities {acceptInsecureCerts: false, browserName: chrome, browserVersion: 115.0.5790.110, chrome: {chromedriverVersion: 114.0.5735.90 (386bc09e8f4f..., userDataDir: C:\Users\zubai\AppData\Loca...}, goog:chromeOptions: {debuggerAddress: localhost:63463}, networkConnectionEnabled: false, pageLoadStrategy: normal, platformName: windows, proxy: Proxy(), se:cdp: ws://localhost:63463/devtoo..., se:cdpVersion: 115.0.5790.110, setWindowRect: true, strictFileInteractability: false, timeouts: {implicit: 0, pageLoad: 300000, script: 30000}, unhandledPromptBehavior: dismiss and notify, webauthn:extension:credBlob: true, webauthn:extension:largeBlob: true, webauthn:extension:minPinLength: true, webauthn:extension:prf: true, webauthn:virtualAuthenticators: true}
Element: [[ChromeDriver: chrome on windows (f572d9ae80cace3c8d54d9ee3301e1b1)] -> css selector: #addActionBtn]
Session ID: f572d9ae80cace3c8d54d9ee3301e1b1
[INFO] 02-08-2023 17:04:56 [main] [LogUtils] - End Suite: All Test Cases
[INFO] 02-08-2023 17:50:49 [main] [LogUtils] - Loaded file: D:\Zapta\Automation\Lahebo\src/test/resources/config/datatest.properties
[INFO] 02-08-2023 17:50:49 [main] [LogUtils] - Loaded file: D:\Zapta\Automation\Lahebo\src/test/resources/config/config.properties
[INFO] 02-08-2023 17:50:49 [main] [LogUtils] - Loaded all properties files.
[INFO] 02-08-2023 17:50:50 [main] [LogUtils] - Starting Suite: All Test Cases
[INFO] 02-08-2023 17:50:59 [main] [LogUtils] - Driver is Just Initialized
[ERROR] 02-08-2023 17:51:00 [main] [LogUtils] - driver value: ChromeDriver: chrome on windows (8102832b40f8cf461f98dbf6af3c92c6)
[INFO] 02-08-2023 17:51:00 [main] [LogUtils] - Loaded file: D:\Zapta\Automation\Lahebo\src/test/resources/config/datatest.properties
[INFO] 02-08-2023 17:51:00 [main] [LogUtils] - Loaded file: D:\Zapta\Automation\Lahebo\src/test/resources/config/config.properties
[INFO] 02-08-2023 17:51:00 [main] [LogUtils] - Loaded all properties files.
[INFO] 02-08-2023 17:51:00 [main] [LogUtils] - Loaded file: D:\Zapta\Automation\Lahebo\src/test/resources/config/datatest.properties
[INFO] 02-08-2023 17:51:00 [main] [LogUtils] - Loaded file: D:\Zapta\Automation\Lahebo\src/test/resources/config/config.properties
[INFO] 02-08-2023 17:51:00 [main] [LogUtils] - Loaded all properties files.
[INFO] 02-08-2023 17:51:00 [main] [LogUtils] - Loaded file: D:\Zapta\Automation\Lahebo\src/test/resources/config/datatest.properties
[INFO] 02-08-2023 17:51:00 [main] [LogUtils] - Loaded file: D:\Zapta\Automation\Lahebo\src/test/resources/config/config.properties
[INFO] 02-08-2023 17:51:00 [main] [LogUtils] - Loaded all properties files.
[INFO] 02-08-2023 17:51:00 [main] [LogUtils] - Test case:  is starting...
[INFO] 02-08-2023 17:51:08 [main] [LogUtils] - Username and password are correct
[INFO] 02-08-2023 17:51:23 [main] [LogUtils] - Expected condition failed: waiting for visibility of Proxy element for: DefaultElementLocator 'By.cssSelector: div.Vue-Toastification__toast-body' (tried for 5 second(s) with 500 milliseconds interval)
[INFO] 02-08-2023 17:51:23 [main] [LogUtils] - loading function
[INFO] 02-08-2023 17:51:24 [main] [LogUtils] - we are into NoSuchElementException
[INFO] 02-08-2023 17:51:24 [main] [LogUtils] - loading function
[INFO] 02-08-2023 17:51:27 [main] [LogUtils] - we are into StaleElementReferenceException 
[INFO] 02-08-2023 17:51:27 [main] [LogUtils] - loading function
[INFO] 02-08-2023 17:51:28 [main] [LogUtils] - we are into NoSuchElementException
[INFO] 02-08-2023 17:51:28 [main] [LogUtils] - loading function
[INFO] 02-08-2023 17:51:28 [main] [LogUtils] - loading function
[INFO] 02-08-2023 17:51:28 [main] [LogUtils] - Test case:  is passed.
[ERROR] 02-08-2023 17:51:28 [main] [LogUtils] - driver value: ChromeDriver: chrome on windows (8102832b40f8cf461f98dbf6af3c92c6)
[INFO] 02-08-2023 17:51:28 [main] [LogUtils] - Loaded file: D:\Zapta\Automation\Lahebo\src/test/resources/config/datatest.properties
[INFO] 02-08-2023 17:51:28 [main] [LogUtils] - Loaded file: D:\Zapta\Automation\Lahebo\src/test/resources/config/config.properties
[INFO] 02-08-2023 17:51:28 [main] [LogUtils] - Loaded all properties files.
[INFO] 02-08-2023 17:51:28 [main] [LogUtils] - Loaded file: D:\Zapta\Automation\Lahebo\src/test/resources/config/datatest.properties
[INFO] 02-08-2023 17:51:28 [main] [LogUtils] - Loaded file: D:\Zapta\Automation\Lahebo\src/test/resources/config/config.properties
[INFO] 02-08-2023 17:51:28 [main] [LogUtils] - Loaded all properties files.
[INFO] 02-08-2023 17:51:28 [main] [LogUtils] - Loaded file: D:\Zapta\Automation\Lahebo\src/test/resources/config/datatest.properties
[INFO] 02-08-2023 17:51:28 [main] [LogUtils] - Loaded file: D:\Zapta\Automation\Lahebo\src/test/resources/config/config.properties
[INFO] 02-08-2023 17:51:28 [main] [LogUtils] - Loaded all properties files.
[INFO] 02-08-2023 17:51:28 [main] [LogUtils] - Test case:  is starting...
[INFO] 02-08-2023 17:51:28 [main] [LogUtils] - Verify element visible By.cssSelector: #actionsView
[INFO] 02-08-2023 17:51:28 [main] [LogUtils] - Clicked on the element By.cssSelector: #actionsView
[INFO] 02-08-2023 17:51:28 [main] [LogUtils] - loading function
[INFO] 02-08-2023 17:51:30 [main] [LogUtils] - Verify element visible By.cssSelector: #addActionBtn
[INFO] 02-08-2023 17:51:32 [main] [LogUtils] - Verify element visible By.cssSelector: #descField
[INFO] 02-08-2023 17:51:32 [main] [LogUtils] - Set text bm4cp6h37z16yburvme6 on By.cssSelector: #descField
[INFO] 02-08-2023 17:51:33 [main] [LogUtils] - Verify element visible By.cssSelector: #locField
[INFO] 02-08-2023 17:51:33 [main] [LogUtils] - Clicked on the element By.cssSelector: #locField
[INFO] 02-08-2023 17:51:33 [main] [LogUtils] - Wait Over!! size of list: 3
[INFO] 02-08-2023 17:51:33 [main] [LogUtils] - random number generated to select list is: 1
[INFO] 02-08-2023 17:51:33 [main] [LogUtils] - random number: 1 iteration: 1
[INFO] 02-08-2023 17:51:33 [main] [LogUtils] - 1 :islamabad Selected 
[INFO] 02-08-2023 17:51:34 [main] [LogUtils] - Verify element visible By.cssSelector: #deptField
[INFO] 02-08-2023 17:51:35 [main] [LogUtils] - Clicked on the element By.cssSelector: #deptField
[INFO] 02-08-2023 17:51:35 [main] [LogUtils] - Wait Over!! size of list: 3
[INFO] 02-08-2023 17:51:35 [main] [LogUtils] - random number generated to select list is: 1
[INFO] 02-08-2023 17:51:35 [main] [LogUtils] - random number: 1 iteration: 1
[INFO] 02-08-2023 17:51:35 [main] [LogUtils] - 1 :design department Selected 
[INFO] 02-08-2023 17:51:35 [main] [LogUtils] - Verify element visible By.cssSelector: #sourceField
[INFO] 02-08-2023 17:51:35 [main] [LogUtils] - Clicked on the element By.cssSelector: #sourceField
[INFO] 02-08-2023 17:51:35 [main] [LogUtils] - Wait Over!! size of list: 5
[INFO] 02-08-2023 17:51:35 [main] [LogUtils] - random number generated to select list is: 4
[INFO] 02-08-2023 17:51:35 [main] [LogUtils] - random number: 4 iteration: 4
[INFO] 02-08-2023 17:51:36 [main] [LogUtils] - 4 :Issue Selected 
[INFO] 02-08-2023 17:51:36 [main] [LogUtils] - Verify element visible By.cssSelector: #riskField
[INFO] 02-08-2023 17:51:36 [main] [LogUtils] - Clicked on the element By.cssSelector: #riskField
[INFO] 02-08-2023 17:51:36 [main] [LogUtils] - Index 0 out of bounds for length 0
[INFO] 02-08-2023 17:51:36 [main] [LogUtils] - Verify element visible By.cssSelector: #assigneeField
[INFO] 02-08-2023 17:51:36 [main] [LogUtils] - Clicked on the element By.cssSelector: #assigneeField
[INFO] 02-08-2023 17:51:36 [main] [LogUtils] - waiting for List Items to Load
[INFO] 02-08-2023 17:51:36 [main] [LogUtils] - Wait Over!! size of list: 1
[INFO] 02-08-2023 17:51:36 [main] [LogUtils] - random number generated to select list is: 1
[INFO] 02-08-2023 17:51:36 [main] [LogUtils] - random number: 1 iteration: 1
[INFO] 02-08-2023 17:51:37 [main] [LogUtils] - 1 :Sarah Johnson Selected 
[INFO] 02-08-2023 17:51:37 [main] [LogUtils] - Verify element visible By.cssSelector: #isoField
[INFO] 02-08-2023 17:51:37 [main] [LogUtils] - Clicked on the element By.cssSelector: #isoField
[INFO] 02-08-2023 17:51:37 [main] [LogUtils] - Wait Over!! size of list: 6
[INFO] 02-08-2023 17:51:37 [main] [LogUtils] - Index number: 2 iteration: 2
[INFO] 02-08-2023 17:51:37 [main] [LogUtils] - 2 :ISO 45001 Occupational Health & Safety Selected 
[INFO] 02-08-2023 17:51:37 [main] [LogUtils] - loading function
[INFO] 02-08-2023 17:51:41 [main] [LogUtils] - we are into StaleElementReferenceException 
[INFO] 02-08-2023 17:51:41 [main] [LogUtils] - loading function
[INFO] 02-08-2023 17:51:43 [main] [LogUtils] - we are into NoSuchElementException
[INFO] 02-08-2023 17:51:43 [main] [LogUtils] - loading function
[INFO] 02-08-2023 17:51:43 [main] [LogUtils] - Verify element visible By.cssSelector: #remarksField
[INFO] 02-08-2023 17:51:43 [main] [LogUtils] - Set text vqolu8cr9hkjt99psvsl on By.cssSelector: #remarksField
[INFO] 02-08-2023 17:51:43 [main] [LogUtils] - Verify element visible By.cssSelector: #doAction
[INFO] 02-08-2023 17:51:43 [main] [LogUtils] - Clicked on the element By.cssSelector: #doAction
[INFO] 02-08-2023 17:51:43 [main] [LogUtils] - loading function
[INFO] 02-08-2023 17:51:45 [main] [LogUtils] - we are into StaleElementReferenceException 
[INFO] 02-08-2023 17:51:45 [main] [LogUtils] - loading function
[INFO] 02-08-2023 17:51:46 [main] [LogUtils] - we are into NoSuchElementException
[INFO] 02-08-2023 17:51:46 [main] [LogUtils] - loading function
[INFO] 02-08-2023 17:51:46 [main] [LogUtils] - loading function
[INFO] 02-08-2023 17:51:47 [main] [LogUtils] - Test case:  is passed.
[INFO] 02-08-2023 17:51:47 [main] [LogUtils] - End Suite: All Test Cases
[INFO] 02-08-2023 18:00:10 [main] [LogUtils] - Loaded file: D:\Zapta\Automation\Lahebo\src/test/resources/config/datatest.properties
[INFO] 02-08-2023 18:00:10 [main] [LogUtils] - Loaded file: D:\Zapta\Automation\Lahebo\src/test/resources/config/config.properties
[INFO] 02-08-2023 18:00:10 [main] [LogUtils] - Loaded all properties files.
[INFO] 02-08-2023 18:00:10 [main] [LogUtils] - Starting Suite: All Test Cases
[INFO] 02-08-2023 18:00:17 [main] [LogUtils] - Driver is Just Initialized
[ERROR] 02-08-2023 18:00:18 [main] [LogUtils] - driver value: ChromeDriver: chrome on windows (3f552adcfdb94e3ee6a6920dc41cecd4)
[INFO] 02-08-2023 18:00:18 [main] [LogUtils] - Loaded file: D:\Zapta\Automation\Lahebo\src/test/resources/config/datatest.properties
[INFO] 02-08-2023 18:00:18 [main] [LogUtils] - Loaded file: D:\Zapta\Automation\Lahebo\src/test/resources/config/config.properties
[INFO] 02-08-2023 18:00:18 [main] [LogUtils] - Loaded all properties files.
[INFO] 02-08-2023 18:00:18 [main] [LogUtils] - Loaded file: D:\Zapta\Automation\Lahebo\src/test/resources/config/datatest.properties
[INFO] 02-08-2023 18:00:18 [main] [LogUtils] - Loaded file: D:\Zapta\Automation\Lahebo\src/test/resources/config/config.properties
[INFO] 02-08-2023 18:00:18 [main] [LogUtils] - Loaded all properties files.
[INFO] 02-08-2023 18:00:18 [main] [LogUtils] - Loaded file: D:\Zapta\Automation\Lahebo\src/test/resources/config/datatest.properties
[INFO] 02-08-2023 18:00:18 [main] [LogUtils] - Loaded file: D:\Zapta\Automation\Lahebo\src/test/resources/config/config.properties
[INFO] 02-08-2023 18:00:18 [main] [LogUtils] - Loaded all properties files.
[INFO] 02-08-2023 18:00:18 [main] [LogUtils] - Test case:  is starting...
[INFO] 02-08-2023 18:00:21 [main] [LogUtils] - Username and password are correct
[INFO] 02-08-2023 18:00:31 [main] [LogUtils] - Expected condition failed: waiting for visibility of Proxy element for: DefaultElementLocator 'By.cssSelector: div.Vue-Toastification__toast-body' (tried for 5 second(s) with 500 milliseconds interval)
[INFO] 02-08-2023 18:00:31 [main] [LogUtils] - loading function
[INFO] 02-08-2023 18:00:32 [main] [LogUtils] - we are into NoSuchElementException
[INFO] 02-08-2023 18:00:32 [main] [LogUtils] - loading function
[INFO] 02-08-2023 18:00:36 [main] [LogUtils] - we are into StaleElementReferenceException 
[INFO] 02-08-2023 18:00:36 [main] [LogUtils] - loading function
[INFO] 02-08-2023 18:00:37 [main] [LogUtils] - we are into NoSuchElementException
[INFO] 02-08-2023 18:00:37 [main] [LogUtils] - loading function
[INFO] 02-08-2023 18:00:37 [main] [LogUtils] - loading function
[INFO] 02-08-2023 18:00:37 [main] [LogUtils] - Test case:  is passed.
[ERROR] 02-08-2023 18:00:37 [main] [LogUtils] - driver value: ChromeDriver: chrome on windows (3f552adcfdb94e3ee6a6920dc41cecd4)
[INFO] 02-08-2023 18:00:37 [main] [LogUtils] - Loaded file: D:\Zapta\Automation\Lahebo\src/test/resources/config/datatest.properties
[INFO] 02-08-2023 18:00:37 [main] [LogUtils] - Loaded file: D:\Zapta\Automation\Lahebo\src/test/resources/config/config.properties
[INFO] 02-08-2023 18:00:37 [main] [LogUtils] - Loaded all properties files.
[INFO] 02-08-2023 18:00:37 [main] [LogUtils] - Loaded file: D:\Zapta\Automation\Lahebo\src/test/resources/config/datatest.properties
[INFO] 02-08-2023 18:00:37 [main] [LogUtils] - Loaded file: D:\Zapta\Automation\Lahebo\src/test/resources/config/config.properties
[INFO] 02-08-2023 18:00:37 [main] [LogUtils] - Loaded all properties files.
[INFO] 02-08-2023 18:00:37 [main] [LogUtils] - Loaded file: D:\Zapta\Automation\Lahebo\src/test/resources/config/datatest.properties
[INFO] 02-08-2023 18:00:37 [main] [LogUtils] - Loaded file: D:\Zapta\Automation\Lahebo\src/test/resources/config/config.properties
[INFO] 02-08-2023 18:00:37 [main] [LogUtils] - Loaded all properties files.
[INFO] 02-08-2023 18:00:37 [main] [LogUtils] - Test case:  is starting...
[INFO] 02-08-2023 18:00:37 [main] [LogUtils] - Verify element visible By.cssSelector: #actionsView
[INFO] 02-08-2023 18:00:38 [main] [LogUtils] - Clicked on the element By.cssSelector: #actionsView
[INFO] 02-08-2023 18:00:38 [main] [LogUtils] - loading function
[INFO] 02-08-2023 18:00:38 [main] [LogUtils] - Verify element visible By.cssSelector: #addActionBtn
[INFO] 02-08-2023 18:00:40 [main] [LogUtils] - Verify element visible By.cssSelector: #descField
[INFO] 02-08-2023 18:00:41 [main] [LogUtils] - Set text 38ps0l3tkk0lghw3o1uq on By.cssSelector: #descField
[INFO] 02-08-2023 18:00:41 [main] [LogUtils] - Verify element visible By.cssSelector: #locField
[INFO] 02-08-2023 18:00:41 [main] [LogUtils] - Clicked on the element By.cssSelector: #locField
[INFO] 02-08-2023 18:00:41 [main] [LogUtils] - Wait Over!! size of list: 3
[INFO] 02-08-2023 18:00:41 [main] [LogUtils] - random number generated to select list is: 2
[INFO] 02-08-2023 18:00:41 [main] [LogUtils] - random number: 2 iteration: 2
[INFO] 02-08-2023 18:00:41 [main] [LogUtils] - 2 :karachi Selected 
[INFO] 02-08-2023 18:00:42 [main] [LogUtils] - Verify element visible By.cssSelector: #deptField
[INFO] 02-08-2023 18:00:42 [main] [LogUtils] - Clicked on the element By.cssSelector: #deptField
[INFO] 02-08-2023 18:00:42 [main] [LogUtils] - Wait Over!! size of list: 3
[INFO] 02-08-2023 18:00:42 [main] [LogUtils] - random number generated to select list is: 2
[INFO] 02-08-2023 18:00:42 [main] [LogUtils] - random number: 2 iteration: 2
[INFO] 02-08-2023 18:00:42 [main] [LogUtils] - 2 :dev department Selected 
[INFO] 02-08-2023 18:00:42 [main] [LogUtils] - Verify element visible By.cssSelector: #sourceField
[INFO] 02-08-2023 18:00:42 [main] [LogUtils] - Clicked on the element By.cssSelector: #sourceField
[INFO] 02-08-2023 18:00:42 [main] [LogUtils] - Wait Over!! size of list: 5
[INFO] 02-08-2023 18:00:42 [main] [LogUtils] - random number generated to select list is: 2
[INFO] 02-08-2023 18:00:42 [main] [LogUtils] - random number: 2 iteration: 2
[INFO] 02-08-2023 18:00:42 [main] [LogUtils] - 2 :Risk Module Selected 
[INFO] 02-08-2023 18:00:43 [main] [LogUtils] - Verify element visible By.cssSelector: #riskField
[INFO] 02-08-2023 18:00:43 [main] [LogUtils] - Clicked on the element By.cssSelector: #riskField
[INFO] 02-08-2023 18:00:43 [main] [LogUtils] - Wait Over!! size of list: 5
[INFO] 02-08-2023 18:00:43 [main] [LogUtils] - random number generated to select list is: 4
[INFO] 02-08-2023 18:00:43 [main] [LogUtils] - random number: 4 iteration: 4
[INFO] 02-08-2023 18:00:43 [main] [LogUtils] - 4 :zo3tzlmpl49nwhtaoqch Selected 
[INFO] 02-08-2023 18:00:43 [main] [LogUtils] - Verify element visible By.cssSelector: #assigneeField
[INFO] 02-08-2023 18:00:43 [main] [LogUtils] - Clicked on the element By.cssSelector: #assigneeField
[INFO] 02-08-2023 18:00:43 [main] [LogUtils] - waiting for List Items to Load
[INFO] 02-08-2023 18:00:43 [main] [LogUtils] - Wait Over!! size of list: 1
[INFO] 02-08-2023 18:00:43 [main] [LogUtils] - random number generated to select list is: 1
[INFO] 02-08-2023 18:00:43 [main] [LogUtils] - random number: 1 iteration: 1
[INFO] 02-08-2023 18:00:43 [main] [LogUtils] - 1 :Sarah Johnson Selected 
[INFO] 02-08-2023 18:00:44 [main] [LogUtils] - Verify element visible By.cssSelector: #isoField
[INFO] 02-08-2023 18:00:44 [main] [LogUtils] - Clicked on the element By.cssSelector: #isoField
[INFO] 02-08-2023 18:00:44 [main] [LogUtils] - Wait Over!! size of list: 6
[INFO] 02-08-2023 18:00:44 [main] [LogUtils] - Index number: 2 iteration: 2
[INFO] 02-08-2023 18:00:44 [main] [LogUtils] - 2 :ISO 45001 Occupational Health & Safety Selected 
[INFO] 02-08-2023 18:00:44 [main] [LogUtils] - loading function
[INFO] 02-08-2023 18:00:47 [main] [LogUtils] - we are into StaleElementReferenceException 
[INFO] 02-08-2023 18:00:47 [main] [LogUtils] - loading function
[INFO] 02-08-2023 18:00:48 [main] [LogUtils] - we are into NoSuchElementException
[INFO] 02-08-2023 18:00:48 [main] [LogUtils] - loading function
[INFO] 02-08-2023 18:00:48 [main] [LogUtils] - Verify element visible By.cssSelector: #remarksField
[INFO] 02-08-2023 18:00:49 [main] [LogUtils] - Set text eoois4wrng2pwl6njpel on By.cssSelector: #remarksField
[INFO] 02-08-2023 18:00:49 [main] [LogUtils] - Verify element visible By.cssSelector: #doAction
[INFO] 02-08-2023 18:00:49 [main] [LogUtils] - Clicked on the element By.cssSelector: #doAction
[INFO] 02-08-2023 18:00:49 [main] [LogUtils] - loading function
[INFO] 02-08-2023 18:00:50 [main] [LogUtils] - we are into StaleElementReferenceException 
[INFO] 02-08-2023 18:00:50 [main] [LogUtils] - loading function
[INFO] 02-08-2023 18:00:51 [main] [LogUtils] - we are into NoSuchElementException
[INFO] 02-08-2023 18:00:51 [main] [LogUtils] - loading function
[INFO] 02-08-2023 18:00:51 [main] [LogUtils] - loading function
[INFO] 02-08-2023 18:00:52 [main] [LogUtils] - we are into StaleElementReferenceException 
[INFO] 02-08-2023 18:00:52 [main] [LogUtils] - loading function
[INFO] 02-08-2023 18:00:53 [main] [LogUtils] - we are into NoSuchElementException
[INFO] 02-08-2023 18:00:53 [main] [LogUtils] - loading function
[INFO] 02-08-2023 18:00:53 [main] [LogUtils] - Test case:  is passed.
[INFO] 02-08-2023 18:00:53 [main] [LogUtils] - Test case:  is starting...
[INFO] 02-08-2023 18:00:53 [main] [LogUtils] - Verify element visible By.cssSelector: #risksView
[INFO] 02-08-2023 18:00:53 [main] [LogUtils] - Clicked on the element By.cssSelector: #risksView
[INFO] 02-08-2023 18:00:53 [main] [LogUtils] - loading function
[INFO] 02-08-2023 18:00:53 [main] [LogUtils] - loading function
[INFO] 02-08-2023 18:00:54 [main] [LogUtils] - Scroll to element By.cssSelector: div.text-gray-500
[INFO] 02-08-2023 18:00:54 [main] [LogUtils] - Verify element visible By.cssSelector: div.text-gray-500
[ERROR] 02-08-2023 18:00:54 [main] [LogUtils] - Test case:  is failed.
[INFO] 02-08-2023 18:00:54 [main] [LogUtils] - Driver for Screenshot: ChromeDriver: chrome on windows (3f552adcfdb94e3ee6a6920dc41cecd4)
[INFO] 02-08-2023 18:00:54 [main] [LogUtils] - Screenshot taken: verifyDeleteAllAction
[INFO] 02-08-2023 18:00:54 [main] [LogUtils] - Screenshot taken current URL: https://staging.d20q11bfsvbboy.amplifyapp.com/risks?col=createdAt&direction=DESC&keyword=&dueDateTo=&pageSize=10&current=0
[ERROR] 02-08-2023 18:00:54 [main] [LogUtils] - FAILED !! Screenshot for test case: verifyDeleteAllAction
[ERROR] 02-08-2023 18:00:54 [main] [LogUtils] - org.openqa.selenium.StaleElementReferenceException: stale element reference: stale element not found
  (Session info: chrome=115.0.5790.110)
For documentation on this error, please visit: https://selenium.dev/exceptions/#stale_element_reference
Build info: version: '4.9.1', revision: 'eb2032df7f'
System info: os.name: 'Windows 11', os.arch: 'amd64', os.version: '10.0', java.version: '20.0.1'
Driver info: org.openqa.selenium.chrome.ChromeDriver
Command: [3f552adcfdb94e3ee6a6920dc41cecd4, getElementText {id=02C046CF7C178B59A3D4376787152021_element_77}]
Capabilities {acceptInsecureCerts: false, browserName: chrome, browserVersion: 115.0.5790.110, chrome: {chromedriverVersion: 114.0.5735.90 (386bc09e8f4f..., userDataDir: C:\Users\zubai\AppData\Loca...}, goog:chromeOptions: {debuggerAddress: localhost:64754}, networkConnectionEnabled: false, pageLoadStrategy: normal, platformName: windows, proxy: Proxy(), se:cdp: ws://localhost:64754/devtoo..., se:cdpVersion: 115.0.5790.110, setWindowRect: true, strictFileInteractability: false, timeouts: {implicit: 0, pageLoad: 300000, script: 30000}, unhandledPromptBehavior: dismiss and notify, webauthn:extension:credBlob: true, webauthn:extension:largeBlob: true, webauthn:extension:minPinLength: true, webauthn:extension:prf: true, webauthn:virtualAuthenticators: true}
Element: [[ChromeDriver: chrome on windows (3f552adcfdb94e3ee6a6920dc41cecd4)] -> css selector: div.text-gray-500]
Session ID: 3f552adcfdb94e3ee6a6920dc41cecd4
[INFO] 02-08-2023 18:00:54 [main] [LogUtils] - End Suite: All Test Cases
[INFO] 02-08-2023 18:02:45 [main] [LogUtils] - Loaded file: D:\Zapta\Automation\Lahebo\src/test/resources/config/datatest.properties
[INFO] 02-08-2023 18:02:45 [main] [LogUtils] - Loaded file: D:\Zapta\Automation\Lahebo\src/test/resources/config/config.properties
[INFO] 02-08-2023 18:02:45 [main] [LogUtils] - Loaded all properties files.
[INFO] 02-08-2023 18:02:45 [main] [LogUtils] - Starting Suite: All Test Cases
[INFO] 02-08-2023 18:02:52 [main] [LogUtils] - Driver is Just Initialized
[ERROR] 02-08-2023 18:02:52 [main] [LogUtils] - driver value: ChromeDriver: chrome on windows (7ed3f1cc27c7728447e39f9c8ac9fe2c)
[INFO] 02-08-2023 18:02:52 [main] [LogUtils] - Loaded file: D:\Zapta\Automation\Lahebo\src/test/resources/config/datatest.properties
[INFO] 02-08-2023 18:02:52 [main] [LogUtils] - Loaded file: D:\Zapta\Automation\Lahebo\src/test/resources/config/config.properties
[INFO] 02-08-2023 18:02:52 [main] [LogUtils] - Loaded all properties files.
[INFO] 02-08-2023 18:02:52 [main] [LogUtils] - Loaded file: D:\Zapta\Automation\Lahebo\src/test/resources/config/datatest.properties
[INFO] 02-08-2023 18:02:52 [main] [LogUtils] - Loaded file: D:\Zapta\Automation\Lahebo\src/test/resources/config/config.properties
[INFO] 02-08-2023 18:02:52 [main] [LogUtils] - Loaded all properties files.
[INFO] 02-08-2023 18:02:52 [main] [LogUtils] - Loaded file: D:\Zapta\Automation\Lahebo\src/test/resources/config/datatest.properties
[INFO] 02-08-2023 18:02:52 [main] [LogUtils] - Loaded file: D:\Zapta\Automation\Lahebo\src/test/resources/config/config.properties
[INFO] 02-08-2023 18:02:52 [main] [LogUtils] - Loaded all properties files.
[INFO] 02-08-2023 18:02:52 [main] [LogUtils] - Test case:  is starting...
[INFO] 02-08-2023 18:02:56 [main] [LogUtils] - Username and password are correct
[INFO] 02-08-2023 18:03:06 [main] [LogUtils] - Expected condition failed: waiting for visibility of Proxy element for: DefaultElementLocator 'By.cssSelector: div.Vue-Toastification__toast-body' (tried for 5 second(s) with 500 milliseconds interval)
[INFO] 02-08-2023 18:03:06 [main] [LogUtils] - loading function
[INFO] 02-08-2023 18:03:09 [main] [LogUtils] - we are into StaleElementReferenceException 
[INFO] 02-08-2023 18:03:09 [main] [LogUtils] - loading function
[INFO] 02-08-2023 18:03:10 [main] [LogUtils] - we are into NoSuchElementException
[INFO] 02-08-2023 18:03:10 [main] [LogUtils] - loading function
[INFO] 02-08-2023 18:03:10 [main] [LogUtils] - loading function
[INFO] 02-08-2023 18:03:10 [main] [LogUtils] - Test case:  is passed.
[ERROR] 02-08-2023 18:03:10 [main] [LogUtils] - driver value: ChromeDriver: chrome on windows (7ed3f1cc27c7728447e39f9c8ac9fe2c)
[INFO] 02-08-2023 18:03:10 [main] [LogUtils] - Loaded file: D:\Zapta\Automation\Lahebo\src/test/resources/config/datatest.properties
[INFO] 02-08-2023 18:03:10 [main] [LogUtils] - Loaded file: D:\Zapta\Automation\Lahebo\src/test/resources/config/config.properties
[INFO] 02-08-2023 18:03:10 [main] [LogUtils] - Loaded all properties files.
[INFO] 02-08-2023 18:03:10 [main] [LogUtils] - Loaded file: D:\Zapta\Automation\Lahebo\src/test/resources/config/datatest.properties
[INFO] 02-08-2023 18:03:10 [main] [LogUtils] - Loaded file: D:\Zapta\Automation\Lahebo\src/test/resources/config/config.properties
[INFO] 02-08-2023 18:03:10 [main] [LogUtils] - Loaded all properties files.
[INFO] 02-08-2023 18:03:10 [main] [LogUtils] - Loaded file: D:\Zapta\Automation\Lahebo\src/test/resources/config/datatest.properties
[INFO] 02-08-2023 18:03:10 [main] [LogUtils] - Loaded file: D:\Zapta\Automation\Lahebo\src/test/resources/config/config.properties
[INFO] 02-08-2023 18:03:10 [main] [LogUtils] - Loaded all properties files.
[INFO] 02-08-2023 18:03:10 [main] [LogUtils] - Test case:  is starting...
[INFO] 02-08-2023 18:03:10 [main] [LogUtils] - Verify element visible By.cssSelector: #actionsView
[INFO] 02-08-2023 18:03:10 [main] [LogUtils] - Clicked on the element By.cssSelector: #actionsView
[INFO] 02-08-2023 18:03:10 [main] [LogUtils] - loading function
[INFO] 02-08-2023 18:03:11 [main] [LogUtils] - Verify element visible By.cssSelector: #addActionBtn
[INFO] 02-08-2023 18:03:13 [main] [LogUtils] - Verify element visible By.cssSelector: #descField
[INFO] 02-08-2023 18:03:14 [main] [LogUtils] - Set text 3rflw2icn1ubcwnwsqd8 on By.cssSelector: #descField
[INFO] 02-08-2023 18:03:14 [main] [LogUtils] - Verify element visible By.cssSelector: #locField
[INFO] 02-08-2023 18:03:14 [main] [LogUtils] - Clicked on the element By.cssSelector: #locField
[INFO] 02-08-2023 18:03:14 [main] [LogUtils] - Wait Over!! size of list: 3
[INFO] 02-08-2023 18:03:14 [main] [LogUtils] - random number generated to select list is: 2
[INFO] 02-08-2023 18:03:14 [main] [LogUtils] - random number: 2 iteration: 2
[INFO] 02-08-2023 18:03:15 [main] [LogUtils] - 2 :karachi Selected 
[INFO] 02-08-2023 18:03:15 [main] [LogUtils] - Verify element visible By.cssSelector: #deptField
[INFO] 02-08-2023 18:03:15 [main] [LogUtils] - Clicked on the element By.cssSelector: #deptField
[INFO] 02-08-2023 18:03:15 [main] [LogUtils] - Wait Over!! size of list: 3
[INFO] 02-08-2023 18:03:15 [main] [LogUtils] - random number generated to select list is: 2
[INFO] 02-08-2023 18:03:15 [main] [LogUtils] - random number: 2 iteration: 2
[INFO] 02-08-2023 18:03:15 [main] [LogUtils] - 2 :dev department Selected 
[INFO] 02-08-2023 18:03:15 [main] [LogUtils] - Verify element visible By.cssSelector: #sourceField
[INFO] 02-08-2023 18:03:15 [main] [LogUtils] - Clicked on the element By.cssSelector: #sourceField
[INFO] 02-08-2023 18:03:16 [main] [LogUtils] - Wait Over!! size of list: 5
[INFO] 02-08-2023 18:03:16 [main] [LogUtils] - random number generated to select list is: 1
[INFO] 02-08-2023 18:03:16 [main] [LogUtils] - random number: 1 iteration: 1
[INFO] 02-08-2023 18:03:16 [main] [LogUtils] - 1 :SWOT Selected 
[INFO] 02-08-2023 18:03:16 [main] [LogUtils] - Verify element visible By.cssSelector: #riskField
[INFO] 02-08-2023 18:03:16 [main] [LogUtils] - Clicked on the element By.cssSelector: #riskField
[INFO] 02-08-2023 18:03:16 [main] [LogUtils] - Index 0 out of bounds for length 0
[INFO] 02-08-2023 18:03:16 [main] [LogUtils] - Verify element visible By.cssSelector: #assigneeField
[INFO] 02-08-2023 18:03:16 [main] [LogUtils] - Clicked on the element By.cssSelector: #assigneeField
[INFO] 02-08-2023 18:03:16 [main] [LogUtils] - waiting for List Items to Load
[INFO] 02-08-2023 18:03:16 [main] [LogUtils] - Wait Over!! size of list: 1
[INFO] 02-08-2023 18:03:16 [main] [LogUtils] - random number generated to select list is: 1
[INFO] 02-08-2023 18:03:16 [main] [LogUtils] - random number: 1 iteration: 1
[INFO] 02-08-2023 18:03:16 [main] [LogUtils] - 1 :Sarah Johnson Selected 
[INFO] 02-08-2023 18:03:16 [main] [LogUtils] - Verify element visible By.cssSelector: #isoField
[INFO] 02-08-2023 18:03:17 [main] [LogUtils] - Clicked on the element By.cssSelector: #isoField
[INFO] 02-08-2023 18:03:17 [main] [LogUtils] - Wait Over!! size of list: 6
[INFO] 02-08-2023 18:03:17 [main] [LogUtils] - Index number: 2 iteration: 2
[INFO] 02-08-2023 18:03:17 [main] [LogUtils] - 2 :ISO 45001 Occupational Health & Safety Selected 
[INFO] 02-08-2023 18:03:17 [main] [LogUtils] - loading function
[INFO] 02-08-2023 18:03:21 [main] [LogUtils] - we are into StaleElementReferenceException 
[INFO] 02-08-2023 18:03:21 [main] [LogUtils] - loading function
[INFO] 02-08-2023 18:03:22 [main] [LogUtils] - we are into NoSuchElementException
[INFO] 02-08-2023 18:03:22 [main] [LogUtils] - loading function
[INFO] 02-08-2023 18:03:22 [main] [LogUtils] - Verify element visible By.cssSelector: #remarksField
[INFO] 02-08-2023 18:03:22 [main] [LogUtils] - Set text nom4ey290uxptoctkk3r on By.cssSelector: #remarksField
[INFO] 02-08-2023 18:03:22 [main] [LogUtils] - Verify element visible By.cssSelector: #doAction
[INFO] 02-08-2023 18:03:23 [main] [LogUtils] - Clicked on the element By.cssSelector: #doAction
[INFO] 02-08-2023 18:03:23 [main] [LogUtils] - loading function
[INFO] 02-08-2023 18:03:24 [main] [LogUtils] - we are into StaleElementReferenceException 
[INFO] 02-08-2023 18:03:24 [main] [LogUtils] - loading function
[INFO] 02-08-2023 18:03:25 [main] [LogUtils] - we are into NoSuchElementException
[INFO] 02-08-2023 18:03:25 [main] [LogUtils] - loading function
[INFO] 02-08-2023 18:03:25 [main] [LogUtils] - loading function
[INFO] 02-08-2023 18:03:25 [main] [LogUtils] - Test case:  is passed.
[INFO] 02-08-2023 18:03:25 [main] [LogUtils] - Test case:  is starting...
[INFO] 02-08-2023 18:03:26 [main] [LogUtils] - Verify element visible By.cssSelector: #risksView
[INFO] 02-08-2023 18:03:26 [main] [LogUtils] - Clicked on the element By.cssSelector: #risksView
[INFO] 02-08-2023 18:03:26 [main] [LogUtils] - loading function
[INFO] 02-08-2023 18:03:26 [main] [LogUtils] - loading function
[INFO] 02-08-2023 18:03:26 [main] [LogUtils] - Scroll to element By.cssSelector: div.text-gray-500
[INFO] 02-08-2023 18:03:26 [main] [LogUtils] - Verify element visible By.cssSelector: div.text-gray-500
[INFO] 02-08-2023 18:03:26 [main] [LogUtils] - Verify element visible By.cssSelector: div.text-gray-500
[INFO] 02-08-2023 18:03:26 [main] [LogUtils] - Total Risk Items: Total: 5
[INFO] 02-08-2023 18:03:26 [main] [LogUtils] - Total Risk Items: 5 length: 8
[INFO] 02-08-2023 18:03:26 [main] [LogUtils] - Total Risk Items Int: 5
[INFO] 02-08-2023 18:03:26 [main] [LogUtils] - loading function
[INFO] 02-08-2023 18:03:28 [main] [LogUtils] - we are into StaleElementReferenceException 
[INFO] 02-08-2023 18:03:28 [main] [LogUtils] - loading function
[INFO] 02-08-2023 18:03:29 [main] [LogUtils] - we are into NoSuchElementException
[INFO] 02-08-2023 18:03:29 [main] [LogUtils] - loading function
[INFO] 02-08-2023 18:03:30 [main] [LogUtils] - Verify element visible By.cssSelector: tr:first-of-type>td:last-of-type>div>button
[INFO] 02-08-2023 18:03:30 [main] [LogUtils] - Clicked on the element By.cssSelector: tr:first-of-type>td:last-of-type>div>button
[INFO] 02-08-2023 18:03:30 [main] [LogUtils] - Verify element visible By.cssSelector: tr:first-of-type>td:last-of-type>div>div>div:last-of-type>button:last-of-type
[INFO] 02-08-2023 18:03:30 [main] [LogUtils] - Clicked on the element By.cssSelector: tr:first-of-type>td:last-of-type>div>div>div:last-of-type>button:last-of-type
[INFO] 02-08-2023 18:03:30 [main] [LogUtils] - Verify element visible By.cssSelector: #confirmDelBtn
[INFO] 02-08-2023 18:03:30 [main] [LogUtils] - Clicked on the element By.cssSelector: #confirmDelBtn
[INFO] 02-08-2023 18:03:30 [main] [LogUtils] - loading function
[INFO] 02-08-2023 18:03:31 [main] [LogUtils] - we are into StaleElementReferenceException 
[INFO] 02-08-2023 18:03:31 [main] [LogUtils] - loading function
[INFO] 02-08-2023 18:03:32 [main] [LogUtils] - we are into NoSuchElementException
[INFO] 02-08-2023 18:03:32 [main] [LogUtils] - loading function
[INFO] 02-08-2023 18:03:32 [main] [LogUtils] - loading function
[INFO] 02-08-2023 18:03:33 [main] [LogUtils] - Verify element visible By.cssSelector: tr:first-of-type>td:last-of-type>div>button
[INFO] 02-08-2023 18:03:33 [main] [LogUtils] - Clicked on the element By.cssSelector: tr:first-of-type>td:last-of-type>div>button
[INFO] 02-08-2023 18:03:33 [main] [LogUtils] - Verify element visible By.cssSelector: tr:first-of-type>td:last-of-type>div>div>div:last-of-type>button:last-of-type
[INFO] 02-08-2023 18:03:33 [main] [LogUtils] - Clicked on the element By.cssSelector: tr:first-of-type>td:last-of-type>div>div>div:last-of-type>button:last-of-type
[INFO] 02-08-2023 18:03:33 [main] [LogUtils] - Verify element visible By.cssSelector: #confirmDelBtn
[INFO] 02-08-2023 18:03:33 [main] [LogUtils] - Clicked on the element By.cssSelector: #confirmDelBtn
[INFO] 02-08-2023 18:03:34 [main] [LogUtils] - loading function
[INFO] 02-08-2023 18:03:35 [main] [LogUtils] - we are into StaleElementReferenceException 
[INFO] 02-08-2023 18:03:35 [main] [LogUtils] - loading function
[INFO] 02-08-2023 18:03:36 [main] [LogUtils] - we are into NoSuchElementException
[INFO] 02-08-2023 18:03:36 [main] [LogUtils] - loading function
[INFO] 02-08-2023 18:03:36 [main] [LogUtils] - loading function
[INFO] 02-08-2023 18:03:37 [main] [LogUtils] - we are into StaleElementReferenceException 
[INFO] 02-08-2023 18:03:37 [main] [LogUtils] - loading function
[INFO] 02-08-2023 18:03:38 [main] [LogUtils] - we are into NoSuchElementException
[INFO] 02-08-2023 18:03:38 [main] [LogUtils] - loading function
[INFO] 02-08-2023 18:03:38 [main] [LogUtils] - Verify element visible By.cssSelector: tr:first-of-type>td:last-of-type>div>button
[INFO] 02-08-2023 18:03:38 [main] [LogUtils] - Clicked on the element By.cssSelector: tr:first-of-type>td:last-of-type>div>button
[INFO] 02-08-2023 18:03:38 [main] [LogUtils] - Verify element visible By.cssSelector: tr:first-of-type>td:last-of-type>div>div>div:last-of-type>button:last-of-type
[INFO] 02-08-2023 18:03:39 [main] [LogUtils] - Clicked on the element By.cssSelector: tr:first-of-type>td:last-of-type>div>div>div:last-of-type>button:last-of-type
[INFO] 02-08-2023 18:03:39 [main] [LogUtils] - Verify element visible By.cssSelector: #confirmDelBtn
[INFO] 02-08-2023 18:03:39 [main] [LogUtils] - Clicked on the element By.cssSelector: #confirmDelBtn
[INFO] 02-08-2023 18:03:39 [main] [LogUtils] - loading function
[INFO] 02-08-2023 18:03:39 [main] [LogUtils] - we are into StaleElementReferenceException 
[INFO] 02-08-2023 18:03:39 [main] [LogUtils] - loading function
[INFO] 02-08-2023 18:03:40 [main] [LogUtils] - we are into NoSuchElementException
[INFO] 02-08-2023 18:03:40 [main] [LogUtils] - loading function
[INFO] 02-08-2023 18:03:40 [main] [LogUtils] - loading function
[INFO] 02-08-2023 18:03:41 [main] [LogUtils] - Verify element visible By.cssSelector: tr:first-of-type>td:last-of-type>div>button
[INFO] 02-08-2023 18:03:41 [main] [LogUtils] - Clicked on the element By.cssSelector: tr:first-of-type>td:last-of-type>div>button
[INFO] 02-08-2023 18:03:41 [main] [LogUtils] - Verify element visible By.cssSelector: tr:first-of-type>td:last-of-type>div>div>div:last-of-type>button:last-of-type
[INFO] 02-08-2023 18:03:41 [main] [LogUtils] - Clicked on the element By.cssSelector: tr:first-of-type>td:last-of-type>div>div>div:last-of-type>button:last-of-type
[INFO] 02-08-2023 18:03:41 [main] [LogUtils] - Verify element visible By.cssSelector: #confirmDelBtn
[INFO] 02-08-2023 18:03:42 [main] [LogUtils] - Clicked on the element By.cssSelector: #confirmDelBtn
[INFO] 02-08-2023 18:03:42 [main] [LogUtils] - loading function
[INFO] 02-08-2023 18:03:43 [main] [LogUtils] - we are into StaleElementReferenceException 
[INFO] 02-08-2023 18:03:43 [main] [LogUtils] - loading function
[INFO] 02-08-2023 18:03:44 [main] [LogUtils] - we are into NoSuchElementException
[INFO] 02-08-2023 18:03:44 [main] [LogUtils] - loading function
[INFO] 02-08-2023 18:03:44 [main] [LogUtils] - loading function
[INFO] 02-08-2023 18:03:45 [main] [LogUtils] - Verify element visible By.cssSelector: tr:first-of-type>td:last-of-type>div>button
[INFO] 02-08-2023 18:03:45 [main] [LogUtils] - Clicked on the element By.cssSelector: tr:first-of-type>td:last-of-type>div>button
[INFO] 02-08-2023 18:03:45 [main] [LogUtils] - Verify element visible By.cssSelector: tr:first-of-type>td:last-of-type>div>div>div:last-of-type>button:last-of-type
[INFO] 02-08-2023 18:03:45 [main] [LogUtils] - Clicked on the element By.cssSelector: tr:first-of-type>td:last-of-type>div>div>div:last-of-type>button:last-of-type
[INFO] 02-08-2023 18:03:45 [main] [LogUtils] - Verify element visible By.cssSelector: #confirmDelBtn
[INFO] 02-08-2023 18:03:46 [main] [LogUtils] - Clicked on the element By.cssSelector: #confirmDelBtn
[INFO] 02-08-2023 18:03:46 [main] [LogUtils] - loading function
[INFO] 02-08-2023 18:03:48 [main] [LogUtils] - we are into StaleElementReferenceException 
[INFO] 02-08-2023 18:03:48 [main] [LogUtils] - loading function
[INFO] 02-08-2023 18:03:49 [main] [LogUtils] - we are into NoSuchElementException
[INFO] 02-08-2023 18:03:49 [main] [LogUtils] - loading function
[INFO] 02-08-2023 18:03:49 [main] [LogUtils] - Test case:  is passed.
[INFO] 02-08-2023 18:03:49 [main] [LogUtils] - End Suite: All Test Cases
